[3.026s] Invoking command in '/home/divspanpi2/robo_ws/src/robot': PYTHONPATH=/home/divspanpi2/robo_ws/build/robot/prefix_override:/usr/lib/python3/dist-packages/colcon_core/task/python/colcon_distutils_commands:/home/divspanpi2/robo_ws/install/robot/lib/python3.10/site-packages:${PYTHONPATH} /usr/bin/python3 -W ignore:setup.py install is deprecated setup.py egg_info --egg-base ../../build/robot build --build-base /home/divspanpi2/robo_ws/build/robot/build install --record /home/divspanpi2/robo_ws/build/robot/install.log --single-version-externally-managed install_data
[4.111s] running egg_info
[4.113s] writing ../../build/robot/robot.egg-info/PKG-INFO
[4.117s] writing dependency_links to ../../build/robot/robot.egg-info/dependency_links.txt
[4.118s] writing entry points to ../../build/robot/robot.egg-info/entry_points.txt
[4.119s] writing requirements to ../../build/robot/robot.egg-info/requires.txt
[4.119s] writing top-level names to ../../build/robot/robot.egg-info/top_level.txt
[4.128s] reading manifest file '../../build/robot/robot.egg-info/SOURCES.txt'
[4.130s] adding license file 'LICENSE'
[4.134s] writing manifest file '../../build/robot/robot.egg-info/SOURCES.txt'
[4.135s] running build
[4.135s] running build_py
[4.138s] copying robot/node_bno.py -> /home/divspanpi2/robo_ws/build/robot/build/lib/robot
[4.139s] running install
[4.140s] running install_lib
[4.149s] copying /home/divspanpi2/robo_ws/build/robot/build/lib/robot/node_bno.py -> /home/divspanpi2/robo_ws/install/robot/lib/python3.10/site-packages/robot
[4.153s] byte-compiling /home/divspanpi2/robo_ws/install/robot/lib/python3.10/site-packages/robot/node_serial.py to node_serial.cpython-310.pyc
[4.157s] byte-compiling /home/divspanpi2/robo_ws/install/robot/lib/python3.10/site-packages/robot/node_bno.py to node_bno.cpython-310.pyc
[4.160s] running install_data
[4.162s] running install_egg_info
[4.170s] removing '/home/divspanpi2/robo_ws/install/robot/lib/python3.10/site-packages/robot-0.0.0-py3.10.egg-info' (and everything under it)
[4.172s] Copying ../../build/robot/robot.egg-info to /home/divspanpi2/robo_ws/install/robot/lib/python3.10/site-packages/robot-0.0.0-py3.10.egg-info
[4.180s] running install_scripts
[4.263s] Installing node_bno script to /home/divspanpi2/robo_ws/install/robot/lib/robot
[4.266s] Installing node_serial script to /home/divspanpi2/robo_ws/install/robot/lib/robot
[4.267s] writing list of installed files to '/home/divspanpi2/robo_ws/build/robot/install.log'
[4.390s] Invoked command in '/home/divspanpi2/robo_ws/src/robot' returned '0': PYTHONPATH=/home/divspanpi2/robo_ws/build/robot/prefix_override:/usr/lib/python3/dist-packages/colcon_core/task/python/colcon_distutils_commands:/home/divspanpi2/robo_ws/install/robot/lib/python3.10/site-packages:${PYTHONPATH} /usr/bin/python3 -W ignore:setup.py install is deprecated setup.py egg_info --egg-base ../../build/robot build --build-base /home/divspanpi2/robo_ws/build/robot/build install --record /home/divspanpi2/robo_ws/build/robot/install.log --single-version-externally-managed install_data
