/home/divspanpi2/robo_ws/install/my_robot_controller/lib/python3.10/site-packages/my_robot_controller/interpolasi.py
/home/divspanpi2/robo_ws/install/my_robot_controller/lib/python3.10/site-packages/my_robot_controller/ekf_accel_obs.py
/home/divspanpi2/robo_ws/install/my_robot_controller/lib/python3.10/site-packages/my_robot_controller/dynamic_bias.py
/home/divspanpi2/robo_ws/install/my_robot_controller/lib/python3.10/site-packages/my_robot_controller/ekf_accel.py
/home/divspanpi2/robo_ws/install/my_robot_controller/lib/python3.10/site-packages/my_robot_controller/nav_tes.py
/home/divspanpi2/robo_ws/install/my_robot_controller/lib/python3.10/site-packages/my_robot_controller/kalman_node.py
/home/divspanpi2/robo_ws/install/my_robot_controller/lib/python3.10/site-packages/my_robot_controller/imu_mechanization.py
/home/divspanpi2/robo_ws/install/my_robot_controller/lib/python3.10/site-packages/my_robot_controller/turtle_controller.py
/home/divspanpi2/robo_ws/install/my_robot_controller/lib/python3.10/site-packages/my_robot_controller/dynamic.py
/home/divspanpi2/robo_ws/install/my_robot_controller/lib/python3.10/site-packages/my_robot_controller/fusion_node.py
/home/divspanpi2/robo_ws/install/my_robot_controller/lib/python3.10/site-packages/my_robot_controller/lidar_icp.py
/home/divspanpi2/robo_ws/install/my_robot_controller/lib/python3.10/site-packages/my_robot_controller/data_visualization.py
/home/divspanpi2/robo_ws/install/my_robot_controller/lib/python3.10/site-packages/my_robot_controller/imu_raw_data.py
/home/divspanpi2/robo_ws/install/my_robot_controller/lib/python3.10/site-packages/my_robot_controller/obstacle_monitor.py
/home/divspanpi2/robo_ws/install/my_robot_controller/lib/python3.10/site-packages/my_robot_controller/ekf_gyro.py
/home/divspanpi2/robo_ws/install/my_robot_controller/lib/python3.10/site-packages/my_robot_controller/odom_node.py
/home/divspanpi2/robo_ws/install/my_robot_controller/lib/python3.10/site-packages/my_robot_controller/__init__.py
/home/divspanpi2/robo_ws/install/my_robot_controller/lib/python3.10/site-packages/my_robot_controller/path_listener.py
/home/divspanpi2/robo_ws/install/my_robot_controller/lib/python3.10/site-packages/my_robot_controller/special_func.py
/home/divspanpi2/robo_ws/install/my_robot_controller/lib/python3.10/site-packages/my_robot_controller/ekf_fusion.py
/home/divspanpi2/robo_ws/install/my_robot_controller/lib/python3.10/site-packages/my_robot_controller/nav2_test.py
/home/divspanpi2/robo_ws/install/my_robot_controller/lib/python3.10/site-packages/my_robot_controller/odom_raw_data.py
/home/divspanpi2/robo_ws/install/my_robot_controller/lib/python3.10/site-packages/my_robot_controller/sensor_fusion.py
/home/divspanpi2/robo_ws/install/my_robot_controller/lib/python3.10/site-packages/my_robot_controller/imu_filtered.py
/home/divspanpi2/robo_ws/install/my_robot_controller/lib/python3.10/site-packages/my_robot_controller/tracking_object.py
/home/divspanpi2/robo_ws/install/my_robot_controller/lib/python3.10/site-packages/my_robot_controller/odom_filtered.py
/home/divspanpi2/robo_ws/install/my_robot_controller/lib/python3.10/site-packages/my_robot_controller/imu_sens.py
/home/divspanpi2/robo_ws/install/my_robot_controller/lib/python3.10/site-packages/my_robot_controller/tes.py
/home/divspanpi2/robo_ws/install/my_robot_controller/lib/python3.10/site-packages/my_robot_controller/icp_algorithm.py
/home/divspanpi2/robo_ws/install/my_robot_controller/lib/python3.10/site-packages/my_robot_controller/save_path.py
/home/divspanpi2/robo_ws/install/my_robot_controller/lib/python3.10/site-packages/my_robot_controller/slip_compensation.py
/home/divspanpi2/robo_ws/install/my_robot_controller/lib/python3.10/site-packages/my_robot_controller/lidar_node.py
/home/divspanpi2/robo_ws/install/my_robot_controller/lib/python3.10/site-packages/my_robot_controller/dynamic_imu_mechanization.py
/home/divspanpi2/robo_ws/install/my_robot_controller/lib/python3.10/site-packages/my_robot_controller/__pycache__/interpolasi.cpython-310.pyc
/home/divspanpi2/robo_ws/install/my_robot_controller/lib/python3.10/site-packages/my_robot_controller/__pycache__/ekf_accel_obs.cpython-310.pyc
/home/divspanpi2/robo_ws/install/my_robot_controller/lib/python3.10/site-packages/my_robot_controller/__pycache__/dynamic_bias.cpython-310.pyc
/home/divspanpi2/robo_ws/install/my_robot_controller/lib/python3.10/site-packages/my_robot_controller/__pycache__/ekf_accel.cpython-310.pyc
/home/divspanpi2/robo_ws/install/my_robot_controller/lib/python3.10/site-packages/my_robot_controller/__pycache__/nav_tes.cpython-310.pyc
/home/divspanpi2/robo_ws/install/my_robot_controller/lib/python3.10/site-packages/my_robot_controller/__pycache__/kalman_node.cpython-310.pyc
/home/divspanpi2/robo_ws/install/my_robot_controller/lib/python3.10/site-packages/my_robot_controller/__pycache__/imu_mechanization.cpython-310.pyc
/home/divspanpi2/robo_ws/install/my_robot_controller/lib/python3.10/site-packages/my_robot_controller/__pycache__/turtle_controller.cpython-310.pyc
/home/divspanpi2/robo_ws/install/my_robot_controller/lib/python3.10/site-packages/my_robot_controller/__pycache__/dynamic.cpython-310.pyc
/home/divspanpi2/robo_ws/install/my_robot_controller/lib/python3.10/site-packages/my_robot_controller/__pycache__/fusion_node.cpython-310.pyc
/home/divspanpi2/robo_ws/install/my_robot_controller/lib/python3.10/site-packages/my_robot_controller/__pycache__/lidar_icp.cpython-310.pyc
/home/divspanpi2/robo_ws/install/my_robot_controller/lib/python3.10/site-packages/my_robot_controller/__pycache__/data_visualization.cpython-310.pyc
/home/divspanpi2/robo_ws/install/my_robot_controller/lib/python3.10/site-packages/my_robot_controller/__pycache__/imu_raw_data.cpython-310.pyc
/home/divspanpi2/robo_ws/install/my_robot_controller/lib/python3.10/site-packages/my_robot_controller/__pycache__/obstacle_monitor.cpython-310.pyc
/home/divspanpi2/robo_ws/install/my_robot_controller/lib/python3.10/site-packages/my_robot_controller/__pycache__/ekf_gyro.cpython-310.pyc
/home/divspanpi2/robo_ws/install/my_robot_controller/lib/python3.10/site-packages/my_robot_controller/__pycache__/odom_node.cpython-310.pyc
/home/divspanpi2/robo_ws/install/my_robot_controller/lib/python3.10/site-packages/my_robot_controller/__pycache__/__init__.cpython-310.pyc
/home/divspanpi2/robo_ws/install/my_robot_controller/lib/python3.10/site-packages/my_robot_controller/__pycache__/path_listener.cpython-310.pyc
/home/divspanpi2/robo_ws/install/my_robot_controller/lib/python3.10/site-packages/my_robot_controller/__pycache__/special_func.cpython-310.pyc
/home/divspanpi2/robo_ws/install/my_robot_controller/lib/python3.10/site-packages/my_robot_controller/__pycache__/ekf_fusion.cpython-310.pyc
/home/divspanpi2/robo_ws/install/my_robot_controller/lib/python3.10/site-packages/my_robot_controller/__pycache__/nav2_test.cpython-310.pyc
/home/divspanpi2/robo_ws/install/my_robot_controller/lib/python3.10/site-packages/my_robot_controller/__pycache__/odom_raw_data.cpython-310.pyc
/home/divspanpi2/robo_ws/install/my_robot_controller/lib/python3.10/site-packages/my_robot_controller/__pycache__/sensor_fusion.cpython-310.pyc
/home/divspanpi2/robo_ws/install/my_robot_controller/lib/python3.10/site-packages/my_robot_controller/__pycache__/imu_filtered.cpython-310.pyc
/home/divspanpi2/robo_ws/install/my_robot_controller/lib/python3.10/site-packages/my_robot_controller/__pycache__/tracking_object.cpython-310.pyc
/home/divspanpi2/robo_ws/install/my_robot_controller/lib/python3.10/site-packages/my_robot_controller/__pycache__/odom_filtered.cpython-310.pyc
/home/divspanpi2/robo_ws/install/my_robot_controller/lib/python3.10/site-packages/my_robot_controller/__pycache__/imu_sens.cpython-310.pyc
/home/divspanpi2/robo_ws/install/my_robot_controller/lib/python3.10/site-packages/my_robot_controller/__pycache__/tes.cpython-310.pyc
/home/divspanpi2/robo_ws/install/my_robot_controller/lib/python3.10/site-packages/my_robot_controller/__pycache__/icp_algorithm.cpython-310.pyc
/home/divspanpi2/robo_ws/install/my_robot_controller/lib/python3.10/site-packages/my_robot_controller/__pycache__/save_path.cpython-310.pyc
/home/divspanpi2/robo_ws/install/my_robot_controller/lib/python3.10/site-packages/my_robot_controller/__pycache__/slip_compensation.cpython-310.pyc
/home/divspanpi2/robo_ws/install/my_robot_controller/lib/python3.10/site-packages/my_robot_controller/__pycache__/lidar_node.cpython-310.pyc
/home/divspanpi2/robo_ws/install/my_robot_controller/lib/python3.10/site-packages/my_robot_controller/__pycache__/dynamic_imu_mechanization.cpython-310.pyc
/home/divspanpi2/robo_ws/install/my_robot_controller/share/ament_index/resource_index/packages/my_robot_controller
/home/divspanpi2/robo_ws/install/my_robot_controller/share/my_robot_controller/package.xml
/home/divspanpi2/robo_ws/install/my_robot_controller/lib/python3.10/site-packages/my_robot_controller-0.0.0-py3.10.egg-info/zip-safe
/home/divspanpi2/robo_ws/install/my_robot_controller/lib/python3.10/site-packages/my_robot_controller-0.0.0-py3.10.egg-info/PKG-INFO
/home/divspanpi2/robo_ws/install/my_robot_controller/lib/python3.10/site-packages/my_robot_controller-0.0.0-py3.10.egg-info/top_level.txt
/home/divspanpi2/robo_ws/install/my_robot_controller/lib/python3.10/site-packages/my_robot_controller-0.0.0-py3.10.egg-info/requires.txt
/home/divspanpi2/robo_ws/install/my_robot_controller/lib/python3.10/site-packages/my_robot_controller-0.0.0-py3.10.egg-info/entry_points.txt
/home/divspanpi2/robo_ws/install/my_robot_controller/lib/python3.10/site-packages/my_robot_controller-0.0.0-py3.10.egg-info/dependency_links.txt
/home/divspanpi2/robo_ws/install/my_robot_controller/lib/python3.10/site-packages/my_robot_controller-0.0.0-py3.10.egg-info/SOURCES.txt
/home/divspanpi2/robo_ws/install/my_robot_controller/lib/my_robot_controller/ekf_fusion_node
/home/divspanpi2/robo_ws/install/my_robot_controller/lib/my_robot_controller/fusion_node
/home/divspanpi2/robo_ws/install/my_robot_controller/lib/my_robot_controller/icp_node
/home/divspanpi2/robo_ws/install/my_robot_controller/lib/my_robot_controller/imu_filtered_node
/home/divspanpi2/robo_ws/install/my_robot_controller/lib/my_robot_controller/imu_node
/home/divspanpi2/robo_ws/install/my_robot_controller/lib/my_robot_controller/imu_raw_data
/home/divspanpi2/robo_ws/install/my_robot_controller/lib/my_robot_controller/lidar_node
/home/divspanpi2/robo_ws/install/my_robot_controller/lib/my_robot_controller/nav_test_node
/home/divspanpi2/robo_ws/install/my_robot_controller/lib/my_robot_controller/obstacle_monitor
/home/divspanpi2/robo_ws/install/my_robot_controller/lib/my_robot_controller/odom_filtered_node
/home/divspanpi2/robo_ws/install/my_robot_controller/lib/my_robot_controller/odom_node
/home/divspanpi2/robo_ws/install/my_robot_controller/lib/my_robot_controller/odom_raw_data
/home/divspanpi2/robo_ws/install/my_robot_controller/lib/my_robot_controller/path_listener
/home/divspanpi2/robo_ws/install/my_robot_controller/lib/my_robot_controller/path_saver
/home/divspanpi2/robo_ws/install/my_robot_controller/lib/my_robot_controller/tracking_object
/home/divspanpi2/robo_ws/install/my_robot_controller/lib/my_robot_controller/turtle_controller
