[5.313s] Invoking command in '/home/divspanpi2/robo_ws/src/robot': PYTHONPATH=/home/divspanpi2/robo_ws/build/robot/prefix_override:/usr/lib/python3/dist-packages/colcon_core/task/python/colcon_distutils_commands:/home/divspanpi2/robo_ws/install/robot/lib/python3.10/site-packages:${PYTHONPATH} /usr/bin/python3 -W ignore:setup.py install is deprecated -W ignore:easy_install command is deprecated setup.py egg_info --egg-base ../../build/robot build --build-base /home/divspanpi2/robo_ws/build/robot/build install --record /home/divspanpi2/robo_ws/build/robot/install.log --single-version-externally-managed install_data
[7.262s] running egg_info
[7.265s] writing ../../build/robot/robot.egg-info/PKG-INFO
[7.267s] writing dependency_links to ../../build/robot/robot.egg-info/dependency_links.txt
[7.269s] writing entry points to ../../build/robot/robot.egg-info/entry_points.txt
[7.270s] writing requirements to ../../build/robot/robot.egg-info/requires.txt
[7.271s] writing top-level names to ../../build/robot/robot.egg-info/top_level.txt
[7.282s] reading manifest file '../../build/robot/robot.egg-info/SOURCES.txt'
[7.284s] adding license file 'LICENSE'
[7.288s] writing manifest file '../../build/robot/robot.egg-info/SOURCES.txt'
[7.290s] running build
[7.290s] running build_py
[7.293s] running install
[7.294s] running install_lib
[7.302s] byte-compiling /home/divspanpi2/robo_ws/install/robot/lib/python3.10/site-packages/robot/node_serial.py to node_serial.cpython-310.pyc
[7.308s] running install_data
[7.308s] running install_egg_info
[7.318s] removing '/home/divspanpi2/robo_ws/install/robot/lib/python3.10/site-packages/robot-0.0.0-py3.10.egg-info' (and everything under it)
[7.320s] Copying ../../build/robot/robot.egg-info to /home/divspanpi2/robo_ws/install/robot/lib/python3.10/site-packages/robot-0.0.0-py3.10.egg-info
[7.327s] running install_scripts
[7.422s] Installing node_bno script to /home/divspanpi2/robo_ws/install/robot/lib/robot
[7.424s] Installing node_serial script to /home/divspanpi2/robo_ws/install/robot/lib/robot
[7.425s] Installing save_imu script to /home/divspanpi2/robo_ws/install/robot/lib/robot
[7.427s] writing list of installed files to '/home/divspanpi2/robo_ws/build/robot/install.log'
[7.567s] Invoked command in '/home/divspanpi2/robo_ws/src/robot' returned '0': PYTHONPATH=/home/divspanpi2/robo_ws/build/robot/prefix_override:/usr/lib/python3/dist-packages/colcon_core/task/python/colcon_distutils_commands:/home/divspanpi2/robo_ws/install/robot/lib/python3.10/site-packages:${PYTHONPATH} /usr/bin/python3 -W ignore:setup.py install is deprecated -W ignore:easy_install command is deprecated setup.py egg_info --egg-base ../../build/robot build --build-base /home/divspanpi2/robo_ws/build/robot/build install --record /home/divspanpi2/robo_ws/build/robot/install.log --single-version-externally-managed install_data
