[0.855s] DEBUG:colcon:Command line arguments: ['/usr/bin/colcon', 'build', '--packages-select', 'robot']
[0.855s] DEBUG:colcon:Parsed command line arguments: Namespace(log_base=None, log_level=None, verb_name='build', build_base='build', install_base='install', merge_install=False, symlink_install=False, test_result_base=None, continue_on_error=False, executor='parallel', parallel_workers=4, event_handlers=None, ignore_user_meta=False, metas=['./colcon.meta'], base_paths=['.'], packages_ignore=None, packages_ignore_regex=None, paths=None, packages_up_to=None, packages_up_to_regex=None, packages_above=None, packages_above_and_dependencies=None, packages_above_depth=None, packages_select_by_dep=None, packages_skip_by_dep=None, packages_skip_up_to=None, packages_select_build_failed=False, packages_skip_build_finished=False, packages_select_test_failures=False, packages_skip_test_passed=False, packages_select=['robot'], packages_skip=None, packages_select_regex=None, packages_skip_regex=None, packages_start=None, packages_end=None, allow_overriding=[], cmake_args=None, cmake_target=None, cmake_target_skip_unavailable=False, cmake_clean_cache=False, cmake_clean_first=False, cmake_force_configure=False, ament_cmake_args=None, catkin_cmake_args=None, catkin_skip_building_tests=False, verb_parser=<colcon_defaults.argument_parser.defaults.DefaultArgumentsDecorator object at 0xffff86211420>, verb_extension=<colcon_core.verb.build.BuildVerb object at 0xffff86210fd0>, main=<bound method BuildVerb.main of <colcon_core.verb.build.BuildVerb object at 0xffff86210fd0>>)
[2.402s] Level 1:colcon.colcon_core.package_discovery:discover_packages(colcon_meta) check parameters
[2.403s] Level 1:colcon.colcon_core.package_discovery:discover_packages(recursive) check parameters
[2.403s] Level 1:colcon.colcon_core.package_discovery:discover_packages(ignore) check parameters
[2.403s] Level 1:colcon.colcon_core.package_discovery:discover_packages(path) check parameters
[2.403s] Level 1:colcon.colcon_core.package_discovery:discover_packages(colcon_meta) discover
[2.403s] Level 1:colcon.colcon_core.package_discovery:discover_packages(recursive) discover
[2.404s] INFO:colcon.colcon_core.package_discovery:Crawling recursively for packages in '/home/divspanpi2/robo_ws'
[2.404s] Level 1:colcon.colcon_core.package_identification:_identify(.) by extensions ['ignore', 'ignore_ament_install']
[2.405s] Level 1:colcon.colcon_core.package_identification:_identify(.) by extension 'ignore'
[2.405s] Level 1:colcon.colcon_core.package_identification:_identify(.) by extension 'ignore_ament_install'
[2.406s] Level 1:colcon.colcon_core.package_identification:_identify(.) by extensions ['colcon_pkg']
[2.406s] Level 1:colcon.colcon_core.package_identification:_identify(.) by extension 'colcon_pkg'
[2.406s] Level 1:colcon.colcon_core.package_identification:_identify(.) by extensions ['colcon_meta']
[2.406s] Level 1:colcon.colcon_core.package_identification:_identify(.) by extension 'colcon_meta'
[2.406s] Level 1:colcon.colcon_core.package_identification:_identify(.) by extensions ['ros']
[2.407s] Level 1:colcon.colcon_core.package_identification:_identify(.) by extension 'ros'
[2.483s] Level 1:colcon.colcon_core.package_identification:_identify(.) by extensions ['cmake', 'python']
[2.483s] Level 1:colcon.colcon_core.package_identification:_identify(.) by extension 'cmake'
[2.483s] Level 1:colcon.colcon_core.package_identification:_identify(.) by extension 'python'
[2.484s] Level 1:colcon.colcon_core.package_identification:_identify(.) by extensions ['python_setup_py']
[2.484s] Level 1:colcon.colcon_core.package_identification:_identify(.) by extension 'python_setup_py'
[2.485s] Level 1:colcon.colcon_core.package_identification:_identify(build) by extensions ['ignore', 'ignore_ament_install']
[2.485s] Level 1:colcon.colcon_core.package_identification:_identify(build) by extension 'ignore'
[2.485s] Level 1:colcon.colcon_core.package_identification:_identify(build) ignored
[2.486s] Level 1:colcon.colcon_core.package_identification:_identify(data) by extensions ['ignore', 'ignore_ament_install']
[2.486s] Level 1:colcon.colcon_core.package_identification:_identify(data) by extension 'ignore'
[2.487s] Level 1:colcon.colcon_core.package_identification:_identify(data) by extension 'ignore_ament_install'
[2.487s] Level 1:colcon.colcon_core.package_identification:_identify(data) by extensions ['colcon_pkg']
[2.487s] Level 1:colcon.colcon_core.package_identification:_identify(data) by extension 'colcon_pkg'
[2.487s] Level 1:colcon.colcon_core.package_identification:_identify(data) by extensions ['colcon_meta']
[2.487s] Level 1:colcon.colcon_core.package_identification:_identify(data) by extension 'colcon_meta'
[2.487s] Level 1:colcon.colcon_core.package_identification:_identify(data) by extensions ['ros']
[2.488s] Level 1:colcon.colcon_core.package_identification:_identify(data) by extension 'ros'
[2.488s] Level 1:colcon.colcon_core.package_identification:_identify(data) by extensions ['cmake', 'python']
[2.488s] Level 1:colcon.colcon_core.package_identification:_identify(data) by extension 'cmake'
[2.488s] Level 1:colcon.colcon_core.package_identification:_identify(data) by extension 'python'
[2.488s] Level 1:colcon.colcon_core.package_identification:_identify(data) by extensions ['python_setup_py']
[2.489s] Level 1:colcon.colcon_core.package_identification:_identify(data) by extension 'python_setup_py'
[2.489s] Level 1:colcon.colcon_core.package_identification:_identify(data/data_imu) by extensions ['ignore', 'ignore_ament_install']
[2.489s] Level 1:colcon.colcon_core.package_identification:_identify(data/data_imu) by extension 'ignore'
[2.490s] Level 1:colcon.colcon_core.package_identification:_identify(data/data_imu) by extension 'ignore_ament_install'
[2.490s] Level 1:colcon.colcon_core.package_identification:_identify(data/data_imu) by extensions ['colcon_pkg']
[2.490s] Level 1:colcon.colcon_core.package_identification:_identify(data/data_imu) by extension 'colcon_pkg'
[2.490s] Level 1:colcon.colcon_core.package_identification:_identify(data/data_imu) by extensions ['colcon_meta']
[2.490s] Level 1:colcon.colcon_core.package_identification:_identify(data/data_imu) by extension 'colcon_meta'
[2.490s] Level 1:colcon.colcon_core.package_identification:_identify(data/data_imu) by extensions ['ros']
[2.490s] Level 1:colcon.colcon_core.package_identification:_identify(data/data_imu) by extension 'ros'
[2.491s] Level 1:colcon.colcon_core.package_identification:_identify(data/data_imu) by extensions ['cmake', 'python']
[2.491s] Level 1:colcon.colcon_core.package_identification:_identify(data/data_imu) by extension 'cmake'
[2.491s] Level 1:colcon.colcon_core.package_identification:_identify(data/data_imu) by extension 'python'
[2.492s] Level 1:colcon.colcon_core.package_identification:_identify(data/data_imu) by extensions ['python_setup_py']
[2.492s] Level 1:colcon.colcon_core.package_identification:_identify(data/data_imu) by extension 'python_setup_py'
[2.492s] Level 1:colcon.colcon_core.package_identification:_identify(data/data_lidar) by extensions ['ignore', 'ignore_ament_install']
[2.493s] Level 1:colcon.colcon_core.package_identification:_identify(data/data_lidar) by extension 'ignore'
[2.493s] Level 1:colcon.colcon_core.package_identification:_identify(data/data_lidar) by extension 'ignore_ament_install'
[2.494s] Level 1:colcon.colcon_core.package_identification:_identify(data/data_lidar) by extensions ['colcon_pkg']
[2.494s] Level 1:colcon.colcon_core.package_identification:_identify(data/data_lidar) by extension 'colcon_pkg'
[2.494s] Level 1:colcon.colcon_core.package_identification:_identify(data/data_lidar) by extensions ['colcon_meta']
[2.494s] Level 1:colcon.colcon_core.package_identification:_identify(data/data_lidar) by extension 'colcon_meta'
[2.494s] Level 1:colcon.colcon_core.package_identification:_identify(data/data_lidar) by extensions ['ros']
[2.494s] Level 1:colcon.colcon_core.package_identification:_identify(data/data_lidar) by extension 'ros'
[2.495s] Level 1:colcon.colcon_core.package_identification:_identify(data/data_lidar) by extensions ['cmake', 'python']
[2.495s] Level 1:colcon.colcon_core.package_identification:_identify(data/data_lidar) by extension 'cmake'
[2.495s] Level 1:colcon.colcon_core.package_identification:_identify(data/data_lidar) by extension 'python'
[2.495s] Level 1:colcon.colcon_core.package_identification:_identify(data/data_lidar) by extensions ['python_setup_py']
[2.495s] Level 1:colcon.colcon_core.package_identification:_identify(data/data_lidar) by extension 'python_setup_py'
[2.496s] Level 1:colcon.colcon_core.package_identification:_identify(data/data_odom) by extensions ['ignore', 'ignore_ament_install']
[2.496s] Level 1:colcon.colcon_core.package_identification:_identify(data/data_odom) by extension 'ignore'
[2.496s] Level 1:colcon.colcon_core.package_identification:_identify(data/data_odom) by extension 'ignore_ament_install'
[2.497s] Level 1:colcon.colcon_core.package_identification:_identify(data/data_odom) by extensions ['colcon_pkg']
[2.497s] Level 1:colcon.colcon_core.package_identification:_identify(data/data_odom) by extension 'colcon_pkg'
[2.497s] Level 1:colcon.colcon_core.package_identification:_identify(data/data_odom) by extensions ['colcon_meta']
[2.497s] Level 1:colcon.colcon_core.package_identification:_identify(data/data_odom) by extension 'colcon_meta'
[2.497s] Level 1:colcon.colcon_core.package_identification:_identify(data/data_odom) by extensions ['ros']
[2.497s] Level 1:colcon.colcon_core.package_identification:_identify(data/data_odom) by extension 'ros'
[2.498s] Level 1:colcon.colcon_core.package_identification:_identify(data/data_odom) by extensions ['cmake', 'python']
[2.498s] Level 1:colcon.colcon_core.package_identification:_identify(data/data_odom) by extension 'cmake'
[2.498s] Level 1:colcon.colcon_core.package_identification:_identify(data/data_odom) by extension 'python'
[2.498s] Level 1:colcon.colcon_core.package_identification:_identify(data/data_odom) by extensions ['python_setup_py']
[2.498s] Level 1:colcon.colcon_core.package_identification:_identify(data/data_odom) by extension 'python_setup_py'
[2.499s] Level 1:colcon.colcon_core.package_identification:_identify(install) by extensions ['ignore', 'ignore_ament_install']
[2.499s] Level 1:colcon.colcon_core.package_identification:_identify(install) by extension 'ignore'
[2.500s] Level 1:colcon.colcon_core.package_identification:_identify(install) ignored
[2.506s] Level 1:colcon.colcon_core.package_identification:_identify(log) by extensions ['ignore', 'ignore_ament_install']
[2.507s] Level 1:colcon.colcon_core.package_identification:_identify(log) by extension 'ignore'
[2.507s] Level 1:colcon.colcon_core.package_identification:_identify(log) ignored
[2.507s] Level 1:colcon.colcon_core.package_identification:_identify(src) by extensions ['ignore', 'ignore_ament_install']
[2.508s] Level 1:colcon.colcon_core.package_identification:_identify(src) by extension 'ignore'
[2.508s] Level 1:colcon.colcon_core.package_identification:_identify(src) by extension 'ignore_ament_install'
[2.508s] Level 1:colcon.colcon_core.package_identification:_identify(src) by extensions ['colcon_pkg']
[2.509s] Level 1:colcon.colcon_core.package_identification:_identify(src) by extension 'colcon_pkg'
[2.509s] Level 1:colcon.colcon_core.package_identification:_identify(src) by extensions ['colcon_meta']
[2.509s] Level 1:colcon.colcon_core.package_identification:_identify(src) by extension 'colcon_meta'
[2.509s] Level 1:colcon.colcon_core.package_identification:_identify(src) by extensions ['ros']
[2.509s] Level 1:colcon.colcon_core.package_identification:_identify(src) by extension 'ros'
[2.509s] Level 1:colcon.colcon_core.package_identification:_identify(src) by extensions ['cmake', 'python']
[2.510s] Level 1:colcon.colcon_core.package_identification:_identify(src) by extension 'cmake'
[2.510s] Level 1:colcon.colcon_core.package_identification:_identify(src) by extension 'python'
[2.510s] Level 1:colcon.colcon_core.package_identification:_identify(src) by extensions ['python_setup_py']
[2.510s] Level 1:colcon.colcon_core.package_identification:_identify(src) by extension 'python_setup_py'
[2.511s] Level 1:colcon.colcon_core.package_identification:_identify(src/bno055) by extensions ['ignore', 'ignore_ament_install']
[2.511s] Level 1:colcon.colcon_core.package_identification:_identify(src/bno055) by extension 'ignore'
[2.511s] Level 1:colcon.colcon_core.package_identification:_identify(src/bno055) by extension 'ignore_ament_install'
[2.512s] Level 1:colcon.colcon_core.package_identification:_identify(src/bno055) by extensions ['colcon_pkg']
[2.512s] Level 1:colcon.colcon_core.package_identification:_identify(src/bno055) by extension 'colcon_pkg'
[2.512s] Level 1:colcon.colcon_core.package_identification:_identify(src/bno055) by extensions ['colcon_meta']
[2.512s] Level 1:colcon.colcon_core.package_identification:_identify(src/bno055) by extension 'colcon_meta'
[2.512s] Level 1:colcon.colcon_core.package_identification:_identify(src/bno055) by extensions ['ros']
[2.512s] Level 1:colcon.colcon_core.package_identification:_identify(src/bno055) by extension 'ros'
[2.529s] DEBUG:colcon.colcon_core.package_identification:Package 'src/bno055' with type 'ros.ament_python' and name 'bno055'
[2.530s] Level 1:colcon.colcon_core.package_identification:_identify(src/bringup_robot) by extensions ['ignore', 'ignore_ament_install']
[2.530s] Level 1:colcon.colcon_core.package_identification:_identify(src/bringup_robot) by extension 'ignore'
[2.531s] Level 1:colcon.colcon_core.package_identification:_identify(src/bringup_robot) by extension 'ignore_ament_install'
[2.531s] Level 1:colcon.colcon_core.package_identification:_identify(src/bringup_robot) by extensions ['colcon_pkg']
[2.531s] Level 1:colcon.colcon_core.package_identification:_identify(src/bringup_robot) by extension 'colcon_pkg'
[2.531s] Level 1:colcon.colcon_core.package_identification:_identify(src/bringup_robot) by extensions ['colcon_meta']
[2.531s] Level 1:colcon.colcon_core.package_identification:_identify(src/bringup_robot) by extension 'colcon_meta'
[2.532s] Level 1:colcon.colcon_core.package_identification:_identify(src/bringup_robot) by extensions ['ros']
[2.532s] Level 1:colcon.colcon_core.package_identification:_identify(src/bringup_robot) by extension 'ros'
[2.536s] DEBUG:colcon.colcon_core.package_identification:Package 'src/bringup_robot' with type 'ros.ament_cmake' and name 'bringup_robot'
[2.537s] Level 1:colcon.colcon_core.package_identification:_identify(src/joy) by extensions ['ignore', 'ignore_ament_install']
[2.538s] Level 1:colcon.colcon_core.package_identification:_identify(src/joy) by extension 'ignore'
[2.538s] Level 1:colcon.colcon_core.package_identification:_identify(src/joy) by extension 'ignore_ament_install'
[2.538s] Level 1:colcon.colcon_core.package_identification:_identify(src/joy) by extensions ['colcon_pkg']
[2.539s] Level 1:colcon.colcon_core.package_identification:_identify(src/joy) by extension 'colcon_pkg'
[2.539s] Level 1:colcon.colcon_core.package_identification:_identify(src/joy) by extensions ['colcon_meta']
[2.539s] Level 1:colcon.colcon_core.package_identification:_identify(src/joy) by extension 'colcon_meta'
[2.539s] Level 1:colcon.colcon_core.package_identification:_identify(src/joy) by extensions ['ros']
[2.539s] Level 1:colcon.colcon_core.package_identification:_identify(src/joy) by extension 'ros'
[2.545s] DEBUG:colcon.colcon_core.package_identification:Package 'src/joy' with type 'ros.ament_cmake' and name 'joy'
[2.546s] Level 1:colcon.colcon_core.package_identification:_identify(src/my_robot_controller) by extensions ['ignore', 'ignore_ament_install']
[2.547s] Level 1:colcon.colcon_core.package_identification:_identify(src/my_robot_controller) by extension 'ignore'
[2.547s] Level 1:colcon.colcon_core.package_identification:_identify(src/my_robot_controller) by extension 'ignore_ament_install'
[2.547s] Level 1:colcon.colcon_core.package_identification:_identify(src/my_robot_controller) by extensions ['colcon_pkg']
[2.547s] Level 1:colcon.colcon_core.package_identification:_identify(src/my_robot_controller) by extension 'colcon_pkg'
[2.548s] Level 1:colcon.colcon_core.package_identification:_identify(src/my_robot_controller) by extensions ['colcon_meta']
[2.548s] Level 1:colcon.colcon_core.package_identification:_identify(src/my_robot_controller) by extension 'colcon_meta'
[2.548s] Level 1:colcon.colcon_core.package_identification:_identify(src/my_robot_controller) by extensions ['ros']
[2.548s] Level 1:colcon.colcon_core.package_identification:_identify(src/my_robot_controller) by extension 'ros'
[2.553s] DEBUG:colcon.colcon_core.package_identification:Package 'src/my_robot_controller' with type 'ros.ament_python' and name 'my_robot_controller'
[2.554s] Level 1:colcon.colcon_core.package_identification:_identify(src/nexus) by extensions ['ignore', 'ignore_ament_install']
[2.555s] Level 1:colcon.colcon_core.package_identification:_identify(src/nexus) by extension 'ignore'
[2.555s] Level 1:colcon.colcon_core.package_identification:_identify(src/nexus) by extension 'ignore_ament_install'
[2.555s] Level 1:colcon.colcon_core.package_identification:_identify(src/nexus) by extensions ['colcon_pkg']
[2.555s] Level 1:colcon.colcon_core.package_identification:_identify(src/nexus) by extension 'colcon_pkg'
[2.556s] Level 1:colcon.colcon_core.package_identification:_identify(src/nexus) by extensions ['colcon_meta']
[2.556s] Level 1:colcon.colcon_core.package_identification:_identify(src/nexus) by extension 'colcon_meta'
[2.556s] Level 1:colcon.colcon_core.package_identification:_identify(src/nexus) by extensions ['ros']
[2.556s] Level 1:colcon.colcon_core.package_identification:_identify(src/nexus) by extension 'ros'
[2.560s] DEBUG:colcon.colcon_core.package_identification:Package 'src/nexus' with type 'ros.ament_cmake' and name 'nexus'
[2.561s] Level 1:colcon.colcon_core.package_identification:_identify(src/robot) by extensions ['ignore', 'ignore_ament_install']
[2.561s] Level 1:colcon.colcon_core.package_identification:_identify(src/robot) by extension 'ignore'
[2.562s] Level 1:colcon.colcon_core.package_identification:_identify(src/robot) by extension 'ignore_ament_install'
[2.562s] Level 1:colcon.colcon_core.package_identification:_identify(src/robot) by extensions ['colcon_pkg']
[2.562s] Level 1:colcon.colcon_core.package_identification:_identify(src/robot) by extension 'colcon_pkg'
[2.563s] Level 1:colcon.colcon_core.package_identification:_identify(src/robot) by extensions ['colcon_meta']
[2.563s] Level 1:colcon.colcon_core.package_identification:_identify(src/robot) by extension 'colcon_meta'
[2.563s] Level 1:colcon.colcon_core.package_identification:_identify(src/robot) by extensions ['ros']
[2.563s] Level 1:colcon.colcon_core.package_identification:_identify(src/robot) by extension 'ros'
[2.569s] DEBUG:colcon.colcon_core.package_identification:Package 'src/robot' with type 'ros.ament_python' and name 'robot'
[2.569s] Level 1:colcon.colcon_core.package_identification:_identify(src/rplidar_ros) by extensions ['ignore', 'ignore_ament_install']
[2.570s] Level 1:colcon.colcon_core.package_identification:_identify(src/rplidar_ros) by extension 'ignore'
[2.570s] Level 1:colcon.colcon_core.package_identification:_identify(src/rplidar_ros) by extension 'ignore_ament_install'
[2.570s] Level 1:colcon.colcon_core.package_identification:_identify(src/rplidar_ros) by extensions ['colcon_pkg']
[2.571s] Level 1:colcon.colcon_core.package_identification:_identify(src/rplidar_ros) by extension 'colcon_pkg'
[2.571s] Level 1:colcon.colcon_core.package_identification:_identify(src/rplidar_ros) by extensions ['colcon_meta']
[2.571s] Level 1:colcon.colcon_core.package_identification:_identify(src/rplidar_ros) by extension 'colcon_meta'
[2.571s] Level 1:colcon.colcon_core.package_identification:_identify(src/rplidar_ros) by extensions ['ros']
[2.572s] Level 1:colcon.colcon_core.package_identification:_identify(src/rplidar_ros) by extension 'ros'
[2.575s] DEBUG:colcon.colcon_core.package_identification:Package 'src/rplidar_ros' with type 'ros.ament_cmake' and name 'rplidar_ros'
[2.575s] Level 1:colcon.colcon_core.package_discovery:discover_packages(recursive) using defaults
[2.576s] Level 1:colcon.colcon_core.package_discovery:discover_packages(ignore) discover
[2.576s] Level 1:colcon.colcon_core.package_discovery:discover_packages(ignore) using defaults
[2.576s] Level 1:colcon.colcon_core.package_discovery:discover_packages(path) discover
[2.576s] Level 1:colcon.colcon_core.package_discovery:discover_packages(path) using defaults
[2.768s] INFO:colcon.colcon_core.package_selection:Skipping not selected package 'bno055' in 'src/bno055'
[2.769s] INFO:colcon.colcon_core.package_selection:Skipping not selected package 'joy' in 'src/joy'
[2.769s] INFO:colcon.colcon_core.package_selection:Skipping not selected package 'my_robot_controller' in 'src/my_robot_controller'
[2.769s] INFO:colcon.colcon_core.package_selection:Skipping not selected package 'nexus' in 'src/nexus'
[2.769s] INFO:colcon.colcon_core.package_selection:Skipping not selected package 'rplidar_ros' in 'src/rplidar_ros'
[2.769s] INFO:colcon.colcon_core.package_selection:Skipping not selected package 'bringup_robot' in 'src/bringup_robot'
[2.774s] Level 1:colcon.colcon_core.package_discovery:discover_packages(prefix_path) check parameters
[2.775s] Level 1:colcon.colcon_core.package_discovery:discover_packages(prefix_path) discover
[2.794s] DEBUG:colcon.colcon_installed_package_information.package_discovery:Found 6 installed packages in /home/divspanpi2/robo_ws/install
[2.805s] DEBUG:colcon.colcon_installed_package_information.package_discovery:Found 317 installed packages in /opt/ros/humble
[2.813s] Level 1:colcon.colcon_core.package_discovery:discover_packages(prefix_path) using defaults
[3.052s] Level 5:colcon.colcon_core.verb:set package 'robot' build argument 'cmake_args' from command line to 'None'
[3.052s] Level 5:colcon.colcon_core.verb:set package 'robot' build argument 'cmake_target' from command line to 'None'
[3.052s] Level 5:colcon.colcon_core.verb:set package 'robot' build argument 'cmake_target_skip_unavailable' from command line to 'False'
[3.052s] Level 5:colcon.colcon_core.verb:set package 'robot' build argument 'cmake_clean_cache' from command line to 'False'
[3.052s] Level 5:colcon.colcon_core.verb:set package 'robot' build argument 'cmake_clean_first' from command line to 'False'
[3.052s] Level 5:colcon.colcon_core.verb:set package 'robot' build argument 'cmake_force_configure' from command line to 'False'
[3.052s] Level 5:colcon.colcon_core.verb:set package 'robot' build argument 'ament_cmake_args' from command line to 'None'
[3.053s] Level 5:colcon.colcon_core.verb:set package 'robot' build argument 'catkin_cmake_args' from command line to 'None'
[3.053s] Level 5:colcon.colcon_core.verb:set package 'robot' build argument 'catkin_skip_building_tests' from command line to 'False'
[3.053s] DEBUG:colcon.colcon_core.verb:Building package 'robot' with the following arguments: {'ament_cmake_args': None, 'build_base': '/home/divspanpi2/robo_ws/build/robot', 'catkin_cmake_args': None, 'catkin_skip_building_tests': False, 'cmake_args': None, 'cmake_clean_cache': False, 'cmake_clean_first': False, 'cmake_force_configure': False, 'cmake_target': None, 'cmake_target_skip_unavailable': False, 'install_base': '/home/divspanpi2/robo_ws/install/robot', 'merge_install': False, 'path': '/home/divspanpi2/robo_ws/src/robot', 'symlink_install': False, 'test_result_base': None}
[3.053s] INFO:colcon.colcon_core.executor:Executing jobs using 'parallel' executor
[3.057s] DEBUG:colcon.colcon_parallel_executor.executor.parallel:run_until_complete
[3.059s] INFO:colcon.colcon_ros.task.ament_python.build:Building ROS package in '/home/divspanpi2/robo_ws/src/robot' with build type 'ament_python'
[3.060s] Level 1:colcon.colcon_core.shell:create_environment_hook('robot', 'ament_prefix_path')
[3.088s] INFO:colcon.colcon_core.plugin_system:Skipping extension 'colcon_core.shell.bat': Not used on non-Windows systems
[3.089s] INFO:colcon.colcon_core.shell:Creating environment hook '/home/divspanpi2/robo_ws/install/robot/share/robot/hook/ament_prefix_path.ps1'
[3.094s] INFO:colcon.colcon_core.shell:Creating environment descriptor '/home/divspanpi2/robo_ws/install/robot/share/robot/hook/ament_prefix_path.dsv'
[3.099s] INFO:colcon.colcon_core.shell:Creating environment hook '/home/divspanpi2/robo_ws/install/robot/share/robot/hook/ament_prefix_path.sh'
[3.105s] INFO:colcon.colcon_core.shell:Skip shell extension 'powershell' for command environment: Not usable outside of PowerShell
[3.105s] DEBUG:colcon.colcon_core.shell:Skip shell extension 'dsv' for command environment
[4.597s] INFO:colcon.colcon_core.task.python.build:Building Python package in '/home/divspanpi2/robo_ws/src/robot'
[4.598s] INFO:colcon.colcon_core.shell:Skip shell extension 'powershell' for command environment: Not usable outside of PowerShell
[4.598s] DEBUG:colcon.colcon_core.shell:Skip shell extension 'dsv' for command environment
[6.901s] DEBUG:colcon.colcon_core.event_handler.log_command:Invoking command in '/home/divspanpi2/robo_ws/src/robot': PYTHONPATH=/home/divspanpi2/robo_ws/build/robot/prefix_override:/usr/lib/python3/dist-packages/colcon_core/task/python/colcon_distutils_commands:/home/divspanpi2/robo_ws/install/robot/lib/python3.10/site-packages:${PYTHONPATH} /usr/bin/python3 -W ignore:setup.py install is deprecated -W ignore:easy_install command is deprecated setup.py egg_info --egg-base ../../build/robot build --build-base /home/divspanpi2/robo_ws/build/robot/build install --record /home/divspanpi2/robo_ws/build/robot/install.log --single-version-externally-managed install_data
[8.521s] DEBUG:colcon.colcon_core.event_handler.log_command:Invoked command in '/home/divspanpi2/robo_ws/src/robot' returned '0': PYTHONPATH=/home/divspanpi2/robo_ws/build/robot/prefix_override:/usr/lib/python3/dist-packages/colcon_core/task/python/colcon_distutils_commands:/home/divspanpi2/robo_ws/install/robot/lib/python3.10/site-packages:${PYTHONPATH} /usr/bin/python3 -W ignore:setup.py install is deprecated -W ignore:easy_install command is deprecated setup.py egg_info --egg-base ../../build/robot build --build-base /home/divspanpi2/robo_ws/build/robot/build install --record /home/divspanpi2/robo_ws/build/robot/install.log --single-version-externally-managed install_data
[8.554s] Level 1:colcon.colcon_core.environment:checking '/home/divspanpi2/robo_ws/install/robot' for CMake module files
[8.557s] Level 1:colcon.colcon_core.environment:checking '/home/divspanpi2/robo_ws/install/robot' for CMake config files
[8.563s] Level 1:colcon.colcon_core.environment:checking '/home/divspanpi2/robo_ws/install/robot/lib'
[8.564s] Level 1:colcon.colcon_core.environment:checking '/home/divspanpi2/robo_ws/install/robot/bin'
[8.564s] Level 1:colcon.colcon_core.environment:checking '/home/divspanpi2/robo_ws/install/robot/lib/pkgconfig/robot.pc'
[8.565s] Level 1:colcon.colcon_core.environment:checking '/home/divspanpi2/robo_ws/install/robot/lib/python3.10/site-packages'
[8.566s] Level 1:colcon.colcon_core.shell:create_environment_hook('robot', 'pythonpath')
[8.567s] INFO:colcon.colcon_core.shell:Creating environment hook '/home/divspanpi2/robo_ws/install/robot/share/robot/hook/pythonpath.ps1'
[8.569s] INFO:colcon.colcon_core.shell:Creating environment descriptor '/home/divspanpi2/robo_ws/install/robot/share/robot/hook/pythonpath.dsv'
[8.571s] INFO:colcon.colcon_core.shell:Creating environment hook '/home/divspanpi2/robo_ws/install/robot/share/robot/hook/pythonpath.sh'
[8.574s] Level 1:colcon.colcon_core.environment:checking '/home/divspanpi2/robo_ws/install/robot/bin'
[8.574s] Level 1:colcon.colcon_core.environment:create_environment_scripts_only(robot)
[8.576s] INFO:colcon.colcon_core.shell:Creating package script '/home/divspanpi2/robo_ws/install/robot/share/robot/package.ps1'
[8.580s] INFO:colcon.colcon_core.shell:Creating package descriptor '/home/divspanpi2/robo_ws/install/robot/share/robot/package.dsv'
[8.584s] INFO:colcon.colcon_core.shell:Creating package script '/home/divspanpi2/robo_ws/install/robot/share/robot/package.sh'
[8.589s] INFO:colcon.colcon_core.shell:Creating package script '/home/divspanpi2/robo_ws/install/robot/share/robot/package.bash'
[8.593s] INFO:colcon.colcon_core.shell:Creating package script '/home/divspanpi2/robo_ws/install/robot/share/robot/package.zsh'
[8.598s] Level 1:colcon.colcon_core.environment:create_file_with_runtime_dependencies(/home/divspanpi2/robo_ws/install/robot/share/colcon-core/packages/robot)
[8.600s] DEBUG:colcon.colcon_parallel_executor.executor.parallel:closing loop
[8.601s] DEBUG:colcon.colcon_parallel_executor.executor.parallel:loop closed
[8.602s] DEBUG:colcon.colcon_parallel_executor.executor.parallel:run_until_complete finished with '0'
[8.602s] DEBUG:colcon.colcon_core.event_reactor:joining thread
[8.632s] INFO:colcon.colcon_core.plugin_system:Skipping extension 'colcon_notification.desktop_notification.terminal_notifier': Not used on non-Darwin systems
[8.632s] INFO:colcon.colcon_core.plugin_system:Skipping extension 'colcon_notification.desktop_notification.win32': Not used on non-Windows systems
[8.632s] INFO:colcon.colcon_notification.desktop_notification:Sending desktop notification using 'notify2'
[8.699s] DEBUG:colcon.colcon_core.event_reactor:joined thread
[8.700s] INFO:colcon.colcon_core.shell:Creating prefix script '/home/divspanpi2/robo_ws/install/local_setup.ps1'
[8.709s] INFO:colcon.colcon_core.shell:Creating prefix util module '/home/divspanpi2/robo_ws/install/_local_setup_util_ps1.py'
[8.717s] INFO:colcon.colcon_core.shell:Creating prefix chain script '/home/divspanpi2/robo_ws/install/setup.ps1'
[8.726s] INFO:colcon.colcon_core.shell:Creating prefix script '/home/divspanpi2/robo_ws/install/local_setup.sh'
[8.730s] INFO:colcon.colcon_core.shell:Creating prefix util module '/home/divspanpi2/robo_ws/install/_local_setup_util_sh.py'
[8.733s] INFO:colcon.colcon_core.shell:Creating prefix chain script '/home/divspanpi2/robo_ws/install/setup.sh'
[8.740s] INFO:colcon.colcon_core.shell:Creating prefix script '/home/divspanpi2/robo_ws/install/local_setup.bash'
[8.746s] INFO:colcon.colcon_core.shell:Creating prefix chain script '/home/divspanpi2/robo_ws/install/setup.bash'
[8.754s] INFO:colcon.colcon_core.shell:Creating prefix script '/home/divspanpi2/robo_ws/install/local_setup.zsh'
[8.757s] INFO:colcon.colcon_core.shell:Creating prefix chain script '/home/divspanpi2/robo_ws/install/setup.zsh'
