[5.881s] Invoking command in '/home/divspanpi2/robo_ws/src/bno055': PYTHONPATH=/home/divspanpi2/robo_ws/build/bno055/prefix_override:/usr/lib/python3/dist-packages/colcon_core/task/python/colcon_distutils_commands:/home/divspanpi2/robo_ws/install/bno055/lib/python3.10/site-packages:${PYTHONPATH} /usr/bin/python3 -W ignore:setup.py install is deprecated setup.py egg_info --egg-base ../../build/bno055 build --build-base /home/divspanpi2/robo_ws/build/bno055/build install --record /home/divspanpi2/robo_ws/build/bno055/install.log --single-version-externally-managed install_data
[7.600s] running egg_info
[7.605s] writing ../../build/bno055/bno055.egg-info/PKG-INFO
[7.606s] writing dependency_links to ../../build/bno055/bno055.egg-info/dependency_links.txt
[7.608s] writing entry points to ../../build/bno055/bno055.egg-info/entry_points.txt
[7.609s] writing requirements to ../../build/bno055/bno055.egg-info/requires.txt
[7.611s] writing top-level names to ../../build/bno055/bno055.egg-info/top_level.txt
[7.625s] reading manifest file '../../build/bno055/bno055.egg-info/SOURCES.txt'
[7.628s] adding license file 'LICENSE'
[7.628s] adding license file 'AUTHORS'
[7.632s] writing manifest file '../../build/bno055/bno055.egg-info/SOURCES.txt'
[7.633s] running build
[7.634s] running build_py
[7.645s] running install
[7.647s] running install_lib
[7.661s] running install_data
[7.664s] running install_egg_info
[7.676s] removing '/home/divspanpi2/robo_ws/install/bno055/lib/python3.10/site-packages/bno055-0.5.0-py3.10.egg-info' (and everything under it)
[7.678s] Copying ../../build/bno055/bno055.egg-info to /home/divspanpi2/robo_ws/install/bno055/lib/python3.10/site-packages/bno055-0.5.0-py3.10.egg-info
[7.688s] running install_scripts
[7.809s] Installing bno055 script to /home/divspanpi2/robo_ws/install/bno055/lib/bno055
[7.814s] writing list of installed files to '/home/divspanpi2/robo_ws/build/bno055/install.log'
[8.051s] Invoked command in '/home/divspanpi2/robo_ws/src/bno055' returned '0': PYTHONPATH=/home/divspanpi2/robo_ws/build/bno055/prefix_override:/usr/lib/python3/dist-packages/colcon_core/task/python/colcon_distutils_commands:/home/divspanpi2/robo_ws/install/bno055/lib/python3.10/site-packages:${PYTHONPATH} /usr/bin/python3 -W ignore:setup.py install is deprecated setup.py egg_info --egg-base ../../build/bno055 build --build-base /home/divspanpi2/robo_ws/build/bno055/build install --record /home/divspanpi2/robo_ws/build/bno055/install.log --single-version-externally-managed install_data
