[0.086s] Invoking command in '/home/divspanpi2/robo_ws/build/nexus': CMAKE_PREFIX_PATH=${CMAKE_PREFIX_PATH}:/home/divspanpi2/robo_ws/install/robot:/home/divspanpi2/robo_ws/install/my_robot_controller:/home/divspanpi2/robo_ws/install/bno055:/opt/ros/humble /usr/bin/cmake /home/divspanpi2/robo_ws/src/nexus -DCMAKE_INSTALL_PREFIX=/home/divspanpi2/robo_ws/install/nexus
[0.391s] -- Found ament_cmake: 1.3.11 (/opt/ros/humble/share/ament_cmake/cmake)
[1.063s] -- Override CMake install command with custom implementation using symlinks instead of copying resources
[1.159s] -- Found rclcpp: 16.0.11 (/opt/ros/humble/share/rclcpp/cmake)
[1.426s] -- Found rosidl_generator_c: 3.1.6 (/opt/ros/humble/share/rosidl_generator_c/cmake)
[1.445s] -- Found rosidl_adapter: 3.1.6 (/opt/ros/humble/share/rosidl_adapter/cmake)
[1.487s] -- Found rosidl_generator_cpp: 3.1.6 (/opt/ros/humble/share/rosidl_generator_cpp/cmake)
[1.556s] -- Using all available rosidl_typesupport_c: rosidl_typesupport_fastrtps_c;rosidl_typesupport_introspection_c
[1.640s] -- Using all available rosidl_typesupport_cpp: rosidl_typesupport_fastrtps_cpp;rosidl_typesupport_introspection_cpp
[1.866s] -- Found rmw_implementation_cmake: 6.1.2 (/opt/ros/humble/share/rmw_implementation_cmake/cmake)
[1.880s] -- Found rmw_fastrtps_cpp: 6.2.7 (/opt/ros/humble/share/rmw_fastrtps_cpp/cmake)
[2.995s] -- Using RMW implementation 'rmw_fastrtps_cpp' as default
[3.340s] -- Found sensor_msgs: 4.2.4 (/opt/ros/humble/share/sensor_msgs/cmake)
[3.515s] -- Found nav_msgs: 4.2.4 (/opt/ros/humble/share/nav_msgs/cmake)
[3.605s] -- Found laser_geometry: 2.4.0 (/opt/ros/humble/share/laser_geometry/cmake)
[3.677s] -- Found pcl_conversions: 2.4.5 (/opt/ros/humble/share/pcl_conversions/cmake)
[3.890s] -- Eigen found (include: /usr/include/eigen3, version: 3.4.0)
[4.223s] -- FLANN found (include: /usr/include, lib: /usr/lib/aarch64-linux-gnu/libflann_cpp.so)
[6.766s] -- OpenNI found (version: 1.5.4.0, include: /usr/include/ni, lib: /usr/lib/libOpenNI.so;libusb::libusb)
[6.794s] -- OpenNI2 found (version: 2.2.0.33, include: /usr/include/openni2, lib: /usr/lib/aarch64-linux-gnu/libOpenNI2.so;libusb::libusb)
[7.425s] -- Eigen found (include: /usr/include/eigen3, version: 3.4.0)
[7.451s] -- OpenNI found (version: 1.5.4.0, include: /usr/include/ni, lib: /usr/lib/libOpenNI.so;libusb::libusb)
[7.477s] -- OpenNI2 found (version: 2.2.0.33, include: /usr/include/openni2, lib: /usr/lib/aarch64-linux-gnu/libOpenNI2.so;libusb::libusb)
[8.117s] -- Found Qhull version 8.0.2
[8.744s] -- OpenNI found (version: 1.5.4.0, include: /usr/include/ni, lib: /usr/lib/libOpenNI.so;libusb::libusb)
[9.810s] -- Configuring done
[10.216s] -- Generating done
[10.293s] -- Build files have been written to: /home/divspanpi2/robo_ws/build/nexus
[10.366s] Invoked command in '/home/divspanpi2/robo_ws/build/nexus' returned '0': CMAKE_PREFIX_PATH=${CMAKE_PREFIX_PATH}:/home/divspanpi2/robo_ws/install/robot:/home/divspanpi2/robo_ws/install/my_robot_controller:/home/divspanpi2/robo_ws/install/bno055:/opt/ros/humble /usr/bin/cmake /home/divspanpi2/robo_ws/src/nexus -DCMAKE_INSTALL_PREFIX=/home/divspanpi2/robo_ws/install/nexus
[10.377s] Invoking command in '/home/divspanpi2/robo_ws/build/nexus': CMAKE_PREFIX_PATH=${CMAKE_PREFIX_PATH}:/home/divspanpi2/robo_ws/install/robot:/home/divspanpi2/robo_ws/install/my_robot_controller:/home/divspanpi2/robo_ws/install/bno055:/opt/ros/humble /usr/bin/cmake --build /home/divspanpi2/robo_ws/build/nexus -- -j4 -l4
[10.492s] -- Found ament_cmake: 1.3.11 (/opt/ros/humble/share/ament_cmake/cmake)
[11.079s] -- Override CMake install command with custom implementation using symlinks instead of copying resources
[11.116s] -- Found rclcpp: 16.0.11 (/opt/ros/humble/share/rclcpp/cmake)
[11.303s] -- Found rosidl_generator_c: 3.1.6 (/opt/ros/humble/share/rosidl_generator_c/cmake)
[11.314s] -- Found rosidl_adapter: 3.1.6 (/opt/ros/humble/share/rosidl_adapter/cmake)
[11.340s] -- Found rosidl_generator_cpp: 3.1.6 (/opt/ros/humble/share/rosidl_generator_cpp/cmake)
[11.382s] -- Using all available rosidl_typesupport_c: rosidl_typesupport_fastrtps_c;rosidl_typesupport_introspection_c
[11.436s] -- Using all available rosidl_typesupport_cpp: rosidl_typesupport_fastrtps_cpp;rosidl_typesupport_introspection_cpp
[11.574s] -- Found rmw_implementation_cmake: 6.1.2 (/opt/ros/humble/share/rmw_implementation_cmake/cmake)
[11.581s] -- Found rmw_fastrtps_cpp: 6.2.7 (/opt/ros/humble/share/rmw_fastrtps_cpp/cmake)
[12.583s] -- Using RMW implementation 'rmw_fastrtps_cpp' as default
[12.783s] -- Found sensor_msgs: 4.2.4 (/opt/ros/humble/share/sensor_msgs/cmake)
[12.903s] -- Found nav_msgs: 4.2.4 (/opt/ros/humble/share/nav_msgs/cmake)
[12.969s] -- Found laser_geometry: 2.4.0 (/opt/ros/humble/share/laser_geometry/cmake)
[13.005s] -- Found pcl_conversions: 2.4.5 (/opt/ros/humble/share/pcl_conversions/cmake)
[13.145s] -- Eigen found (include: /usr/include/eigen3, version: 3.4.0)
[13.409s] -- FLANN found (include: /usr/include, lib: /usr/lib/aarch64-linux-gnu/libflann_cpp.so)
[14.650s] -- OpenNI found (version: 1.5.4.0, include: /usr/include/ni, lib: /usr/lib/libOpenNI.so;libusb::libusb)
[14.675s] -- OpenNI2 found (version: 2.2.0.33, include: /usr/include/openni2, lib: /usr/lib/aarch64-linux-gnu/libOpenNI2.so;libusb::libusb)
[15.304s] -- Eigen found (include: /usr/include/eigen3, version: 3.4.0)
[15.330s] -- OpenNI found (version: 1.5.4.0, include: /usr/include/ni, lib: /usr/lib/libOpenNI.so;libusb::libusb)
[15.356s] -- OpenNI2 found (version: 2.2.0.33, include: /usr/include/openni2, lib: /usr/lib/aarch64-linux-gnu/libOpenNI2.so;libusb::libusb)
[15.951s] -- Found Qhull version 8.0.2
[16.570s] -- OpenNI found (version: 1.5.4.0, include: /usr/include/ni, lib: /usr/lib/libOpenNI.so;libusb::libusb)
[17.600s] -- Configuring done
[17.817s] -- Generating done
[17.880s] -- Build files have been written to: /home/divspanpi2/robo_ws/build/nexus
[17.992s] gmake[2]: Warning: File 'CMakeFiles/main_node.dir/flags.make' has modification time 684685 s in the future
[17.996s] gmake[2]: Warning: File 'CMakeFiles/icp_node.dir/flags.make' has modification time 164124 s in the future
[18.038s] [35m[1mConsolidate compiler generated dependencies of target main_node[0m
[18.044s] [35m[1mConsolidate compiler generated dependencies of target icp_node[0m
[18.072s] gmake[2]: warning:  Clock skew detected.  Your build may be incomplete.
[18.100s] gmake[2]: Warning: File 'CMakeFiles/main_node.dir/flags.make' has modification time 684685 s in the future
[18.116s] gmake[2]: warning:  Clock skew detected.  Your build may be incomplete.
[18.143s] gmake[2]: Warning: File 'CMakeFiles/icp_node.dir/flags.make' has modification time 164124 s in the future
[18.345s] [ 25%] [32mBuilding CXX object CMakeFiles/main_node.dir/src/main.cpp.o[0m
[18.724s] gmake[2]: warning:  Clock skew detected.  Your build may be incomplete.
[18.757s] [ 75%] Built target icp_node
[80.048s] gmake[2]: warning:  Clock skew detected.  Your build may be incomplete.
[80.083s] [100%] Built target main_node
[80.124s] Invoked command in '/home/divspanpi2/robo_ws/build/nexus' returned '0': CMAKE_PREFIX_PATH=${CMAKE_PREFIX_PATH}:/home/divspanpi2/robo_ws/install/robot:/home/divspanpi2/robo_ws/install/my_robot_controller:/home/divspanpi2/robo_ws/install/bno055:/opt/ros/humble /usr/bin/cmake --build /home/divspanpi2/robo_ws/build/nexus -- -j4 -l4
[80.171s] Invoking command in '/home/divspanpi2/robo_ws/build/nexus': CMAKE_PREFIX_PATH=${CMAKE_PREFIX_PATH}:/home/divspanpi2/robo_ws/install/robot:/home/divspanpi2/robo_ws/install/my_robot_controller:/home/divspanpi2/robo_ws/install/bno055:/opt/ros/humble /usr/bin/cmake --install /home/divspanpi2/robo_ws/build/nexus
[80.199s] -- Install configuration: ""
[80.200s] -- Execute custom install script
[80.202s] -- Up-to-date symlink: /home/divspanpi2/robo_ws/install/nexus/lib/nexus/main_node
[80.203s] -- Up-to-date symlink: /home/divspanpi2/robo_ws/install/nexus/lib/nexus/icp_node
[80.204s] -- Up-to-date symlink: /home/divspanpi2/robo_ws/install/nexus/share/ament_index/resource_index/package_run_dependencies/nexus
[80.209s] -- Up-to-date symlink: /home/divspanpi2/robo_ws/install/nexus/share/ament_index/resource_index/parent_prefix_path/nexus
[80.211s] -- Up-to-date symlink: /home/divspanpi2/robo_ws/install/nexus/share/nexus/environment/ament_prefix_path.sh
[80.212s] -- Up-to-date symlink: /home/divspanpi2/robo_ws/install/nexus/share/nexus/environment/ament_prefix_path.dsv
[80.213s] -- Up-to-date symlink: /home/divspanpi2/robo_ws/install/nexus/share/nexus/environment/path.sh
[80.214s] -- Up-to-date symlink: /home/divspanpi2/robo_ws/install/nexus/share/nexus/environment/path.dsv
[80.216s] -- Up-to-date symlink: /home/divspanpi2/robo_ws/install/nexus/share/nexus/local_setup.bash
[80.218s] -- Up-to-date symlink: /home/divspanpi2/robo_ws/install/nexus/share/nexus/local_setup.sh
[80.220s] -- Up-to-date symlink: /home/divspanpi2/robo_ws/install/nexus/share/nexus/local_setup.zsh
[80.221s] -- Up-to-date symlink: /home/divspanpi2/robo_ws/install/nexus/share/nexus/local_setup.dsv
[80.222s] -- Symlinking: /home/divspanpi2/robo_ws/install/nexus/share/nexus/package.dsv
[80.256s] -- Up-to-date symlink: /home/divspanpi2/robo_ws/install/nexus/share/ament_index/resource_index/packages/nexus
[80.260s] -- Up-to-date symlink: /home/divspanpi2/robo_ws/install/nexus/share/nexus/cmake/nexusConfig.cmake
[80.262s] -- Up-to-date symlink: /home/divspanpi2/robo_ws/install/nexus/share/nexus/cmake/nexusConfig-version.cmake
[80.264s] -- Up-to-date symlink: /home/divspanpi2/robo_ws/install/nexus/share/nexus/package.xml
[80.273s] Invoked command in '/home/divspanpi2/robo_ws/build/nexus' returned '0': CMAKE_PREFIX_PATH=${CMAKE_PREFIX_PATH}:/home/divspanpi2/robo_ws/install/robot:/home/divspanpi2/robo_ws/install/my_robot_controller:/home/divspanpi2/robo_ws/install/bno055:/opt/ros/humble /usr/bin/cmake --install /home/divspanpi2/robo_ws/build/nexus
