[0.051s] Invoking command in '/home/divspanpi2/robo_ws/build/nexus': CMAKE_PREFIX_PATH=${CMAKE_PREFIX_PATH}:/home/divspanpi2/robo_ws/install/bno055:/home/divspanpi2/robo_ws/install/robot:/opt/ros/humble /usr/bin/cmake --build /home/divspanpi2/robo_ws/build/nexus -- -j4 -l4
[0.159s] -- Found ament_cmake: 1.3.10 (/opt/ros/humble/share/ament_cmake/cmake)
[0.746s] -- Found rclcpp: 16.0.10 (/opt/ros/humble/share/rclcpp/cmake)
[0.921s] -- Found rosidl_generator_c: 3.1.5 (/opt/ros/humble/share/rosidl_generator_c/cmake)
[0.932s] -- Found rosidl_adapter: 3.1.5 (/opt/ros/humble/share/rosidl_adapter/cmake)
[0.955s] -- Found rosidl_generator_cpp: 3.1.5 (/opt/ros/humble/share/rosidl_generator_cpp/cmake)
[0.993s] -- Using all available rosidl_typesupport_c: rosidl_typesupport_fastrtps_c;rosidl_typesupport_introspection_c
[1.043s] -- Using all available rosidl_typesupport_cpp: rosidl_typesupport_fastrtps_cpp;rosidl_typesupport_introspection_cpp
[1.168s] -- Found rmw_implementation_cmake: 6.1.2 (/opt/ros/humble/share/rmw_implementation_cmake/cmake)
[1.174s] -- Found rmw_fastrtps_cpp: 6.2.7 (/opt/ros/humble/share/rmw_fastrtps_cpp/cmake)
[2.142s] -- Using RMW implementation 'rmw_fastrtps_cpp' as default
[2.326s] -- Found sensor_msgs: 4.2.4 (/opt/ros/humble/share/sensor_msgs/cmake)
[2.731s] -- Configuring done
[2.785s] -- Generating done
[2.793s] -- Build files have been written to: /home/divspanpi2/robo_ws/build/nexus
[2.906s] [35m[1mConsolidate compiler generated dependencies of target main_node[0m
[2.951s] gmake[2]: Warning: File '/home/divspanpi2/robo_ws/src/nexus/src/main.cpp' has modification time 24935 s in the future
[2.997s] [ 50%] [32mBuilding CXX object CMakeFiles/main_node.dir/src/main.cpp.o[0m
[36.901s] [100%] [32m[1mLinking CXX executable main_node[0m
[38.861s] gmake[2]: warning:  Clock skew detected.  Your build may be incomplete.
[38.894s] [100%] Built target main_node
[38.934s] Invoked command in '/home/divspanpi2/robo_ws/build/nexus' returned '0': CMAKE_PREFIX_PATH=${CMAKE_PREFIX_PATH}:/home/divspanpi2/robo_ws/install/bno055:/home/divspanpi2/robo_ws/install/robot:/opt/ros/humble /usr/bin/cmake --build /home/divspanpi2/robo_ws/build/nexus -- -j4 -l4
[39.101s] Invoking command in '/home/divspanpi2/robo_ws/build/nexus': CMAKE_PREFIX_PATH=${CMAKE_PREFIX_PATH}:/home/divspanpi2/robo_ws/install/bno055:/home/divspanpi2/robo_ws/install/robot:/opt/ros/humble /usr/bin/cmake --install /home/divspanpi2/robo_ws/build/nexus
[39.129s] -- Install configuration: ""
[39.130s] -- Installing: /home/divspanpi2/robo_ws/install/nexus/lib/nexus/main_node
[39.159s] -- Set runtime path of "/home/divspanpi2/robo_ws/install/nexus/lib/nexus/main_node" to ""
[39.160s] -- Up-to-date: /home/divspanpi2/robo_ws/install/nexus/share/ament_index/resource_index/package_run_dependencies/nexus
[39.160s] -- Installing: /home/divspanpi2/robo_ws/install/nexus/share/ament_index/resource_index/parent_prefix_path/nexus
[39.161s] -- Up-to-date: /home/divspanpi2/robo_ws/install/nexus/share/nexus/environment/ament_prefix_path.sh
[39.162s] -- Installing: /home/divspanpi2/robo_ws/install/nexus/share/nexus/environment/ament_prefix_path.dsv
[39.163s] -- Up-to-date: /home/divspanpi2/robo_ws/install/nexus/share/nexus/environment/path.sh
[39.163s] -- Installing: /home/divspanpi2/robo_ws/install/nexus/share/nexus/environment/path.dsv
[39.164s] -- Up-to-date: /home/divspanpi2/robo_ws/install/nexus/share/nexus/local_setup.bash
[39.165s] -- Up-to-date: /home/divspanpi2/robo_ws/install/nexus/share/nexus/local_setup.sh
[39.165s] -- Up-to-date: /home/divspanpi2/robo_ws/install/nexus/share/nexus/local_setup.zsh
[39.166s] -- Installing: /home/divspanpi2/robo_ws/install/nexus/share/nexus/local_setup.dsv
[39.166s] -- Installing: /home/divspanpi2/robo_ws/install/nexus/share/nexus/package.dsv
[39.168s] -- Up-to-date: /home/divspanpi2/robo_ws/install/nexus/share/ament_index/resource_index/packages/nexus
[39.168s] -- Up-to-date: /home/divspanpi2/robo_ws/install/nexus/share/nexus/cmake/nexusConfig.cmake
[39.168s] -- Up-to-date: /home/divspanpi2/robo_ws/install/nexus/share/nexus/cmake/nexusConfig-version.cmake
[39.169s] -- Up-to-date: /home/divspanpi2/robo_ws/install/nexus/share/nexus/package.xml
[39.175s] Invoked command in '/home/divspanpi2/robo_ws/build/nexus' returned '0': CMAKE_PREFIX_PATH=${CMAKE_PREFIX_PATH}:/home/divspanpi2/robo_ws/install/bno055:/home/divspanpi2/robo_ws/install/robot:/opt/ros/humble /usr/bin/cmake --install /home/divspanpi2/robo_ws/build/nexus
