running egg_info
creating ../../build/my_robot_controller/my_robot_controller.egg-info
writing ../../build/my_robot_controller/my_robot_controller.egg-info/PKG-INFO
writing dependency_links to ../../build/my_robot_controller/my_robot_controller.egg-info/dependency_links.txt
writing entry points to ../../build/my_robot_controller/my_robot_controller.egg-info/entry_points.txt
writing requirements to ../../build/my_robot_controller/my_robot_controller.egg-info/requires.txt
writing top-level names to ../../build/my_robot_controller/my_robot_controller.egg-info/top_level.txt
writing manifest file '../../build/my_robot_controller/my_robot_controller.egg-info/SOURCES.txt'
reading manifest file '../../build/my_robot_controller/my_robot_controller.egg-info/SOURCES.txt'
writing manifest file '../../build/my_robot_controller/my_robot_controller.egg-info/SOURCES.txt'
running build
running build_py
creating /home/divspanpi2/robo_ws/build/my_robot_controller/build
creating /home/divspanpi2/robo_ws/build/my_robot_controller/build/lib
creating /home/divspanpi2/robo_ws/build/my_robot_controller/build/lib/my_robot_controller
copying my_robot_controller/interpolasi.py -> /home/divspanpi2/robo_ws/build/my_robot_controller/build/lib/my_robot_controller
copying my_robot_controller/ekf_accel_obs.py -> /home/divspanpi2/robo_ws/build/my_robot_controller/build/lib/my_robot_controller
copying my_robot_controller/dynamic_bias.py -> /home/divspanpi2/robo_ws/build/my_robot_controller/build/lib/my_robot_controller
copying my_robot_controller/ekf_accel.py -> /home/divspanpi2/robo_ws/build/my_robot_controller/build/lib/my_robot_controller
copying my_robot_controller/nav_tes.py -> /home/divspanpi2/robo_ws/build/my_robot_controller/build/lib/my_robot_controller
copying my_robot_controller/kalman_node.py -> /home/divspanpi2/robo_ws/build/my_robot_controller/build/lib/my_robot_controller
copying my_robot_controller/imu_mechanization.py -> /home/divspanpi2/robo_ws/build/my_robot_controller/build/lib/my_robot_controller
copying my_robot_controller/turtle_controller.py -> /home/divspanpi2/robo_ws/build/my_robot_controller/build/lib/my_robot_controller
copying my_robot_controller/dynamic.py -> /home/divspanpi2/robo_ws/build/my_robot_controller/build/lib/my_robot_controller
copying my_robot_controller/fusion_node.py -> /home/divspanpi2/robo_ws/build/my_robot_controller/build/lib/my_robot_controller
copying my_robot_controller/lidar_icp.py -> /home/divspanpi2/robo_ws/build/my_robot_controller/build/lib/my_robot_controller
copying my_robot_controller/data_visualization.py -> /home/divspanpi2/robo_ws/build/my_robot_controller/build/lib/my_robot_controller
copying my_robot_controller/imu_raw_data.py -> /home/divspanpi2/robo_ws/build/my_robot_controller/build/lib/my_robot_controller
copying my_robot_controller/obstacle_monitor.py -> /home/divspanpi2/robo_ws/build/my_robot_controller/build/lib/my_robot_controller
copying my_robot_controller/ekf_gyro.py -> /home/divspanpi2/robo_ws/build/my_robot_controller/build/lib/my_robot_controller
copying my_robot_controller/odom_node.py -> /home/divspanpi2/robo_ws/build/my_robot_controller/build/lib/my_robot_controller
copying my_robot_controller/__init__.py -> /home/divspanpi2/robo_ws/build/my_robot_controller/build/lib/my_robot_controller
copying my_robot_controller/path_listener.py -> /home/divspanpi2/robo_ws/build/my_robot_controller/build/lib/my_robot_controller
copying my_robot_controller/special_func.py -> /home/divspanpi2/robo_ws/build/my_robot_controller/build/lib/my_robot_controller
copying my_robot_controller/ekf_fusion.py -> /home/divspanpi2/robo_ws/build/my_robot_controller/build/lib/my_robot_controller
copying my_robot_controller/nav2_test.py -> /home/divspanpi2/robo_ws/build/my_robot_controller/build/lib/my_robot_controller
copying my_robot_controller/odom_raw_data.py -> /home/divspanpi2/robo_ws/build/my_robot_controller/build/lib/my_robot_controller
copying my_robot_controller/sensor_fusion.py -> /home/divspanpi2/robo_ws/build/my_robot_controller/build/lib/my_robot_controller
copying my_robot_controller/imu_filtered.py -> /home/divspanpi2/robo_ws/build/my_robot_controller/build/lib/my_robot_controller
copying my_robot_controller/tracking_object.py -> /home/divspanpi2/robo_ws/build/my_robot_controller/build/lib/my_robot_controller
copying my_robot_controller/odom_filtered.py -> /home/divspanpi2/robo_ws/build/my_robot_controller/build/lib/my_robot_controller
copying my_robot_controller/imu_sens.py -> /home/divspanpi2/robo_ws/build/my_robot_controller/build/lib/my_robot_controller
copying my_robot_controller/tes.py -> /home/divspanpi2/robo_ws/build/my_robot_controller/build/lib/my_robot_controller
copying my_robot_controller/icp_algorithm.py -> /home/divspanpi2/robo_ws/build/my_robot_controller/build/lib/my_robot_controller
copying my_robot_controller/save_path.py -> /home/divspanpi2/robo_ws/build/my_robot_controller/build/lib/my_robot_controller
copying my_robot_controller/slip_compensation.py -> /home/divspanpi2/robo_ws/build/my_robot_controller/build/lib/my_robot_controller
copying my_robot_controller/lidar_node.py -> /home/divspanpi2/robo_ws/build/my_robot_controller/build/lib/my_robot_controller
copying my_robot_controller/dynamic_imu_mechanization.py -> /home/divspanpi2/robo_ws/build/my_robot_controller/build/lib/my_robot_controller
running install
running install_lib
creating /home/divspanpi2/robo_ws/install/my_robot_controller/lib/python3.10/site-packages/my_robot_controller
copying /home/divspanpi2/robo_ws/build/my_robot_controller/build/lib/my_robot_controller/interpolasi.py -> /home/divspanpi2/robo_ws/install/my_robot_controller/lib/python3.10/site-packages/my_robot_controller
copying /home/divspanpi2/robo_ws/build/my_robot_controller/build/lib/my_robot_controller/ekf_accel_obs.py -> /home/divspanpi2/robo_ws/install/my_robot_controller/lib/python3.10/site-packages/my_robot_controller
copying /home/divspanpi2/robo_ws/build/my_robot_controller/build/lib/my_robot_controller/dynamic_bias.py -> /home/divspanpi2/robo_ws/install/my_robot_controller/lib/python3.10/site-packages/my_robot_controller
copying /home/divspanpi2/robo_ws/build/my_robot_controller/build/lib/my_robot_controller/ekf_accel.py -> /home/divspanpi2/robo_ws/install/my_robot_controller/lib/python3.10/site-packages/my_robot_controller
copying /home/divspanpi2/robo_ws/build/my_robot_controller/build/lib/my_robot_controller/nav_tes.py -> /home/divspanpi2/robo_ws/install/my_robot_controller/lib/python3.10/site-packages/my_robot_controller
copying /home/divspanpi2/robo_ws/build/my_robot_controller/build/lib/my_robot_controller/kalman_node.py -> /home/divspanpi2/robo_ws/install/my_robot_controller/lib/python3.10/site-packages/my_robot_controller
copying /home/divspanpi2/robo_ws/build/my_robot_controller/build/lib/my_robot_controller/imu_mechanization.py -> /home/divspanpi2/robo_ws/install/my_robot_controller/lib/python3.10/site-packages/my_robot_controller
copying /home/divspanpi2/robo_ws/build/my_robot_controller/build/lib/my_robot_controller/turtle_controller.py -> /home/divspanpi2/robo_ws/install/my_robot_controller/lib/python3.10/site-packages/my_robot_controller
copying /home/divspanpi2/robo_ws/build/my_robot_controller/build/lib/my_robot_controller/dynamic.py -> /home/divspanpi2/robo_ws/install/my_robot_controller/lib/python3.10/site-packages/my_robot_controller
copying /home/divspanpi2/robo_ws/build/my_robot_controller/build/lib/my_robot_controller/fusion_node.py -> /home/divspanpi2/robo_ws/install/my_robot_controller/lib/python3.10/site-packages/my_robot_controller
copying /home/divspanpi2/robo_ws/build/my_robot_controller/build/lib/my_robot_controller/lidar_icp.py -> /home/divspanpi2/robo_ws/install/my_robot_controller/lib/python3.10/site-packages/my_robot_controller
copying /home/divspanpi2/robo_ws/build/my_robot_controller/build/lib/my_robot_controller/data_visualization.py -> /home/divspanpi2/robo_ws/install/my_robot_controller/lib/python3.10/site-packages/my_robot_controller
copying /home/divspanpi2/robo_ws/build/my_robot_controller/build/lib/my_robot_controller/imu_raw_data.py -> /home/divspanpi2/robo_ws/install/my_robot_controller/lib/python3.10/site-packages/my_robot_controller
copying /home/divspanpi2/robo_ws/build/my_robot_controller/build/lib/my_robot_controller/obstacle_monitor.py -> /home/divspanpi2/robo_ws/install/my_robot_controller/lib/python3.10/site-packages/my_robot_controller
copying /home/divspanpi2/robo_ws/build/my_robot_controller/build/lib/my_robot_controller/ekf_gyro.py -> /home/divspanpi2/robo_ws/install/my_robot_controller/lib/python3.10/site-packages/my_robot_controller
copying /home/divspanpi2/robo_ws/build/my_robot_controller/build/lib/my_robot_controller/odom_node.py -> /home/divspanpi2/robo_ws/install/my_robot_controller/lib/python3.10/site-packages/my_robot_controller
copying /home/divspanpi2/robo_ws/build/my_robot_controller/build/lib/my_robot_controller/__init__.py -> /home/divspanpi2/robo_ws/install/my_robot_controller/lib/python3.10/site-packages/my_robot_controller
copying /home/divspanpi2/robo_ws/build/my_robot_controller/build/lib/my_robot_controller/path_listener.py -> /home/divspanpi2/robo_ws/install/my_robot_controller/lib/python3.10/site-packages/my_robot_controller
copying /home/divspanpi2/robo_ws/build/my_robot_controller/build/lib/my_robot_controller/special_func.py -> /home/divspanpi2/robo_ws/install/my_robot_controller/lib/python3.10/site-packages/my_robot_controller
copying /home/divspanpi2/robo_ws/build/my_robot_controller/build/lib/my_robot_controller/ekf_fusion.py -> /home/divspanpi2/robo_ws/install/my_robot_controller/lib/python3.10/site-packages/my_robot_controller
copying /home/divspanpi2/robo_ws/build/my_robot_controller/build/lib/my_robot_controller/nav2_test.py -> /home/divspanpi2/robo_ws/install/my_robot_controller/lib/python3.10/site-packages/my_robot_controller
copying /home/divspanpi2/robo_ws/build/my_robot_controller/build/lib/my_robot_controller/odom_raw_data.py -> /home/divspanpi2/robo_ws/install/my_robot_controller/lib/python3.10/site-packages/my_robot_controller
copying /home/divspanpi2/robo_ws/build/my_robot_controller/build/lib/my_robot_controller/sensor_fusion.py -> /home/divspanpi2/robo_ws/install/my_robot_controller/lib/python3.10/site-packages/my_robot_controller
copying /home/divspanpi2/robo_ws/build/my_robot_controller/build/lib/my_robot_controller/imu_filtered.py -> /home/divspanpi2/robo_ws/install/my_robot_controller/lib/python3.10/site-packages/my_robot_controller
copying /home/divspanpi2/robo_ws/build/my_robot_controller/build/lib/my_robot_controller/tracking_object.py -> /home/divspanpi2/robo_ws/install/my_robot_controller/lib/python3.10/site-packages/my_robot_controller
copying /home/divspanpi2/robo_ws/build/my_robot_controller/build/lib/my_robot_controller/odom_filtered.py -> /home/divspanpi2/robo_ws/install/my_robot_controller/lib/python3.10/site-packages/my_robot_controller
copying /home/divspanpi2/robo_ws/build/my_robot_controller/build/lib/my_robot_controller/imu_sens.py -> /home/divspanpi2/robo_ws/install/my_robot_controller/lib/python3.10/site-packages/my_robot_controller
copying /home/divspanpi2/robo_ws/build/my_robot_controller/build/lib/my_robot_controller/tes.py -> /home/divspanpi2/robo_ws/install/my_robot_controller/lib/python3.10/site-packages/my_robot_controller
copying /home/divspanpi2/robo_ws/build/my_robot_controller/build/lib/my_robot_controller/icp_algorithm.py -> /home/divspanpi2/robo_ws/install/my_robot_controller/lib/python3.10/site-packages/my_robot_controller
copying /home/divspanpi2/robo_ws/build/my_robot_controller/build/lib/my_robot_controller/save_path.py -> /home/divspanpi2/robo_ws/install/my_robot_controller/lib/python3.10/site-packages/my_robot_controller
copying /home/divspanpi2/robo_ws/build/my_robot_controller/build/lib/my_robot_controller/slip_compensation.py -> /home/divspanpi2/robo_ws/install/my_robot_controller/lib/python3.10/site-packages/my_robot_controller
copying /home/divspanpi2/robo_ws/build/my_robot_controller/build/lib/my_robot_controller/lidar_node.py -> /home/divspanpi2/robo_ws/install/my_robot_controller/lib/python3.10/site-packages/my_robot_controller
copying /home/divspanpi2/robo_ws/build/my_robot_controller/build/lib/my_robot_controller/dynamic_imu_mechanization.py -> /home/divspanpi2/robo_ws/install/my_robot_controller/lib/python3.10/site-packages/my_robot_controller
byte-compiling /home/divspanpi2/robo_ws/install/my_robot_controller/lib/python3.10/site-packages/my_robot_controller/interpolasi.py to interpolasi.cpython-310.pyc
byte-compiling /home/divspanpi2/robo_ws/install/my_robot_controller/lib/python3.10/site-packages/my_robot_controller/ekf_accel_obs.py to ekf_accel_obs.cpython-310.pyc
byte-compiling /home/divspanpi2/robo_ws/install/my_robot_controller/lib/python3.10/site-packages/my_robot_controller/dynamic_bias.py to dynamic_bias.cpython-310.pyc
byte-compiling /home/divspanpi2/robo_ws/install/my_robot_controller/lib/python3.10/site-packages/my_robot_controller/ekf_accel.py to ekf_accel.cpython-310.pyc
byte-compiling /home/divspanpi2/robo_ws/install/my_robot_controller/lib/python3.10/site-packages/my_robot_controller/nav_tes.py to nav_tes.cpython-310.pyc
byte-compiling /home/divspanpi2/robo_ws/install/my_robot_controller/lib/python3.10/site-packages/my_robot_controller/kalman_node.py to kalman_node.cpython-310.pyc
byte-compiling /home/divspanpi2/robo_ws/install/my_robot_controller/lib/python3.10/site-packages/my_robot_controller/imu_mechanization.py to imu_mechanization.cpython-310.pyc
byte-compiling /home/divspanpi2/robo_ws/install/my_robot_controller/lib/python3.10/site-packages/my_robot_controller/turtle_controller.py to turtle_controller.cpython-310.pyc
byte-compiling /home/divspanpi2/robo_ws/install/my_robot_controller/lib/python3.10/site-packages/my_robot_controller/dynamic.py to dynamic.cpython-310.pyc
byte-compiling /home/divspanpi2/robo_ws/install/my_robot_controller/lib/python3.10/site-packages/my_robot_controller/fusion_node.py to fusion_node.cpython-310.pyc
byte-compiling /home/divspanpi2/robo_ws/install/my_robot_controller/lib/python3.10/site-packages/my_robot_controller/lidar_icp.py to lidar_icp.cpython-310.pyc
byte-compiling /home/divspanpi2/robo_ws/install/my_robot_controller/lib/python3.10/site-packages/my_robot_controller/data_visualization.py to data_visualization.cpython-310.pyc
byte-compiling /home/divspanpi2/robo_ws/install/my_robot_controller/lib/python3.10/site-packages/my_robot_controller/imu_raw_data.py to imu_raw_data.cpython-310.pyc
byte-compiling /home/divspanpi2/robo_ws/install/my_robot_controller/lib/python3.10/site-packages/my_robot_controller/obstacle_monitor.py to obstacle_monitor.cpython-310.pyc
byte-compiling /home/divspanpi2/robo_ws/install/my_robot_controller/lib/python3.10/site-packages/my_robot_controller/ekf_gyro.py to ekf_gyro.cpython-310.pyc
byte-compiling /home/divspanpi2/robo_ws/install/my_robot_controller/lib/python3.10/site-packages/my_robot_controller/odom_node.py to odom_node.cpython-310.pyc
byte-compiling /home/divspanpi2/robo_ws/install/my_robot_controller/lib/python3.10/site-packages/my_robot_controller/__init__.py to __init__.cpython-310.pyc
byte-compiling /home/divspanpi2/robo_ws/install/my_robot_controller/lib/python3.10/site-packages/my_robot_controller/path_listener.py to path_listener.cpython-310.pyc
byte-compiling /home/divspanpi2/robo_ws/install/my_robot_controller/lib/python3.10/site-packages/my_robot_controller/special_func.py to special_func.cpython-310.pyc
byte-compiling /home/divspanpi2/robo_ws/install/my_robot_controller/lib/python3.10/site-packages/my_robot_controller/ekf_fusion.py to ekf_fusion.cpython-310.pyc
byte-compiling /home/divspanpi2/robo_ws/install/my_robot_controller/lib/python3.10/site-packages/my_robot_controller/nav2_test.py to nav2_test.cpython-310.pyc
byte-compiling /home/divspanpi2/robo_ws/install/my_robot_controller/lib/python3.10/site-packages/my_robot_controller/odom_raw_data.py to odom_raw_data.cpython-310.pyc
byte-compiling /home/divspanpi2/robo_ws/install/my_robot_controller/lib/python3.10/site-packages/my_robot_controller/sensor_fusion.py to sensor_fusion.cpython-310.pyc
byte-compiling /home/divspanpi2/robo_ws/install/my_robot_controller/lib/python3.10/site-packages/my_robot_controller/imu_filtered.py to imu_filtered.cpython-310.pyc
byte-compiling /home/divspanpi2/robo_ws/install/my_robot_controller/lib/python3.10/site-packages/my_robot_controller/tracking_object.py to tracking_object.cpython-310.pyc
byte-compiling /home/divspanpi2/robo_ws/install/my_robot_controller/lib/python3.10/site-packages/my_robot_controller/odom_filtered.py to odom_filtered.cpython-310.pyc
byte-compiling /home/divspanpi2/robo_ws/install/my_robot_controller/lib/python3.10/site-packages/my_robot_controller/imu_sens.py to imu_sens.cpython-310.pyc
byte-compiling /home/divspanpi2/robo_ws/install/my_robot_controller/lib/python3.10/site-packages/my_robot_controller/tes.py to tes.cpython-310.pyc
byte-compiling /home/divspanpi2/robo_ws/install/my_robot_controller/lib/python3.10/site-packages/my_robot_controller/icp_algorithm.py to icp_algorithm.cpython-310.pyc
byte-compiling /home/divspanpi2/robo_ws/install/my_robot_controller/lib/python3.10/site-packages/my_robot_controller/save_path.py to save_path.cpython-310.pyc
byte-compiling /home/divspanpi2/robo_ws/install/my_robot_controller/lib/python3.10/site-packages/my_robot_controller/slip_compensation.py to slip_compensation.cpython-310.pyc
byte-compiling /home/divspanpi2/robo_ws/install/my_robot_controller/lib/python3.10/site-packages/my_robot_controller/lidar_node.py to lidar_node.cpython-310.pyc
byte-compiling /home/divspanpi2/robo_ws/install/my_robot_controller/lib/python3.10/site-packages/my_robot_controller/dynamic_imu_mechanization.py to dynamic_imu_mechanization.cpython-310.pyc
running install_data
creating /home/divspanpi2/robo_ws/install/my_robot_controller/share/ament_index
creating /home/divspanpi2/robo_ws/install/my_robot_controller/share/ament_index/resource_index
creating /home/divspanpi2/robo_ws/install/my_robot_controller/share/ament_index/resource_index/packages
copying resource/my_robot_controller -> /home/divspanpi2/robo_ws/install/my_robot_controller/share/ament_index/resource_index/packages
copying package.xml -> /home/divspanpi2/robo_ws/install/my_robot_controller/share/my_robot_controller
running install_egg_info
Copying ../../build/my_robot_controller/my_robot_controller.egg-info to /home/divspanpi2/robo_ws/install/my_robot_controller/lib/python3.10/site-packages/my_robot_controller-0.0.0-py3.10.egg-info
running install_scripts
Installing ekf_fusion_node script to /home/divspanpi2/robo_ws/install/my_robot_controller/lib/my_robot_controller
Installing fusion_node script to /home/divspanpi2/robo_ws/install/my_robot_controller/lib/my_robot_controller
Installing icp_node script to /home/divspanpi2/robo_ws/install/my_robot_controller/lib/my_robot_controller
Installing imu_filtered_node script to /home/divspanpi2/robo_ws/install/my_robot_controller/lib/my_robot_controller
Installing imu_node script to /home/divspanpi2/robo_ws/install/my_robot_controller/lib/my_robot_controller
Installing imu_raw_data script to /home/divspanpi2/robo_ws/install/my_robot_controller/lib/my_robot_controller
Installing lidar_node script to /home/divspanpi2/robo_ws/install/my_robot_controller/lib/my_robot_controller
Installing nav_test_node script to /home/divspanpi2/robo_ws/install/my_robot_controller/lib/my_robot_controller
Installing obstacle_monitor script to /home/divspanpi2/robo_ws/install/my_robot_controller/lib/my_robot_controller
Installing odom_filtered_node script to /home/divspanpi2/robo_ws/install/my_robot_controller/lib/my_robot_controller
Installing odom_node script to /home/divspanpi2/robo_ws/install/my_robot_controller/lib/my_robot_controller
Installing odom_raw_data script to /home/divspanpi2/robo_ws/install/my_robot_controller/lib/my_robot_controller
Installing path_listener script to /home/divspanpi2/robo_ws/install/my_robot_controller/lib/my_robot_controller
Installing path_saver script to /home/divspanpi2/robo_ws/install/my_robot_controller/lib/my_robot_controller
Installing tracking_object script to /home/divspanpi2/robo_ws/install/my_robot_controller/lib/my_robot_controller
Installing turtle_controller script to /home/divspanpi2/robo_ws/install/my_robot_controller/lib/my_robot_controller
writing list of installed files to '/home/divspanpi2/robo_ws/build/my_robot_controller/install.log'
