[2.691s] Invoking command in '/home/divspanpi2/robo_ws/src/robot': PYTHONPATH=/home/divspanpi2/robo_ws/build/robot/prefix_override:/usr/lib/python3/dist-packages/colcon_core/task/python/colcon_distutils_commands:/home/divspanpi2/robo_ws/install/robot/lib/python3.10/site-packages:${PYTHONPATH} /usr/bin/python3 -W ignore:setup.py install is deprecated setup.py egg_info --egg-base ../../build/robot build --build-base /home/divspanpi2/robo_ws/build/robot/build install --record /home/divspanpi2/robo_ws/build/robot/install.log --single-version-externally-managed install_data
[3.792s] running egg_info
[3.793s] writing ../../build/robot/robot.egg-info/PKG-INFO
[3.795s] writing dependency_links to ../../build/robot/robot.egg-info/dependency_links.txt
[3.796s] writing entry points to ../../build/robot/robot.egg-info/entry_points.txt
[3.797s] writing requirements to ../../build/robot/robot.egg-info/requires.txt
[3.798s] writing top-level names to ../../build/robot/robot.egg-info/top_level.txt
[3.810s] reading manifest file '../../build/robot/robot.egg-info/SOURCES.txt'
[3.811s] adding license file 'LICENSE'
[3.814s] writing manifest file '../../build/robot/robot.egg-info/SOURCES.txt'
[3.815s] running build
[3.815s] running build_py
[3.816s] copying robot/node_bno.py -> /home/divspanpi2/robo_ws/build/robot/build/lib/robot
[3.818s] running install
[3.819s] running install_lib
[3.823s] copying /home/divspanpi2/robo_ws/build/robot/build/lib/robot/node_bno.py -> /home/divspanpi2/robo_ws/install/robot/lib/python3.10/site-packages/robot
[3.826s] byte-compiling /home/divspanpi2/robo_ws/install/robot/lib/python3.10/site-packages/robot/save_imu.py to save_imu.cpython-310.pyc
[3.829s] byte-compiling /home/divspanpi2/robo_ws/install/robot/lib/python3.10/site-packages/robot/node_serial.py to node_serial.cpython-310.pyc
[3.834s] byte-compiling /home/divspanpi2/robo_ws/install/robot/lib/python3.10/site-packages/robot/node_bno.py to node_bno.cpython-310.pyc
[3.836s] running install_data
[3.837s] running install_egg_info
[3.844s] removing '/home/divspanpi2/robo_ws/install/robot/lib/python3.10/site-packages/robot-0.0.0-py3.10.egg-info' (and everything under it)
[3.846s] Copying ../../build/robot/robot.egg-info to /home/divspanpi2/robo_ws/install/robot/lib/python3.10/site-packages/robot-0.0.0-py3.10.egg-info
[3.851s] running install_scripts
[3.931s] Installing node_bno script to /home/divspanpi2/robo_ws/install/robot/lib/robot
[3.931s] Installing node_serial script to /home/divspanpi2/robo_ws/install/robot/lib/robot
[3.932s] Installing save_imu script to /home/divspanpi2/robo_ws/install/robot/lib/robot
[3.934s] writing list of installed files to '/home/divspanpi2/robo_ws/build/robot/install.log'
[4.052s] Invoked command in '/home/divspanpi2/robo_ws/src/robot' returned '0': PYTHONPATH=/home/divspanpi2/robo_ws/build/robot/prefix_override:/usr/lib/python3/dist-packages/colcon_core/task/python/colcon_distutils_commands:/home/divspanpi2/robo_ws/install/robot/lib/python3.10/site-packages:${PYTHONPATH} /usr/bin/python3 -W ignore:setup.py install is deprecated setup.py egg_info --egg-base ../../build/robot build --build-base /home/divspanpi2/robo_ws/build/robot/build install --record /home/divspanpi2/robo_ws/build/robot/install.log --single-version-externally-managed install_data
