[2.676s] Invoking command in '/home/divspanpi2/robo_ws/src/robot': PYTHONPATH=/home/divspanpi2/robo_ws/build/robot/prefix_override:/usr/lib/python3/dist-packages/colcon_core/task/python/colcon_distutils_commands:/home/divspanpi2/robo_ws/install/robot/lib/python3.10/site-packages:${PYTHONPATH} /usr/bin/python3 -W ignore:setup.py install is deprecated setup.py egg_info --egg-base ../../build/robot build --build-base /home/divspanpi2/robo_ws/build/robot/build install --record /home/divspanpi2/robo_ws/build/robot/install.log --single-version-externally-managed install_data
[3.758s] running egg_info
[3.760s] writing ../../build/robot/robot.egg-info/PKG-INFO
[3.761s] writing dependency_links to ../../build/robot/robot.egg-info/dependency_links.txt
[3.762s] writing entry points to ../../build/robot/robot.egg-info/entry_points.txt
[3.763s] writing requirements to ../../build/robot/robot.egg-info/requires.txt
[3.763s] writing top-level names to ../../build/robot/robot.egg-info/top_level.txt
[3.772s] reading manifest file '../../build/robot/robot.egg-info/SOURCES.txt'
[3.773s] adding license file 'LICENSE'
[3.776s] writing manifest file '../../build/robot/robot.egg-info/SOURCES.txt'
[3.776s] running build
[3.782s] running build_py
[3.782s] copying robot/save_imu.py -> /home/divspanpi2/robo_ws/build/robot/build/lib/robot
[3.784s] running install
[3.785s] running install_lib
[3.789s] copying /home/divspanpi2/robo_ws/build/robot/build/lib/robot/save_imu.py -> /home/divspanpi2/robo_ws/install/robot/lib/python3.10/site-packages/robot
[3.794s] byte-compiling /home/divspanpi2/robo_ws/install/robot/lib/python3.10/site-packages/robot/save_imu.py to save_imu.cpython-310.pyc
[3.798s] byte-compiling /home/divspanpi2/robo_ws/install/robot/lib/python3.10/site-packages/robot/node_serial.py to node_serial.cpython-310.pyc
[3.802s] running install_data
[3.803s] running install_egg_info
[3.810s] removing '/home/divspanpi2/robo_ws/install/robot/lib/python3.10/site-packages/robot-0.0.0-py3.10.egg-info' (and everything under it)
[3.812s] Copying ../../build/robot/robot.egg-info to /home/divspanpi2/robo_ws/install/robot/lib/python3.10/site-packages/robot-0.0.0-py3.10.egg-info
[3.817s] running install_scripts
[3.896s] Installing node_bno script to /home/divspanpi2/robo_ws/install/robot/lib/robot
[3.897s] Installing node_serial script to /home/divspanpi2/robo_ws/install/robot/lib/robot
[3.897s] Installing save_imu script to /home/divspanpi2/robo_ws/install/robot/lib/robot
[3.899s] writing list of installed files to '/home/divspanpi2/robo_ws/build/robot/install.log'
[4.016s] Invoked command in '/home/divspanpi2/robo_ws/src/robot' returned '0': PYTHONPATH=/home/divspanpi2/robo_ws/build/robot/prefix_override:/usr/lib/python3/dist-packages/colcon_core/task/python/colcon_distutils_commands:/home/divspanpi2/robo_ws/install/robot/lib/python3.10/site-packages:${PYTHONPATH} /usr/bin/python3 -W ignore:setup.py install is deprecated setup.py egg_info --egg-base ../../build/robot build --build-base /home/divspanpi2/robo_ws/build/robot/build install --record /home/divspanpi2/robo_ws/build/robot/install.log --single-version-externally-managed install_data
