[3.482s] Invoking command in '/home/divspanpi2/robo_ws/src/robot': PYTHONPATH=/home/divspanpi2/robo_ws/build/robot/prefix_override:/usr/lib/python3/dist-packages/colcon_core/task/python/colcon_distutils_commands:/home/divspanpi2/robo_ws/install/robot/lib/python3.10/site-packages:${PYTHONPATH} /usr/bin/python3 -W ignore:setup.py install is deprecated -W ignore:easy_install command is deprecated setup.py egg_info --egg-base ../../build/robot build --build-base /home/divspanpi2/robo_ws/build/robot/build install --record /home/divspanpi2/robo_ws/build/robot/install.log --single-version-externally-managed install_data
[4.889s] running egg_info
[4.893s] writing ../../build/robot/robot.egg-info/PKG-INFO
[4.894s] writing dependency_links to ../../build/robot/robot.egg-info/dependency_links.txt
[4.895s] writing entry points to ../../build/robot/robot.egg-info/entry_points.txt
[4.896s] writing requirements to ../../build/robot/robot.egg-info/requires.txt
[4.897s] writing top-level names to ../../build/robot/robot.egg-info/top_level.txt
[4.909s] reading manifest file '../../build/robot/robot.egg-info/SOURCES.txt'
[4.911s] adding license file 'LICENSE'
[4.913s] writing manifest file '../../build/robot/robot.egg-info/SOURCES.txt'
[4.914s] running build
[4.915s] running build_py
[4.916s] copying robot/save_odom.py -> /home/divspanpi2/robo_ws/build/robot/build/lib/robot
[4.924s] running install
[4.925s] running install_lib
[4.925s] copying /home/divspanpi2/robo_ws/build/robot/build/lib/robot/save_odom.py -> /home/divspanpi2/robo_ws/install/robot/lib/python3.10/site-packages/robot
[4.928s] byte-compiling /home/divspanpi2/robo_ws/install/robot/lib/python3.10/site-packages/robot/save_odom.py to save_odom.cpython-310.pyc
[4.931s] byte-compiling /home/divspanpi2/robo_ws/install/robot/lib/python3.10/site-packages/robot/save_imu.py to save_imu.cpython-310.pyc
[4.935s] byte-compiling /home/divspanpi2/robo_ws/install/robot/lib/python3.10/site-packages/robot/node_serial.py to node_serial.cpython-310.pyc
[4.955s] byte-compiling /home/divspanpi2/robo_ws/install/robot/lib/python3.10/site-packages/robot/node_bno.py to node_bno.cpython-310.pyc
[4.956s] running install_data
[4.957s] running install_egg_info
[4.971s] removing '/home/divspanpi2/robo_ws/install/robot/lib/python3.10/site-packages/robot-0.0.0-py3.10.egg-info' (and everything under it)
[4.972s] Copying ../../build/robot/robot.egg-info to /home/divspanpi2/robo_ws/install/robot/lib/python3.10/site-packages/robot-0.0.0-py3.10.egg-info
[4.976s] running install_scripts
[5.125s] Installing node_bno script to /home/divspanpi2/robo_ws/install/robot/lib/robot
[5.126s] Installing node_serial script to /home/divspanpi2/robo_ws/install/robot/lib/robot
[5.134s] Installing save_imu script to /home/divspanpi2/robo_ws/install/robot/lib/robot
[5.137s] Installing save_odom script to /home/divspanpi2/robo_ws/install/robot/lib/robot
[5.139s] writing list of installed files to '/home/divspanpi2/robo_ws/build/robot/install.log'
[5.297s] Invoked command in '/home/divspanpi2/robo_ws/src/robot' returned '0': PYTHONPATH=/home/divspanpi2/robo_ws/build/robot/prefix_override:/usr/lib/python3/dist-packages/colcon_core/task/python/colcon_distutils_commands:/home/divspanpi2/robo_ws/install/robot/lib/python3.10/site-packages:${PYTHONPATH} /usr/bin/python3 -W ignore:setup.py install is deprecated -W ignore:easy_install command is deprecated setup.py egg_info --egg-base ../../build/robot build --build-base /home/divspanpi2/robo_ws/build/robot/build install --record /home/divspanpi2/robo_ws/build/robot/install.log --single-version-externally-managed install_data
