[0.054s] Invoking command in '/home/divspanpi2/robo_ws/build/nexus': CMAKE_PREFIX_PATH=${CMAKE_PREFIX_PATH}:/home/divspanpi2/robo_ws/install/robot:/home/divspanpi2/robo_ws/install/bno055:/opt/ros/humble /usr/bin/cmake --build /home/divspanpi2/robo_ws/build/nexus -- -j4 -l4
[0.248s] [35m[1mConsolidate compiler generated dependencies of target main_node[0m
[0.264s] [35m[1mConsolidate compiler generated dependencies of target icp_node[0m
[0.340s] [ 50%] Built target main_node
[0.432s] [ 75%] [32mBuilding CXX object CMakeFiles/icp_node.dir/src/lidar/icp_node.cpp.o[0m
[75.314s] [100%] [32m[1mLinking CXX executable icp_node[0m
[81.993s] [100%] Built target icp_node
[82.032s] Invoked command in '/home/divspanpi2/robo_ws/build/nexus' returned '0': CMAKE_PREFIX_PATH=${CMAKE_PREFIX_PATH}:/home/divspanpi2/robo_ws/install/robot:/home/divspanpi2/robo_ws/install/bno055:/opt/ros/humble /usr/bin/cmake --build /home/divspanpi2/robo_ws/build/nexus -- -j4 -l4
[82.221s] Invoking command in '/home/divspanpi2/robo_ws/build/nexus': CMAKE_PREFIX_PATH=${CMAKE_PREFIX_PATH}:/home/divspanpi2/robo_ws/install/robot:/home/divspanpi2/robo_ws/install/bno055:/opt/ros/humble /usr/bin/cmake --install /home/divspanpi2/robo_ws/build/nexus
[82.249s] -- Install configuration: ""
[82.250s] -- Up-to-date: /home/divspanpi2/robo_ws/install/nexus/lib/nexus/main_node
[82.253s] -- Installing: /home/divspanpi2/robo_ws/install/nexus/lib/nexus/icp_node
[82.300s] -- Set runtime path of "/home/divspanpi2/robo_ws/install/nexus/lib/nexus/icp_node" to ""
[82.300s] -- Up-to-date: /home/divspanpi2/robo_ws/install/nexus/share/ament_index/resource_index/package_run_dependencies/nexus
[82.301s] -- Up-to-date: /home/divspanpi2/robo_ws/install/nexus/share/ament_index/resource_index/parent_prefix_path/nexus
[82.301s] -- Up-to-date: /home/divspanpi2/robo_ws/install/nexus/share/nexus/environment/ament_prefix_path.sh
[82.301s] -- Up-to-date: /home/divspanpi2/robo_ws/install/nexus/share/nexus/environment/ament_prefix_path.dsv
[82.302s] -- Up-to-date: /home/divspanpi2/robo_ws/install/nexus/share/nexus/environment/path.sh
[82.302s] -- Up-to-date: /home/divspanpi2/robo_ws/install/nexus/share/nexus/environment/path.dsv
[82.303s] -- Up-to-date: /home/divspanpi2/robo_ws/install/nexus/share/nexus/local_setup.bash
[82.303s] -- Up-to-date: /home/divspanpi2/robo_ws/install/nexus/share/nexus/local_setup.sh
[82.304s] -- Up-to-date: /home/divspanpi2/robo_ws/install/nexus/share/nexus/local_setup.zsh
[82.304s] -- Up-to-date: /home/divspanpi2/robo_ws/install/nexus/share/nexus/local_setup.dsv
[82.304s] -- Installing: /home/divspanpi2/robo_ws/install/nexus/share/nexus/package.dsv
[82.305s] -- Up-to-date: /home/divspanpi2/robo_ws/install/nexus/share/ament_index/resource_index/packages/nexus
[82.305s] -- Up-to-date: /home/divspanpi2/robo_ws/install/nexus/share/nexus/cmake/nexusConfig.cmake
[82.306s] -- Up-to-date: /home/divspanpi2/robo_ws/install/nexus/share/nexus/cmake/nexusConfig-version.cmake
[82.306s] -- Up-to-date: /home/divspanpi2/robo_ws/install/nexus/share/nexus/package.xml
[82.311s] Invoked command in '/home/divspanpi2/robo_ws/build/nexus' returned '0': CMAKE_PREFIX_PATH=${CMAKE_PREFIX_PATH}:/home/divspanpi2/robo_ws/install/robot:/home/divspanpi2/robo_ws/install/bno055:/opt/ros/humble /usr/bin/cmake --install /home/divspanpi2/robo_ws/build/nexus
