[0.054s] Invoking command in '/home/divspanpi2/robo_ws/build/nexus': CMAKE_PREFIX_PATH=${CMAKE_PREFIX_PATH}:/home/divspanpi2/robo_ws/install/robot:/home/divspanpi2/robo_ws/install/bno055:/opt/ros/humble /usr/bin/cmake --build /home/divspanpi2/robo_ws/build/nexus -- -j4 -l4
[0.166s] -- Found ament_cmake: 1.3.10 (/opt/ros/humble/share/ament_cmake/cmake)
[0.789s] -- Found rclcpp: 16.0.10 (/opt/ros/humble/share/rclcpp/cmake)
[0.975s] -- Found rosidl_generator_c: 3.1.5 (/opt/ros/humble/share/rosidl_generator_c/cmake)
[0.985s] -- Found rosidl_adapter: 3.1.5 (/opt/ros/humble/share/rosidl_adapter/cmake)
[1.011s] -- Found rosidl_generator_cpp: 3.1.5 (/opt/ros/humble/share/rosidl_generator_cpp/cmake)
[1.051s] -- Using all available rosidl_typesupport_c: rosidl_typesupport_fastrtps_c;rosidl_typesupport_introspection_c
[1.106s] -- Using all available rosidl_typesupport_cpp: rosidl_typesupport_fastrtps_cpp;rosidl_typesupport_introspection_cpp
[1.242s] -- Found rmw_implementation_cmake: 6.1.2 (/opt/ros/humble/share/rmw_implementation_cmake/cmake)
[1.248s] -- Found rmw_fastrtps_cpp: 6.2.7 (/opt/ros/humble/share/rmw_fastrtps_cpp/cmake)
[2.235s] -- Using RMW implementation 'rmw_fastrtps_cpp' as default
[2.431s] -- Found sensor_msgs: 4.2.4 (/opt/ros/humble/share/sensor_msgs/cmake)
[2.868s] -- Configuring done
[2.925s] -- Generating done
[2.933s] -- Build files have been written to: /home/divspanpi2/robo_ws/build/nexus
[3.046s] [35m[1mConsolidate compiler generated dependencies of target main_node[0m
[3.136s] [ 50%] [32mBuilding CXX object CMakeFiles/main_node.dir/src/main.cpp.o[0m
[39.296s] [100%] [32m[1mLinking CXX executable main_node[0m
[41.348s] [100%] Built target main_node
[41.389s] Invoked command in '/home/divspanpi2/robo_ws/build/nexus' returned '0': CMAKE_PREFIX_PATH=${CMAKE_PREFIX_PATH}:/home/divspanpi2/robo_ws/install/robot:/home/divspanpi2/robo_ws/install/bno055:/opt/ros/humble /usr/bin/cmake --build /home/divspanpi2/robo_ws/build/nexus -- -j4 -l4
[41.563s] Invoking command in '/home/divspanpi2/robo_ws/build/nexus': CMAKE_PREFIX_PATH=${CMAKE_PREFIX_PATH}:/home/divspanpi2/robo_ws/install/robot:/home/divspanpi2/robo_ws/install/bno055:/opt/ros/humble /usr/bin/cmake --install /home/divspanpi2/robo_ws/build/nexus
[41.593s] -- Install configuration: ""
[41.594s] -- Installing: /home/divspanpi2/robo_ws/install/nexus/lib/nexus/main_node
[41.624s] -- Set runtime path of "/home/divspanpi2/robo_ws/install/nexus/lib/nexus/main_node" to ""
[41.624s] -- Up-to-date: /home/divspanpi2/robo_ws/install/nexus/share/ament_index/resource_index/package_run_dependencies/nexus
[41.625s] -- Up-to-date: /home/divspanpi2/robo_ws/install/nexus/share/ament_index/resource_index/parent_prefix_path/nexus
[41.625s] -- Up-to-date: /home/divspanpi2/robo_ws/install/nexus/share/nexus/environment/ament_prefix_path.sh
[41.626s] -- Installing: /home/divspanpi2/robo_ws/install/nexus/share/nexus/environment/ament_prefix_path.dsv
[41.627s] -- Up-to-date: /home/divspanpi2/robo_ws/install/nexus/share/nexus/environment/path.sh
[41.627s] -- Installing: /home/divspanpi2/robo_ws/install/nexus/share/nexus/environment/path.dsv
[41.628s] -- Up-to-date: /home/divspanpi2/robo_ws/install/nexus/share/nexus/local_setup.bash
[41.629s] -- Up-to-date: /home/divspanpi2/robo_ws/install/nexus/share/nexus/local_setup.sh
[41.629s] -- Up-to-date: /home/divspanpi2/robo_ws/install/nexus/share/nexus/local_setup.zsh
[41.630s] -- Installing: /home/divspanpi2/robo_ws/install/nexus/share/nexus/local_setup.dsv
[41.631s] -- Installing: /home/divspanpi2/robo_ws/install/nexus/share/nexus/package.dsv
[41.632s] -- Up-to-date: /home/divspanpi2/robo_ws/install/nexus/share/ament_index/resource_index/packages/nexus
[41.632s] -- Up-to-date: /home/divspanpi2/robo_ws/install/nexus/share/nexus/cmake/nexusConfig.cmake
[41.633s] -- Up-to-date: /home/divspanpi2/robo_ws/install/nexus/share/nexus/cmake/nexusConfig-version.cmake
[41.633s] -- Up-to-date: /home/divspanpi2/robo_ws/install/nexus/share/nexus/package.xml
[41.640s] Invoked command in '/home/divspanpi2/robo_ws/build/nexus' returned '0': CMAKE_PREFIX_PATH=${CMAKE_PREFIX_PATH}:/home/divspanpi2/robo_ws/install/robot:/home/divspanpi2/robo_ws/install/bno055:/opt/ros/humble /usr/bin/cmake --install /home/divspanpi2/robo_ws/build/nexus
