[0.077s] Invoking command in '/home/divspanpi2/robo_ws/build/nexus': CMAKE_PREFIX_PATH=${CMAKE_PREFIX_PATH}:/home/divspanpi2/robo_ws/install/robot:/home/divspanpi2/robo_ws/install/bno055:/opt/ros/humble /usr/bin/cmake --build /home/divspanpi2/robo_ws/build/nexus -- -j4 -l4
[0.486s] -- Found ament_cmake: 1.3.10 (/opt/ros/humble/share/ament_cmake/cmake)
[1.173s] -- Found rclcpp: 16.0.10 (/opt/ros/humble/share/rclcpp/cmake)
[1.419s] -- Found rosidl_generator_c: 3.1.5 (/opt/ros/humble/share/rosidl_generator_c/cmake)
[1.435s] -- Found rosidl_adapter: 3.1.5 (/opt/ros/humble/share/rosidl_adapter/cmake)
[1.472s] -- Found rosidl_generator_cpp: 3.1.5 (/opt/ros/humble/share/rosidl_generator_cpp/cmake)
[1.532s] -- Using all available rosidl_typesupport_c: rosidl_typesupport_fastrtps_c;rosidl_typesupport_introspection_c
[1.605s] -- Using all available rosidl_typesupport_cpp: rosidl_typesupport_fastrtps_cpp;rosidl_typesupport_introspection_cpp
[1.805s] -- Found rmw_implementation_cmake: 6.1.2 (/opt/ros/humble/share/rmw_implementation_cmake/cmake)
[1.817s] -- Found rmw_fastrtps_cpp: 6.2.7 (/opt/ros/humble/share/rmw_fastrtps_cpp/cmake)
[2.884s] -- Using RMW implementation 'rmw_fastrtps_cpp' as default
[3.167s] -- Found sensor_msgs: 4.2.4 (/opt/ros/humble/share/sensor_msgs/cmake)
[3.354s] -- Found laser_geometry: 2.4.0 (/opt/ros/humble/share/laser_geometry/cmake)
[3.746s] -- Found pcl_conversions: 2.4.5 (/opt/ros/humble/share/pcl_conversions/cmake)
[4.019s] -- Checking for module 'eigen3'
[4.090s] --   Found eigen3, version 3.4.0
[4.253s] -- Found Eigen: /usr/include/eigen3 (Required is at least version "3.1") 
[4.254s] -- Eigen found (include: /usr/include/eigen3, version: 3.4.0)
[4.796s] -- Checking for module 'flann'
[4.862s] --   Found flann, version 1.9.1
[5.064s] -- Found FLANN: /usr/lib/aarch64-linux-gnu/libflann_cpp.so  
[5.065s] -- FLANN found (include: /usr/include, lib: /usr/lib/aarch64-linux-gnu/libflann_cpp.so)
[10.669s] -- Checking for module 'libusb-1.0'
[10.738s] --   Found libusb-1.0, version 1.0.25
[10.902s] -- Found libusb: /usr/lib/aarch64-linux-gnu/libusb-1.0.so  
[10.908s] -- OpenNI found (version: 1.5.4.0, include: /usr/include/ni, lib: /usr/lib/libOpenNI.so;libusb::libusb)
[11.166s] -- OpenNI2 found (version: 2.2.0.33, include: /usr/include/openni2, lib: /usr/lib/aarch64-linux-gnu/libOpenNI2.so;libusb::libusb)
[11.783s] -- Eigen found (include: /usr/include/eigen3, version: 3.4.0)
[11.809s] -- OpenNI found (version: 1.5.4.0, include: /usr/include/ni, lib: /usr/lib/libOpenNI.so;libusb::libusb)
[11.835s] -- OpenNI2 found (version: 2.2.0.33, include: /usr/include/openni2, lib: /usr/lib/aarch64-linux-gnu/libOpenNI2.so;libusb::libusb)
[12.459s] -- Found Qhull version 8.0.2
[13.072s] -- OpenNI found (version: 1.5.4.0, include: /usr/include/ni, lib: /usr/lib/libOpenNI.so;libusb::libusb)
[13.664s] -- Found PCL_COMMON: /usr/lib/aarch64-linux-gnu/libpcl_common.so  
[13.667s] -- Found PCL_KDTREE: /usr/lib/aarch64-linux-gnu/libpcl_kdtree.so  
[13.671s] -- Found PCL_OCTREE: /usr/lib/aarch64-linux-gnu/libpcl_octree.so  
[13.675s] -- Found PCL_SEARCH: /usr/lib/aarch64-linux-gnu/libpcl_search.so  
[13.679s] -- Found PCL_SAMPLE_CONSENSUS: /usr/lib/aarch64-linux-gnu/libpcl_sample_consensus.so  
[13.683s] -- Found PCL_FILTERS: /usr/lib/aarch64-linux-gnu/libpcl_filters.so  
[13.684s] -- Found PCL_2D: /usr/include/pcl-1.12  
[13.686s] -- Found PCL_GEOMETRY: /usr/include/pcl-1.12  
[13.690s] -- Found PCL_IO: /usr/lib/aarch64-linux-gnu/libpcl_io.so  
[13.695s] -- Found PCL_FEATURES: /usr/lib/aarch64-linux-gnu/libpcl_features.so  
[13.699s] -- Found PCL_ML: /usr/lib/aarch64-linux-gnu/libpcl_ml.so  
[13.703s] -- Found PCL_SEGMENTATION: /usr/lib/aarch64-linux-gnu/libpcl_segmentation.so  
[13.707s] -- Found PCL_VISUALIZATION: /usr/lib/aarch64-linux-gnu/libpcl_visualization.so  
[13.711s] -- Found PCL_SURFACE: /usr/lib/aarch64-linux-gnu/libpcl_surface.so  
[13.715s] -- Found PCL_REGISTRATION: /usr/lib/aarch64-linux-gnu/libpcl_registration.so  
[13.719s] -- Found PCL_KEYPOINTS: /usr/lib/aarch64-linux-gnu/libpcl_keypoints.so  
[13.723s] -- Found PCL_TRACKING: /usr/lib/aarch64-linux-gnu/libpcl_tracking.so  
[13.727s] -- Found PCL_RECOGNITION: /usr/lib/aarch64-linux-gnu/libpcl_recognition.so  
[13.732s] -- Found PCL_STEREO: /usr/lib/aarch64-linux-gnu/libpcl_stereo.so  
[13.736s] -- Found PCL_APPS: /usr/lib/aarch64-linux-gnu/libpcl_apps.so  
[13.739s] -- Found PCL_IN_HAND_SCANNER: /usr/include/pcl-1.12  
[13.740s] -- Found PCL_MODELER: /usr/include/pcl-1.12  
[13.746s] -- Found PCL_POINT_CLOUD_EDITOR: /usr/include/pcl-1.12  
[13.750s] -- Found PCL_OUTOFCORE: /usr/lib/aarch64-linux-gnu/libpcl_outofcore.so  
[13.754s] -- Found PCL_PEOPLE: /usr/lib/aarch64-linux-gnu/libpcl_people.so  
[13.761s] [33mCMake Warning (dev) at CMakeLists.txt:19 (find_package):
[13.762s]   Policy CMP0074 is not set: find_package uses <PackageName>_ROOT variables.
[13.762s]   Run "cmake --help-policy CMP0074" for policy details.  Use the cmake_policy
[13.762s]   command to set the policy and suppress this warning.
[13.763s] 
[13.763s]   CMake variable PCL_ROOT is set to:
[13.764s] 
[13.764s]     /usr
[13.764s] 
[13.765s]   For compatibility, CMake is ignoring the variable.
[13.765s] This warning is for project developers.  Use -Wno-dev to suppress it.
[13.765s] [0m
[14.150s] -- Configuring done
[14.531s] -- Generating done
[14.547s] -- Build files have been written to: /home/divspanpi2/robo_ws/build/nexus
[14.705s] [35m[1mConsolidate compiler generated dependencies of target main_node[0m
[14.711s] gmake[2]: Warning: File '/home/divspanpi2/robo_ws/src/nexus/src/lidar/icp_node.cpp' has modification time 25159 s in the future
[14.744s] [ 25%] [32mBuilding CXX object CMakeFiles/icp_node.dir/src/lidar/icp_node.cpp.o[0m
[15.000s] [ 75%] Built target main_node
[17.891s] [01m[K/home/divspanpi2/robo_ws/src/nexus/src/lidar/icp_node.cpp:4:10:[m[K [01;31m[Kfatal error: [m[Klaser_geometry/laser_geometry.hpp: No such file or directory
[17.892s]     4 | #include [01;31m[K<laser_geometry/laser_geometry.hpp>[m[K
[17.892s]       |          [01;31m[K^~~~~~~~~~~~~~~~~~~~~~~~~~~~~~~~~~~[m[K
[17.892s] compilation terminated.
[17.903s] gmake[2]: *** [CMakeFiles/icp_node.dir/build.make:76: CMakeFiles/icp_node.dir/src/lidar/icp_node.cpp.o] Error 1
[17.904s] gmake[1]: *** [CMakeFiles/Makefile2:165: CMakeFiles/icp_node.dir/all] Error 2
[17.905s] gmake: *** [Makefile:146: all] Error 2
[17.912s] Invoked command in '/home/divspanpi2/robo_ws/build/nexus' returned '2': CMAKE_PREFIX_PATH=${CMAKE_PREFIX_PATH}:/home/divspanpi2/robo_ws/install/robot:/home/divspanpi2/robo_ws/install/bno055:/opt/ros/humble /usr/bin/cmake --build /home/divspanpi2/robo_ws/build/nexus -- -j4 -l4
