[1.313s] Invoking command in '/home/divspanpi2/robo_ws/build/nexus': CMAKE_PREFIX_PATH=${CMAKE_PREFIX_PATH}:/home/divspanpi2/robo_ws/install/robot:/home/divspanpi2/robo_ws/install/bno055:/opt/ros/humble /usr/bin/cmake --build /home/divspanpi2/robo_ws/build/nexus -- -j4 -l4
[2.077s] [35m[1mConsolidate compiler generated dependencies of target main_node[0m
[2.099s] [35m[1mConsolidate compiler generated dependencies of target icp_node[0m
[2.329s] [ 25%] [32mBuilding CXX object CMakeFiles/main_node.dir/src/main.cpp.o[0m
[2.833s] [ 50%] [32mBuilding CXX object CMakeFiles/icp_node.dir/src/lidar/icp_node.cpp.o[0m
[69.487s] [ 75%] [32m[1mLinking CXX executable main_node[0m
[73.299s] [ 75%] Built target main_node
[89.571s] [100%] [32m[1mLinking CXX executable icp_node[0m
[96.941s] [100%] Built target icp_node
[96.984s] Invoked command in '/home/divspanpi2/robo_ws/build/nexus' returned '0': CMAKE_PREFIX_PATH=${CMAKE_PREFIX_PATH}:/home/divspanpi2/robo_ws/install/robot:/home/divspanpi2/robo_ws/install/bno055:/opt/ros/humble /usr/bin/cmake --build /home/divspanpi2/robo_ws/build/nexus -- -j4 -l4
[97.141s] Invoking command in '/home/divspanpi2/robo_ws/build/nexus': CMAKE_PREFIX_PATH=${CMAKE_PREFIX_PATH}:/home/divspanpi2/robo_ws/install/robot:/home/divspanpi2/robo_ws/install/bno055:/opt/ros/humble /usr/bin/cmake --install /home/divspanpi2/robo_ws/build/nexus
[97.171s] -- Install configuration: ""
[97.176s] -- Installing: /home/divspanpi2/robo_ws/install/nexus/lib/nexus/main_node
[97.230s] -- Set runtime path of "/home/divspanpi2/robo_ws/install/nexus/lib/nexus/main_node" to ""
[97.235s] -- Installing: /home/divspanpi2/robo_ws/install/nexus/lib/nexus/icp_node
[97.279s] -- Set runtime path of "/home/divspanpi2/robo_ws/install/nexus/lib/nexus/icp_node" to ""
[97.279s] -- Up-to-date: /home/divspanpi2/robo_ws/install/nexus/share/ament_index/resource_index/package_run_dependencies/nexus
[97.282s] -- Up-to-date: /home/divspanpi2/robo_ws/install/nexus/share/ament_index/resource_index/parent_prefix_path/nexus
[97.283s] -- Up-to-date: /home/divspanpi2/robo_ws/install/nexus/share/nexus/environment/ament_prefix_path.sh
[97.283s] -- Up-to-date: /home/divspanpi2/robo_ws/install/nexus/share/nexus/environment/ament_prefix_path.dsv
[97.284s] -- Up-to-date: /home/divspanpi2/robo_ws/install/nexus/share/nexus/environment/path.sh
[97.285s] -- Up-to-date: /home/divspanpi2/robo_ws/install/nexus/share/nexus/environment/path.dsv
[97.286s] -- Up-to-date: /home/divspanpi2/robo_ws/install/nexus/share/nexus/local_setup.bash
[97.286s] -- Up-to-date: /home/divspanpi2/robo_ws/install/nexus/share/nexus/local_setup.sh
[97.287s] -- Up-to-date: /home/divspanpi2/robo_ws/install/nexus/share/nexus/local_setup.zsh
[97.287s] -- Up-to-date: /home/divspanpi2/robo_ws/install/nexus/share/nexus/local_setup.dsv
[97.288s] -- Installing: /home/divspanpi2/robo_ws/install/nexus/share/nexus/package.dsv
[97.289s] -- Up-to-date: /home/divspanpi2/robo_ws/install/nexus/share/ament_index/resource_index/packages/nexus
[97.291s] -- Up-to-date: /home/divspanpi2/robo_ws/install/nexus/share/nexus/cmake/nexusConfig.cmake
[97.291s] -- Up-to-date: /home/divspanpi2/robo_ws/install/nexus/share/nexus/cmake/nexusConfig-version.cmake
[97.291s] -- Up-to-date: /home/divspanpi2/robo_ws/install/nexus/share/nexus/package.xml
[97.299s] Invoked command in '/home/divspanpi2/robo_ws/build/nexus' returned '0': CMAKE_PREFIX_PATH=${CMAKE_PREFIX_PATH}:/home/divspanpi2/robo_ws/install/robot:/home/divspanpi2/robo_ws/install/bno055:/opt/ros/humble /usr/bin/cmake --install /home/divspanpi2/robo_ws/build/nexus
