[0.049s] Invoking command in '/home/divspanpi2/robo_ws/build/rplidar_ros': CMAKE_PREFIX_PATH=${CMAKE_PREFIX_PATH}:/home/divspanpi2/robo_ws/install/robot:/home/divspanpi2/robo_ws/install/bno055:/opt/ros/humble /usr/bin/cmake --build /home/divspanpi2/robo_ws/build/rplidar_ros -- -j4 -l4
[0.453s] [  5%] Built target rplidar_client
[0.536s] [ 52%] Built target rplidar_composition
[0.572s] [100%] Built target rplidar_node
[0.628s] Invoked command in '/home/divspanpi2/robo_ws/build/rplidar_ros' returned '0': CMAKE_PREFIX_PATH=${CMAKE_PREFIX_PATH}:/home/divspanpi2/robo_ws/install/robot:/home/divspanpi2/robo_ws/install/bno055:/opt/ros/humble /usr/bin/cmake --build /home/divspanpi2/robo_ws/build/rplidar_ros -- -j4 -l4
[1.072s] Invoking command in '/home/divspanpi2/robo_ws/build/rplidar_ros': CMAKE_PREFIX_PATH=${CMAKE_PREFIX_PATH}:/home/divspanpi2/robo_ws/install/robot:/home/divspanpi2/robo_ws/install/bno055:/opt/ros/humble /usr/bin/cmake --install /home/divspanpi2/robo_ws/build/rplidar_ros
[1.109s] -- Install configuration: ""
[1.124s] -- Execute custom install script
[1.138s] -- Up-to-date symlink: /home/divspanpi2/robo_ws/install/rplidar_ros/share/rplidar_ros/launch/rplidar_a1_launch.py
[1.142s] -- Up-to-date symlink: /home/divspanpi2/robo_ws/install/rplidar_ros/share/rplidar_ros/launch/rplidar_a2m12_launch.py
[1.144s] -- Up-to-date symlink: /home/divspanpi2/robo_ws/install/rplidar_ros/share/rplidar_ros/launch/rplidar_a2m7_launch.py
[1.147s] -- Up-to-date symlink: /home/divspanpi2/robo_ws/install/rplidar_ros/share/rplidar_ros/launch/rplidar_a2m8_launch.py
[1.149s] -- Up-to-date symlink: /home/divspanpi2/robo_ws/install/rplidar_ros/share/rplidar_ros/launch/rplidar_a3_launch.py
[1.151s] -- Up-to-date symlink: /home/divspanpi2/robo_ws/install/rplidar_ros/share/rplidar_ros/launch/rplidar_c1_launch.py
[1.152s] -- Up-to-date symlink: /home/divspanpi2/robo_ws/install/rplidar_ros/share/rplidar_ros/launch/rplidar_s1_launch.py
[1.156s] -- Up-to-date symlink: /home/divspanpi2/robo_ws/install/rplidar_ros/share/rplidar_ros/launch/rplidar_s1_tcp_launch.py
[1.161s] -- Up-to-date symlink: /home/divspanpi2/robo_ws/install/rplidar_ros/share/rplidar_ros/launch/rplidar_s2_launch.py
[1.164s] -- Up-to-date symlink: /home/divspanpi2/robo_ws/install/rplidar_ros/share/rplidar_ros/launch/rplidar_s2e_launch.py
[1.167s] -- Up-to-date symlink: /home/divspanpi2/robo_ws/install/rplidar_ros/share/rplidar_ros/launch/rplidar_s3_launch.py
[1.173s] -- Up-to-date symlink: /home/divspanpi2/robo_ws/install/rplidar_ros/share/rplidar_ros/launch/rplidar_t1_launch.py
[1.178s] -- Up-to-date symlink: /home/divspanpi2/robo_ws/install/rplidar_ros/share/rplidar_ros/launch/view_rplidar_a1_launch.py
[1.180s] -- Up-to-date symlink: /home/divspanpi2/robo_ws/install/rplidar_ros/share/rplidar_ros/launch/view_rplidar_a2m12_launch.py
[1.183s] -- Up-to-date symlink: /home/divspanpi2/robo_ws/install/rplidar_ros/share/rplidar_ros/launch/view_rplidar_a2m7_launch.py
[1.188s] -- Up-to-date symlink: /home/divspanpi2/robo_ws/install/rplidar_ros/share/rplidar_ros/launch/view_rplidar_a2m8_launch.py
[1.190s] -- Up-to-date symlink: /home/divspanpi2/robo_ws/install/rplidar_ros/share/rplidar_ros/launch/view_rplidar_a3_launch.py
[1.193s] -- Up-to-date symlink: /home/divspanpi2/robo_ws/install/rplidar_ros/share/rplidar_ros/launch/view_rplidar_c1_launch.py
[1.197s] -- Up-to-date symlink: /home/divspanpi2/robo_ws/install/rplidar_ros/share/rplidar_ros/launch/view_rplidar_s1_launch.py
[1.201s] -- Up-to-date symlink: /home/divspanpi2/robo_ws/install/rplidar_ros/share/rplidar_ros/launch/view_rplidar_s1_tcp_launch.py
[1.203s] -- Up-to-date symlink: /home/divspanpi2/robo_ws/install/rplidar_ros/share/rplidar_ros/launch/view_rplidar_s2_launch.py
[1.207s] -- Up-to-date symlink: /home/divspanpi2/robo_ws/install/rplidar_ros/share/rplidar_ros/launch/view_rplidar_s2e_launch.py
[1.209s] -- Up-to-date symlink: /home/divspanpi2/robo_ws/install/rplidar_ros/share/rplidar_ros/launch/view_rplidar_s3_launch.py
[1.213s] -- Up-to-date symlink: /home/divspanpi2/robo_ws/install/rplidar_ros/share/rplidar_ros/launch/view_rplidar_t1_launch.py
[1.220s] -- Up-to-date symlink: /home/divspanpi2/robo_ws/install/rplidar_ros/share/rplidar_ros/rviz/rplidar_ros.rviz
[1.230s] -- Up-to-date symlink: /home/divspanpi2/robo_ws/install/rplidar_ros/lib/rplidar_ros/rplidar_node
[1.232s] -- Up-to-date symlink: /home/divspanpi2/robo_ws/install/rplidar_ros/lib/rplidar_ros/rplidar_composition
[1.234s] -- Up-to-date symlink: /home/divspanpi2/robo_ws/install/rplidar_ros/lib/rplidar_ros/rplidar_client
[1.235s] -- Up-to-date symlink: /home/divspanpi2/robo_ws/install/rplidar_ros/share/ament_index/resource_index/package_run_dependencies/rplidar_ros
[1.239s] -- Up-to-date symlink: /home/divspanpi2/robo_ws/install/rplidar_ros/share/ament_index/resource_index/parent_prefix_path/rplidar_ros
[1.242s] -- Up-to-date symlink: /home/divspanpi2/robo_ws/install/rplidar_ros/share/rplidar_ros/environment/ament_prefix_path.sh
[1.243s] -- Up-to-date symlink: /home/divspanpi2/robo_ws/install/rplidar_ros/share/rplidar_ros/environment/ament_prefix_path.dsv
[1.246s] -- Up-to-date symlink: /home/divspanpi2/robo_ws/install/rplidar_ros/share/rplidar_ros/environment/path.sh
[1.247s] -- Up-to-date symlink: /home/divspanpi2/robo_ws/install/rplidar_ros/share/rplidar_ros/environment/path.dsv
[1.249s] -- Up-to-date symlink: /home/divspanpi2/robo_ws/install/rplidar_ros/share/rplidar_ros/local_setup.bash
[1.251s] -- Up-to-date symlink: /home/divspanpi2/robo_ws/install/rplidar_ros/share/rplidar_ros/local_setup.sh
[1.253s] -- Up-to-date symlink: /home/divspanpi2/robo_ws/install/rplidar_ros/share/rplidar_ros/local_setup.zsh
[1.255s] -- Up-to-date symlink: /home/divspanpi2/robo_ws/install/rplidar_ros/share/rplidar_ros/local_setup.dsv
[1.256s] -- Symlinking: /home/divspanpi2/robo_ws/install/rplidar_ros/share/rplidar_ros/package.dsv
[1.316s] -- Up-to-date symlink: /home/divspanpi2/robo_ws/install/rplidar_ros/share/ament_index/resource_index/packages/rplidar_ros
[1.321s] -- Up-to-date symlink: /home/divspanpi2/robo_ws/install/rplidar_ros/share/rplidar_ros/cmake/ament_cmake_export_dependencies-extras.cmake
[1.325s] -- Up-to-date symlink: /home/divspanpi2/robo_ws/install/rplidar_ros/share/rplidar_ros/cmake/ament_cmake_export_include_directories-extras.cmake
[1.329s] -- Up-to-date symlink: /home/divspanpi2/robo_ws/install/rplidar_ros/share/rplidar_ros/cmake/rplidar_rosConfig.cmake
[1.342s] -- Up-to-date symlink: /home/divspanpi2/robo_ws/install/rplidar_ros/share/rplidar_ros/cmake/rplidar_rosConfig-version.cmake
[1.349s] -- Up-to-date symlink: /home/divspanpi2/robo_ws/install/rplidar_ros/share/rplidar_ros/package.xml
[1.369s] Invoked command in '/home/divspanpi2/robo_ws/build/rplidar_ros' returned '0': CMAKE_PREFIX_PATH=${CMAKE_PREFIX_PATH}:/home/divspanpi2/robo_ws/install/robot:/home/divspanpi2/robo_ws/install/bno055:/opt/ros/humble /usr/bin/cmake --install /home/divspanpi2/robo_ws/build/rplidar_ros
