[0.450s] DEBUG:colcon:Command line arguments: ['/usr/bin/colcon', 'build', '--packages-select', 'nexus']
[0.450s] DEBUG:colcon:Parsed command line arguments: Namespace(log_base=None, log_level=None, verb_name='build', build_base='build', install_base='install', merge_install=False, symlink_install=False, test_result_base=None, continue_on_error=False, executor='parallel', parallel_workers=4, event_handlers=None, ignore_user_meta=False, metas=['./colcon.meta'], base_paths=['.'], packages_ignore=None, packages_ignore_regex=None, paths=None, packages_up_to=None, packages_up_to_regex=None, packages_above=None, packages_above_and_dependencies=None, packages_above_depth=None, packages_select_by_dep=None, packages_skip_by_dep=None, packages_skip_up_to=None, packages_select_build_failed=False, packages_skip_build_finished=False, packages_select_test_failures=False, packages_skip_test_passed=False, packages_select=['nexus'], packages_skip=None, packages_select_regex=None, packages_skip_regex=None, packages_start=None, packages_end=None, allow_overriding=[], cmake_args=None, cmake_target=None, cmake_target_skip_unavailable=False, cmake_clean_cache=False, cmake_clean_first=False, cmake_force_configure=False, ament_cmake_args=None, catkin_cmake_args=None, catkin_skip_building_tests=False, verb_parser=<colcon_defaults.argument_parser.defaults.DefaultArgumentsDecorator object at 0xffff8a0bd270>, verb_extension=<colcon_core.verb.build.BuildVerb object at 0xffff8a0bce20>, main=<bound method BuildVerb.main of <colcon_core.verb.build.BuildVerb object at 0xffff8a0bce20>>)
[1.251s] Level 1:colcon.colcon_core.package_discovery:discover_packages(colcon_meta) check parameters
[1.251s] Level 1:colcon.colcon_core.package_discovery:discover_packages(recursive) check parameters
[1.251s] Level 1:colcon.colcon_core.package_discovery:discover_packages(ignore) check parameters
[1.251s] Level 1:colcon.colcon_core.package_discovery:discover_packages(path) check parameters
[1.251s] Level 1:colcon.colcon_core.package_discovery:discover_packages(colcon_meta) discover
[1.252s] Level 1:colcon.colcon_core.package_discovery:discover_packages(recursive) discover
[1.252s] INFO:colcon.colcon_core.package_discovery:Crawling recursively for packages in '/home/divspanpi2/robo_ws'
[1.252s] Level 1:colcon.colcon_core.package_identification:_identify(.) by extensions ['ignore', 'ignore_ament_install']
[1.253s] Level 1:colcon.colcon_core.package_identification:_identify(.) by extension 'ignore'
[1.253s] Level 1:colcon.colcon_core.package_identification:_identify(.) by extension 'ignore_ament_install'
[1.253s] Level 1:colcon.colcon_core.package_identification:_identify(.) by extensions ['colcon_pkg']
[1.253s] Level 1:colcon.colcon_core.package_identification:_identify(.) by extension 'colcon_pkg'
[1.253s] Level 1:colcon.colcon_core.package_identification:_identify(.) by extensions ['colcon_meta']
[1.254s] Level 1:colcon.colcon_core.package_identification:_identify(.) by extension 'colcon_meta'
[1.254s] Level 1:colcon.colcon_core.package_identification:_identify(.) by extensions ['ros']
[1.254s] Level 1:colcon.colcon_core.package_identification:_identify(.) by extension 'ros'
[1.300s] Level 1:colcon.colcon_core.package_identification:_identify(.) by extensions ['cmake', 'python']
[1.301s] Level 1:colcon.colcon_core.package_identification:_identify(.) by extension 'cmake'
[1.301s] Level 1:colcon.colcon_core.package_identification:_identify(.) by extension 'python'
[1.301s] Level 1:colcon.colcon_core.package_identification:_identify(.) by extensions ['python_setup_py']
[1.301s] Level 1:colcon.colcon_core.package_identification:_identify(.) by extension 'python_setup_py'
[1.302s] Level 1:colcon.colcon_core.package_identification:_identify(build) by extensions ['ignore', 'ignore_ament_install']
[1.302s] Level 1:colcon.colcon_core.package_identification:_identify(build) by extension 'ignore'
[1.302s] Level 1:colcon.colcon_core.package_identification:_identify(build) ignored
[1.303s] Level 1:colcon.colcon_core.package_identification:_identify(install) by extensions ['ignore', 'ignore_ament_install']
[1.303s] Level 1:colcon.colcon_core.package_identification:_identify(install) by extension 'ignore'
[1.303s] Level 1:colcon.colcon_core.package_identification:_identify(install) ignored
[1.305s] Level 1:colcon.colcon_core.package_identification:_identify(log) by extensions ['ignore', 'ignore_ament_install']
[1.305s] Level 1:colcon.colcon_core.package_identification:_identify(log) by extension 'ignore'
[1.306s] Level 1:colcon.colcon_core.package_identification:_identify(log) ignored
[1.306s] Level 1:colcon.colcon_core.package_identification:_identify(src) by extensions ['ignore', 'ignore_ament_install']
[1.306s] Level 1:colcon.colcon_core.package_identification:_identify(src) by extension 'ignore'
[1.306s] Level 1:colcon.colcon_core.package_identification:_identify(src) by extension 'ignore_ament_install'
[1.307s] Level 1:colcon.colcon_core.package_identification:_identify(src) by extensions ['colcon_pkg']
[1.307s] Level 1:colcon.colcon_core.package_identification:_identify(src) by extension 'colcon_pkg'
[1.307s] Level 1:colcon.colcon_core.package_identification:_identify(src) by extensions ['colcon_meta']
[1.307s] Level 1:colcon.colcon_core.package_identification:_identify(src) by extension 'colcon_meta'
[1.307s] Level 1:colcon.colcon_core.package_identification:_identify(src) by extensions ['ros']
[1.307s] Level 1:colcon.colcon_core.package_identification:_identify(src) by extension 'ros'
[1.308s] Level 1:colcon.colcon_core.package_identification:_identify(src) by extensions ['cmake', 'python']
[1.308s] Level 1:colcon.colcon_core.package_identification:_identify(src) by extension 'cmake'
[1.308s] Level 1:colcon.colcon_core.package_identification:_identify(src) by extension 'python'
[1.308s] Level 1:colcon.colcon_core.package_identification:_identify(src) by extensions ['python_setup_py']
[1.308s] Level 1:colcon.colcon_core.package_identification:_identify(src) by extension 'python_setup_py'
[1.309s] Level 1:colcon.colcon_core.package_identification:_identify(src/bno055) by extensions ['ignore', 'ignore_ament_install']
[1.309s] Level 1:colcon.colcon_core.package_identification:_identify(src/bno055) by extension 'ignore'
[1.309s] Level 1:colcon.colcon_core.package_identification:_identify(src/bno055) by extension 'ignore_ament_install'
[1.310s] Level 1:colcon.colcon_core.package_identification:_identify(src/bno055) by extensions ['colcon_pkg']
[1.310s] Level 1:colcon.colcon_core.package_identification:_identify(src/bno055) by extension 'colcon_pkg'
[1.310s] Level 1:colcon.colcon_core.package_identification:_identify(src/bno055) by extensions ['colcon_meta']
[1.310s] Level 1:colcon.colcon_core.package_identification:_identify(src/bno055) by extension 'colcon_meta'
[1.310s] Level 1:colcon.colcon_core.package_identification:_identify(src/bno055) by extensions ['ros']
[1.310s] Level 1:colcon.colcon_core.package_identification:_identify(src/bno055) by extension 'ros'
[1.319s] DEBUG:colcon.colcon_core.package_identification:Package 'src/bno055' with type 'ros.ament_python' and name 'bno055'
[1.320s] Level 1:colcon.colcon_core.package_identification:_identify(src/joy) by extensions ['ignore', 'ignore_ament_install']
[1.320s] Level 1:colcon.colcon_core.package_identification:_identify(src/joy) by extension 'ignore'
[1.320s] Level 1:colcon.colcon_core.package_identification:_identify(src/joy) by extension 'ignore_ament_install'
[1.321s] Level 1:colcon.colcon_core.package_identification:_identify(src/joy) by extensions ['colcon_pkg']
[1.321s] Level 1:colcon.colcon_core.package_identification:_identify(src/joy) by extension 'colcon_pkg'
[1.321s] Level 1:colcon.colcon_core.package_identification:_identify(src/joy) by extensions ['colcon_meta']
[1.321s] Level 1:colcon.colcon_core.package_identification:_identify(src/joy) by extension 'colcon_meta'
[1.321s] Level 1:colcon.colcon_core.package_identification:_identify(src/joy) by extensions ['ros']
[1.321s] Level 1:colcon.colcon_core.package_identification:_identify(src/joy) by extension 'ros'
[1.325s] DEBUG:colcon.colcon_core.package_identification:Package 'src/joy' with type 'ros.ament_cmake' and name 'joy'
[1.326s] Level 1:colcon.colcon_core.package_identification:_identify(src/nexus) by extensions ['ignore', 'ignore_ament_install']
[1.326s] Level 1:colcon.colcon_core.package_identification:_identify(src/nexus) by extension 'ignore'
[1.326s] Level 1:colcon.colcon_core.package_identification:_identify(src/nexus) by extension 'ignore_ament_install'
[1.327s] Level 1:colcon.colcon_core.package_identification:_identify(src/nexus) by extensions ['colcon_pkg']
[1.327s] Level 1:colcon.colcon_core.package_identification:_identify(src/nexus) by extension 'colcon_pkg'
[1.327s] Level 1:colcon.colcon_core.package_identification:_identify(src/nexus) by extensions ['colcon_meta']
[1.327s] Level 1:colcon.colcon_core.package_identification:_identify(src/nexus) by extension 'colcon_meta'
[1.327s] Level 1:colcon.colcon_core.package_identification:_identify(src/nexus) by extensions ['ros']
[1.327s] Level 1:colcon.colcon_core.package_identification:_identify(src/nexus) by extension 'ros'
[1.330s] DEBUG:colcon.colcon_core.package_identification:Package 'src/nexus' with type 'ros.ament_cmake' and name 'nexus'
[1.331s] Level 1:colcon.colcon_core.package_identification:_identify(src/robot) by extensions ['ignore', 'ignore_ament_install']
[1.331s] Level 1:colcon.colcon_core.package_identification:_identify(src/robot) by extension 'ignore'
[1.331s] Level 1:colcon.colcon_core.package_identification:_identify(src/robot) by extension 'ignore_ament_install'
[1.331s] Level 1:colcon.colcon_core.package_identification:_identify(src/robot) by extensions ['colcon_pkg']
[1.331s] Level 1:colcon.colcon_core.package_identification:_identify(src/robot) by extension 'colcon_pkg'
[1.332s] Level 1:colcon.colcon_core.package_identification:_identify(src/robot) by extensions ['colcon_meta']
[1.332s] Level 1:colcon.colcon_core.package_identification:_identify(src/robot) by extension 'colcon_meta'
[1.332s] Level 1:colcon.colcon_core.package_identification:_identify(src/robot) by extensions ['ros']
[1.332s] Level 1:colcon.colcon_core.package_identification:_identify(src/robot) by extension 'ros'
[1.334s] DEBUG:colcon.colcon_core.package_identification:Package 'src/robot' with type 'ros.ament_python' and name 'robot'
[1.335s] Level 1:colcon.colcon_core.package_identification:_identify(src/rplidar_ros) by extensions ['ignore', 'ignore_ament_install']
[1.335s] Level 1:colcon.colcon_core.package_identification:_identify(src/rplidar_ros) by extension 'ignore'
[1.335s] Level 1:colcon.colcon_core.package_identification:_identify(src/rplidar_ros) by extension 'ignore_ament_install'
[1.335s] Level 1:colcon.colcon_core.package_identification:_identify(src/rplidar_ros) by extensions ['colcon_pkg']
[1.336s] Level 1:colcon.colcon_core.package_identification:_identify(src/rplidar_ros) by extension 'colcon_pkg'
[1.336s] Level 1:colcon.colcon_core.package_identification:_identify(src/rplidar_ros) by extensions ['colcon_meta']
[1.336s] Level 1:colcon.colcon_core.package_identification:_identify(src/rplidar_ros) by extension 'colcon_meta'
[1.336s] Level 1:colcon.colcon_core.package_identification:_identify(src/rplidar_ros) by extensions ['ros']
[1.336s] Level 1:colcon.colcon_core.package_identification:_identify(src/rplidar_ros) by extension 'ros'
[1.339s] DEBUG:colcon.colcon_core.package_identification:Package 'src/rplidar_ros' with type 'ros.ament_cmake' and name 'rplidar_ros'
[1.339s] Level 1:colcon.colcon_core.package_discovery:discover_packages(recursive) using defaults
[1.339s] Level 1:colcon.colcon_core.package_discovery:discover_packages(ignore) discover
[1.339s] Level 1:colcon.colcon_core.package_discovery:discover_packages(ignore) using defaults
[1.339s] Level 1:colcon.colcon_core.package_discovery:discover_packages(path) discover
[1.339s] Level 1:colcon.colcon_core.package_discovery:discover_packages(path) using defaults
[1.420s] INFO:colcon.colcon_core.package_selection:Skipping not selected package 'bno055' in 'src/bno055'
[1.420s] INFO:colcon.colcon_core.package_selection:Skipping not selected package 'joy' in 'src/joy'
[1.420s] INFO:colcon.colcon_core.package_selection:Skipping not selected package 'robot' in 'src/robot'
[1.420s] INFO:colcon.colcon_core.package_selection:Skipping not selected package 'rplidar_ros' in 'src/rplidar_ros'
[1.422s] Level 1:colcon.colcon_core.package_discovery:discover_packages(prefix_path) check parameters
[1.422s] Level 1:colcon.colcon_core.package_discovery:discover_packages(prefix_path) discover
[1.468s] DEBUG:colcon.colcon_installed_package_information.package_discovery:Found 5 installed packages in /home/divspanpi2/robo_ws/install
[1.478s] DEBUG:colcon.colcon_installed_package_information.package_discovery:Found 317 installed packages in /opt/ros/humble
[1.485s] Level 1:colcon.colcon_core.package_discovery:discover_packages(prefix_path) using defaults
[1.671s] Level 5:colcon.colcon_core.verb:set package 'nexus' build argument 'cmake_args' from command line to 'None'
[1.671s] Level 5:colcon.colcon_core.verb:set package 'nexus' build argument 'cmake_target' from command line to 'None'
[1.671s] Level 5:colcon.colcon_core.verb:set package 'nexus' build argument 'cmake_target_skip_unavailable' from command line to 'False'
[1.671s] Level 5:colcon.colcon_core.verb:set package 'nexus' build argument 'cmake_clean_cache' from command line to 'False'
[1.671s] Level 5:colcon.colcon_core.verb:set package 'nexus' build argument 'cmake_clean_first' from command line to 'False'
[1.671s] Level 5:colcon.colcon_core.verb:set package 'nexus' build argument 'cmake_force_configure' from command line to 'False'
[1.671s] Level 5:colcon.colcon_core.verb:set package 'nexus' build argument 'ament_cmake_args' from command line to 'None'
[1.672s] Level 5:colcon.colcon_core.verb:set package 'nexus' build argument 'catkin_cmake_args' from command line to 'None'
[1.672s] Level 5:colcon.colcon_core.verb:set package 'nexus' build argument 'catkin_skip_building_tests' from command line to 'False'
[1.672s] DEBUG:colcon.colcon_core.verb:Building package 'nexus' with the following arguments: {'ament_cmake_args': None, 'build_base': '/home/divspanpi2/robo_ws/build/nexus', 'catkin_cmake_args': None, 'catkin_skip_building_tests': False, 'cmake_args': None, 'cmake_clean_cache': False, 'cmake_clean_first': False, 'cmake_force_configure': False, 'cmake_target': None, 'cmake_target_skip_unavailable': False, 'install_base': '/home/divspanpi2/robo_ws/install/nexus', 'merge_install': False, 'path': '/home/divspanpi2/robo_ws/src/nexus', 'symlink_install': False, 'test_result_base': None}
[1.672s] INFO:colcon.colcon_core.executor:Executing jobs using 'parallel' executor
[1.676s] DEBUG:colcon.colcon_parallel_executor.executor.parallel:run_until_complete
[1.677s] INFO:colcon.colcon_ros.task.ament_cmake.build:Building ROS package in '/home/divspanpi2/robo_ws/src/nexus' with build type 'ament_cmake'
[1.677s] INFO:colcon.colcon_cmake.task.cmake.build:Building CMake package in '/home/divspanpi2/robo_ws/src/nexus'
[1.687s] INFO:colcon.colcon_core.plugin_system:Skipping extension 'colcon_core.shell.bat': Not used on non-Windows systems
[1.687s] INFO:colcon.colcon_core.shell:Skip shell extension 'powershell' for command environment: Not usable outside of PowerShell
[1.688s] DEBUG:colcon.colcon_core.shell:Skip shell extension 'dsv' for command environment
[1.733s] DEBUG:colcon.colcon_core.event_handler.log_command:Invoking command in '/home/divspanpi2/robo_ws/build/nexus': CMAKE_PREFIX_PATH=${CMAKE_PREFIX_PATH}:/home/divspanpi2/robo_ws/install/robot:/home/divspanpi2/robo_ws/install/bno055:/opt/ros/humble /usr/bin/cmake --build /home/divspanpi2/robo_ws/build/nexus -- -j4 -l4
[58.246s] DEBUG:colcon.colcon_core.event_handler.log_command:Invoked command in '/home/divspanpi2/robo_ws/build/nexus' returned '0': CMAKE_PREFIX_PATH=${CMAKE_PREFIX_PATH}:/home/divspanpi2/robo_ws/install/robot:/home/divspanpi2/robo_ws/install/bno055:/opt/ros/humble /usr/bin/cmake --build /home/divspanpi2/robo_ws/build/nexus -- -j4 -l4
[58.440s] DEBUG:colcon.colcon_core.event_handler.log_command:Invoking command in '/home/divspanpi2/robo_ws/build/nexus': CMAKE_PREFIX_PATH=${CMAKE_PREFIX_PATH}:/home/divspanpi2/robo_ws/install/robot:/home/divspanpi2/robo_ws/install/bno055:/opt/ros/humble /usr/bin/cmake --install /home/divspanpi2/robo_ws/build/nexus
[58.533s] Level 1:colcon.colcon_core.environment:create_environment_scripts_only(nexus)
[58.535s] DEBUG:colcon.colcon_core.event_handler.log_command:Invoked command in '/home/divspanpi2/robo_ws/build/nexus' returned '0': CMAKE_PREFIX_PATH=${CMAKE_PREFIX_PATH}:/home/divspanpi2/robo_ws/install/robot:/home/divspanpi2/robo_ws/install/bno055:/opt/ros/humble /usr/bin/cmake --install /home/divspanpi2/robo_ws/build/nexus
[58.546s] Level 1:colcon.colcon_core.environment:checking '/home/divspanpi2/robo_ws/install/nexus' for CMake module files
[58.549s] Level 1:colcon.colcon_core.environment:checking '/home/divspanpi2/robo_ws/install/nexus' for CMake config files
[58.552s] Level 1:colcon.colcon_core.shell:create_environment_hook('nexus', 'cmake_prefix_path')
[58.553s] INFO:colcon.colcon_core.shell:Creating environment hook '/home/divspanpi2/robo_ws/install/nexus/share/nexus/hook/cmake_prefix_path.ps1'
[58.555s] INFO:colcon.colcon_core.shell:Creating environment descriptor '/home/divspanpi2/robo_ws/install/nexus/share/nexus/hook/cmake_prefix_path.dsv'
[58.557s] INFO:colcon.colcon_core.shell:Creating environment hook '/home/divspanpi2/robo_ws/install/nexus/share/nexus/hook/cmake_prefix_path.sh'
[58.561s] Level 1:colcon.colcon_core.environment:checking '/home/divspanpi2/robo_ws/install/nexus/lib'
[58.562s] Level 1:colcon.colcon_core.environment:checking '/home/divspanpi2/robo_ws/install/nexus/bin'
[58.562s] Level 1:colcon.colcon_core.environment:checking '/home/divspanpi2/robo_ws/install/nexus/lib/pkgconfig/nexus.pc'
[58.563s] Level 1:colcon.colcon_core.environment:checking '/home/divspanpi2/robo_ws/install/nexus/lib/python3.10/site-packages'
[58.564s] Level 1:colcon.colcon_core.environment:checking '/home/divspanpi2/robo_ws/install/nexus/bin'
[58.565s] INFO:colcon.colcon_core.shell:Creating package script '/home/divspanpi2/robo_ws/install/nexus/share/nexus/package.ps1'
[58.568s] INFO:colcon.colcon_core.shell:Creating package descriptor '/home/divspanpi2/robo_ws/install/nexus/share/nexus/package.dsv'
[58.571s] INFO:colcon.colcon_core.shell:Creating package script '/home/divspanpi2/robo_ws/install/nexus/share/nexus/package.sh'
[58.574s] INFO:colcon.colcon_core.shell:Creating package script '/home/divspanpi2/robo_ws/install/nexus/share/nexus/package.bash'
[58.577s] INFO:colcon.colcon_core.shell:Creating package script '/home/divspanpi2/robo_ws/install/nexus/share/nexus/package.zsh'
[58.580s] Level 1:colcon.colcon_core.environment:create_file_with_runtime_dependencies(/home/divspanpi2/robo_ws/install/nexus/share/colcon-core/packages/nexus)
[58.728s] Level 1:colcon.colcon_core.environment:create_environment_scripts_only(nexus)
[58.729s] Level 1:colcon.colcon_core.environment:checking '/home/divspanpi2/robo_ws/install/nexus' for CMake module files
[58.732s] Level 1:colcon.colcon_core.environment:checking '/home/divspanpi2/robo_ws/install/nexus' for CMake config files
[58.735s] Level 1:colcon.colcon_core.shell:create_environment_hook('nexus', 'cmake_prefix_path')
[58.736s] INFO:colcon.colcon_core.shell:Creating environment hook '/home/divspanpi2/robo_ws/install/nexus/share/nexus/hook/cmake_prefix_path.ps1'
[58.739s] INFO:colcon.colcon_core.shell:Creating environment descriptor '/home/divspanpi2/robo_ws/install/nexus/share/nexus/hook/cmake_prefix_path.dsv'
[58.741s] INFO:colcon.colcon_core.shell:Creating environment hook '/home/divspanpi2/robo_ws/install/nexus/share/nexus/hook/cmake_prefix_path.sh'
[58.744s] Level 1:colcon.colcon_core.environment:checking '/home/divspanpi2/robo_ws/install/nexus/lib'
[58.744s] Level 1:colcon.colcon_core.environment:checking '/home/divspanpi2/robo_ws/install/nexus/bin'
[58.745s] Level 1:colcon.colcon_core.environment:checking '/home/divspanpi2/robo_ws/install/nexus/lib/pkgconfig/nexus.pc'
[58.745s] Level 1:colcon.colcon_core.environment:checking '/home/divspanpi2/robo_ws/install/nexus/lib/python3.10/site-packages'
[58.746s] Level 1:colcon.colcon_core.environment:checking '/home/divspanpi2/robo_ws/install/nexus/bin'
[58.747s] INFO:colcon.colcon_core.shell:Creating package script '/home/divspanpi2/robo_ws/install/nexus/share/nexus/package.ps1'
[58.750s] INFO:colcon.colcon_core.shell:Creating package descriptor '/home/divspanpi2/robo_ws/install/nexus/share/nexus/package.dsv'
[58.752s] INFO:colcon.colcon_core.shell:Creating package script '/home/divspanpi2/robo_ws/install/nexus/share/nexus/package.sh'
[58.755s] INFO:colcon.colcon_core.shell:Creating package script '/home/divspanpi2/robo_ws/install/nexus/share/nexus/package.bash'
[58.757s] INFO:colcon.colcon_core.shell:Creating package script '/home/divspanpi2/robo_ws/install/nexus/share/nexus/package.zsh'
[58.759s] Level 1:colcon.colcon_core.environment:create_file_with_runtime_dependencies(/home/divspanpi2/robo_ws/install/nexus/share/colcon-core/packages/nexus)
[58.760s] DEBUG:colcon.colcon_parallel_executor.executor.parallel:closing loop
[58.761s] DEBUG:colcon.colcon_parallel_executor.executor.parallel:loop closed
[58.762s] DEBUG:colcon.colcon_parallel_executor.executor.parallel:run_until_complete finished with '0'
[58.762s] DEBUG:colcon.colcon_core.event_reactor:joining thread
[58.784s] INFO:colcon.colcon_core.plugin_system:Skipping extension 'colcon_notification.desktop_notification.terminal_notifier': Not used on non-Darwin systems
[58.784s] INFO:colcon.colcon_core.plugin_system:Skipping extension 'colcon_notification.desktop_notification.win32': Not used on non-Windows systems
[58.785s] INFO:colcon.colcon_notification.desktop_notification:Sending desktop notification using 'notify2'
[58.822s] DEBUG:colcon.colcon_core.event_reactor:joined thread
[58.823s] INFO:colcon.colcon_core.shell:Creating prefix script '/home/divspanpi2/robo_ws/install/local_setup.ps1'
[58.827s] INFO:colcon.colcon_core.shell:Creating prefix util module '/home/divspanpi2/robo_ws/install/_local_setup_util_ps1.py'
[58.833s] INFO:colcon.colcon_core.shell:Creating prefix chain script '/home/divspanpi2/robo_ws/install/setup.ps1'
[58.839s] INFO:colcon.colcon_core.shell:Creating prefix script '/home/divspanpi2/robo_ws/install/local_setup.sh'
[58.842s] INFO:colcon.colcon_core.shell:Creating prefix util module '/home/divspanpi2/robo_ws/install/_local_setup_util_sh.py'
[58.845s] INFO:colcon.colcon_core.shell:Creating prefix chain script '/home/divspanpi2/robo_ws/install/setup.sh'
[58.851s] INFO:colcon.colcon_core.shell:Creating prefix script '/home/divspanpi2/robo_ws/install/local_setup.bash'
[58.853s] INFO:colcon.colcon_core.shell:Creating prefix chain script '/home/divspanpi2/robo_ws/install/setup.bash'
[58.859s] INFO:colcon.colcon_core.shell:Creating prefix script '/home/divspanpi2/robo_ws/install/local_setup.zsh'
[58.861s] INFO:colcon.colcon_core.shell:Creating prefix chain script '/home/divspanpi2/robo_ws/install/setup.zsh'
