[0.052s] Invoking command in '/home/divspanpi2/robo_ws/build/rplidar_ros': CMAKE_PREFIX_PATH=${CMAKE_PREFIX_PATH}:/home/divspanpi2/robo_ws/install/robot:/home/divspanpi2/robo_ws/install/bno055:/opt/ros/humble /usr/bin/cmake --build /home/divspanpi2/robo_ws/build/rplidar_ros -- -j4 -l4
[0.396s] [35m[1mConsolidate compiler generated dependencies of target rplidar_composition[0m
[0.418s] [35m[1mConsolidate compiler generated dependencies of target rplidar_node[0m
[0.592s] [  5%] Built target rplidar_client
[0.655s] [ 52%] Built target rplidar_composition
[0.698s] [100%] Built target rplidar_node
[0.752s] Invoked command in '/home/divspanpi2/robo_ws/build/rplidar_ros' returned '0': CMAKE_PREFIX_PATH=${CMAKE_PREFIX_PATH}:/home/divspanpi2/robo_ws/install/robot:/home/divspanpi2/robo_ws/install/bno055:/opt/ros/humble /usr/bin/cmake --build /home/divspanpi2/robo_ws/build/rplidar_ros -- -j4 -l4
[1.224s] Invoking command in '/home/divspanpi2/robo_ws/build/rplidar_ros': CMAKE_PREFIX_PATH=${CMAKE_PREFIX_PATH}:/home/divspanpi2/robo_ws/install/robot:/home/divspanpi2/robo_ws/install/bno055:/opt/ros/humble /usr/bin/cmake --install /home/divspanpi2/robo_ws/build/rplidar_ros
[1.268s] -- Install configuration: ""
[1.273s] -- Execute custom install script
[1.283s] -- Up-to-date symlink: /home/divspanpi2/robo_ws/install/rplidar_ros/share/rplidar_ros/launch/rplidar_a1_launch.py
[1.305s] -- Up-to-date symlink: /home/divspanpi2/robo_ws/install/rplidar_ros/share/rplidar_ros/launch/rplidar_a2m12_launch.py
[1.306s] -- Up-to-date symlink: /home/divspanpi2/robo_ws/install/rplidar_ros/share/rplidar_ros/launch/rplidar_a2m7_launch.py
[1.307s] -- Up-to-date symlink: /home/divspanpi2/robo_ws/install/rplidar_ros/share/rplidar_ros/launch/rplidar_a2m8_launch.py
[1.307s] -- Up-to-date symlink: /home/divspanpi2/robo_ws/install/rplidar_ros/share/rplidar_ros/launch/rplidar_a3_launch.py
[1.308s] -- Up-to-date symlink: /home/divspanpi2/robo_ws/install/rplidar_ros/share/rplidar_ros/launch/rplidar_c1_launch.py
[1.308s] -- Up-to-date symlink: /home/divspanpi2/robo_ws/install/rplidar_ros/share/rplidar_ros/launch/rplidar_s1_launch.py
[1.326s] -- Up-to-date symlink: /home/divspanpi2/robo_ws/install/rplidar_ros/share/rplidar_ros/launch/rplidar_s1_tcp_launch.py
[1.326s] -- Up-to-date symlink: /home/divspanpi2/robo_ws/install/rplidar_ros/share/rplidar_ros/launch/rplidar_s2_launch.py
[1.327s] -- Up-to-date symlink: /home/divspanpi2/robo_ws/install/rplidar_ros/share/rplidar_ros/launch/rplidar_s2e_launch.py
[1.328s] -- Up-to-date symlink: /home/divspanpi2/robo_ws/install/rplidar_ros/share/rplidar_ros/launch/rplidar_s3_launch.py
[1.331s] -- Up-to-date symlink: /home/divspanpi2/robo_ws/install/rplidar_ros/share/rplidar_ros/launch/rplidar_t1_launch.py
[1.334s] -- Up-to-date symlink: /home/divspanpi2/robo_ws/install/rplidar_ros/share/rplidar_ros/launch/view_rplidar_a1_launch.py
[1.334s] -- Up-to-date symlink: /home/divspanpi2/robo_ws/install/rplidar_ros/share/rplidar_ros/launch/view_rplidar_a2m12_launch.py
[1.337s] -- Up-to-date symlink: /home/divspanpi2/robo_ws/install/rplidar_ros/share/rplidar_ros/launch/view_rplidar_a2m7_launch.py
[1.341s] -- Up-to-date symlink: /home/divspanpi2/robo_ws/install/rplidar_ros/share/rplidar_ros/launch/view_rplidar_a2m8_launch.py
[1.345s] -- Up-to-date symlink: /home/divspanpi2/robo_ws/install/rplidar_ros/share/rplidar_ros/launch/view_rplidar_a3_launch.py
[1.349s] -- Up-to-date symlink: /home/divspanpi2/robo_ws/install/rplidar_ros/share/rplidar_ros/launch/view_rplidar_c1_launch.py
[1.353s] -- Up-to-date symlink: /home/divspanpi2/robo_ws/install/rplidar_ros/share/rplidar_ros/launch/view_rplidar_s1_launch.py
[1.355s] -- Up-to-date symlink: /home/divspanpi2/robo_ws/install/rplidar_ros/share/rplidar_ros/launch/view_rplidar_s1_tcp_launch.py
[1.358s] -- Up-to-date symlink: /home/divspanpi2/robo_ws/install/rplidar_ros/share/rplidar_ros/launch/view_rplidar_s2_launch.py
[1.362s] -- Up-to-date symlink: /home/divspanpi2/robo_ws/install/rplidar_ros/share/rplidar_ros/launch/view_rplidar_s2e_launch.py
[1.365s] -- Up-to-date symlink: /home/divspanpi2/robo_ws/install/rplidar_ros/share/rplidar_ros/launch/view_rplidar_s3_launch.py
[1.370s] -- Up-to-date symlink: /home/divspanpi2/robo_ws/install/rplidar_ros/share/rplidar_ros/launch/view_rplidar_t1_launch.py
[1.375s] -- Up-to-date symlink: /home/divspanpi2/robo_ws/install/rplidar_ros/share/rplidar_ros/rviz/rplidar_ros.rviz
[1.380s] -- Up-to-date symlink: /home/divspanpi2/robo_ws/install/rplidar_ros/lib/rplidar_ros/rplidar_node
[1.383s] -- Up-to-date symlink: /home/divspanpi2/robo_ws/install/rplidar_ros/lib/rplidar_ros/rplidar_composition
[1.386s] -- Up-to-date symlink: /home/divspanpi2/robo_ws/install/rplidar_ros/lib/rplidar_ros/rplidar_client
[1.388s] -- Up-to-date symlink: /home/divspanpi2/robo_ws/install/rplidar_ros/share/ament_index/resource_index/package_run_dependencies/rplidar_ros
[1.392s] -- Up-to-date symlink: /home/divspanpi2/robo_ws/install/rplidar_ros/share/ament_index/resource_index/parent_prefix_path/rplidar_ros
[1.396s] -- Up-to-date symlink: /home/divspanpi2/robo_ws/install/rplidar_ros/share/rplidar_ros/environment/ament_prefix_path.sh
[1.399s] -- Up-to-date symlink: /home/divspanpi2/robo_ws/install/rplidar_ros/share/rplidar_ros/environment/ament_prefix_path.dsv
[1.404s] -- Up-to-date symlink: /home/divspanpi2/robo_ws/install/rplidar_ros/share/rplidar_ros/environment/path.sh
[1.406s] -- Up-to-date symlink: /home/divspanpi2/robo_ws/install/rplidar_ros/share/rplidar_ros/environment/path.dsv
[1.409s] -- Up-to-date symlink: /home/divspanpi2/robo_ws/install/rplidar_ros/share/rplidar_ros/local_setup.bash
[1.412s] -- Up-to-date symlink: /home/divspanpi2/robo_ws/install/rplidar_ros/share/rplidar_ros/local_setup.sh
[1.415s] -- Up-to-date symlink: /home/divspanpi2/robo_ws/install/rplidar_ros/share/rplidar_ros/local_setup.zsh
[1.418s] -- Up-to-date symlink: /home/divspanpi2/robo_ws/install/rplidar_ros/share/rplidar_ros/local_setup.dsv
[1.420s] -- Symlinking: /home/divspanpi2/robo_ws/install/rplidar_ros/share/rplidar_ros/package.dsv
[1.509s] -- Up-to-date symlink: /home/divspanpi2/robo_ws/install/rplidar_ros/share/ament_index/resource_index/packages/rplidar_ros
[1.517s] -- Up-to-date symlink: /home/divspanpi2/robo_ws/install/rplidar_ros/share/rplidar_ros/cmake/ament_cmake_export_dependencies-extras.cmake
[1.524s] -- Up-to-date symlink: /home/divspanpi2/robo_ws/install/rplidar_ros/share/rplidar_ros/cmake/ament_cmake_export_include_directories-extras.cmake
[1.534s] -- Up-to-date symlink: /home/divspanpi2/robo_ws/install/rplidar_ros/share/rplidar_ros/cmake/rplidar_rosConfig.cmake
[1.540s] -- Up-to-date symlink: /home/divspanpi2/robo_ws/install/rplidar_ros/share/rplidar_ros/cmake/rplidar_rosConfig-version.cmake
[1.546s] -- Up-to-date symlink: /home/divspanpi2/robo_ws/install/rplidar_ros/share/rplidar_ros/package.xml
[1.566s] Invoked command in '/home/divspanpi2/robo_ws/build/rplidar_ros' returned '0': CMAKE_PREFIX_PATH=${CMAKE_PREFIX_PATH}:/home/divspanpi2/robo_ws/install/robot:/home/divspanpi2/robo_ws/install/bno055:/opt/ros/humble /usr/bin/cmake --install /home/divspanpi2/robo_ws/build/rplidar_ros
