[5.263s] Invoking command in '/home/divspanpi2/robo_ws/src/bno055': PYTHONPATH=/home/divspanpi2/robo_ws/build/bno055/prefix_override:/usr/lib/python3/dist-packages/colcon_core/task/python/colcon_distutils_commands:/home/divspanpi2/robo_ws/install/bno055/lib/python3.10/site-packages:${PYTHONPATH} /usr/bin/python3 -W ignore:setup.py install is deprecated setup.py egg_info --egg-base ../../build/bno055 build --build-base /home/divspanpi2/robo_ws/build/bno055/build install --record /home/divspanpi2/robo_ws/build/bno055/install.log --single-version-externally-managed install_data
[6.901s] running egg_info
[6.905s] creating ../../build/bno055/bno055.egg-info
[6.906s] writing ../../build/bno055/bno055.egg-info/PKG-INFO
[6.908s] writing dependency_links to ../../build/bno055/bno055.egg-info/dependency_links.txt
[6.909s] writing entry points to ../../build/bno055/bno055.egg-info/entry_points.txt
[6.910s] writing requirements to ../../build/bno055/bno055.egg-info/requires.txt
[6.911s] writing top-level names to ../../build/bno055/bno055.egg-info/top_level.txt
[6.912s] writing manifest file '../../build/bno055/bno055.egg-info/SOURCES.txt'
[6.930s] reading manifest file '../../build/bno055/bno055.egg-info/SOURCES.txt'
[6.932s] adding license file 'LICENSE'
[6.932s] adding license file 'AUTHORS'
[6.935s] writing manifest file '../../build/bno055/bno055.egg-info/SOURCES.txt'
[6.937s] running build
[6.938s] running build_py
[6.939s] creating /home/divspanpi2/robo_ws/build/bno055/build
[6.940s] creating /home/divspanpi2/robo_ws/build/bno055/build/lib
[6.941s] creating /home/divspanpi2/robo_ws/build/bno055/build/lib/bno055
[6.941s] copying bno055/__init__.py -> /home/divspanpi2/robo_ws/build/bno055/build/lib/bno055
[6.953s] copying bno055/bno055.py -> /home/divspanpi2/robo_ws/build/bno055/build/lib/bno055
[6.953s] copying bno055/registers.py -> /home/divspanpi2/robo_ws/build/bno055/build/lib/bno055
[6.954s] creating /home/divspanpi2/robo_ws/build/bno055/build/lib/bno055/error_handling
[6.955s] copying bno055/error_handling/exceptions.py -> /home/divspanpi2/robo_ws/build/bno055/build/lib/bno055/error_handling
[6.956s] copying bno055/error_handling/__init__.py -> /home/divspanpi2/robo_ws/build/bno055/build/lib/bno055/error_handling
[6.957s] creating /home/divspanpi2/robo_ws/build/bno055/build/lib/bno055/params
[6.958s] copying bno055/params/NodeParameters.py -> /home/divspanpi2/robo_ws/build/bno055/build/lib/bno055/params
[6.959s] copying bno055/params/__init__.py -> /home/divspanpi2/robo_ws/build/bno055/build/lib/bno055/params
[6.969s] creating /home/divspanpi2/robo_ws/build/bno055/build/lib/bno055/connectors
[6.970s] copying bno055/connectors/Connector.py -> /home/divspanpi2/robo_ws/build/bno055/build/lib/bno055/connectors
[6.971s] copying bno055/connectors/__init__.py -> /home/divspanpi2/robo_ws/build/bno055/build/lib/bno055/connectors
[6.972s] copying bno055/connectors/uart.py -> /home/divspanpi2/robo_ws/build/bno055/build/lib/bno055/connectors
[6.973s] copying bno055/connectors/i2c.py -> /home/divspanpi2/robo_ws/build/bno055/build/lib/bno055/connectors
[6.973s] creating /home/divspanpi2/robo_ws/build/bno055/build/lib/bno055/sensor
[6.974s] copying bno055/sensor/SensorService.py -> /home/divspanpi2/robo_ws/build/bno055/build/lib/bno055/sensor
[6.975s] copying bno055/sensor/__init__.py -> /home/divspanpi2/robo_ws/build/bno055/build/lib/bno055/sensor
[6.976s] running install
[6.984s] running install_lib
[6.985s] creating /home/divspanpi2/robo_ws/install/bno055/lib/python3.10/site-packages/bno055
[6.987s] copying /home/divspanpi2/robo_ws/build/bno055/build/lib/bno055/registers.py -> /home/divspanpi2/robo_ws/install/bno055/lib/python3.10/site-packages/bno055
[6.987s] creating /home/divspanpi2/robo_ws/install/bno055/lib/python3.10/site-packages/bno055/error_handling
[6.988s] copying /home/divspanpi2/robo_ws/build/bno055/build/lib/bno055/error_handling/exceptions.py -> /home/divspanpi2/robo_ws/install/bno055/lib/python3.10/site-packages/bno055/error_handling
[6.989s] copying /home/divspanpi2/robo_ws/build/bno055/build/lib/bno055/error_handling/__init__.py -> /home/divspanpi2/robo_ws/install/bno055/lib/python3.10/site-packages/bno055/error_handling
[6.990s] copying /home/divspanpi2/robo_ws/build/bno055/build/lib/bno055/__init__.py -> /home/divspanpi2/robo_ws/install/bno055/lib/python3.10/site-packages/bno055
[6.991s] creating /home/divspanpi2/robo_ws/install/bno055/lib/python3.10/site-packages/bno055/params
[6.992s] copying /home/divspanpi2/robo_ws/build/bno055/build/lib/bno055/params/NodeParameters.py -> /home/divspanpi2/robo_ws/install/bno055/lib/python3.10/site-packages/bno055/params
[6.993s] copying /home/divspanpi2/robo_ws/build/bno055/build/lib/bno055/params/__init__.py -> /home/divspanpi2/robo_ws/install/bno055/lib/python3.10/site-packages/bno055/params
[7.001s] copying /home/divspanpi2/robo_ws/build/bno055/build/lib/bno055/bno055.py -> /home/divspanpi2/robo_ws/install/bno055/lib/python3.10/site-packages/bno055
[7.002s] creating /home/divspanpi2/robo_ws/install/bno055/lib/python3.10/site-packages/bno055/connectors
[7.003s] copying /home/divspanpi2/robo_ws/build/bno055/build/lib/bno055/connectors/Connector.py -> /home/divspanpi2/robo_ws/install/bno055/lib/python3.10/site-packages/bno055/connectors
[7.004s] copying /home/divspanpi2/robo_ws/build/bno055/build/lib/bno055/connectors/__init__.py -> /home/divspanpi2/robo_ws/install/bno055/lib/python3.10/site-packages/bno055/connectors
[7.004s] copying /home/divspanpi2/robo_ws/build/bno055/build/lib/bno055/connectors/uart.py -> /home/divspanpi2/robo_ws/install/bno055/lib/python3.10/site-packages/bno055/connectors
[7.005s] copying /home/divspanpi2/robo_ws/build/bno055/build/lib/bno055/connectors/i2c.py -> /home/divspanpi2/robo_ws/install/bno055/lib/python3.10/site-packages/bno055/connectors
[7.006s] creating /home/divspanpi2/robo_ws/install/bno055/lib/python3.10/site-packages/bno055/sensor
[7.007s] copying /home/divspanpi2/robo_ws/build/bno055/build/lib/bno055/sensor/SensorService.py -> /home/divspanpi2/robo_ws/install/bno055/lib/python3.10/site-packages/bno055/sensor
[7.008s] copying /home/divspanpi2/robo_ws/build/bno055/build/lib/bno055/sensor/__init__.py -> /home/divspanpi2/robo_ws/install/bno055/lib/python3.10/site-packages/bno055/sensor
[7.009s] byte-compiling /home/divspanpi2/robo_ws/install/bno055/lib/python3.10/site-packages/bno055/registers.py to registers.cpython-310.pyc
[7.021s] byte-compiling /home/divspanpi2/robo_ws/install/bno055/lib/python3.10/site-packages/bno055/error_handling/exceptions.py to exceptions.cpython-310.pyc
[7.022s] byte-compiling /home/divspanpi2/robo_ws/install/bno055/lib/python3.10/site-packages/bno055/error_handling/__init__.py to __init__.cpython-310.pyc
[7.023s] byte-compiling /home/divspanpi2/robo_ws/install/bno055/lib/python3.10/site-packages/bno055/__init__.py to __init__.cpython-310.pyc
[7.023s] byte-compiling /home/divspanpi2/robo_ws/install/bno055/lib/python3.10/site-packages/bno055/params/NodeParameters.py to NodeParameters.cpython-310.pyc
[7.025s] byte-compiling /home/divspanpi2/robo_ws/install/bno055/lib/python3.10/site-packages/bno055/params/__init__.py to __init__.cpython-310.pyc
[7.028s] byte-compiling /home/divspanpi2/robo_ws/install/bno055/lib/python3.10/site-packages/bno055/bno055.py to bno055.cpython-310.pyc
[7.033s] byte-compiling /home/divspanpi2/robo_ws/install/bno055/lib/python3.10/site-packages/bno055/connectors/Connector.py to Connector.cpython-310.pyc
[7.037s] byte-compiling /home/divspanpi2/robo_ws/install/bno055/lib/python3.10/site-packages/bno055/connectors/__init__.py to __init__.cpython-310.pyc
[7.040s] byte-compiling /home/divspanpi2/robo_ws/install/bno055/lib/python3.10/site-packages/bno055/connectors/uart.py to uart.cpython-310.pyc
[7.043s] byte-compiling /home/divspanpi2/robo_ws/install/bno055/lib/python3.10/site-packages/bno055/connectors/i2c.py to i2c.cpython-310.pyc
[7.047s] byte-compiling /home/divspanpi2/robo_ws/install/bno055/lib/python3.10/site-packages/bno055/sensor/SensorService.py to SensorService.cpython-310.pyc
[7.068s] byte-compiling /home/divspanpi2/robo_ws/install/bno055/lib/python3.10/site-packages/bno055/sensor/__init__.py to __init__.cpython-310.pyc
[7.070s] running install_data
[7.072s] creating /home/divspanpi2/robo_ws/install/bno055/share/ament_index
[7.075s] creating /home/divspanpi2/robo_ws/install/bno055/share/ament_index/resource_index
[7.077s] creating /home/divspanpi2/robo_ws/install/bno055/share/ament_index/resource_index/packages
[7.079s] copying resource/bno055 -> /home/divspanpi2/robo_ws/install/bno055/share/ament_index/resource_index/packages
[7.081s] copying package.xml -> /home/divspanpi2/robo_ws/install/bno055/share/bno055
[7.083s] creating /home/divspanpi2/robo_ws/install/bno055/share/bno055/launch
[7.084s] copying launch/bno055.launch.py -> /home/divspanpi2/robo_ws/install/bno055/share/bno055/launch
[7.086s] creating /home/divspanpi2/robo_ws/install/bno055/share/bno055/config
[7.088s] copying bno055/params/bno055_params_test.yaml -> /home/divspanpi2/robo_ws/install/bno055/share/bno055/config
[7.089s] copying bno055/params/bno055_params.yaml -> /home/divspanpi2/robo_ws/install/bno055/share/bno055/config
[7.090s] copying bno055/params/bno055_params_i2c.yaml -> /home/divspanpi2/robo_ws/install/bno055/share/bno055/config
[7.091s] running install_egg_info
[7.104s] Copying ../../build/bno055/bno055.egg-info to /home/divspanpi2/robo_ws/install/bno055/lib/python3.10/site-packages/bno055-0.5.0-py3.10.egg-info
[7.121s] running install_scripts
[7.282s] Installing bno055 script to /home/divspanpi2/robo_ws/install/bno055/lib/bno055
[7.290s] writing list of installed files to '/home/divspanpi2/robo_ws/build/bno055/install.log'
[7.461s] Invoked command in '/home/divspanpi2/robo_ws/src/bno055' returned '0': PYTHONPATH=/home/divspanpi2/robo_ws/build/bno055/prefix_override:/usr/lib/python3/dist-packages/colcon_core/task/python/colcon_distutils_commands:/home/divspanpi2/robo_ws/install/bno055/lib/python3.10/site-packages:${PYTHONPATH} /usr/bin/python3 -W ignore:setup.py install is deprecated setup.py egg_info --egg-base ../../build/bno055 build --build-base /home/divspanpi2/robo_ws/build/bno055/build install --record /home/divspanpi2/robo_ws/build/bno055/install.log --single-version-externally-managed install_data
