[5.675s] Invoking command in '/home/divspanpi2/robo_ws/src/robot': PYTHONPATH=/home/divspanpi2/robo_ws/build/robot/prefix_override:/usr/lib/python3/dist-packages/colcon_core/task/python/colcon_distutils_commands:/home/divspanpi2/robo_ws/install/robot/lib/python3.10/site-packages:${PYTHONPATH} /usr/bin/python3 -W ignore:setup.py install is deprecated setup.py egg_info --egg-base ../../build/robot build --build-base /home/divspanpi2/robo_ws/build/robot/build install --record /home/divspanpi2/robo_ws/build/robot/install.log --single-version-externally-managed install_data
[7.470s] running egg_info
[7.473s] writing ../../build/robot/robot.egg-info/PKG-INFO
[7.475s] writing dependency_links to ../../build/robot/robot.egg-info/dependency_links.txt
[7.476s] writing entry points to ../../build/robot/robot.egg-info/entry_points.txt
[7.478s] writing requirements to ../../build/robot/robot.egg-info/requires.txt
[7.479s] writing top-level names to ../../build/robot/robot.egg-info/top_level.txt
[7.490s] reading manifest file '../../build/robot/robot.egg-info/SOURCES.txt'
[7.491s] adding license file 'LICENSE'
[7.497s] writing manifest file '../../build/robot/robot.egg-info/SOURCES.txt'
[7.498s] running build
[7.499s] running build_py
[7.501s] copying robot/node_serial.py -> /home/divspanpi2/robo_ws/build/robot/build/lib/robot
[7.502s] running install
[7.505s] running install_lib
[7.508s] copying /home/divspanpi2/robo_ws/build/robot/build/lib/robot/node_serial.py -> /home/divspanpi2/robo_ws/install/robot/lib/python3.10/site-packages/robot
[7.513s] byte-compiling /home/divspanpi2/robo_ws/install/robot/lib/python3.10/site-packages/robot/node_serial.py to node_serial.cpython-310.pyc
[7.516s] running install_data
[7.518s] running install_egg_info
[7.529s] removing '/home/divspanpi2/robo_ws/install/robot/lib/python3.10/site-packages/robot-0.0.0-py3.10.egg-info' (and everything under it)
[7.532s] Copying ../../build/robot/robot.egg-info to /home/divspanpi2/robo_ws/install/robot/lib/python3.10/site-packages/robot-0.0.0-py3.10.egg-info
[7.549s] running install_scripts
[7.712s] Installing node_keyboard script to /home/divspanpi2/robo_ws/install/robot/lib/robot
[7.715s] Installing node_serial script to /home/divspanpi2/robo_ws/install/robot/lib/robot
[7.717s] writing list of installed files to '/home/divspanpi2/robo_ws/build/robot/install.log'
[7.887s] Invoked command in '/home/divspanpi2/robo_ws/src/robot' returned '0': PYTHONPATH=/home/divspanpi2/robo_ws/build/robot/prefix_override:/usr/lib/python3/dist-packages/colcon_core/task/python/colcon_distutils_commands:/home/divspanpi2/robo_ws/install/robot/lib/python3.10/site-packages:${PYTHONPATH} /usr/bin/python3 -W ignore:setup.py install is deprecated setup.py egg_info --egg-base ../../build/robot build --build-base /home/divspanpi2/robo_ws/build/robot/build install --record /home/divspanpi2/robo_ws/build/robot/install.log --single-version-externally-managed install_data
