[0.056s] Invoking command in '/home/divspanpi2/robo_ws/build/nexus': CMAKE_PREFIX_PATH=${CMAKE_PREFIX_PATH}:/home/divspanpi2/robo_ws/install/robot:/home/divspanpi2/robo_ws/install/my_robot_controller:/home/divspanpi2/robo_ws/install/bno055:/opt/ros/humble /usr/bin/cmake --build /home/divspanpi2/robo_ws/build/nexus -- -j4 -l4
[0.257s] [35m[1mConsolidate compiler generated dependencies of target main_node[0m
[0.353s] [ 25%] [32mBuilding CXX object CMakeFiles/main_node.dir/src/main.cpp.o[0m
[0.372s] [ 75%] Built target icp_node
[60.104s] [100%] [32m[1mLinking CXX executable main_node[0m
[63.540s] [100%] Built target main_node
[63.582s] Invoked command in '/home/divspanpi2/robo_ws/build/nexus' returned '0': CMAKE_PREFIX_PATH=${CMAKE_PREFIX_PATH}:/home/divspanpi2/robo_ws/install/robot:/home/divspanpi2/robo_ws/install/my_robot_controller:/home/divspanpi2/robo_ws/install/bno055:/opt/ros/humble /usr/bin/cmake --build /home/divspanpi2/robo_ws/build/nexus -- -j4 -l4
[63.627s] Invoking command in '/home/divspanpi2/robo_ws/build/nexus': CMAKE_PREFIX_PATH=${CMAKE_PREFIX_PATH}:/home/divspanpi2/robo_ws/install/robot:/home/divspanpi2/robo_ws/install/my_robot_controller:/home/divspanpi2/robo_ws/install/bno055:/opt/ros/humble /usr/bin/cmake --install /home/divspanpi2/robo_ws/build/nexus
[63.656s] -- Install configuration: ""
[63.658s] -- Execute custom install script
[63.659s] -- Up-to-date symlink: /home/divspanpi2/robo_ws/install/nexus/lib/nexus/main_node
[63.660s] -- Up-to-date symlink: /home/divspanpi2/robo_ws/install/nexus/lib/nexus/icp_node
[63.661s] -- Up-to-date symlink: /home/divspanpi2/robo_ws/install/nexus/share/ament_index/resource_index/package_run_dependencies/nexus
[63.662s] -- Up-to-date symlink: /home/divspanpi2/robo_ws/install/nexus/share/ament_index/resource_index/parent_prefix_path/nexus
[63.663s] -- Up-to-date symlink: /home/divspanpi2/robo_ws/install/nexus/share/nexus/environment/ament_prefix_path.sh
[63.664s] -- Up-to-date symlink: /home/divspanpi2/robo_ws/install/nexus/share/nexus/environment/ament_prefix_path.dsv
[63.665s] -- Up-to-date symlink: /home/divspanpi2/robo_ws/install/nexus/share/nexus/environment/path.sh
[63.666s] -- Up-to-date symlink: /home/divspanpi2/robo_ws/install/nexus/share/nexus/environment/path.dsv
[63.667s] -- Up-to-date symlink: /home/divspanpi2/robo_ws/install/nexus/share/nexus/local_setup.bash
[63.669s] -- Up-to-date symlink: /home/divspanpi2/robo_ws/install/nexus/share/nexus/local_setup.sh
[63.669s] -- Up-to-date symlink: /home/divspanpi2/robo_ws/install/nexus/share/nexus/local_setup.zsh
[63.670s] -- Up-to-date symlink: /home/divspanpi2/robo_ws/install/nexus/share/nexus/local_setup.dsv
[63.671s] -- Symlinking: /home/divspanpi2/robo_ws/install/nexus/share/nexus/package.dsv
[63.706s] -- Up-to-date symlink: /home/divspanpi2/robo_ws/install/nexus/share/ament_index/resource_index/packages/nexus
[63.707s] -- Up-to-date symlink: /home/divspanpi2/robo_ws/install/nexus/share/nexus/cmake/nexusConfig.cmake
[63.707s] -- Up-to-date symlink: /home/divspanpi2/robo_ws/install/nexus/share/nexus/cmake/nexusConfig-version.cmake
[63.708s] -- Up-to-date symlink: /home/divspanpi2/robo_ws/install/nexus/share/nexus/package.xml
[63.715s] Invoked command in '/home/divspanpi2/robo_ws/build/nexus' returned '0': CMAKE_PREFIX_PATH=${CMAKE_PREFIX_PATH}:/home/divspanpi2/robo_ws/install/robot:/home/divspanpi2/robo_ws/install/my_robot_controller:/home/divspanpi2/robo_ws/install/bno055:/opt/ros/humble /usr/bin/cmake --install /home/divspanpi2/robo_ws/build/nexus
