[6.057s] Invoking command in '/home/divspanpi2/robo_ws/src/robot': PYTHONPATH=/home/divspanpi2/robo_ws/build/robot/prefix_override:/usr/lib/python3/dist-packages/colcon_core/task/python/colcon_distutils_commands:/home/divspanpi2/robo_ws/install/robot/lib/python3.10/site-packages:${PYTHONPATH} /usr/bin/python3 -W ignore:setup.py install is deprecated setup.py egg_info --egg-base ../../build/robot build --build-base /home/divspanpi2/robo_ws/build/robot/build install --record /home/divspanpi2/robo_ws/build/robot/install.log --single-version-externally-managed install_data
[8.497s] running egg_info
[8.501s] writing ../../build/robot/robot.egg-info/PKG-INFO
[8.502s] writing dependency_links to ../../build/robot/robot.egg-info/dependency_links.txt
[8.504s] writing entry points to ../../build/robot/robot.egg-info/entry_points.txt
[8.507s] writing requirements to ../../build/robot/robot.egg-info/requires.txt
[8.508s] writing top-level names to ../../build/robot/robot.egg-info/top_level.txt
[8.517s] reading manifest file '../../build/robot/robot.egg-info/SOURCES.txt'
[8.519s] adding license file 'LICENSE'
[8.523s] writing manifest file '../../build/robot/robot.egg-info/SOURCES.txt'
[8.524s] running build
[8.525s] running build_py
[8.526s] running install
[8.528s] running install_lib
[8.536s] byte-compiling /home/divspanpi2/robo_ws/install/robot/lib/python3.10/site-packages/robot/node_serial.py to node_serial.cpython-310.pyc
[8.542s] running install_data
[8.543s] running install_egg_info
[8.553s] removing '/home/divspanpi2/robo_ws/install/robot/lib/python3.10/site-packages/robot-0.0.0-py3.10.egg-info' (and everything under it)
[8.556s] Copying ../../build/robot/robot.egg-info to /home/divspanpi2/robo_ws/install/robot/lib/python3.10/site-packages/robot-0.0.0-py3.10.egg-info
[8.566s] running install_scripts
[8.674s] Installing node_bno script to /home/divspanpi2/robo_ws/install/robot/lib/robot
[8.675s] Installing node_serial script to /home/divspanpi2/robo_ws/install/robot/lib/robot
[8.677s] writing list of installed files to '/home/divspanpi2/robo_ws/build/robot/install.log'
[8.861s] Invoked command in '/home/divspanpi2/robo_ws/src/robot' returned '0': PYTHONPATH=/home/divspanpi2/robo_ws/build/robot/prefix_override:/usr/lib/python3/dist-packages/colcon_core/task/python/colcon_distutils_commands:/home/divspanpi2/robo_ws/install/robot/lib/python3.10/site-packages:${PYTHONPATH} /usr/bin/python3 -W ignore:setup.py install is deprecated setup.py egg_info --egg-base ../../build/robot build --build-base /home/divspanpi2/robo_ws/build/robot/build install --record /home/divspanpi2/robo_ws/build/robot/install.log --single-version-externally-managed install_data
