[0.054s] Invoking command in '/home/divspanpi2/robo_ws/build/nexus': CMAKE_PREFIX_PATH=${CMAKE_PREFIX_PATH}:/home/divspanpi2/robo_ws/install/robot:/home/divspanpi2/robo_ws/install/bno055:/opt/ros/humble /usr/bin/cmake --build /home/divspanpi2/robo_ws/build/nexus -- -j4 -l4
[0.170s] -- Found ament_cmake: 1.3.10 (/opt/ros/humble/share/ament_cmake/cmake)
[0.801s] -- Found rclcpp: 16.0.10 (/opt/ros/humble/share/rclcpp/cmake)
[0.987s] -- Found rosidl_generator_c: 3.1.5 (/opt/ros/humble/share/rosidl_generator_c/cmake)
[0.999s] -- Found rosidl_adapter: 3.1.5 (/opt/ros/humble/share/rosidl_adapter/cmake)
[1.024s] -- Found rosidl_generator_cpp: 3.1.5 (/opt/ros/humble/share/rosidl_generator_cpp/cmake)
[1.067s] -- Using all available rosidl_typesupport_c: rosidl_typesupport_fastrtps_c;rosidl_typesupport_introspection_c
[1.120s] -- Using all available rosidl_typesupport_cpp: rosidl_typesupport_fastrtps_cpp;rosidl_typesupport_introspection_cpp
[1.257s] -- Found rmw_implementation_cmake: 6.1.2 (/opt/ros/humble/share/rmw_implementation_cmake/cmake)
[1.265s] -- Found rmw_fastrtps_cpp: 6.2.7 (/opt/ros/humble/share/rmw_fastrtps_cpp/cmake)
[2.255s] -- Using RMW implementation 'rmw_fastrtps_cpp' as default
[2.454s] -- Found sensor_msgs: 4.2.4 (/opt/ros/humble/share/sensor_msgs/cmake)
[2.895s] -- Configuring done
[2.953s] -- Generating done
[2.962s] -- Build files have been written to: /home/divspanpi2/robo_ws/build/nexus
[3.074s] [35m[1mConsolidate compiler generated dependencies of target main_node[0m
[3.163s] [ 50%] [32mBuilding CXX object CMakeFiles/main_node.dir/src/main.cpp.o[0m
[38.571s] [100%] [32m[1mLinking CXX executable main_node[0m
[40.603s] [100%] Built target main_node
[40.643s] Invoked command in '/home/divspanpi2/robo_ws/build/nexus' returned '0': CMAKE_PREFIX_PATH=${CMAKE_PREFIX_PATH}:/home/divspanpi2/robo_ws/install/robot:/home/divspanpi2/robo_ws/install/bno055:/opt/ros/humble /usr/bin/cmake --build /home/divspanpi2/robo_ws/build/nexus -- -j4 -l4
[40.817s] Invoking command in '/home/divspanpi2/robo_ws/build/nexus': CMAKE_PREFIX_PATH=${CMAKE_PREFIX_PATH}:/home/divspanpi2/robo_ws/install/robot:/home/divspanpi2/robo_ws/install/bno055:/opt/ros/humble /usr/bin/cmake --install /home/divspanpi2/robo_ws/build/nexus
[40.845s] -- Install configuration: ""
[40.847s] -- Installing: /home/divspanpi2/robo_ws/install/nexus/lib/nexus/main_node
[40.876s] -- Set runtime path of "/home/divspanpi2/robo_ws/install/nexus/lib/nexus/main_node" to ""
[40.877s] -- Up-to-date: /home/divspanpi2/robo_ws/install/nexus/share/ament_index/resource_index/package_run_dependencies/nexus
[40.877s] -- Up-to-date: /home/divspanpi2/robo_ws/install/nexus/share/ament_index/resource_index/parent_prefix_path/nexus
[40.878s] -- Up-to-date: /home/divspanpi2/robo_ws/install/nexus/share/nexus/environment/ament_prefix_path.sh
[40.878s] -- Installing: /home/divspanpi2/robo_ws/install/nexus/share/nexus/environment/ament_prefix_path.dsv
[40.880s] -- Up-to-date: /home/divspanpi2/robo_ws/install/nexus/share/nexus/environment/path.sh
[40.880s] -- Installing: /home/divspanpi2/robo_ws/install/nexus/share/nexus/environment/path.dsv
[40.882s] -- Up-to-date: /home/divspanpi2/robo_ws/install/nexus/share/nexus/local_setup.bash
[40.882s] -- Up-to-date: /home/divspanpi2/robo_ws/install/nexus/share/nexus/local_setup.sh
[40.883s] -- Up-to-date: /home/divspanpi2/robo_ws/install/nexus/share/nexus/local_setup.zsh
[40.883s] -- Installing: /home/divspanpi2/robo_ws/install/nexus/share/nexus/local_setup.dsv
[40.883s] -- Installing: /home/divspanpi2/robo_ws/install/nexus/share/nexus/package.dsv
[40.885s] -- Up-to-date: /home/divspanpi2/robo_ws/install/nexus/share/ament_index/resource_index/packages/nexus
[40.885s] -- Up-to-date: /home/divspanpi2/robo_ws/install/nexus/share/nexus/cmake/nexusConfig.cmake
[40.886s] -- Up-to-date: /home/divspanpi2/robo_ws/install/nexus/share/nexus/cmake/nexusConfig-version.cmake
[40.886s] -- Up-to-date: /home/divspanpi2/robo_ws/install/nexus/share/nexus/package.xml
[40.891s] Invoked command in '/home/divspanpi2/robo_ws/build/nexus' returned '0': CMAKE_PREFIX_PATH=${CMAKE_PREFIX_PATH}:/home/divspanpi2/robo_ws/install/robot:/home/divspanpi2/robo_ws/install/bno055:/opt/ros/humble /usr/bin/cmake --install /home/divspanpi2/robo_ws/build/nexus
