[2.981s] Invoking command in '/home/divspanpi2/robo_ws/src/robot': PYTHONPATH=/home/divspanpi2/robo_ws/build/robot/prefix_override:/usr/lib/python3/dist-packages/colcon_core/task/python/colcon_distutils_commands:/home/divspanpi2/robo_ws/install/robot/lib/python3.10/site-packages:${PYTHONPATH} /usr/bin/python3 -W ignore:setup.py install is deprecated setup.py egg_info --egg-base ../../build/robot build --build-base /home/divspanpi2/robo_ws/build/robot/build install --record /home/divspanpi2/robo_ws/build/robot/install.log --single-version-externally-managed install_data
[4.177s] running egg_info
[4.180s] writing ../../build/robot/robot.egg-info/PKG-INFO
[4.181s] writing dependency_links to ../../build/robot/robot.egg-info/dependency_links.txt
[4.182s] writing entry points to ../../build/robot/robot.egg-info/entry_points.txt
[4.183s] writing requirements to ../../build/robot/robot.egg-info/requires.txt
[4.184s] writing top-level names to ../../build/robot/robot.egg-info/top_level.txt
[4.192s] reading manifest file '../../build/robot/robot.egg-info/SOURCES.txt'
[4.194s] adding license file 'LICENSE'
[4.197s] writing manifest file '../../build/robot/robot.egg-info/SOURCES.txt'
[4.198s] running build
[4.198s] running build_py
[4.199s] copying robot/node_serial.py -> /home/divspanpi2/robo_ws/build/robot/build/lib/robot
[4.201s] running install
[4.202s] running install_lib
[4.206s] copying /home/divspanpi2/robo_ws/build/robot/build/lib/robot/node_serial.py -> /home/divspanpi2/robo_ws/install/robot/lib/python3.10/site-packages/robot
[4.209s] byte-compiling /home/divspanpi2/robo_ws/install/robot/lib/python3.10/site-packages/robot/node_serial.py to node_serial.cpython-310.pyc
[4.212s] running install_data
[4.213s] running install_egg_info
[4.222s] removing '/home/divspanpi2/robo_ws/install/robot/lib/python3.10/site-packages/robot-0.0.0-py3.10.egg-info' (and everything under it)
[4.223s] Copying ../../build/robot/robot.egg-info to /home/divspanpi2/robo_ws/install/robot/lib/python3.10/site-packages/robot-0.0.0-py3.10.egg-info
[4.228s] running install_scripts
[4.315s] Installing node_keyboard script to /home/divspanpi2/robo_ws/install/robot/lib/robot
[4.316s] Installing node_serial script to /home/divspanpi2/robo_ws/install/robot/lib/robot
[4.318s] writing list of installed files to '/home/divspanpi2/robo_ws/build/robot/install.log'
[4.449s] Invoked command in '/home/divspanpi2/robo_ws/src/robot' returned '0': PYTHONPATH=/home/divspanpi2/robo_ws/build/robot/prefix_override:/usr/lib/python3/dist-packages/colcon_core/task/python/colcon_distutils_commands:/home/divspanpi2/robo_ws/install/robot/lib/python3.10/site-packages:${PYTHONPATH} /usr/bin/python3 -W ignore:setup.py install is deprecated setup.py egg_info --egg-base ../../build/robot build --build-base /home/divspanpi2/robo_ws/build/robot/build install --record /home/divspanpi2/robo_ws/build/robot/install.log --single-version-externally-managed install_data
