[2.982s] Invoking command in '/home/divspanpi2/robo_ws/src/robot': PYTHONPATH=/home/divspanpi2/robo_ws/build/robot/prefix_override:/usr/lib/python3/dist-packages/colcon_core/task/python/colcon_distutils_commands:/home/divspanpi2/robo_ws/install/robot/lib/python3.10/site-packages:${PYTHONPATH} /usr/bin/python3 -W ignore:setup.py install is deprecated -W ignore:easy_install command is deprecated setup.py egg_info --egg-base ../../build/robot build --build-base /home/divspanpi2/robo_ws/build/robot/build install --record /home/divspanpi2/robo_ws/build/robot/install.log --single-version-externally-managed install_data
[4.118s] running egg_info
[4.121s] writing ../../build/robot/robot.egg-info/PKG-INFO
[4.122s] writing dependency_links to ../../build/robot/robot.egg-info/dependency_links.txt
[4.123s] writing entry points to ../../build/robot/robot.egg-info/entry_points.txt
[4.124s] writing requirements to ../../build/robot/robot.egg-info/requires.txt
[4.124s] writing top-level names to ../../build/robot/robot.egg-info/top_level.txt
[4.133s] reading manifest file '../../build/robot/robot.egg-info/SOURCES.txt'
[4.135s] adding license file 'LICENSE'
[4.137s] writing manifest file '../../build/robot/robot.egg-info/SOURCES.txt'
[4.138s] running build
[4.138s] running build_py
[4.140s] copying robot/lidar.py -> /home/divspanpi2/robo_ws/build/robot/build/lib/robot
[4.142s] running install
[4.143s] running install_lib
[4.147s] copying /home/divspanpi2/robo_ws/build/robot/build/lib/robot/lidar.py -> /home/divspanpi2/robo_ws/install/robot/lib/python3.10/site-packages/robot
[4.150s] byte-compiling /home/divspanpi2/robo_ws/install/robot/lib/python3.10/site-packages/robot/save_odom.py to save_odom.cpython-310.pyc
[4.153s] byte-compiling /home/divspanpi2/robo_ws/install/robot/lib/python3.10/site-packages/robot/save_imu.py to save_imu.cpython-310.pyc
[4.156s] byte-compiling /home/divspanpi2/robo_ws/install/robot/lib/python3.10/site-packages/robot/lidar.py to lidar.cpython-310.pyc
[4.160s] byte-compiling /home/divspanpi2/robo_ws/install/robot/lib/python3.10/site-packages/robot/node_serial.py to node_serial.cpython-310.pyc
[4.164s] byte-compiling /home/divspanpi2/robo_ws/install/robot/lib/python3.10/site-packages/robot/node_bno.py to node_bno.cpython-310.pyc
[4.167s] running install_data
[4.167s] running install_egg_info
[4.175s] removing '/home/divspanpi2/robo_ws/install/robot/lib/python3.10/site-packages/robot-0.0.0-py3.10.egg-info' (and everything under it)
[4.176s] Copying ../../build/robot/robot.egg-info to /home/divspanpi2/robo_ws/install/robot/lib/python3.10/site-packages/robot-0.0.0-py3.10.egg-info
[4.181s] running install_scripts
[4.261s] Installing lidar script to /home/divspanpi2/robo_ws/install/robot/lib/robot
[4.262s] Installing node_bno script to /home/divspanpi2/robo_ws/install/robot/lib/robot
[4.263s] Installing node_serial script to /home/divspanpi2/robo_ws/install/robot/lib/robot
[4.263s] Installing save_imu script to /home/divspanpi2/robo_ws/install/robot/lib/robot
[4.264s] Installing save_odom script to /home/divspanpi2/robo_ws/install/robot/lib/robot
[4.266s] writing list of installed files to '/home/divspanpi2/robo_ws/build/robot/install.log'
[4.383s] Invoked command in '/home/divspanpi2/robo_ws/src/robot' returned '0': PYTHONPATH=/home/divspanpi2/robo_ws/build/robot/prefix_override:/usr/lib/python3/dist-packages/colcon_core/task/python/colcon_distutils_commands:/home/divspanpi2/robo_ws/install/robot/lib/python3.10/site-packages:${PYTHONPATH} /usr/bin/python3 -W ignore:setup.py install is deprecated -W ignore:easy_install command is deprecated setup.py egg_info --egg-base ../../build/robot build --build-base /home/divspanpi2/robo_ws/build/robot/build install --record /home/divspanpi2/robo_ws/build/robot/install.log --single-version-externally-managed install_data
