[2.986s] Invoking command in '/home/divspanpi2/robo_ws/src/robot': PYTHONPATH=/home/divspanpi2/robo_ws/build/robot/prefix_override:/usr/lib/python3/dist-packages/colcon_core/task/python/colcon_distutils_commands:/home/divspanpi2/robo_ws/install/robot/lib/python3.10/site-packages:${PYTHONPATH} /usr/bin/python3 -W ignore:setup.py install is deprecated setup.py egg_info --egg-base ../../build/robot build --build-base /home/divspanpi2/robo_ws/build/robot/build install --record /home/divspanpi2/robo_ws/build/robot/install.log --single-version-externally-managed install_data
[4.325s] running egg_info
[4.327s] writing ../../build/robot/robot.egg-info/PKG-INFO
[4.329s] writing dependency_links to ../../build/robot/robot.egg-info/dependency_links.txt
[4.330s] writing entry points to ../../build/robot/robot.egg-info/entry_points.txt
[4.331s] writing requirements to ../../build/robot/robot.egg-info/requires.txt
[4.332s] writing top-level names to ../../build/robot/robot.egg-info/top_level.txt
[4.340s] reading manifest file '../../build/robot/robot.egg-info/SOURCES.txt'
[4.341s] adding license file 'LICENSE'
[4.345s] writing manifest file '../../build/robot/robot.egg-info/SOURCES.txt'
[4.346s] running build
[4.346s] running build_py
[4.346s] copying robot/save_imu.py -> /home/divspanpi2/robo_ws/build/robot/build/lib/robot
[4.349s] running install
[4.350s] running install_lib
[4.354s] copying /home/divspanpi2/robo_ws/build/robot/build/lib/robot/save_imu.py -> /home/divspanpi2/robo_ws/install/robot/lib/python3.10/site-packages/robot
[4.357s] byte-compiling /home/divspanpi2/robo_ws/install/robot/lib/python3.10/site-packages/robot/save_imu.py to save_imu.cpython-310.pyc
[4.364s] byte-compiling /home/divspanpi2/robo_ws/install/robot/lib/python3.10/site-packages/robot/node_serial.py to node_serial.cpython-310.pyc
[4.367s] running install_data
[4.368s] running install_egg_info
[4.378s] removing '/home/divspanpi2/robo_ws/install/robot/lib/python3.10/site-packages/robot-0.0.0-py3.10.egg-info' (and everything under it)
[4.379s] Copying ../../build/robot/robot.egg-info to /home/divspanpi2/robo_ws/install/robot/lib/python3.10/site-packages/robot-0.0.0-py3.10.egg-info
[4.389s] running install_scripts
[4.481s] Installing node_bno script to /home/divspanpi2/robo_ws/install/robot/lib/robot
[4.482s] Installing node_serial script to /home/divspanpi2/robo_ws/install/robot/lib/robot
[4.483s] Installing save_imu script to /home/divspanpi2/robo_ws/install/robot/lib/robot
[4.485s] writing list of installed files to '/home/divspanpi2/robo_ws/build/robot/install.log'
[4.627s] Invoked command in '/home/divspanpi2/robo_ws/src/robot' returned '0': PYTHONPATH=/home/divspanpi2/robo_ws/build/robot/prefix_override:/usr/lib/python3/dist-packages/colcon_core/task/python/colcon_distutils_commands:/home/divspanpi2/robo_ws/install/robot/lib/python3.10/site-packages:${PYTHONPATH} /usr/bin/python3 -W ignore:setup.py install is deprecated setup.py egg_info --egg-base ../../build/robot build --build-base /home/divspanpi2/robo_ws/build/robot/build install --record /home/divspanpi2/robo_ws/build/robot/install.log --single-version-externally-managed install_data
