[2.784s] Invoking command in '/home/divspanpi2/robo_ws/src/robot': PYTHONPATH=/home/divspanpi2/robo_ws/build/robot/prefix_override:/usr/lib/python3/dist-packages/colcon_core/task/python/colcon_distutils_commands:/home/divspanpi2/robo_ws/install/robot/lib/python3.10/site-packages:${PYTHONPATH} /usr/bin/python3 -W ignore:setup.py install is deprecated -W ignore:easy_install command is deprecated setup.py egg_info --egg-base ../../build/robot build --build-base /home/divspanpi2/robo_ws/build/robot/build install --record /home/divspanpi2/robo_ws/build/robot/install.log --single-version-externally-managed install_data
[3.915s] running egg_info
[3.918s] writing ../../build/robot/robot.egg-info/PKG-INFO
[3.919s] writing dependency_links to ../../build/robot/robot.egg-info/dependency_links.txt
[3.919s] writing entry points to ../../build/robot/robot.egg-info/entry_points.txt
[3.920s] writing requirements to ../../build/robot/robot.egg-info/requires.txt
[3.921s] writing top-level names to ../../build/robot/robot.egg-info/top_level.txt
[3.930s] reading manifest file '../../build/robot/robot.egg-info/SOURCES.txt'
[3.931s] adding license file 'LICENSE'
[3.934s] writing manifest file '../../build/robot/robot.egg-info/SOURCES.txt'
[3.934s] running build
[3.935s] running build_py
[3.936s] copying robot/lidar.py -> /home/divspanpi2/robo_ws/build/robot/build/lib/robot
[3.938s] running install
[3.939s] running install_lib
[3.943s] copying /home/divspanpi2/robo_ws/build/robot/build/lib/robot/lidar.py -> /home/divspanpi2/robo_ws/install/robot/lib/python3.10/site-packages/robot
[3.946s] byte-compiling /home/divspanpi2/robo_ws/install/robot/lib/python3.10/site-packages/robot/save_odom.py to save_odom.cpython-310.pyc
[3.949s] byte-compiling /home/divspanpi2/robo_ws/install/robot/lib/python3.10/site-packages/robot/save_imu.py to save_imu.cpython-310.pyc
[3.952s] byte-compiling /home/divspanpi2/robo_ws/install/robot/lib/python3.10/site-packages/robot/lidar.py to lidar.cpython-310.pyc
[3.955s] byte-compiling /home/divspanpi2/robo_ws/install/robot/lib/python3.10/site-packages/robot/node_serial.py to node_serial.cpython-310.pyc
[3.960s] byte-compiling /home/divspanpi2/robo_ws/install/robot/lib/python3.10/site-packages/robot/node_bno.py to node_bno.cpython-310.pyc
[3.962s] running install_data
[3.963s] running install_egg_info
[3.970s] removing '/home/divspanpi2/robo_ws/install/robot/lib/python3.10/site-packages/robot-0.0.0-py3.10.egg-info' (and everything under it)
[3.972s] Copying ../../build/robot/robot.egg-info to /home/divspanpi2/robo_ws/install/robot/lib/python3.10/site-packages/robot-0.0.0-py3.10.egg-info
[3.977s] running install_scripts
[4.057s] Installing lidar script to /home/divspanpi2/robo_ws/install/robot/lib/robot
[4.058s] Installing node_bno script to /home/divspanpi2/robo_ws/install/robot/lib/robot
[4.059s] Installing node_serial script to /home/divspanpi2/robo_ws/install/robot/lib/robot
[4.059s] Installing save_imu script to /home/divspanpi2/robo_ws/install/robot/lib/robot
[4.060s] Installing save_odom script to /home/divspanpi2/robo_ws/install/robot/lib/robot
[4.062s] writing list of installed files to '/home/divspanpi2/robo_ws/build/robot/install.log'
[4.180s] Invoked command in '/home/divspanpi2/robo_ws/src/robot' returned '0': PYTHONPATH=/home/divspanpi2/robo_ws/build/robot/prefix_override:/usr/lib/python3/dist-packages/colcon_core/task/python/colcon_distutils_commands:/home/divspanpi2/robo_ws/install/robot/lib/python3.10/site-packages:${PYTHONPATH} /usr/bin/python3 -W ignore:setup.py install is deprecated -W ignore:easy_install command is deprecated setup.py egg_info --egg-base ../../build/robot build --build-base /home/divspanpi2/robo_ws/build/robot/build install --record /home/divspanpi2/robo_ws/build/robot/install.log --single-version-externally-managed install_data
