[0.460s] DEBUG:colcon:Command line arguments: ['/usr/bin/colcon', 'build', '--packages-select', 'nexus']
[0.460s] DEBUG:colcon:Parsed command line arguments: Namespace(log_base=None, log_level=None, verb_name='build', build_base='build', install_base='install', merge_install=False, symlink_install=False, test_result_base=None, continue_on_error=False, executor='parallel', parallel_workers=4, event_handlers=None, ignore_user_meta=False, metas=['./colcon.meta'], base_paths=['.'], packages_ignore=None, packages_ignore_regex=None, paths=None, packages_up_to=None, packages_up_to_regex=None, packages_above=None, packages_above_and_dependencies=None, packages_above_depth=None, packages_select_by_dep=None, packages_skip_by_dep=None, packages_skip_up_to=None, packages_select_build_failed=False, packages_skip_build_finished=False, packages_select_test_failures=False, packages_skip_test_passed=False, packages_select=['nexus'], packages_skip=None, packages_select_regex=None, packages_skip_regex=None, packages_start=None, packages_end=None, allow_overriding=[], cmake_args=None, cmake_target=None, cmake_target_skip_unavailable=False, cmake_clean_cache=False, cmake_clean_first=False, cmake_force_configure=False, ament_cmake_args=None, catkin_cmake_args=None, catkin_skip_building_tests=False, verb_parser=<colcon_defaults.argument_parser.defaults.DefaultArgumentsDecorator object at 0xffffbbf6cee0>, verb_extension=<colcon_core.verb.build.BuildVerb object at 0xffffbc11e470>, main=<bound method BuildVerb.main of <colcon_core.verb.build.BuildVerb object at 0xffffbc11e470>>)
[1.306s] Level 1:colcon.colcon_core.package_discovery:discover_packages(colcon_meta) check parameters
[1.306s] Level 1:colcon.colcon_core.package_discovery:discover_packages(recursive) check parameters
[1.306s] Level 1:colcon.colcon_core.package_discovery:discover_packages(ignore) check parameters
[1.306s] Level 1:colcon.colcon_core.package_discovery:discover_packages(path) check parameters
[1.306s] Level 1:colcon.colcon_core.package_discovery:discover_packages(colcon_meta) discover
[1.307s] Level 1:colcon.colcon_core.package_discovery:discover_packages(recursive) discover
[1.307s] INFO:colcon.colcon_core.package_discovery:Crawling recursively for packages in '/home/divspanpi2/robo_ws'
[1.307s] Level 1:colcon.colcon_core.package_identification:_identify(.) by extensions ['ignore', 'ignore_ament_install']
[1.308s] Level 1:colcon.colcon_core.package_identification:_identify(.) by extension 'ignore'
[1.308s] Level 1:colcon.colcon_core.package_identification:_identify(.) by extension 'ignore_ament_install'
[1.308s] Level 1:colcon.colcon_core.package_identification:_identify(.) by extensions ['colcon_pkg']
[1.308s] Level 1:colcon.colcon_core.package_identification:_identify(.) by extension 'colcon_pkg'
[1.308s] Level 1:colcon.colcon_core.package_identification:_identify(.) by extensions ['colcon_meta']
[1.309s] Level 1:colcon.colcon_core.package_identification:_identify(.) by extension 'colcon_meta'
[1.309s] Level 1:colcon.colcon_core.package_identification:_identify(.) by extensions ['ros']
[1.309s] Level 1:colcon.colcon_core.package_identification:_identify(.) by extension 'ros'
[1.356s] Level 1:colcon.colcon_core.package_identification:_identify(.) by extensions ['cmake', 'python']
[1.356s] Level 1:colcon.colcon_core.package_identification:_identify(.) by extension 'cmake'
[1.357s] Level 1:colcon.colcon_core.package_identification:_identify(.) by extension 'python'
[1.357s] Level 1:colcon.colcon_core.package_identification:_identify(.) by extensions ['python_setup_py']
[1.357s] Level 1:colcon.colcon_core.package_identification:_identify(.) by extension 'python_setup_py'
[1.358s] Level 1:colcon.colcon_core.package_identification:_identify(build) by extensions ['ignore', 'ignore_ament_install']
[1.358s] Level 1:colcon.colcon_core.package_identification:_identify(build) by extension 'ignore'
[1.358s] Level 1:colcon.colcon_core.package_identification:_identify(build) ignored
[1.359s] Level 1:colcon.colcon_core.package_identification:_identify(install) by extensions ['ignore', 'ignore_ament_install']
[1.359s] Level 1:colcon.colcon_core.package_identification:_identify(install) by extension 'ignore'
[1.359s] Level 1:colcon.colcon_core.package_identification:_identify(install) ignored
[1.360s] Level 1:colcon.colcon_core.package_identification:_identify(log) by extensions ['ignore', 'ignore_ament_install']
[1.361s] Level 1:colcon.colcon_core.package_identification:_identify(log) by extension 'ignore'
[1.361s] Level 1:colcon.colcon_core.package_identification:_identify(log) ignored
[1.361s] Level 1:colcon.colcon_core.package_identification:_identify(src) by extensions ['ignore', 'ignore_ament_install']
[1.362s] Level 1:colcon.colcon_core.package_identification:_identify(src) by extension 'ignore'
[1.362s] Level 1:colcon.colcon_core.package_identification:_identify(src) by extension 'ignore_ament_install'
[1.362s] Level 1:colcon.colcon_core.package_identification:_identify(src) by extensions ['colcon_pkg']
[1.362s] Level 1:colcon.colcon_core.package_identification:_identify(src) by extension 'colcon_pkg'
[1.362s] Level 1:colcon.colcon_core.package_identification:_identify(src) by extensions ['colcon_meta']
[1.362s] Level 1:colcon.colcon_core.package_identification:_identify(src) by extension 'colcon_meta'
[1.363s] Level 1:colcon.colcon_core.package_identification:_identify(src) by extensions ['ros']
[1.363s] Level 1:colcon.colcon_core.package_identification:_identify(src) by extension 'ros'
[1.363s] Level 1:colcon.colcon_core.package_identification:_identify(src) by extensions ['cmake', 'python']
[1.363s] Level 1:colcon.colcon_core.package_identification:_identify(src) by extension 'cmake'
[1.363s] Level 1:colcon.colcon_core.package_identification:_identify(src) by extension 'python'
[1.364s] Level 1:colcon.colcon_core.package_identification:_identify(src) by extensions ['python_setup_py']
[1.364s] Level 1:colcon.colcon_core.package_identification:_identify(src) by extension 'python_setup_py'
[1.364s] Level 1:colcon.colcon_core.package_identification:_identify(src/bno055) by extensions ['ignore', 'ignore_ament_install']
[1.365s] Level 1:colcon.colcon_core.package_identification:_identify(src/bno055) by extension 'ignore'
[1.365s] Level 1:colcon.colcon_core.package_identification:_identify(src/bno055) by extension 'ignore_ament_install'
[1.365s] Level 1:colcon.colcon_core.package_identification:_identify(src/bno055) by extensions ['colcon_pkg']
[1.365s] Level 1:colcon.colcon_core.package_identification:_identify(src/bno055) by extension 'colcon_pkg'
[1.365s] Level 1:colcon.colcon_core.package_identification:_identify(src/bno055) by extensions ['colcon_meta']
[1.365s] Level 1:colcon.colcon_core.package_identification:_identify(src/bno055) by extension 'colcon_meta'
[1.366s] Level 1:colcon.colcon_core.package_identification:_identify(src/bno055) by extensions ['ros']
[1.366s] Level 1:colcon.colcon_core.package_identification:_identify(src/bno055) by extension 'ros'
[1.375s] DEBUG:colcon.colcon_core.package_identification:Package 'src/bno055' with type 'ros.ament_python' and name 'bno055'
[1.376s] Level 1:colcon.colcon_core.package_identification:_identify(src/joy) by extensions ['ignore', 'ignore_ament_install']
[1.376s] Level 1:colcon.colcon_core.package_identification:_identify(src/joy) by extension 'ignore'
[1.377s] Level 1:colcon.colcon_core.package_identification:_identify(src/joy) by extension 'ignore_ament_install'
[1.377s] Level 1:colcon.colcon_core.package_identification:_identify(src/joy) by extensions ['colcon_pkg']
[1.377s] Level 1:colcon.colcon_core.package_identification:_identify(src/joy) by extension 'colcon_pkg'
[1.377s] Level 1:colcon.colcon_core.package_identification:_identify(src/joy) by extensions ['colcon_meta']
[1.377s] Level 1:colcon.colcon_core.package_identification:_identify(src/joy) by extension 'colcon_meta'
[1.378s] Level 1:colcon.colcon_core.package_identification:_identify(src/joy) by extensions ['ros']
[1.378s] Level 1:colcon.colcon_core.package_identification:_identify(src/joy) by extension 'ros'
[1.381s] DEBUG:colcon.colcon_core.package_identification:Package 'src/joy' with type 'ros.ament_cmake' and name 'joy'
[1.382s] Level 1:colcon.colcon_core.package_identification:_identify(src/nexus) by extensions ['ignore', 'ignore_ament_install']
[1.382s] Level 1:colcon.colcon_core.package_identification:_identify(src/nexus) by extension 'ignore'
[1.383s] Level 1:colcon.colcon_core.package_identification:_identify(src/nexus) by extension 'ignore_ament_install'
[1.383s] Level 1:colcon.colcon_core.package_identification:_identify(src/nexus) by extensions ['colcon_pkg']
[1.383s] Level 1:colcon.colcon_core.package_identification:_identify(src/nexus) by extension 'colcon_pkg'
[1.383s] Level 1:colcon.colcon_core.package_identification:_identify(src/nexus) by extensions ['colcon_meta']
[1.383s] Level 1:colcon.colcon_core.package_identification:_identify(src/nexus) by extension 'colcon_meta'
[1.383s] Level 1:colcon.colcon_core.package_identification:_identify(src/nexus) by extensions ['ros']
[1.384s] Level 1:colcon.colcon_core.package_identification:_identify(src/nexus) by extension 'ros'
[1.386s] DEBUG:colcon.colcon_core.package_identification:Package 'src/nexus' with type 'ros.ament_cmake' and name 'nexus'
[1.387s] Level 1:colcon.colcon_core.package_identification:_identify(src/robot) by extensions ['ignore', 'ignore_ament_install']
[1.387s] Level 1:colcon.colcon_core.package_identification:_identify(src/robot) by extension 'ignore'
[1.387s] Level 1:colcon.colcon_core.package_identification:_identify(src/robot) by extension 'ignore_ament_install'
[1.388s] Level 1:colcon.colcon_core.package_identification:_identify(src/robot) by extensions ['colcon_pkg']
[1.388s] Level 1:colcon.colcon_core.package_identification:_identify(src/robot) by extension 'colcon_pkg'
[1.388s] Level 1:colcon.colcon_core.package_identification:_identify(src/robot) by extensions ['colcon_meta']
[1.388s] Level 1:colcon.colcon_core.package_identification:_identify(src/robot) by extension 'colcon_meta'
[1.388s] Level 1:colcon.colcon_core.package_identification:_identify(src/robot) by extensions ['ros']
[1.388s] Level 1:colcon.colcon_core.package_identification:_identify(src/robot) by extension 'ros'
[1.390s] DEBUG:colcon.colcon_core.package_identification:Package 'src/robot' with type 'ros.ament_python' and name 'robot'
[1.391s] Level 1:colcon.colcon_core.package_identification:_identify(src/rplidar_ros) by extensions ['ignore', 'ignore_ament_install']
[1.391s] Level 1:colcon.colcon_core.package_identification:_identify(src/rplidar_ros) by extension 'ignore'
[1.392s] Level 1:colcon.colcon_core.package_identification:_identify(src/rplidar_ros) by extension 'ignore_ament_install'
[1.392s] Level 1:colcon.colcon_core.package_identification:_identify(src/rplidar_ros) by extensions ['colcon_pkg']
[1.392s] Level 1:colcon.colcon_core.package_identification:_identify(src/rplidar_ros) by extension 'colcon_pkg'
[1.392s] Level 1:colcon.colcon_core.package_identification:_identify(src/rplidar_ros) by extensions ['colcon_meta']
[1.392s] Level 1:colcon.colcon_core.package_identification:_identify(src/rplidar_ros) by extension 'colcon_meta'
[1.393s] Level 1:colcon.colcon_core.package_identification:_identify(src/rplidar_ros) by extensions ['ros']
[1.393s] Level 1:colcon.colcon_core.package_identification:_identify(src/rplidar_ros) by extension 'ros'
[1.395s] DEBUG:colcon.colcon_core.package_identification:Package 'src/rplidar_ros' with type 'ros.ament_cmake' and name 'rplidar_ros'
[1.395s] Level 1:colcon.colcon_core.package_discovery:discover_packages(recursive) using defaults
[1.396s] Level 1:colcon.colcon_core.package_discovery:discover_packages(ignore) discover
[1.396s] Level 1:colcon.colcon_core.package_discovery:discover_packages(ignore) using defaults
[1.396s] Level 1:colcon.colcon_core.package_discovery:discover_packages(path) discover
[1.396s] Level 1:colcon.colcon_core.package_discovery:discover_packages(path) using defaults
[1.517s] INFO:colcon.colcon_core.package_selection:Skipping not selected package 'bno055' in 'src/bno055'
[1.518s] INFO:colcon.colcon_core.package_selection:Skipping not selected package 'joy' in 'src/joy'
[1.518s] INFO:colcon.colcon_core.package_selection:Skipping not selected package 'robot' in 'src/robot'
[1.518s] INFO:colcon.colcon_core.package_selection:Skipping not selected package 'rplidar_ros' in 'src/rplidar_ros'
[1.520s] Level 1:colcon.colcon_core.package_discovery:discover_packages(prefix_path) check parameters
[1.520s] Level 1:colcon.colcon_core.package_discovery:discover_packages(prefix_path) discover
[1.530s] DEBUG:colcon.colcon_installed_package_information.package_discovery:Found 5 installed packages in /home/divspanpi2/robo_ws/install
[1.540s] DEBUG:colcon.colcon_installed_package_information.package_discovery:Found 316 installed packages in /opt/ros/humble
[1.547s] Level 1:colcon.colcon_core.package_discovery:discover_packages(prefix_path) using defaults
[1.736s] Level 5:colcon.colcon_core.verb:set package 'nexus' build argument 'cmake_args' from command line to 'None'
[1.737s] Level 5:colcon.colcon_core.verb:set package 'nexus' build argument 'cmake_target' from command line to 'None'
[1.737s] Level 5:colcon.colcon_core.verb:set package 'nexus' build argument 'cmake_target_skip_unavailable' from command line to 'False'
[1.737s] Level 5:colcon.colcon_core.verb:set package 'nexus' build argument 'cmake_clean_cache' from command line to 'False'
[1.737s] Level 5:colcon.colcon_core.verb:set package 'nexus' build argument 'cmake_clean_first' from command line to 'False'
[1.737s] Level 5:colcon.colcon_core.verb:set package 'nexus' build argument 'cmake_force_configure' from command line to 'False'
[1.737s] Level 5:colcon.colcon_core.verb:set package 'nexus' build argument 'ament_cmake_args' from command line to 'None'
[1.737s] Level 5:colcon.colcon_core.verb:set package 'nexus' build argument 'catkin_cmake_args' from command line to 'None'
[1.737s] Level 5:colcon.colcon_core.verb:set package 'nexus' build argument 'catkin_skip_building_tests' from command line to 'False'
[1.737s] DEBUG:colcon.colcon_core.verb:Building package 'nexus' with the following arguments: {'ament_cmake_args': None, 'build_base': '/home/divspanpi2/robo_ws/build/nexus', 'catkin_cmake_args': None, 'catkin_skip_building_tests': False, 'cmake_args': None, 'cmake_clean_cache': False, 'cmake_clean_first': False, 'cmake_force_configure': False, 'cmake_target': None, 'cmake_target_skip_unavailable': False, 'install_base': '/home/divspanpi2/robo_ws/install/nexus', 'merge_install': False, 'path': '/home/divspanpi2/robo_ws/src/nexus', 'symlink_install': False, 'test_result_base': None}
[1.738s] INFO:colcon.colcon_core.executor:Executing jobs using 'parallel' executor
[1.741s] DEBUG:colcon.colcon_parallel_executor.executor.parallel:run_until_complete
[1.742s] INFO:colcon.colcon_ros.task.ament_cmake.build:Building ROS package in '/home/divspanpi2/robo_ws/src/nexus' with build type 'ament_cmake'
[1.743s] INFO:colcon.colcon_cmake.task.cmake.build:Building CMake package in '/home/divspanpi2/robo_ws/src/nexus'
[1.753s] INFO:colcon.colcon_core.plugin_system:Skipping extension 'colcon_core.shell.bat': Not used on non-Windows systems
[1.754s] INFO:colcon.colcon_core.shell:Skip shell extension 'powershell' for command environment: Not usable outside of PowerShell
[1.754s] DEBUG:colcon.colcon_core.shell:Skip shell extension 'dsv' for command environment
[1.796s] DEBUG:colcon.colcon_core.event_handler.log_command:Invoking command in '/home/divspanpi2/robo_ws/build/nexus': CMAKE_PREFIX_PATH=${CMAKE_PREFIX_PATH}:/home/divspanpi2/robo_ws/install/robot:/home/divspanpi2/robo_ws/install/bno055:/opt/ros/humble /usr/bin/cmake --build /home/divspanpi2/robo_ws/build/nexus -- -j4 -l4
[37.722s] DEBUG:colcon.colcon_core.event_handler.log_command:Invoked command in '/home/divspanpi2/robo_ws/build/nexus' returned '0': CMAKE_PREFIX_PATH=${CMAKE_PREFIX_PATH}:/home/divspanpi2/robo_ws/install/robot:/home/divspanpi2/robo_ws/install/bno055:/opt/ros/humble /usr/bin/cmake --build /home/divspanpi2/robo_ws/build/nexus -- -j4 -l4
[37.892s] DEBUG:colcon.colcon_core.event_handler.log_command:Invoking command in '/home/divspanpi2/robo_ws/build/nexus': CMAKE_PREFIX_PATH=${CMAKE_PREFIX_PATH}:/home/divspanpi2/robo_ws/install/robot:/home/divspanpi2/robo_ws/install/bno055:/opt/ros/humble /usr/bin/cmake --install /home/divspanpi2/robo_ws/build/nexus
[37.961s] Level 1:colcon.colcon_core.environment:create_environment_scripts_only(nexus)
[37.963s] DEBUG:colcon.colcon_core.event_handler.log_command:Invoked command in '/home/divspanpi2/robo_ws/build/nexus' returned '0': CMAKE_PREFIX_PATH=${CMAKE_PREFIX_PATH}:/home/divspanpi2/robo_ws/install/robot:/home/divspanpi2/robo_ws/install/bno055:/opt/ros/humble /usr/bin/cmake --install /home/divspanpi2/robo_ws/build/nexus
[37.975s] Level 1:colcon.colcon_core.environment:checking '/home/divspanpi2/robo_ws/install/nexus' for CMake module files
[37.978s] Level 1:colcon.colcon_core.environment:checking '/home/divspanpi2/robo_ws/install/nexus' for CMake config files
[37.980s] Level 1:colcon.colcon_core.shell:create_environment_hook('nexus', 'cmake_prefix_path')
[37.981s] INFO:colcon.colcon_core.shell:Creating environment hook '/home/divspanpi2/robo_ws/install/nexus/share/nexus/hook/cmake_prefix_path.ps1'
[37.983s] INFO:colcon.colcon_core.shell:Creating environment descriptor '/home/divspanpi2/robo_ws/install/nexus/share/nexus/hook/cmake_prefix_path.dsv'
[37.986s] INFO:colcon.colcon_core.shell:Creating environment hook '/home/divspanpi2/robo_ws/install/nexus/share/nexus/hook/cmake_prefix_path.sh'
[37.990s] Level 1:colcon.colcon_core.environment:checking '/home/divspanpi2/robo_ws/install/nexus/lib'
[37.990s] Level 1:colcon.colcon_core.environment:checking '/home/divspanpi2/robo_ws/install/nexus/bin'
[37.991s] Level 1:colcon.colcon_core.environment:checking '/home/divspanpi2/robo_ws/install/nexus/lib/pkgconfig/nexus.pc'
[37.992s] Level 1:colcon.colcon_core.environment:checking '/home/divspanpi2/robo_ws/install/nexus/lib/python3.10/site-packages'
[37.992s] Level 1:colcon.colcon_core.environment:checking '/home/divspanpi2/robo_ws/install/nexus/bin'
[37.994s] INFO:colcon.colcon_core.shell:Creating package script '/home/divspanpi2/robo_ws/install/nexus/share/nexus/package.ps1'
[37.997s] INFO:colcon.colcon_core.shell:Creating package descriptor '/home/divspanpi2/robo_ws/install/nexus/share/nexus/package.dsv'
[37.999s] INFO:colcon.colcon_core.shell:Creating package script '/home/divspanpi2/robo_ws/install/nexus/share/nexus/package.sh'
[38.003s] INFO:colcon.colcon_core.shell:Creating package script '/home/divspanpi2/robo_ws/install/nexus/share/nexus/package.bash'
[38.006s] INFO:colcon.colcon_core.shell:Creating package script '/home/divspanpi2/robo_ws/install/nexus/share/nexus/package.zsh'
[38.009s] Level 1:colcon.colcon_core.environment:create_file_with_runtime_dependencies(/home/divspanpi2/robo_ws/install/nexus/share/colcon-core/packages/nexus)
[38.135s] Level 1:colcon.colcon_core.environment:create_environment_scripts_only(nexus)
[38.136s] Level 1:colcon.colcon_core.environment:checking '/home/divspanpi2/robo_ws/install/nexus' for CMake module files
[38.139s] Level 1:colcon.colcon_core.environment:checking '/home/divspanpi2/robo_ws/install/nexus' for CMake config files
[38.142s] Level 1:colcon.colcon_core.shell:create_environment_hook('nexus', 'cmake_prefix_path')
[38.143s] INFO:colcon.colcon_core.shell:Creating environment hook '/home/divspanpi2/robo_ws/install/nexus/share/nexus/hook/cmake_prefix_path.ps1'
[38.146s] INFO:colcon.colcon_core.shell:Creating environment descriptor '/home/divspanpi2/robo_ws/install/nexus/share/nexus/hook/cmake_prefix_path.dsv'
[38.149s] INFO:colcon.colcon_core.shell:Creating environment hook '/home/divspanpi2/robo_ws/install/nexus/share/nexus/hook/cmake_prefix_path.sh'
[38.152s] Level 1:colcon.colcon_core.environment:checking '/home/divspanpi2/robo_ws/install/nexus/lib'
[38.152s] Level 1:colcon.colcon_core.environment:checking '/home/divspanpi2/robo_ws/install/nexus/bin'
[38.152s] Level 1:colcon.colcon_core.environment:checking '/home/divspanpi2/robo_ws/install/nexus/lib/pkgconfig/nexus.pc'
[38.153s] Level 1:colcon.colcon_core.environment:checking '/home/divspanpi2/robo_ws/install/nexus/lib/python3.10/site-packages'
[38.154s] Level 1:colcon.colcon_core.environment:checking '/home/divspanpi2/robo_ws/install/nexus/bin'
[38.156s] INFO:colcon.colcon_core.shell:Creating package script '/home/divspanpi2/robo_ws/install/nexus/share/nexus/package.ps1'
[38.158s] INFO:colcon.colcon_core.shell:Creating package descriptor '/home/divspanpi2/robo_ws/install/nexus/share/nexus/package.dsv'
[38.160s] INFO:colcon.colcon_core.shell:Creating package script '/home/divspanpi2/robo_ws/install/nexus/share/nexus/package.sh'
[38.163s] INFO:colcon.colcon_core.shell:Creating package script '/home/divspanpi2/robo_ws/install/nexus/share/nexus/package.bash'
[38.165s] INFO:colcon.colcon_core.shell:Creating package script '/home/divspanpi2/robo_ws/install/nexus/share/nexus/package.zsh'
[38.167s] Level 1:colcon.colcon_core.environment:create_file_with_runtime_dependencies(/home/divspanpi2/robo_ws/install/nexus/share/colcon-core/packages/nexus)
[38.169s] DEBUG:colcon.colcon_parallel_executor.executor.parallel:closing loop
[38.170s] DEBUG:colcon.colcon_parallel_executor.executor.parallel:loop closed
[38.170s] DEBUG:colcon.colcon_parallel_executor.executor.parallel:run_until_complete finished with '0'
[38.170s] DEBUG:colcon.colcon_core.event_reactor:joining thread
[38.193s] INFO:colcon.colcon_core.plugin_system:Skipping extension 'colcon_notification.desktop_notification.terminal_notifier': Not used on non-Darwin systems
[38.194s] INFO:colcon.colcon_core.plugin_system:Skipping extension 'colcon_notification.desktop_notification.win32': Not used on non-Windows systems
[38.194s] INFO:colcon.colcon_notification.desktop_notification:Sending desktop notification using 'notify2'
[38.233s] DEBUG:colcon.colcon_core.event_reactor:joined thread
[38.235s] INFO:colcon.colcon_core.shell:Creating prefix script '/home/divspanpi2/robo_ws/install/local_setup.ps1'
[38.239s] INFO:colcon.colcon_core.shell:Creating prefix util module '/home/divspanpi2/robo_ws/install/_local_setup_util_ps1.py'
[38.244s] INFO:colcon.colcon_core.shell:Creating prefix chain script '/home/divspanpi2/robo_ws/install/setup.ps1'
[38.251s] INFO:colcon.colcon_core.shell:Creating prefix script '/home/divspanpi2/robo_ws/install/local_setup.sh'
[38.253s] INFO:colcon.colcon_core.shell:Creating prefix util module '/home/divspanpi2/robo_ws/install/_local_setup_util_sh.py'
[38.256s] INFO:colcon.colcon_core.shell:Creating prefix chain script '/home/divspanpi2/robo_ws/install/setup.sh'
[38.262s] INFO:colcon.colcon_core.shell:Creating prefix script '/home/divspanpi2/robo_ws/install/local_setup.bash'
[38.264s] INFO:colcon.colcon_core.shell:Creating prefix chain script '/home/divspanpi2/robo_ws/install/setup.bash'
[38.270s] INFO:colcon.colcon_core.shell:Creating prefix script '/home/divspanpi2/robo_ws/install/local_setup.zsh'
[38.272s] INFO:colcon.colcon_core.shell:Creating prefix chain script '/home/divspanpi2/robo_ws/install/setup.zsh'
