[0.446s] DEBUG:colcon:Command line arguments: ['/usr/bin/colcon', 'build', '--packages-select', 'nexus', '--symlink-install']
[0.447s] DEBUG:colcon:Parsed command line arguments: Namespace(log_base=None, log_level=None, verb_name='build', build_base='build', install_base='install', merge_install=False, symlink_install=True, test_result_base=None, continue_on_error=False, executor='parallel', parallel_workers=4, event_handlers=None, ignore_user_meta=False, metas=['./colcon.meta'], base_paths=['.'], packages_ignore=None, packages_ignore_regex=None, paths=None, packages_up_to=None, packages_up_to_regex=None, packages_above=None, packages_above_and_dependencies=None, packages_above_depth=None, packages_select_by_dep=None, packages_skip_by_dep=None, packages_skip_up_to=None, packages_select_build_failed=False, packages_skip_build_finished=False, packages_select_test_failures=False, packages_skip_test_passed=False, packages_select=['nexus'], packages_skip=None, packages_select_regex=None, packages_skip_regex=None, packages_start=None, packages_end=None, allow_overriding=[], cmake_args=None, cmake_target=None, cmake_target_skip_unavailable=False, cmake_clean_cache=False, cmake_clean_first=False, cmake_force_configure=False, ament_cmake_args=None, catkin_cmake_args=None, catkin_skip_building_tests=False, verb_parser=<colcon_defaults.argument_parser.defaults.DefaultArgumentsDecorator object at 0xffffae38d270>, verb_extension=<colcon_core.verb.build.BuildVerb object at 0xffffae38ce20>, main=<bound method BuildVerb.main of <colcon_core.verb.build.BuildVerb object at 0xffffae38ce20>>)
[1.237s] Level 1:colcon.colcon_core.package_discovery:discover_packages(colcon_meta) check parameters
[1.238s] Level 1:colcon.colcon_core.package_discovery:discover_packages(recursive) check parameters
[1.238s] Level 1:colcon.colcon_core.package_discovery:discover_packages(ignore) check parameters
[1.238s] Level 1:colcon.colcon_core.package_discovery:discover_packages(path) check parameters
[1.238s] Level 1:colcon.colcon_core.package_discovery:discover_packages(colcon_meta) discover
[1.238s] Level 1:colcon.colcon_core.package_discovery:discover_packages(recursive) discover
[1.238s] INFO:colcon.colcon_core.package_discovery:Crawling recursively for packages in '/home/divspanpi2/robo_ws'
[1.239s] Level 1:colcon.colcon_core.package_identification:_identify(.) by extensions ['ignore', 'ignore_ament_install']
[1.239s] Level 1:colcon.colcon_core.package_identification:_identify(.) by extension 'ignore'
[1.239s] Level 1:colcon.colcon_core.package_identification:_identify(.) by extension 'ignore_ament_install'
[1.239s] Level 1:colcon.colcon_core.package_identification:_identify(.) by extensions ['colcon_pkg']
[1.240s] Level 1:colcon.colcon_core.package_identification:_identify(.) by extension 'colcon_pkg'
[1.240s] Level 1:colcon.colcon_core.package_identification:_identify(.) by extensions ['colcon_meta']
[1.240s] Level 1:colcon.colcon_core.package_identification:_identify(.) by extension 'colcon_meta'
[1.240s] Level 1:colcon.colcon_core.package_identification:_identify(.) by extensions ['ros']
[1.240s] Level 1:colcon.colcon_core.package_identification:_identify(.) by extension 'ros'
[1.287s] Level 1:colcon.colcon_core.package_identification:_identify(.) by extensions ['cmake', 'python']
[1.287s] Level 1:colcon.colcon_core.package_identification:_identify(.) by extension 'cmake'
[1.288s] Level 1:colcon.colcon_core.package_identification:_identify(.) by extension 'python'
[1.288s] Level 1:colcon.colcon_core.package_identification:_identify(.) by extensions ['python_setup_py']
[1.288s] Level 1:colcon.colcon_core.package_identification:_identify(.) by extension 'python_setup_py'
[1.289s] Level 1:colcon.colcon_core.package_identification:_identify(build) by extensions ['ignore', 'ignore_ament_install']
[1.289s] Level 1:colcon.colcon_core.package_identification:_identify(build) by extension 'ignore'
[1.289s] Level 1:colcon.colcon_core.package_identification:_identify(build) ignored
[1.290s] Level 1:colcon.colcon_core.package_identification:_identify(install) by extensions ['ignore', 'ignore_ament_install']
[1.290s] Level 1:colcon.colcon_core.package_identification:_identify(install) by extension 'ignore'
[1.290s] Level 1:colcon.colcon_core.package_identification:_identify(install) ignored
[1.292s] Level 1:colcon.colcon_core.package_identification:_identify(log) by extensions ['ignore', 'ignore_ament_install']
[1.293s] Level 1:colcon.colcon_core.package_identification:_identify(log) by extension 'ignore'
[1.293s] Level 1:colcon.colcon_core.package_identification:_identify(log) ignored
[1.293s] Level 1:colcon.colcon_core.package_identification:_identify(src) by extensions ['ignore', 'ignore_ament_install']
[1.294s] Level 1:colcon.colcon_core.package_identification:_identify(src) by extension 'ignore'
[1.294s] Level 1:colcon.colcon_core.package_identification:_identify(src) by extension 'ignore_ament_install'
[1.294s] Level 1:colcon.colcon_core.package_identification:_identify(src) by extensions ['colcon_pkg']
[1.294s] Level 1:colcon.colcon_core.package_identification:_identify(src) by extension 'colcon_pkg'
[1.294s] Level 1:colcon.colcon_core.package_identification:_identify(src) by extensions ['colcon_meta']
[1.294s] Level 1:colcon.colcon_core.package_identification:_identify(src) by extension 'colcon_meta'
[1.295s] Level 1:colcon.colcon_core.package_identification:_identify(src) by extensions ['ros']
[1.295s] Level 1:colcon.colcon_core.package_identification:_identify(src) by extension 'ros'
[1.295s] Level 1:colcon.colcon_core.package_identification:_identify(src) by extensions ['cmake', 'python']
[1.295s] Level 1:colcon.colcon_core.package_identification:_identify(src) by extension 'cmake'
[1.295s] Level 1:colcon.colcon_core.package_identification:_identify(src) by extension 'python'
[1.296s] Level 1:colcon.colcon_core.package_identification:_identify(src) by extensions ['python_setup_py']
[1.296s] Level 1:colcon.colcon_core.package_identification:_identify(src) by extension 'python_setup_py'
[1.296s] Level 1:colcon.colcon_core.package_identification:_identify(src/bno055) by extensions ['ignore', 'ignore_ament_install']
[1.296s] Level 1:colcon.colcon_core.package_identification:_identify(src/bno055) by extension 'ignore'
[1.297s] Level 1:colcon.colcon_core.package_identification:_identify(src/bno055) by extension 'ignore_ament_install'
[1.297s] Level 1:colcon.colcon_core.package_identification:_identify(src/bno055) by extensions ['colcon_pkg']
[1.297s] Level 1:colcon.colcon_core.package_identification:_identify(src/bno055) by extension 'colcon_pkg'
[1.297s] Level 1:colcon.colcon_core.package_identification:_identify(src/bno055) by extensions ['colcon_meta']
[1.297s] Level 1:colcon.colcon_core.package_identification:_identify(src/bno055) by extension 'colcon_meta'
[1.298s] Level 1:colcon.colcon_core.package_identification:_identify(src/bno055) by extensions ['ros']
[1.298s] Level 1:colcon.colcon_core.package_identification:_identify(src/bno055) by extension 'ros'
[1.306s] DEBUG:colcon.colcon_core.package_identification:Package 'src/bno055' with type 'ros.ament_python' and name 'bno055'
[1.307s] Level 1:colcon.colcon_core.package_identification:_identify(src/bringup_robot) by extensions ['ignore', 'ignore_ament_install']
[1.308s] Level 1:colcon.colcon_core.package_identification:_identify(src/bringup_robot) by extension 'ignore'
[1.308s] Level 1:colcon.colcon_core.package_identification:_identify(src/bringup_robot) by extension 'ignore_ament_install'
[1.308s] Level 1:colcon.colcon_core.package_identification:_identify(src/bringup_robot) by extensions ['colcon_pkg']
[1.308s] Level 1:colcon.colcon_core.package_identification:_identify(src/bringup_robot) by extension 'colcon_pkg'
[1.308s] Level 1:colcon.colcon_core.package_identification:_identify(src/bringup_robot) by extensions ['colcon_meta']
[1.308s] Level 1:colcon.colcon_core.package_identification:_identify(src/bringup_robot) by extension 'colcon_meta'
[1.309s] Level 1:colcon.colcon_core.package_identification:_identify(src/bringup_robot) by extensions ['ros']
[1.309s] Level 1:colcon.colcon_core.package_identification:_identify(src/bringup_robot) by extension 'ros'
[1.312s] DEBUG:colcon.colcon_core.package_identification:Package 'src/bringup_robot' with type 'ros.ament_cmake' and name 'bringup_robot'
[1.312s] Level 1:colcon.colcon_core.package_identification:_identify(src/joy) by extensions ['ignore', 'ignore_ament_install']
[1.313s] Level 1:colcon.colcon_core.package_identification:_identify(src/joy) by extension 'ignore'
[1.313s] Level 1:colcon.colcon_core.package_identification:_identify(src/joy) by extension 'ignore_ament_install'
[1.313s] Level 1:colcon.colcon_core.package_identification:_identify(src/joy) by extensions ['colcon_pkg']
[1.313s] Level 1:colcon.colcon_core.package_identification:_identify(src/joy) by extension 'colcon_pkg'
[1.313s] Level 1:colcon.colcon_core.package_identification:_identify(src/joy) by extensions ['colcon_meta']
[1.313s] Level 1:colcon.colcon_core.package_identification:_identify(src/joy) by extension 'colcon_meta'
[1.314s] Level 1:colcon.colcon_core.package_identification:_identify(src/joy) by extensions ['ros']
[1.314s] Level 1:colcon.colcon_core.package_identification:_identify(src/joy) by extension 'ros'
[1.317s] DEBUG:colcon.colcon_core.package_identification:Package 'src/joy' with type 'ros.ament_cmake' and name 'joy'
[1.318s] Level 1:colcon.colcon_core.package_identification:_identify(src/my_robot_controller) by extensions ['ignore', 'ignore_ament_install']
[1.318s] Level 1:colcon.colcon_core.package_identification:_identify(src/my_robot_controller) by extension 'ignore'
[1.318s] Level 1:colcon.colcon_core.package_identification:_identify(src/my_robot_controller) by extension 'ignore_ament_install'
[1.319s] Level 1:colcon.colcon_core.package_identification:_identify(src/my_robot_controller) by extensions ['colcon_pkg']
[1.319s] Level 1:colcon.colcon_core.package_identification:_identify(src/my_robot_controller) by extension 'colcon_pkg'
[1.319s] Level 1:colcon.colcon_core.package_identification:_identify(src/my_robot_controller) by extensions ['colcon_meta']
[1.319s] Level 1:colcon.colcon_core.package_identification:_identify(src/my_robot_controller) by extension 'colcon_meta'
[1.319s] Level 1:colcon.colcon_core.package_identification:_identify(src/my_robot_controller) by extensions ['ros']
[1.319s] Level 1:colcon.colcon_core.package_identification:_identify(src/my_robot_controller) by extension 'ros'
[1.323s] DEBUG:colcon.colcon_core.package_identification:Package 'src/my_robot_controller' with type 'ros.ament_python' and name 'my_robot_controller'
[1.323s] Level 1:colcon.colcon_core.package_identification:_identify(src/nexus) by extensions ['ignore', 'ignore_ament_install']
[1.324s] Level 1:colcon.colcon_core.package_identification:_identify(src/nexus) by extension 'ignore'
[1.324s] Level 1:colcon.colcon_core.package_identification:_identify(src/nexus) by extension 'ignore_ament_install'
[1.324s] Level 1:colcon.colcon_core.package_identification:_identify(src/nexus) by extensions ['colcon_pkg']
[1.324s] Level 1:colcon.colcon_core.package_identification:_identify(src/nexus) by extension 'colcon_pkg'
[1.324s] Level 1:colcon.colcon_core.package_identification:_identify(src/nexus) by extensions ['colcon_meta']
[1.325s] Level 1:colcon.colcon_core.package_identification:_identify(src/nexus) by extension 'colcon_meta'
[1.325s] Level 1:colcon.colcon_core.package_identification:_identify(src/nexus) by extensions ['ros']
[1.325s] Level 1:colcon.colcon_core.package_identification:_identify(src/nexus) by extension 'ros'
[1.327s] DEBUG:colcon.colcon_core.package_identification:Package 'src/nexus' with type 'ros.ament_cmake' and name 'nexus'
[1.328s] Level 1:colcon.colcon_core.package_identification:_identify(src/robot) by extensions ['ignore', 'ignore_ament_install']
[1.328s] Level 1:colcon.colcon_core.package_identification:_identify(src/robot) by extension 'ignore'
[1.328s] Level 1:colcon.colcon_core.package_identification:_identify(src/robot) by extension 'ignore_ament_install'
[1.329s] Level 1:colcon.colcon_core.package_identification:_identify(src/robot) by extensions ['colcon_pkg']
[1.329s] Level 1:colcon.colcon_core.package_identification:_identify(src/robot) by extension 'colcon_pkg'
[1.329s] Level 1:colcon.colcon_core.package_identification:_identify(src/robot) by extensions ['colcon_meta']
[1.329s] Level 1:colcon.colcon_core.package_identification:_identify(src/robot) by extension 'colcon_meta'
[1.329s] Level 1:colcon.colcon_core.package_identification:_identify(src/robot) by extensions ['ros']
[1.330s] Level 1:colcon.colcon_core.package_identification:_identify(src/robot) by extension 'ros'
[1.332s] DEBUG:colcon.colcon_core.package_identification:Package 'src/robot' with type 'ros.ament_python' and name 'robot'
[1.332s] Level 1:colcon.colcon_core.package_identification:_identify(src/rplidar_ros) by extensions ['ignore', 'ignore_ament_install']
[1.333s] Level 1:colcon.colcon_core.package_identification:_identify(src/rplidar_ros) by extension 'ignore'
[1.333s] Level 1:colcon.colcon_core.package_identification:_identify(src/rplidar_ros) by extension 'ignore_ament_install'
[1.333s] Level 1:colcon.colcon_core.package_identification:_identify(src/rplidar_ros) by extensions ['colcon_pkg']
[1.333s] Level 1:colcon.colcon_core.package_identification:_identify(src/rplidar_ros) by extension 'colcon_pkg'
[1.333s] Level 1:colcon.colcon_core.package_identification:_identify(src/rplidar_ros) by extensions ['colcon_meta']
[1.333s] Level 1:colcon.colcon_core.package_identification:_identify(src/rplidar_ros) by extension 'colcon_meta'
[1.334s] Level 1:colcon.colcon_core.package_identification:_identify(src/rplidar_ros) by extensions ['ros']
[1.334s] Level 1:colcon.colcon_core.package_identification:_identify(src/rplidar_ros) by extension 'ros'
[1.336s] DEBUG:colcon.colcon_core.package_identification:Package 'src/rplidar_ros' with type 'ros.ament_cmake' and name 'rplidar_ros'
[1.337s] Level 1:colcon.colcon_core.package_discovery:discover_packages(recursive) using defaults
[1.337s] Level 1:colcon.colcon_core.package_discovery:discover_packages(ignore) discover
[1.337s] Level 1:colcon.colcon_core.package_discovery:discover_packages(ignore) using defaults
[1.337s] Level 1:colcon.colcon_core.package_discovery:discover_packages(path) discover
[1.337s] Level 1:colcon.colcon_core.package_discovery:discover_packages(path) using defaults
[1.456s] INFO:colcon.colcon_core.package_selection:Skipping not selected package 'bno055' in 'src/bno055'
[1.456s] INFO:colcon.colcon_core.package_selection:Skipping not selected package 'joy' in 'src/joy'
[1.456s] INFO:colcon.colcon_core.package_selection:Skipping not selected package 'my_robot_controller' in 'src/my_robot_controller'
[1.457s] INFO:colcon.colcon_core.package_selection:Skipping not selected package 'robot' in 'src/robot'
[1.457s] INFO:colcon.colcon_core.package_selection:Skipping not selected package 'rplidar_ros' in 'src/rplidar_ros'
[1.457s] INFO:colcon.colcon_core.package_selection:Skipping not selected package 'bringup_robot' in 'src/bringup_robot'
[1.458s] Level 1:colcon.colcon_core.package_discovery:discover_packages(prefix_path) check parameters
[1.459s] Level 1:colcon.colcon_core.package_discovery:discover_packages(prefix_path) discover
[1.468s] DEBUG:colcon.colcon_installed_package_information.package_discovery:Found 6 installed packages in /home/divspanpi2/robo_ws/install
[1.478s] DEBUG:colcon.colcon_installed_package_information.package_discovery:Found 317 installed packages in /opt/ros/humble
[1.486s] Level 1:colcon.colcon_core.package_discovery:discover_packages(prefix_path) using defaults
[1.673s] Level 5:colcon.colcon_core.verb:set package 'nexus' build argument 'cmake_args' from command line to 'None'
[1.673s] Level 5:colcon.colcon_core.verb:set package 'nexus' build argument 'cmake_target' from command line to 'None'
[1.673s] Level 5:colcon.colcon_core.verb:set package 'nexus' build argument 'cmake_target_skip_unavailable' from command line to 'False'
[1.673s] Level 5:colcon.colcon_core.verb:set package 'nexus' build argument 'cmake_clean_cache' from command line to 'False'
[1.673s] Level 5:colcon.colcon_core.verb:set package 'nexus' build argument 'cmake_clean_first' from command line to 'False'
[1.674s] Level 5:colcon.colcon_core.verb:set package 'nexus' build argument 'cmake_force_configure' from command line to 'False'
[1.674s] Level 5:colcon.colcon_core.verb:set package 'nexus' build argument 'ament_cmake_args' from command line to 'None'
[1.674s] Level 5:colcon.colcon_core.verb:set package 'nexus' build argument 'catkin_cmake_args' from command line to 'None'
[1.674s] Level 5:colcon.colcon_core.verb:set package 'nexus' build argument 'catkin_skip_building_tests' from command line to 'False'
[1.674s] DEBUG:colcon.colcon_core.verb:Building package 'nexus' with the following arguments: {'ament_cmake_args': None, 'build_base': '/home/divspanpi2/robo_ws/build/nexus', 'catkin_cmake_args': None, 'catkin_skip_building_tests': False, 'cmake_args': None, 'cmake_clean_cache': False, 'cmake_clean_first': False, 'cmake_force_configure': False, 'cmake_target': None, 'cmake_target_skip_unavailable': False, 'install_base': '/home/divspanpi2/robo_ws/install/nexus', 'merge_install': False, 'path': '/home/divspanpi2/robo_ws/src/nexus', 'symlink_install': True, 'test_result_base': None}
[1.675s] INFO:colcon.colcon_core.executor:Executing jobs using 'parallel' executor
[1.678s] DEBUG:colcon.colcon_parallel_executor.executor.parallel:run_until_complete
[1.678s] INFO:colcon.colcon_ros.task.ament_cmake.build:Building ROS package in '/home/divspanpi2/robo_ws/src/nexus' with build type 'ament_cmake'
[1.679s] INFO:colcon.colcon_cmake.task.cmake.build:Building CMake package in '/home/divspanpi2/robo_ws/src/nexus'
[1.689s] INFO:colcon.colcon_core.plugin_system:Skipping extension 'colcon_core.shell.bat': Not used on non-Windows systems
[1.690s] INFO:colcon.colcon_core.shell:Skip shell extension 'powershell' for command environment: Not usable outside of PowerShell
[1.690s] DEBUG:colcon.colcon_core.shell:Skip shell extension 'dsv' for command environment
[1.734s] DEBUG:colcon.colcon_core.event_handler.log_command:Invoking command in '/home/divspanpi2/robo_ws/build/nexus': CMAKE_PREFIX_PATH=${CMAKE_PREFIX_PATH}:/home/divspanpi2/robo_ws/install/robot:/home/divspanpi2/robo_ws/install/bno055:/opt/ros/humble /usr/bin/cmake --build /home/divspanpi2/robo_ws/build/nexus -- -j4 -l4
[59.915s] DEBUG:colcon.colcon_core.event_handler.log_command:Invoked command in '/home/divspanpi2/robo_ws/build/nexus' returned '0': CMAKE_PREFIX_PATH=${CMAKE_PREFIX_PATH}:/home/divspanpi2/robo_ws/install/robot:/home/divspanpi2/robo_ws/install/bno055:/opt/ros/humble /usr/bin/cmake --build /home/divspanpi2/robo_ws/build/nexus -- -j4 -l4
[59.959s] DEBUG:colcon.colcon_core.event_handler.log_command:Invoking command in '/home/divspanpi2/robo_ws/build/nexus': CMAKE_PREFIX_PATH=${CMAKE_PREFIX_PATH}:/home/divspanpi2/robo_ws/install/robot:/home/divspanpi2/robo_ws/install/bno055:/opt/ros/humble /usr/bin/cmake --install /home/divspanpi2/robo_ws/build/nexus
[60.040s] Level 1:colcon.colcon_core.environment:create_environment_scripts_only(nexus)
[60.042s] DEBUG:colcon.colcon_core.event_handler.log_command:Invoked command in '/home/divspanpi2/robo_ws/build/nexus' returned '0': CMAKE_PREFIX_PATH=${CMAKE_PREFIX_PATH}:/home/divspanpi2/robo_ws/install/robot:/home/divspanpi2/robo_ws/install/bno055:/opt/ros/humble /usr/bin/cmake --install /home/divspanpi2/robo_ws/build/nexus
[60.055s] Level 1:colcon.colcon_core.environment:checking '/home/divspanpi2/robo_ws/install/nexus' for CMake module files
[60.059s] Level 1:colcon.colcon_core.environment:checking '/home/divspanpi2/robo_ws/install/nexus' for CMake config files
[60.061s] Level 1:colcon.colcon_core.shell:create_environment_hook('nexus', 'cmake_prefix_path')
[60.062s] INFO:colcon.colcon_core.shell:Creating environment hook '/home/divspanpi2/robo_ws/install/nexus/share/nexus/hook/cmake_prefix_path.ps1'
[60.065s] INFO:colcon.colcon_core.shell:Creating environment descriptor '/home/divspanpi2/robo_ws/install/nexus/share/nexus/hook/cmake_prefix_path.dsv'
[60.067s] INFO:colcon.colcon_core.shell:Creating environment hook '/home/divspanpi2/robo_ws/install/nexus/share/nexus/hook/cmake_prefix_path.sh'
[60.070s] Level 1:colcon.colcon_core.environment:checking '/home/divspanpi2/robo_ws/install/nexus/lib'
[60.071s] Level 1:colcon.colcon_core.environment:checking '/home/divspanpi2/robo_ws/install/nexus/bin'
[60.072s] Level 1:colcon.colcon_core.environment:checking '/home/divspanpi2/robo_ws/install/nexus/lib/pkgconfig/nexus.pc'
[60.072s] Level 1:colcon.colcon_core.environment:checking '/home/divspanpi2/robo_ws/install/nexus/lib/python3.10/site-packages'
[60.073s] Level 1:colcon.colcon_core.environment:checking '/home/divspanpi2/robo_ws/install/nexus/bin'
[60.074s] INFO:colcon.colcon_core.shell:Creating package script '/home/divspanpi2/robo_ws/install/nexus/share/nexus/package.ps1'
[60.078s] INFO:colcon.colcon_core.shell:Creating package descriptor '/home/divspanpi2/robo_ws/install/nexus/share/nexus/package.dsv'
[60.080s] INFO:colcon.colcon_core.shell:Creating package script '/home/divspanpi2/robo_ws/install/nexus/share/nexus/package.sh'
[60.083s] INFO:colcon.colcon_core.shell:Creating package script '/home/divspanpi2/robo_ws/install/nexus/share/nexus/package.bash'
[60.086s] INFO:colcon.colcon_core.shell:Creating package script '/home/divspanpi2/robo_ws/install/nexus/share/nexus/package.zsh'
[60.089s] Level 1:colcon.colcon_core.environment:create_file_with_runtime_dependencies(/home/divspanpi2/robo_ws/install/nexus/share/colcon-core/packages/nexus)
[60.092s] Level 1:colcon.colcon_core.environment:create_environment_scripts_only(nexus)
[60.093s] Level 1:colcon.colcon_core.environment:checking '/home/divspanpi2/robo_ws/install/nexus' for CMake module files
[60.095s] Level 1:colcon.colcon_core.environment:checking '/home/divspanpi2/robo_ws/install/nexus' for CMake config files
[60.098s] Level 1:colcon.colcon_core.shell:create_environment_hook('nexus', 'cmake_prefix_path')
[60.099s] INFO:colcon.colcon_core.shell:Creating environment hook '/home/divspanpi2/robo_ws/install/nexus/share/nexus/hook/cmake_prefix_path.ps1'
[60.101s] INFO:colcon.colcon_core.shell:Creating environment descriptor '/home/divspanpi2/robo_ws/install/nexus/share/nexus/hook/cmake_prefix_path.dsv'
[60.102s] INFO:colcon.colcon_core.shell:Creating environment hook '/home/divspanpi2/robo_ws/install/nexus/share/nexus/hook/cmake_prefix_path.sh'
[60.105s] Level 1:colcon.colcon_core.environment:checking '/home/divspanpi2/robo_ws/install/nexus/lib'
[60.106s] Level 1:colcon.colcon_core.environment:checking '/home/divspanpi2/robo_ws/install/nexus/bin'
[60.106s] Level 1:colcon.colcon_core.environment:checking '/home/divspanpi2/robo_ws/install/nexus/lib/pkgconfig/nexus.pc'
[60.107s] Level 1:colcon.colcon_core.environment:checking '/home/divspanpi2/robo_ws/install/nexus/lib/python3.10/site-packages'
[60.107s] Level 1:colcon.colcon_core.environment:checking '/home/divspanpi2/robo_ws/install/nexus/bin'
[60.108s] INFO:colcon.colcon_core.shell:Creating package script '/home/divspanpi2/robo_ws/install/nexus/share/nexus/package.ps1'
[60.111s] INFO:colcon.colcon_core.shell:Creating package descriptor '/home/divspanpi2/robo_ws/install/nexus/share/nexus/package.dsv'
[60.113s] INFO:colcon.colcon_core.shell:Creating package script '/home/divspanpi2/robo_ws/install/nexus/share/nexus/package.sh'
[60.116s] INFO:colcon.colcon_core.shell:Creating package script '/home/divspanpi2/robo_ws/install/nexus/share/nexus/package.bash'
[60.118s] INFO:colcon.colcon_core.shell:Creating package script '/home/divspanpi2/robo_ws/install/nexus/share/nexus/package.zsh'
[60.120s] Level 1:colcon.colcon_core.environment:create_file_with_runtime_dependencies(/home/divspanpi2/robo_ws/install/nexus/share/colcon-core/packages/nexus)
[60.121s] DEBUG:colcon.colcon_parallel_executor.executor.parallel:closing loop
[60.122s] DEBUG:colcon.colcon_parallel_executor.executor.parallel:loop closed
[60.123s] DEBUG:colcon.colcon_parallel_executor.executor.parallel:run_until_complete finished with '0'
[60.123s] DEBUG:colcon.colcon_core.event_reactor:joining thread
[60.146s] INFO:colcon.colcon_core.plugin_system:Skipping extension 'colcon_notification.desktop_notification.terminal_notifier': Not used on non-Darwin systems
[60.147s] INFO:colcon.colcon_core.plugin_system:Skipping extension 'colcon_notification.desktop_notification.win32': Not used on non-Windows systems
[60.147s] INFO:colcon.colcon_notification.desktop_notification:Sending desktop notification using 'notify2'
[60.182s] DEBUG:colcon.colcon_core.event_reactor:joined thread
[60.183s] INFO:colcon.colcon_core.shell:Creating prefix script '/home/divspanpi2/robo_ws/install/local_setup.ps1'
[60.187s] INFO:colcon.colcon_core.shell:Creating prefix util module '/home/divspanpi2/robo_ws/install/_local_setup_util_ps1.py'
[60.193s] INFO:colcon.colcon_core.shell:Creating prefix chain script '/home/divspanpi2/robo_ws/install/setup.ps1'
[60.199s] INFO:colcon.colcon_core.shell:Creating prefix script '/home/divspanpi2/robo_ws/install/local_setup.sh'
[60.202s] INFO:colcon.colcon_core.shell:Creating prefix util module '/home/divspanpi2/robo_ws/install/_local_setup_util_sh.py'
[60.204s] INFO:colcon.colcon_core.shell:Creating prefix chain script '/home/divspanpi2/robo_ws/install/setup.sh'
[60.210s] INFO:colcon.colcon_core.shell:Creating prefix script '/home/divspanpi2/robo_ws/install/local_setup.bash'
[60.212s] INFO:colcon.colcon_core.shell:Creating prefix chain script '/home/divspanpi2/robo_ws/install/setup.bash'
[60.217s] INFO:colcon.colcon_core.shell:Creating prefix script '/home/divspanpi2/robo_ws/install/local_setup.zsh'
[60.220s] INFO:colcon.colcon_core.shell:Creating prefix chain script '/home/divspanpi2/robo_ws/install/setup.zsh'
