[2.634s] Invoking command in '/home/divspanpi2/robo_ws/src/robot': PYTHONPATH=/home/divspanpi2/robo_ws/build/robot/prefix_override:/usr/lib/python3/dist-packages/colcon_core/task/python/colcon_distutils_commands:/home/divspanpi2/robo_ws/install/robot/lib/python3.10/site-packages:${PYTHONPATH} /usr/bin/python3 -W ignore:setup.py install is deprecated setup.py egg_info --egg-base ../../build/robot build --build-base /home/divspanpi2/robo_ws/build/robot/build install --record /home/divspanpi2/robo_ws/build/robot/install.log --single-version-externally-managed install_data
[3.682s] running egg_info
[3.685s] writing ../../build/robot/robot.egg-info/PKG-INFO
[3.686s] writing dependency_links to ../../build/robot/robot.egg-info/dependency_links.txt
[3.687s] writing entry points to ../../build/robot/robot.egg-info/entry_points.txt
[3.687s] writing requirements to ../../build/robot/robot.egg-info/requires.txt
[3.688s] writing top-level names to ../../build/robot/robot.egg-info/top_level.txt
[3.696s] reading manifest file '../../build/robot/robot.egg-info/SOURCES.txt'
[3.697s] adding license file 'LICENSE'
[3.700s] writing manifest file '../../build/robot/robot.egg-info/SOURCES.txt'
[3.700s] running build
[3.701s] running build_py
[3.701s] copying robot/node_main.py -> /home/divspanpi2/robo_ws/build/robot/build/lib/robot
[3.702s] copying robot/node_keyboard.py -> /home/divspanpi2/robo_ws/build/robot/build/lib/robot
[3.704s] running install
[3.705s] running install_lib
[3.709s] copying /home/divspanpi2/robo_ws/build/robot/build/lib/robot/node_main.py -> /home/divspanpi2/robo_ws/install/robot/lib/python3.10/site-packages/robot
[3.710s] copying /home/divspanpi2/robo_ws/build/robot/build/lib/robot/node_keyboard.py -> /home/divspanpi2/robo_ws/install/robot/lib/python3.10/site-packages/robot
[3.713s] byte-compiling /home/divspanpi2/robo_ws/install/robot/lib/python3.10/site-packages/robot/node_main.py to node_main.cpython-310.pyc
[3.716s] byte-compiling /home/divspanpi2/robo_ws/install/robot/lib/python3.10/site-packages/robot/node_serial.py to node_serial.cpython-310.pyc
[3.719s] byte-compiling /home/divspanpi2/robo_ws/install/robot/lib/python3.10/site-packages/robot/node_keyboard.py to node_keyboard.cpython-310.pyc
[3.721s] running install_data
[3.722s] running install_egg_info
[3.729s] removing '/home/divspanpi2/robo_ws/install/robot/lib/python3.10/site-packages/robot-0.0.0-py3.10.egg-info' (and everything under it)
[3.731s] Copying ../../build/robot/robot.egg-info to /home/divspanpi2/robo_ws/install/robot/lib/python3.10/site-packages/robot-0.0.0-py3.10.egg-info
[3.735s] running install_scripts
[3.815s] Installing node_keyboard script to /home/divspanpi2/robo_ws/install/robot/lib/robot
[3.815s] Installing node_serial script to /home/divspanpi2/robo_ws/install/robot/lib/robot
[3.817s] writing list of installed files to '/home/divspanpi2/robo_ws/build/robot/install.log'
[3.938s] Invoked command in '/home/divspanpi2/robo_ws/src/robot' returned '0': PYTHONPATH=/home/divspanpi2/robo_ws/build/robot/prefix_override:/usr/lib/python3/dist-packages/colcon_core/task/python/colcon_distutils_commands:/home/divspanpi2/robo_ws/install/robot/lib/python3.10/site-packages:${PYTHONPATH} /usr/bin/python3 -W ignore:setup.py install is deprecated setup.py egg_info --egg-base ../../build/robot build --build-base /home/divspanpi2/robo_ws/build/robot/build install --record /home/divspanpi2/robo_ws/build/robot/install.log --single-version-externally-managed install_data
