[5.139s] Invoking command in '/home/divspanpi2/robo_ws/src/robot': PYTHONPATH=/home/divspanpi2/robo_ws/build/robot/prefix_override:/usr/lib/python3/dist-packages/colcon_core/task/python/colcon_distutils_commands:/home/divspanpi2/robo_ws/install/robot/lib/python3.10/site-packages:${PYTHONPATH} /usr/bin/python3 -W ignore:setup.py install is deprecated setup.py egg_info --egg-base ../../build/robot build --build-base /home/divspanpi2/robo_ws/build/robot/build install --record /home/divspanpi2/robo_ws/build/robot/install.log --single-version-externally-managed install_data
[6.793s] running egg_info
[6.796s] writing ../../build/robot/robot.egg-info/PKG-INFO
[6.797s] writing dependency_links to ../../build/robot/robot.egg-info/dependency_links.txt
[6.799s] writing entry points to ../../build/robot/robot.egg-info/entry_points.txt
[6.800s] writing requirements to ../../build/robot/robot.egg-info/requires.txt
[6.801s] writing top-level names to ../../build/robot/robot.egg-info/top_level.txt
[6.809s] reading manifest file '../../build/robot/robot.egg-info/SOURCES.txt'
[6.811s] adding license file 'LICENSE'
[6.815s] writing manifest file '../../build/robot/robot.egg-info/SOURCES.txt'
[6.816s] running build
[6.817s] running build_py
[6.819s] running install
[6.823s] running install_lib
[6.827s] byte-compiling /home/divspanpi2/robo_ws/install/robot/lib/python3.10/site-packages/robot/node_serial.py to node_serial.cpython-310.pyc
[6.831s] running install_data
[6.832s] running install_egg_info
[6.840s] removing '/home/divspanpi2/robo_ws/install/robot/lib/python3.10/site-packages/robot-0.0.0-py3.10.egg-info' (and everything under it)
[6.841s] Copying ../../build/robot/robot.egg-info to /home/divspanpi2/robo_ws/install/robot/lib/python3.10/site-packages/robot-0.0.0-py3.10.egg-info
[6.847s] running install_scripts
[6.933s] Installing node_bno script to /home/divspanpi2/robo_ws/install/robot/lib/robot
[6.934s] Installing node_serial script to /home/divspanpi2/robo_ws/install/robot/lib/robot
[6.936s] writing list of installed files to '/home/divspanpi2/robo_ws/build/robot/install.log'
[7.067s] Invoked command in '/home/divspanpi2/robo_ws/src/robot' returned '0': PYTHONPATH=/home/divspanpi2/robo_ws/build/robot/prefix_override:/usr/lib/python3/dist-packages/colcon_core/task/python/colcon_distutils_commands:/home/divspanpi2/robo_ws/install/robot/lib/python3.10/site-packages:${PYTHONPATH} /usr/bin/python3 -W ignore:setup.py install is deprecated setup.py egg_info --egg-base ../../build/robot build --build-base /home/divspanpi2/robo_ws/build/robot/build install --record /home/divspanpi2/robo_ws/build/robot/install.log --single-version-externally-managed install_data
