[6.225s] Invoking command in '/home/divspanpi2/robo_ws/src/robot': PYTHONPATH=/home/divspanpi2/robo_ws/build/robot/prefix_override:/usr/lib/python3/dist-packages/colcon_core/task/python/colcon_distutils_commands:/home/divspanpi2/robo_ws/install/robot/lib/python3.10/site-packages:${PYTHONPATH} /usr/bin/python3 -W ignore:setup.py install is deprecated -W ignore:easy_install command is deprecated setup.py egg_info --egg-base ../../build/robot build --build-base /home/divspanpi2/robo_ws/build/robot/build install --record /home/divspanpi2/robo_ws/build/robot/install.log --single-version-externally-managed install_data
[8.100s] running egg_info
[8.104s] writing ../../build/robot/robot.egg-info/PKG-INFO
[8.105s] writing dependency_links to ../../build/robot/robot.egg-info/dependency_links.txt
[8.107s] writing entry points to ../../build/robot/robot.egg-info/entry_points.txt
[8.108s] writing requirements to ../../build/robot/robot.egg-info/requires.txt
[8.109s] writing top-level names to ../../build/robot/robot.egg-info/top_level.txt
[8.120s] reading manifest file '../../build/robot/robot.egg-info/SOURCES.txt'
[8.121s] adding license file 'LICENSE'
[8.125s] writing manifest file '../../build/robot/robot.egg-info/SOURCES.txt'
[8.127s] running build
[8.127s] running build_py
[8.129s] running install
[8.131s] running install_lib
[8.139s] byte-compiling /home/divspanpi2/robo_ws/install/robot/lib/python3.10/site-packages/robot/node_serial.py to node_serial.cpython-310.pyc
[8.145s] running install_data
[8.147s] running install_egg_info
[8.157s] removing '/home/divspanpi2/robo_ws/install/robot/lib/python3.10/site-packages/robot-0.0.0-py3.10.egg-info' (and everything under it)
[8.159s] Copying ../../build/robot/robot.egg-info to /home/divspanpi2/robo_ws/install/robot/lib/python3.10/site-packages/robot-0.0.0-py3.10.egg-info
[8.169s] running install_scripts
[8.274s] Installing node_bno script to /home/divspanpi2/robo_ws/install/robot/lib/robot
[8.275s] Installing node_serial script to /home/divspanpi2/robo_ws/install/robot/lib/robot
[8.277s] Installing save_imu script to /home/divspanpi2/robo_ws/install/robot/lib/robot
[8.279s] writing list of installed files to '/home/divspanpi2/robo_ws/build/robot/install.log'
[8.439s] Invoked command in '/home/divspanpi2/robo_ws/src/robot' returned '0': PYTHONPATH=/home/divspanpi2/robo_ws/build/robot/prefix_override:/usr/lib/python3/dist-packages/colcon_core/task/python/colcon_distutils_commands:/home/divspanpi2/robo_ws/install/robot/lib/python3.10/site-packages:${PYTHONPATH} /usr/bin/python3 -W ignore:setup.py install is deprecated -W ignore:easy_install command is deprecated setup.py egg_info --egg-base ../../build/robot build --build-base /home/divspanpi2/robo_ws/build/robot/build install --record /home/divspanpi2/robo_ws/build/robot/install.log --single-version-externally-managed install_data
