/home/divspanpi2/robo_ws/install/robot/lib/python3.10/site-packages/robot/save_odom.py
/home/divspanpi2/robo_ws/install/robot/lib/python3.10/site-packages/robot/save_imu.py
/home/divspanpi2/robo_ws/install/robot/lib/python3.10/site-packages/robot/__init__.py
/home/divspanpi2/robo_ws/install/robot/lib/python3.10/site-packages/robot/node_serial.py
/home/divspanpi2/robo_ws/install/robot/lib/python3.10/site-packages/robot/node_bno.py
/home/divspanpi2/robo_ws/install/robot/lib/python3.10/site-packages/robot/__pycache__/save_odom.cpython-310.pyc
/home/divspanpi2/robo_ws/install/robot/lib/python3.10/site-packages/robot/__pycache__/save_imu.cpython-310.pyc
/home/divspanpi2/robo_ws/install/robot/lib/python3.10/site-packages/robot/__pycache__/__init__.cpython-310.pyc
/home/divspanpi2/robo_ws/install/robot/lib/python3.10/site-packages/robot/__pycache__/node_serial.cpython-310.pyc
/home/divspanpi2/robo_ws/install/robot/lib/python3.10/site-packages/robot/__pycache__/node_bno.cpython-310.pyc
/home/divspanpi2/robo_ws/install/robot/share/ament_index/resource_index/packages/robot
/home/divspanpi2/robo_ws/install/robot/share/robot/package.xml
/home/divspanpi2/robo_ws/install/robot/lib/python3.10/site-packages/robot-0.0.0-py3.10.egg-info/zip-safe
/home/divspanpi2/robo_ws/install/robot/lib/python3.10/site-packages/robot-0.0.0-py3.10.egg-info/PKG-INFO
/home/divspanpi2/robo_ws/install/robot/lib/python3.10/site-packages/robot-0.0.0-py3.10.egg-info/top_level.txt
/home/divspanpi2/robo_ws/install/robot/lib/python3.10/site-packages/robot-0.0.0-py3.10.egg-info/requires.txt
/home/divspanpi2/robo_ws/install/robot/lib/python3.10/site-packages/robot-0.0.0-py3.10.egg-info/entry_points.txt
/home/divspanpi2/robo_ws/install/robot/lib/python3.10/site-packages/robot-0.0.0-py3.10.egg-info/dependency_links.txt
/home/divspanpi2/robo_ws/install/robot/lib/python3.10/site-packages/robot-0.0.0-py3.10.egg-info/SOURCES.txt
/home/divspanpi2/robo_ws/install/robot/lib/robot/node_bno
/home/divspanpi2/robo_ws/install/robot/lib/robot/node_serial
/home/divspanpi2/robo_ws/install/robot/lib/robot/save_imu
/home/divspanpi2/robo_ws/install/robot/lib/robot/save_odom
