[2.533s] DEBUG:colcon:Command line arguments: ['/usr/bin/colcon', 'list', '-p', '--base-paths', '/home/divspanpi2/robo_ws']
[2.535s] DEBUG:colcon:Parsed command line arguments: Namespace(log_base=None, log_level=None, verb_name='list', build_base='build', ignore_user_meta=False, metas=['./colcon.meta'], base_paths=['/home/divspanpi2/robo_ws'], packages_ignore=None, packages_ignore_regex=None, paths=None, packages_up_to=None, packages_up_to_regex=None, packages_above=None, packages_above_and_dependencies=None, packages_above_depth=None, packages_select_by_dep=None, packages_skip_by_dep=None, packages_skip_up_to=None, packages_select_build_failed=False, packages_skip_build_finished=False, packages_select_test_failures=False, packages_skip_test_passed=False, packages_select=None, packages_skip=None, packages_select_regex=None, packages_skip_regex=None, packages_start=None, packages_end=None, allow_overriding=[], topological_order=False, names_only=False, paths_only=True, topological_graph=False, topological_graph_dot=False, topological_graph_density=False, topological_graph_legend=False, topological_graph_dot_cluster=False, topological_graph_dot_include_skipped=False, verb_parser=<colcon_defaults.argument_parser.defaults.DefaultArgumentsDecorator object at 0xffffb3854fa0>, verb_extension=<colcon_package_information.verb.list.ListVerb object at 0xffffb39fc5b0>, main=<bound method ListVerb.main of <colcon_package_information.verb.list.ListVerb object at 0xffffb39fc5b0>>)
[5.801s] Level 1:colcon.colcon_core.package_discovery:discover_packages(colcon_meta) check parameters
[5.802s] Level 1:colcon.colcon_core.package_discovery:discover_packages(recursive) check parameters
[5.802s] Level 1:colcon.colcon_core.package_discovery:discover_packages(ignore) check parameters
[5.804s] Level 1:colcon.colcon_core.package_discovery:discover_packages(path) check parameters
[5.805s] Level 1:colcon.colcon_core.package_discovery:discover_packages(recursive) discover
[5.806s] INFO:colcon.colcon_core.package_discovery:Crawling recursively for packages in '/home/divspanpi2/robo_ws'
[5.807s] Level 1:colcon.colcon_core.package_identification:_identify(/home/divspanpi2/robo_ws) by extensions ['ignore', 'ignore_ament_install']
[5.809s] Level 1:colcon.colcon_core.package_identification:_identify(/home/divspanpi2/robo_ws) by extension 'ignore'
[5.809s] Level 1:colcon.colcon_core.package_identification:_identify(/home/divspanpi2/robo_ws) by extension 'ignore_ament_install'
[5.810s] Level 1:colcon.colcon_core.package_identification:_identify(/home/divspanpi2/robo_ws) by extensions ['colcon_pkg']
[5.811s] Level 1:colcon.colcon_core.package_identification:_identify(/home/divspanpi2/robo_ws) by extension 'colcon_pkg'
[5.811s] Level 1:colcon.colcon_core.package_identification:_identify(/home/divspanpi2/robo_ws) by extensions ['colcon_meta']
[5.812s] Level 1:colcon.colcon_core.package_identification:_identify(/home/divspanpi2/robo_ws) by extension 'colcon_meta'
[5.813s] Level 1:colcon.colcon_core.package_identification:_identify(/home/divspanpi2/robo_ws) by extensions ['ros']
[5.813s] Level 1:colcon.colcon_core.package_identification:_identify(/home/divspanpi2/robo_ws) by extension 'ros'
[5.887s] Level 1:colcon.colcon_core.package_identification:_identify(/home/divspanpi2/robo_ws) by extensions ['cmake', 'python']
[5.887s] Level 1:colcon.colcon_core.package_identification:_identify(/home/divspanpi2/robo_ws) by extension 'cmake'
[5.888s] Level 1:colcon.colcon_core.package_identification:_identify(/home/divspanpi2/robo_ws) by extension 'python'
[5.888s] Level 1:colcon.colcon_core.package_identification:_identify(/home/divspanpi2/robo_ws) by extensions ['python_setup_py']
[5.889s] Level 1:colcon.colcon_core.package_identification:_identify(/home/divspanpi2/robo_ws) by extension 'python_setup_py'
[5.889s] Level 1:colcon.colcon_core.package_identification:_identify(/home/divspanpi2/robo_ws/build) by extensions ['ignore', 'ignore_ament_install']
[5.890s] Level 1:colcon.colcon_core.package_identification:_identify(/home/divspanpi2/robo_ws/build) by extension 'ignore'
[5.891s] Level 1:colcon.colcon_core.package_identification:_identify(/home/divspanpi2/robo_ws/build) ignored
[5.892s] Level 1:colcon.colcon_core.package_identification:_identify(/home/divspanpi2/robo_ws/install) by extensions ['ignore', 'ignore_ament_install']
[5.893s] Level 1:colcon.colcon_core.package_identification:_identify(/home/divspanpi2/robo_ws/install) by extension 'ignore'
[5.894s] Level 1:colcon.colcon_core.package_identification:_identify(/home/divspanpi2/robo_ws/install) ignored
[5.895s] Level 1:colcon.colcon_core.package_identification:_identify(/home/divspanpi2/robo_ws/log) by extensions ['ignore', 'ignore_ament_install']
[5.895s] Level 1:colcon.colcon_core.package_identification:_identify(/home/divspanpi2/robo_ws/log) by extension 'ignore'
[5.896s] Level 1:colcon.colcon_core.package_identification:_identify(/home/divspanpi2/robo_ws/log) ignored
[5.897s] Level 1:colcon.colcon_core.package_identification:_identify(/home/divspanpi2/robo_ws/src) by extensions ['ignore', 'ignore_ament_install']
[5.898s] Level 1:colcon.colcon_core.package_identification:_identify(/home/divspanpi2/robo_ws/src) by extension 'ignore'
[5.899s] Level 1:colcon.colcon_core.package_identification:_identify(/home/divspanpi2/robo_ws/src) by extension 'ignore_ament_install'
[5.899s] Level 1:colcon.colcon_core.package_identification:_identify(/home/divspanpi2/robo_ws/src) by extensions ['colcon_pkg']
[5.900s] Level 1:colcon.colcon_core.package_identification:_identify(/home/divspanpi2/robo_ws/src) by extension 'colcon_pkg'
[5.900s] Level 1:colcon.colcon_core.package_identification:_identify(/home/divspanpi2/robo_ws/src) by extensions ['colcon_meta']
[5.901s] Level 1:colcon.colcon_core.package_identification:_identify(/home/divspanpi2/robo_ws/src) by extension 'colcon_meta'
[5.901s] Level 1:colcon.colcon_core.package_identification:_identify(/home/divspanpi2/robo_ws/src) by extensions ['ros']
[5.902s] Level 1:colcon.colcon_core.package_identification:_identify(/home/divspanpi2/robo_ws/src) by extension 'ros'
[5.902s] Level 1:colcon.colcon_core.package_identification:_identify(/home/divspanpi2/robo_ws/src) by extensions ['cmake', 'python']
[5.903s] Level 1:colcon.colcon_core.package_identification:_identify(/home/divspanpi2/robo_ws/src) by extension 'cmake'
[5.903s] Level 1:colcon.colcon_core.package_identification:_identify(/home/divspanpi2/robo_ws/src) by extension 'python'
[5.904s] Level 1:colcon.colcon_core.package_identification:_identify(/home/divspanpi2/robo_ws/src) by extensions ['python_setup_py']
[5.904s] Level 1:colcon.colcon_core.package_identification:_identify(/home/divspanpi2/robo_ws/src) by extension 'python_setup_py'
[5.905s] Level 1:colcon.colcon_core.package_identification:_identify(/home/divspanpi2/robo_ws/src/robot) by extensions ['ignore', 'ignore_ament_install']
[5.906s] Level 1:colcon.colcon_core.package_identification:_identify(/home/divspanpi2/robo_ws/src/robot) by extension 'ignore'
[5.907s] Level 1:colcon.colcon_core.package_identification:_identify(/home/divspanpi2/robo_ws/src/robot) by extension 'ignore_ament_install'
[5.908s] Level 1:colcon.colcon_core.package_identification:_identify(/home/divspanpi2/robo_ws/src/robot) by extensions ['colcon_pkg']
[5.908s] Level 1:colcon.colcon_core.package_identification:_identify(/home/divspanpi2/robo_ws/src/robot) by extension 'colcon_pkg'
[5.908s] Level 1:colcon.colcon_core.package_identification:_identify(/home/divspanpi2/robo_ws/src/robot) by extensions ['colcon_meta']
[5.909s] Level 1:colcon.colcon_core.package_identification:_identify(/home/divspanpi2/robo_ws/src/robot) by extension 'colcon_meta'
[5.910s] Level 1:colcon.colcon_core.package_identification:_identify(/home/divspanpi2/robo_ws/src/robot) by extensions ['ros']
[5.910s] Level 1:colcon.colcon_core.package_identification:_identify(/home/divspanpi2/robo_ws/src/robot) by extension 'ros'
[5.922s] DEBUG:colcon.colcon_core.package_identification:Package '/home/divspanpi2/robo_ws/src/robot' with type 'ros.ament_python' and name 'robot'
[5.923s] Level 1:colcon.colcon_core.package_discovery:discover_packages(recursive) using defaults
