[2.742s] Invoking command in '/home/divspanpi2/robo_ws/src/robot': PYTHONPATH=/home/divspanpi2/robo_ws/build/robot/prefix_override:/usr/lib/python3/dist-packages/colcon_core/task/python/colcon_distutils_commands:/home/divspanpi2/robo_ws/install/robot/lib/python3.10/site-packages:${PYTHONPATH} /usr/bin/python3 -W ignore:setup.py install is deprecated setup.py egg_info --egg-base ../../build/robot build --build-base /home/divspanpi2/robo_ws/build/robot/build install --record /home/divspanpi2/robo_ws/build/robot/install.log --single-version-externally-managed install_data
[3.837s] running egg_info
[3.839s] writing ../../build/robot/robot.egg-info/PKG-INFO
[3.840s] writing dependency_links to ../../build/robot/robot.egg-info/dependency_links.txt
[3.841s] writing entry points to ../../build/robot/robot.egg-info/entry_points.txt
[3.842s] writing requirements to ../../build/robot/robot.egg-info/requires.txt
[3.842s] writing top-level names to ../../build/robot/robot.egg-info/top_level.txt
[3.850s] reading manifest file '../../build/robot/robot.egg-info/SOURCES.txt'
[3.852s] adding license file 'LICENSE'
[3.855s] writing manifest file '../../build/robot/robot.egg-info/SOURCES.txt'
[3.855s] running build
[3.856s] running build_py
[3.856s] copying robot/save_imu.py -> /home/divspanpi2/robo_ws/build/robot/build/lib/robot
[3.858s] running install
[3.860s] running install_lib
[3.863s] copying /home/divspanpi2/robo_ws/build/robot/build/lib/robot/save_imu.py -> /home/divspanpi2/robo_ws/install/robot/lib/python3.10/site-packages/robot
[3.867s] byte-compiling /home/divspanpi2/robo_ws/install/robot/lib/python3.10/site-packages/robot/save_imu.py to save_imu.cpython-310.pyc
[3.870s] byte-compiling /home/divspanpi2/robo_ws/install/robot/lib/python3.10/site-packages/robot/node_serial.py to node_serial.cpython-310.pyc
[3.875s] running install_data
[3.876s] running install_egg_info
[3.883s] removing '/home/divspanpi2/robo_ws/install/robot/lib/python3.10/site-packages/robot-0.0.0-py3.10.egg-info' (and everything under it)
[3.885s] Copying ../../build/robot/robot.egg-info to /home/divspanpi2/robo_ws/install/robot/lib/python3.10/site-packages/robot-0.0.0-py3.10.egg-info
[3.889s] running install_scripts
[3.971s] Installing node_bno script to /home/divspanpi2/robo_ws/install/robot/lib/robot
[3.972s] Installing node_serial script to /home/divspanpi2/robo_ws/install/robot/lib/robot
[3.973s] Installing save_imu script to /home/divspanpi2/robo_ws/install/robot/lib/robot
[3.975s] writing list of installed files to '/home/divspanpi2/robo_ws/build/robot/install.log'
[4.099s] Invoked command in '/home/divspanpi2/robo_ws/src/robot' returned '0': PYTHONPATH=/home/divspanpi2/robo_ws/build/robot/prefix_override:/usr/lib/python3/dist-packages/colcon_core/task/python/colcon_distutils_commands:/home/divspanpi2/robo_ws/install/robot/lib/python3.10/site-packages:${PYTHONPATH} /usr/bin/python3 -W ignore:setup.py install is deprecated setup.py egg_info --egg-base ../../build/robot build --build-base /home/divspanpi2/robo_ws/build/robot/build install --record /home/divspanpi2/robo_ws/build/robot/install.log --single-version-externally-managed install_data
