[0.044s] Invoking command in '/home/divspanpi2/robo_ws/build/nexus': /usr/bin/cmake /home/divspanpi2/robo_ws/src/nexus -DCMAKE_INSTALL_PREFIX=/home/divspanpi2/robo_ws/install/nexus
[0.352s] -- The C compiler identification is GNU 11.4.0
[0.627s] -- The CXX compiler identification is GNU 11.4.0
[0.671s] -- Detecting C compiler ABI info
[1.017s] -- Detecting C compiler ABI info - done
[1.044s] -- Check for working C compiler: /usr/bin/cc - skipped
[1.047s] -- Detecting C compile features
[1.050s] -- Detecting C compile features - done
[1.065s] -- Detecting CXX compiler ABI info
[1.427s] -- Detecting CXX compiler ABI info - done
[1.452s] -- Check for working CXX compiler: /usr/bin/c++ - skipped
[1.453s] -- Detecting CXX compile features
[1.455s] -- Detecting CXX compile features - done
[1.492s] -- Found ament_cmake: 1.3.10 (/opt/ros/humble/share/ament_cmake/cmake)
[2.300s] -- Found Python3: /usr/bin/python3 (found version "3.10.12") found components: Interpreter 
[3.062s] -- Found rclcpp: 16.0.10 (/opt/ros/humble/share/rclcpp/cmake)
[3.612s] -- Found rosidl_generator_c: 3.1.5 (/opt/ros/humble/share/rosidl_generator_c/cmake)
[3.681s] -- Found rosidl_adapter: 3.1.5 (/opt/ros/humble/share/rosidl_adapter/cmake)
[3.804s] -- Found rosidl_generator_cpp: 3.1.5 (/opt/ros/humble/share/rosidl_generator_cpp/cmake)
[3.940s] -- Using all available rosidl_typesupport_c: rosidl_typesupport_fastrtps_c;rosidl_typesupport_introspection_c
[4.096s] -- Using all available rosidl_typesupport_cpp: rosidl_typesupport_fastrtps_cpp;rosidl_typesupport_introspection_cpp
[4.568s] -- Found rmw_implementation_cmake: 6.1.2 (/opt/ros/humble/share/rmw_implementation_cmake/cmake)
[4.607s] -- Found rmw_fastrtps_cpp: 6.2.7 (/opt/ros/humble/share/rmw_fastrtps_cpp/cmake)
[5.318s] -- Found OpenSSL: /usr/lib/aarch64-linux-gnu/libcrypto.so (found version "3.0.2")  
[5.600s] -- Found FastRTPS: /opt/ros/humble/include  
[6.038s] -- Using RMW implementation 'rmw_fastrtps_cpp' as default
[6.153s] -- Looking for pthread.h
[6.503s] -- Looking for pthread.h - found
[6.506s] -- Performing Test CMAKE_HAVE_LIBC_PTHREAD
[6.852s] -- Performing Test CMAKE_HAVE_LIBC_PTHREAD - Success
[6.856s] -- Found Threads: TRUE  
[7.264s] -- Found sensor_msgs: 4.2.4 (/opt/ros/humble/share/sensor_msgs/cmake)
[7.714s] Error parsing '/home/divspanpi2/robo_ws/src/nexus/package.xml':
[7.938s] Traceback (most recent call last):
[7.938s]   File "/opt/ros/humble/share/ament_cmake_core/cmake/core/package_xml_2_cmake.py", line 150, in <module>
[7.939s]     main()
[7.939s]   File "/opt/ros/humble/share/ament_cmake_core/cmake/core/package_xml_2_cmake.py", line 53, in main
[7.939s]     raise e
[7.939s]   File "/opt/ros/humble/share/ament_cmake_core/cmake/core/package_xml_2_cmake.py", line 49, in main
[7.940s]     package = parse_package_string(
[7.940s]   File "/usr/lib/python3/dist-packages/catkin_pkg/package.py", line 786, in parse_package_string
[7.944s]     raise InvalidPackage('Error(s):%s' % (''.join(['\n- %s' % e for e in errors])), filename)
[7.945s] catkin_pkg.package.InvalidPackage: Error(s) in package '/home/divspanpi2/robo_ws/src/nexus/package.xml':
[7.947s] Error(s):
[7.949s] - The generic dependency on 'rclcpp' is redundant with: build_depend, exec_depend
[7.950s] - The generic dependency on 'sensor_msgs' is redundant with: build_depend, exec_depend
[7.953s] - The generic dependency on 'std_msgs' is redundant with: build_depend, exec_depend
[8.033s] [31mCMake Error at /opt/ros/humble/share/ament_cmake_core/cmake/core/ament_package_xml.cmake:95 (message):
[8.034s]   execute_process(/usr/bin/python3
[8.034s]   /opt/ros/humble/share/ament_cmake_core/cmake/core/package_xml_2_cmake.py
[8.035s]   /home/divspanpi2/robo_ws/src/nexus/package.xml
[8.035s]   /home/divspanpi2/robo_ws/build/nexus/ament_cmake_core/package.cmake)
[8.035s]   returned error code 1
[8.036s] Call Stack (most recent call first):
[8.036s]   /opt/ros/humble/share/ament_cmake_core/cmake/core/ament_package_xml.cmake:49 (_ament_package_xml)
[8.036s]   /opt/ros/humble/share/ament_cmake_core/cmake/core/ament_package.cmake:63 (ament_package_xml)
[8.037s]   CMakeLists.txt:25 (ament_package)
[8.037s] 
[8.037s] [0m
[8.038s] -- Configuring incomplete, errors occurred!
[8.038s] See also "/home/divspanpi2/robo_ws/build/nexus/CMakeFiles/CMakeOutput.log".
[8.079s] Invoked command in '/home/divspanpi2/robo_ws/build/nexus' returned '1': /usr/bin/cmake /home/divspanpi2/robo_ws/src/nexus -DCMAKE_INSTALL_PREFIX=/home/divspanpi2/robo_ws/install/nexus
