[3.840s] Invoking command in '/home/divspanpi2/robo_ws/src/robot': PYTHONPATH=/home/divspanpi2/robo_ws/build/robot/prefix_override:/usr/lib/python3/dist-packages/colcon_core/task/python/colcon_distutils_commands:/home/divspanpi2/robo_ws/install/robot/lib/python3.10/site-packages:${PYTHONPATH} /usr/bin/python3 -W ignore:setup.py install is deprecated -W ignore:easy_install command is deprecated setup.py egg_info --egg-base ../../build/robot build --build-base /home/divspanpi2/robo_ws/build/robot/build install --record /home/divspanpi2/robo_ws/build/robot/install.log --single-version-externally-managed install_data
[5.148s] running egg_info
[5.150s] writing ../../build/robot/robot.egg-info/PKG-INFO
[5.154s] writing dependency_links to ../../build/robot/robot.egg-info/dependency_links.txt
[5.155s] writing entry points to ../../build/robot/robot.egg-info/entry_points.txt
[5.156s] writing requirements to ../../build/robot/robot.egg-info/requires.txt
[5.157s] writing top-level names to ../../build/robot/robot.egg-info/top_level.txt
[5.168s] reading manifest file '../../build/robot/robot.egg-info/SOURCES.txt'
[5.174s] adding license file 'LICENSE'
[5.176s] writing manifest file '../../build/robot/robot.egg-info/SOURCES.txt'
[5.177s] running build
[5.177s] running build_py
[5.182s] running install
[5.187s] running install_lib
[5.192s] byte-compiling /home/divspanpi2/robo_ws/install/robot/lib/python3.10/site-packages/robot/save_odom.py to save_odom.cpython-310.pyc
[5.198s] byte-compiling /home/divspanpi2/robo_ws/install/robot/lib/python3.10/site-packages/robot/save_imu.py to save_imu.cpython-310.pyc
[5.202s] byte-compiling /home/divspanpi2/robo_ws/install/robot/lib/python3.10/site-packages/robot/lidar.py to lidar.cpython-310.pyc
[5.207s] byte-compiling /home/divspanpi2/robo_ws/install/robot/lib/python3.10/site-packages/robot/node_serial.py to node_serial.cpython-310.pyc
[5.212s] byte-compiling /home/divspanpi2/robo_ws/install/robot/lib/python3.10/site-packages/robot/node_bno.py to node_bno.cpython-310.pyc
[5.215s] running install_data
[5.216s] running install_egg_info
[5.225s] removing '/home/divspanpi2/robo_ws/install/robot/lib/python3.10/site-packages/robot-0.0.0-py3.10.egg-info' (and everything under it)
[5.227s] Copying ../../build/robot/robot.egg-info to /home/divspanpi2/robo_ws/install/robot/lib/python3.10/site-packages/robot-0.0.0-py3.10.egg-info
[5.235s] running install_scripts
[5.324s] Installing node_bno script to /home/divspanpi2/robo_ws/install/robot/lib/robot
[5.325s] Installing node_serial script to /home/divspanpi2/robo_ws/install/robot/lib/robot
[5.325s] Installing save_imu script to /home/divspanpi2/robo_ws/install/robot/lib/robot
[5.326s] Installing save_odom script to /home/divspanpi2/robo_ws/install/robot/lib/robot
[5.328s] writing list of installed files to '/home/divspanpi2/robo_ws/build/robot/install.log'
[5.459s] Invoked command in '/home/divspanpi2/robo_ws/src/robot' returned '0': PYTHONPATH=/home/divspanpi2/robo_ws/build/robot/prefix_override:/usr/lib/python3/dist-packages/colcon_core/task/python/colcon_distutils_commands:/home/divspanpi2/robo_ws/install/robot/lib/python3.10/site-packages:${PYTHONPATH} /usr/bin/python3 -W ignore:setup.py install is deprecated -W ignore:easy_install command is deprecated setup.py egg_info --egg-base ../../build/robot build --build-base /home/divspanpi2/robo_ws/build/robot/build install --record /home/divspanpi2/robo_ws/build/robot/install.log --single-version-externally-managed install_data
