[1.317s] Invoking command in '/home/divspanpi2/robo_ws/build/nexus': CMAKE_PREFIX_PATH=${CMAKE_PREFIX_PATH}:/home/divspanpi2/robo_ws/install/robot:/home/divspanpi2/robo_ws/install/bno055:/opt/ros/humble /usr/bin/cmake --build /home/divspanpi2/robo_ws/build/nexus -- -j4 -l4
[1.801s] [35m[1mConsolidate compiler generated dependencies of target main_node[0m
[1.840s] [35m[1mConsolidate compiler generated dependencies of target icp_node[0m
[1.848s] gmake[2]: Warning: File '/home/divspanpi2/robo_ws/src/nexus/src/main.cpp' has modification time 25186 s in the future
[1.904s] [ 25%] [32mBuilding CXX object CMakeFiles/main_node.dir/src/main.cpp.o[0m
[2.687s] [ 75%] Built target icp_node
[14.592s] [01m[K/home/divspanpi2/robo_ws/src/nexus/src/main.cpp:[m[K In member function ‘[01m[Kvoid MainNode::wheel_twist_callback(std_msgs::msg::Float32MultiArray_<std::allocator<void> >::SharedPtr)[m[K’:
[14.592s] [01m[K/home/divspanpi2/robo_ws/src/nexus/src/main.cpp:51:11:[m[K [01;35m[Kwarning: [m[Kunused variable ‘[01m[KRadius[m[K’ [[01;35m[K]8;;https://gcc.gnu.org/onlinedocs/gcc/Warning-Options.html#index-Wunused-variable-Wunused-variable]8;;[m[K]
[14.592s]    51 |     float [01;35m[KRadius[m[K = 0.175; // 175 mm in meters
[14.593s]       |           [01;35m[K^~~~~~[m[K
[62.218s] [100%] [32m[1mLinking CXX executable main_node[0m
[65.507s] gmake[2]: warning:  Clock skew detected.  Your build may be incomplete.
[65.541s] [100%] Built target main_node
[65.582s] Invoked command in '/home/divspanpi2/robo_ws/build/nexus' returned '0': CMAKE_PREFIX_PATH=${CMAKE_PREFIX_PATH}:/home/divspanpi2/robo_ws/install/robot:/home/divspanpi2/robo_ws/install/bno055:/opt/ros/humble /usr/bin/cmake --build /home/divspanpi2/robo_ws/build/nexus -- -j4 -l4
[65.737s] Invoking command in '/home/divspanpi2/robo_ws/build/nexus': CMAKE_PREFIX_PATH=${CMAKE_PREFIX_PATH}:/home/divspanpi2/robo_ws/install/robot:/home/divspanpi2/robo_ws/install/bno055:/opt/ros/humble /usr/bin/cmake --install /home/divspanpi2/robo_ws/build/nexus
[65.769s] -- Install configuration: ""
[65.774s] -- Installing: /home/divspanpi2/robo_ws/install/nexus/lib/nexus/main_node
[65.828s] -- Set runtime path of "/home/divspanpi2/robo_ws/install/nexus/lib/nexus/main_node" to ""
[65.833s] -- Up-to-date: /home/divspanpi2/robo_ws/install/nexus/lib/nexus/icp_node
[65.834s] -- Up-to-date: /home/divspanpi2/robo_ws/install/nexus/share/ament_index/resource_index/package_run_dependencies/nexus
[65.836s] -- Up-to-date: /home/divspanpi2/robo_ws/install/nexus/share/ament_index/resource_index/parent_prefix_path/nexus
[65.836s] -- Installing: /home/divspanpi2/robo_ws/install/nexus/share/nexus/environment/ament_prefix_path.sh
[65.837s] -- Up-to-date: /home/divspanpi2/robo_ws/install/nexus/share/nexus/environment/ament_prefix_path.dsv
[65.838s] -- Installing: /home/divspanpi2/robo_ws/install/nexus/share/nexus/environment/path.sh
[65.839s] -- Up-to-date: /home/divspanpi2/robo_ws/install/nexus/share/nexus/environment/path.dsv
[65.839s] -- Up-to-date: /home/divspanpi2/robo_ws/install/nexus/share/nexus/local_setup.bash
[65.840s] -- Up-to-date: /home/divspanpi2/robo_ws/install/nexus/share/nexus/local_setup.sh
[65.840s] -- Up-to-date: /home/divspanpi2/robo_ws/install/nexus/share/nexus/local_setup.zsh
[65.841s] -- Up-to-date: /home/divspanpi2/robo_ws/install/nexus/share/nexus/local_setup.dsv
[65.841s] -- Installing: /home/divspanpi2/robo_ws/install/nexus/share/nexus/package.dsv
[65.843s] -- Up-to-date: /home/divspanpi2/robo_ws/install/nexus/share/ament_index/resource_index/packages/nexus
[65.844s] -- Up-to-date: /home/divspanpi2/robo_ws/install/nexus/share/nexus/cmake/nexusConfig.cmake
[65.845s] -- Up-to-date: /home/divspanpi2/robo_ws/install/nexus/share/nexus/cmake/nexusConfig-version.cmake
[65.846s] -- Up-to-date: /home/divspanpi2/robo_ws/install/nexus/share/nexus/package.xml
[65.854s] Invoked command in '/home/divspanpi2/robo_ws/build/nexus' returned '0': CMAKE_PREFIX_PATH=${CMAKE_PREFIX_PATH}:/home/divspanpi2/robo_ws/install/robot:/home/divspanpi2/robo_ws/install/bno055:/opt/ros/humble /usr/bin/cmake --install /home/divspanpi2/robo_ws/build/nexus
