[0.060s] Invoking command in '/home/divspanpi2/robo_ws/build/nexus': CMAKE_PREFIX_PATH=${CMAKE_PREFIX_PATH}:/home/divspanpi2/robo_ws/install/robot:/home/divspanpi2/robo_ws/install/my_robot_controller:/home/divspanpi2/robo_ws/install/bno055:/opt/ros/humble /usr/bin/cmake --build /home/divspanpi2/robo_ws/build/nexus -- -j4 -l4
[0.327s] [ 25%] [32mBuilding CXX object CMakeFiles/main_node.dir/src/main.cpp.o[0m
[0.383s] [ 75%] Built target icp_node
[60.988s] [100%] [32m[1mLinking CXX executable main_node[0m
[64.657s] [100%] Built target main_node
[64.715s] Invoked command in '/home/divspanpi2/robo_ws/build/nexus' returned '0': CMAKE_PREFIX_PATH=${CMAKE_PREFIX_PATH}:/home/divspanpi2/robo_ws/install/robot:/home/divspanpi2/robo_ws/install/my_robot_controller:/home/divspanpi2/robo_ws/install/bno055:/opt/ros/humble /usr/bin/cmake --build /home/divspanpi2/robo_ws/build/nexus -- -j4 -l4
[64.761s] Invoking command in '/home/divspanpi2/robo_ws/build/nexus': CMAKE_PREFIX_PATH=${CMAKE_PREFIX_PATH}:/home/divspanpi2/robo_ws/install/robot:/home/divspanpi2/robo_ws/install/my_robot_controller:/home/divspanpi2/robo_ws/install/bno055:/opt/ros/humble /usr/bin/cmake --install /home/divspanpi2/robo_ws/build/nexus
[64.790s] -- Install configuration: ""
[64.793s] -- Execute custom install script
[64.794s] -- Up-to-date symlink: /home/divspanpi2/robo_ws/install/nexus/lib/nexus/main_node
[64.795s] -- Up-to-date symlink: /home/divspanpi2/robo_ws/install/nexus/lib/nexus/icp_node
[64.797s] -- Up-to-date symlink: /home/divspanpi2/robo_ws/install/nexus/share/ament_index/resource_index/package_run_dependencies/nexus
[64.798s] -- Up-to-date symlink: /home/divspanpi2/robo_ws/install/nexus/share/ament_index/resource_index/parent_prefix_path/nexus
[64.799s] -- Up-to-date symlink: /home/divspanpi2/robo_ws/install/nexus/share/nexus/environment/ament_prefix_path.sh
[64.801s] -- Up-to-date symlink: /home/divspanpi2/robo_ws/install/nexus/share/nexus/environment/ament_prefix_path.dsv
[64.802s] -- Up-to-date symlink: /home/divspanpi2/robo_ws/install/nexus/share/nexus/environment/path.sh
[64.803s] -- Up-to-date symlink: /home/divspanpi2/robo_ws/install/nexus/share/nexus/environment/path.dsv
[64.804s] -- Up-to-date symlink: /home/divspanpi2/robo_ws/install/nexus/share/nexus/local_setup.bash
[64.806s] -- Up-to-date symlink: /home/divspanpi2/robo_ws/install/nexus/share/nexus/local_setup.sh
[64.807s] -- Up-to-date symlink: /home/divspanpi2/robo_ws/install/nexus/share/nexus/local_setup.zsh
[64.808s] -- Up-to-date symlink: /home/divspanpi2/robo_ws/install/nexus/share/nexus/local_setup.dsv
[64.809s] -- Symlinking: /home/divspanpi2/robo_ws/install/nexus/share/nexus/package.dsv
[64.848s] -- Up-to-date symlink: /home/divspanpi2/robo_ws/install/nexus/share/ament_index/resource_index/packages/nexus
[64.849s] -- Up-to-date symlink: /home/divspanpi2/robo_ws/install/nexus/share/nexus/cmake/nexusConfig.cmake
[64.850s] -- Up-to-date symlink: /home/divspanpi2/robo_ws/install/nexus/share/nexus/cmake/nexusConfig-version.cmake
[64.851s] -- Up-to-date symlink: /home/divspanpi2/robo_ws/install/nexus/share/nexus/package.xml
[64.858s] Invoked command in '/home/divspanpi2/robo_ws/build/nexus' returned '0': CMAKE_PREFIX_PATH=${CMAKE_PREFIX_PATH}:/home/divspanpi2/robo_ws/install/robot:/home/divspanpi2/robo_ws/install/my_robot_controller:/home/divspanpi2/robo_ws/install/bno055:/opt/ros/humble /usr/bin/cmake --install /home/divspanpi2/robo_ws/build/nexus
