[3.436s] Invoking command in '/home/divspanpi2/robo_ws/src/robot': PYTHONPATH=/home/divspanpi2/robo_ws/build/robot/prefix_override:/usr/lib/python3/dist-packages/colcon_core/task/python/colcon_distutils_commands:/home/divspanpi2/robo_ws/install/robot/lib/python3.10/site-packages:${PYTHONPATH} /usr/bin/python3 -W ignore:setup.py install is deprecated -W ignore:easy_install command is deprecated setup.py egg_info --egg-base ../../build/robot build --build-base /home/divspanpi2/robo_ws/build/robot/build install --record /home/divspanpi2/robo_ws/build/robot/install.log --single-version-externally-managed install_data
[4.667s] running egg_info
[4.670s] writing ../../build/robot/robot.egg-info/PKG-INFO
[4.675s] writing dependency_links to ../../build/robot/robot.egg-info/dependency_links.txt
[4.676s] writing entry points to ../../build/robot/robot.egg-info/entry_points.txt
[4.677s] writing requirements to ../../build/robot/robot.egg-info/requires.txt
[4.678s] writing top-level names to ../../build/robot/robot.egg-info/top_level.txt
[4.689s] reading manifest file '../../build/robot/robot.egg-info/SOURCES.txt'
[4.691s] adding license file 'LICENSE'
[4.694s] writing manifest file '../../build/robot/robot.egg-info/SOURCES.txt'
[4.694s] running build
[4.695s] running build_py
[4.697s] copying robot/save_odom.py -> /home/divspanpi2/robo_ws/build/robot/build/lib/robot
[4.698s] copying robot/save_imu.py -> /home/divspanpi2/robo_ws/build/robot/build/lib/robot
[4.700s] copying robot/node_serial.py -> /home/divspanpi2/robo_ws/build/robot/build/lib/robot
[4.702s] copying robot/node_bno.py -> /home/divspanpi2/robo_ws/build/robot/build/lib/robot
[4.704s] running install
[4.705s] running install_lib
[4.709s] copying /home/divspanpi2/robo_ws/build/robot/build/lib/robot/save_odom.py -> /home/divspanpi2/robo_ws/install/robot/lib/python3.10/site-packages/robot
[4.711s] copying /home/divspanpi2/robo_ws/build/robot/build/lib/robot/save_imu.py -> /home/divspanpi2/robo_ws/install/robot/lib/python3.10/site-packages/robot
[4.713s] copying /home/divspanpi2/robo_ws/build/robot/build/lib/robot/node_serial.py -> /home/divspanpi2/robo_ws/install/robot/lib/python3.10/site-packages/robot
[4.714s] copying /home/divspanpi2/robo_ws/build/robot/build/lib/robot/node_bno.py -> /home/divspanpi2/robo_ws/install/robot/lib/python3.10/site-packages/robot
[4.717s] byte-compiling /home/divspanpi2/robo_ws/install/robot/lib/python3.10/site-packages/robot/save_odom.py to save_odom.cpython-310.pyc
[4.720s] byte-compiling /home/divspanpi2/robo_ws/install/robot/lib/python3.10/site-packages/robot/save_imu.py to save_imu.cpython-310.pyc
[4.723s] byte-compiling /home/divspanpi2/robo_ws/install/robot/lib/python3.10/site-packages/robot/node_serial.py to node_serial.cpython-310.pyc
[4.728s] byte-compiling /home/divspanpi2/robo_ws/install/robot/lib/python3.10/site-packages/robot/node_bno.py to node_bno.cpython-310.pyc
[4.731s] running install_data
[4.732s] running install_egg_info
[4.740s] removing '/home/divspanpi2/robo_ws/install/robot/lib/python3.10/site-packages/robot-0.0.0-py3.10.egg-info' (and everything under it)
[4.742s] Copying ../../build/robot/robot.egg-info to /home/divspanpi2/robo_ws/install/robot/lib/python3.10/site-packages/robot-0.0.0-py3.10.egg-info
[4.750s] running install_scripts
[4.835s] Installing node_bno script to /home/divspanpi2/robo_ws/install/robot/lib/robot
[4.836s] Installing node_serial script to /home/divspanpi2/robo_ws/install/robot/lib/robot
[4.837s] Installing save_imu script to /home/divspanpi2/robo_ws/install/robot/lib/robot
[4.838s] Installing save_odom script to /home/divspanpi2/robo_ws/install/robot/lib/robot
[4.840s] writing list of installed files to '/home/divspanpi2/robo_ws/build/robot/install.log'
[4.965s] Invoked command in '/home/divspanpi2/robo_ws/src/robot' returned '0': PYTHONPATH=/home/divspanpi2/robo_ws/build/robot/prefix_override:/usr/lib/python3/dist-packages/colcon_core/task/python/colcon_distutils_commands:/home/divspanpi2/robo_ws/install/robot/lib/python3.10/site-packages:${PYTHONPATH} /usr/bin/python3 -W ignore:setup.py install is deprecated -W ignore:easy_install command is deprecated setup.py egg_info --egg-base ../../build/robot build --build-base /home/divspanpi2/robo_ws/build/robot/build install --record /home/divspanpi2/robo_ws/build/robot/install.log --single-version-externally-managed install_data
