[2.797s] Invoking command in '/home/divspanpi2/robo_ws/src/my_robot_controller': PYTHONPATH=/home/divspanpi2/robo_ws/build/my_robot_controller/prefix_override:/usr/lib/python3/dist-packages/colcon_core/task/python/colcon_distutils_commands:/home/divspanpi2/robo_ws/install/my_robot_controller/lib/python3.10/site-packages:${PYTHONPATH} /usr/bin/python3 -W ignore:setup.py install is deprecated -W ignore:easy_install command is deprecated setup.py egg_info --egg-base ../../build/my_robot_controller build --build-base /home/divspanpi2/robo_ws/build/my_robot_controller/build install --record /home/divspanpi2/robo_ws/build/my_robot_controller/install.log --single-version-externally-managed install_data
[3.938s] running egg_info
[3.941s] writing ../../build/my_robot_controller/my_robot_controller.egg-info/PKG-INFO
[3.942s] writing dependency_links to ../../build/my_robot_controller/my_robot_controller.egg-info/dependency_links.txt
[3.943s] writing entry points to ../../build/my_robot_controller/my_robot_controller.egg-info/entry_points.txt
[3.944s] writing requirements to ../../build/my_robot_controller/my_robot_controller.egg-info/requires.txt
[3.944s] writing top-level names to ../../build/my_robot_controller/my_robot_controller.egg-info/top_level.txt
[3.954s] reading manifest file '../../build/my_robot_controller/my_robot_controller.egg-info/SOURCES.txt'
[3.960s] writing manifest file '../../build/my_robot_controller/my_robot_controller.egg-info/SOURCES.txt'
[3.961s] running build
[3.961s] running build_py
[3.969s] copying my_robot_controller/icp_algorithm.py -> /home/divspanpi2/robo_ws/build/my_robot_controller/build/lib/my_robot_controller
[3.973s] running install
[3.974s] running install_lib
[3.985s] copying /home/divspanpi2/robo_ws/build/my_robot_controller/build/lib/my_robot_controller/icp_algorithm.py -> /home/divspanpi2/robo_ws/install/my_robot_controller/lib/python3.10/site-packages/my_robot_controller
[3.993s] byte-compiling /home/divspanpi2/robo_ws/install/my_robot_controller/lib/python3.10/site-packages/my_robot_controller/icp_algorithm.py to icp_algorithm.cpython-310.pyc
[3.999s] running install_data
[3.999s] running install_egg_info
[4.006s] removing '/home/divspanpi2/robo_ws/install/my_robot_controller/lib/python3.10/site-packages/my_robot_controller-0.0.0-py3.10.egg-info' (and everything under it)
[4.008s] Copying ../../build/my_robot_controller/my_robot_controller.egg-info to /home/divspanpi2/robo_ws/install/my_robot_controller/lib/python3.10/site-packages/my_robot_controller-0.0.0-py3.10.egg-info
[4.013s] running install_scripts
[4.095s] Installing ekf_fusion_node script to /home/divspanpi2/robo_ws/install/my_robot_controller/lib/my_robot_controller
[4.096s] Installing fusion_node script to /home/divspanpi2/robo_ws/install/my_robot_controller/lib/my_robot_controller
[4.097s] Installing icp_node script to /home/divspanpi2/robo_ws/install/my_robot_controller/lib/my_robot_controller
[4.097s] Installing imu_filtered_node script to /home/divspanpi2/robo_ws/install/my_robot_controller/lib/my_robot_controller
[4.098s] Installing imu_node script to /home/divspanpi2/robo_ws/install/my_robot_controller/lib/my_robot_controller
[4.099s] Installing imu_raw_data script to /home/divspanpi2/robo_ws/install/my_robot_controller/lib/my_robot_controller
[4.100s] Installing lidar_node script to /home/divspanpi2/robo_ws/install/my_robot_controller/lib/my_robot_controller
[4.101s] Installing nav_test_node script to /home/divspanpi2/robo_ws/install/my_robot_controller/lib/my_robot_controller
[4.102s] Installing obstacle_monitor script to /home/divspanpi2/robo_ws/install/my_robot_controller/lib/my_robot_controller
[4.103s] Installing odom_filtered_node script to /home/divspanpi2/robo_ws/install/my_robot_controller/lib/my_robot_controller
[4.104s] Installing odom_node script to /home/divspanpi2/robo_ws/install/my_robot_controller/lib/my_robot_controller
[4.104s] Installing odom_raw_data script to /home/divspanpi2/robo_ws/install/my_robot_controller/lib/my_robot_controller
[4.106s] Installing path_listener script to /home/divspanpi2/robo_ws/install/my_robot_controller/lib/my_robot_controller
[4.107s] Installing path_saver script to /home/divspanpi2/robo_ws/install/my_robot_controller/lib/my_robot_controller
[4.107s] Installing tracking_object script to /home/divspanpi2/robo_ws/install/my_robot_controller/lib/my_robot_controller
[4.108s] Installing turtle_controller script to /home/divspanpi2/robo_ws/install/my_robot_controller/lib/my_robot_controller
[4.112s] writing list of installed files to '/home/divspanpi2/robo_ws/build/my_robot_controller/install.log'
[4.230s] Invoked command in '/home/divspanpi2/robo_ws/src/my_robot_controller' returned '0': PYTHONPATH=/home/divspanpi2/robo_ws/build/my_robot_controller/prefix_override:/usr/lib/python3/dist-packages/colcon_core/task/python/colcon_distutils_commands:/home/divspanpi2/robo_ws/install/my_robot_controller/lib/python3.10/site-packages:${PYTHONPATH} /usr/bin/python3 -W ignore:setup.py install is deprecated -W ignore:easy_install command is deprecated setup.py egg_info --egg-base ../../build/my_robot_controller build --build-base /home/divspanpi2/robo_ws/build/my_robot_controller/build install --record /home/divspanpi2/robo_ws/build/my_robot_controller/install.log --single-version-externally-managed install_data
