[2.621s] Invoking command in '/home/divspanpi2/robo_ws/src/robot': PYTHONPATH=/home/divspanpi2/robo_ws/build/robot/prefix_override:/usr/lib/python3/dist-packages/colcon_core/task/python/colcon_distutils_commands:/home/divspanpi2/robo_ws/install/robot/lib/python3.10/site-packages:${PYTHONPATH} /usr/bin/python3 -W ignore:setup.py install is deprecated setup.py egg_info --egg-base ../../build/robot build --build-base /home/divspanpi2/robo_ws/build/robot/build install --record /home/divspanpi2/robo_ws/build/robot/install.log --single-version-externally-managed install_data
[3.674s] running egg_info
[3.677s] writing ../../build/robot/robot.egg-info/PKG-INFO
[3.678s] writing dependency_links to ../../build/robot/robot.egg-info/dependency_links.txt
[3.678s] writing entry points to ../../build/robot/robot.egg-info/entry_points.txt
[3.679s] writing requirements to ../../build/robot/robot.egg-info/requires.txt
[3.680s] writing top-level names to ../../build/robot/robot.egg-info/top_level.txt
[3.688s] reading manifest file '../../build/robot/robot.egg-info/SOURCES.txt'
[3.689s] adding license file 'LICENSE'
[3.691s] writing manifest file '../../build/robot/robot.egg-info/SOURCES.txt'
[3.692s] running build
[3.692s] running build_py
[3.693s] copying robot/node_main.py -> /home/divspanpi2/robo_ws/build/robot/build/lib/robot
[3.695s] running install
[3.696s] running install_lib
[3.700s] copying /home/divspanpi2/robo_ws/build/robot/build/lib/robot/node_main.py -> /home/divspanpi2/robo_ws/install/robot/lib/python3.10/site-packages/robot
[3.703s] byte-compiling /home/divspanpi2/robo_ws/install/robot/lib/python3.10/site-packages/robot/node_main.py to node_main.cpython-310.pyc
[3.706s] byte-compiling /home/divspanpi2/robo_ws/install/robot/lib/python3.10/site-packages/robot/node_serial.py to node_serial.cpython-310.pyc
[3.709s] running install_data
[3.709s] running install_egg_info
[3.716s] removing '/home/divspanpi2/robo_ws/install/robot/lib/python3.10/site-packages/robot-0.0.0-py3.10.egg-info' (and everything under it)
[3.718s] Copying ../../build/robot/robot.egg-info to /home/divspanpi2/robo_ws/install/robot/lib/python3.10/site-packages/robot-0.0.0-py3.10.egg-info
[3.723s] running install_scripts
[3.802s] Installing node_main script to /home/divspanpi2/robo_ws/install/robot/lib/robot
[3.803s] Installing node_serial script to /home/divspanpi2/robo_ws/install/robot/lib/robot
[3.805s] writing list of installed files to '/home/divspanpi2/robo_ws/build/robot/install.log'
[3.926s] Invoked command in '/home/divspanpi2/robo_ws/src/robot' returned '0': PYTHONPATH=/home/divspanpi2/robo_ws/build/robot/prefix_override:/usr/lib/python3/dist-packages/colcon_core/task/python/colcon_distutils_commands:/home/divspanpi2/robo_ws/install/robot/lib/python3.10/site-packages:${PYTHONPATH} /usr/bin/python3 -W ignore:setup.py install is deprecated setup.py egg_info --egg-base ../../build/robot build --build-base /home/divspanpi2/robo_ws/build/robot/build install --record /home/divspanpi2/robo_ws/build/robot/install.log --single-version-externally-managed install_data
