[1.299s] Invoking command in '/home/divspanpi2/robo_ws/build/joy': CMAKE_PREFIX_PATH=${CMAKE_PREFIX_PATH}:/home/divspanpi2/robo_ws/install/robot:/home/divspanpi2/robo_ws/install/bno055:/opt/ros/humble /usr/bin/cmake --build /home/divspanpi2/robo_ws/build/joy -- -j4 -l4
[2.653s] [ 20%] Built target joy_node
[2.656s] [ 40%] Built target game_controller_node
[2.658s] [ 60%] Built target game_controller
[2.660s] [ 80%] Built target joy
[2.661s] [100%] Built target joy_enumerate_devices
[2.661s] Invoked command in '/home/divspanpi2/robo_ws/build/joy' returned '0': CMAKE_PREFIX_PATH=${CMAKE_PREFIX_PATH}:/home/divspanpi2/robo_ws/install/robot:/home/divspanpi2/robo_ws/install/bno055:/opt/ros/humble /usr/bin/cmake --build /home/divspanpi2/robo_ws/build/joy -- -j4 -l4
[2.964s] Invoking command in '/home/divspanpi2/robo_ws/build/joy': CMAKE_PREFIX_PATH=${CMAKE_PREFIX_PATH}:/home/divspanpi2/robo_ws/install/robot:/home/divspanpi2/robo_ws/install/bno055:/opt/ros/humble /usr/bin/cmake --install /home/divspanpi2/robo_ws/build/joy
[3.015s] -- Install configuration: ""
[3.023s] -- Up-to-date: /home/divspanpi2/robo_ws/install/joy/lib/libjoy.so
[3.038s] -- Up-to-date: /home/divspanpi2/robo_ws/install/joy/lib/joy/joy_node
[3.046s] -- Up-to-date: /home/divspanpi2/robo_ws/install/joy/lib/libgame_controller.so
[3.053s] -- Up-to-date: /home/divspanpi2/robo_ws/install/joy/lib/joy/game_controller_node
[3.061s] -- Up-to-date: /home/divspanpi2/robo_ws/install/joy/lib/joy/joy_enumerate_devices
[3.065s] -- Up-to-date: /home/divspanpi2/robo_ws/install/joy/include/joy
[3.070s] -- Up-to-date: /home/divspanpi2/robo_ws/install/joy/include/joy/joy
[3.072s] -- Up-to-date: /home/divspanpi2/robo_ws/install/joy/include/joy/joy/game_controller.hpp
[3.073s] -- Up-to-date: /home/divspanpi2/robo_ws/install/joy/include/joy/joy/joy.hpp
[3.074s] -- Up-to-date: /home/divspanpi2/robo_ws/install/joy/share/joy/config
[3.075s] -- Up-to-date: /home/divspanpi2/robo_ws/install/joy/share/joy/config/joy-params.yaml
[3.076s] -- Up-to-date: /home/divspanpi2/robo_ws/install/joy/share/joy/launch
[3.082s] -- Up-to-date: /home/divspanpi2/robo_ws/install/joy/share/joy/launch/joy-composed-launch.py
[3.084s] -- Up-to-date: /home/divspanpi2/robo_ws/install/joy/share/joy/launch/joy-launch.py
[3.085s] -- Up-to-date: /home/divspanpi2/robo_ws/install/joy/share/ament_index/resource_index/package_run_dependencies/joy
[3.085s] -- Up-to-date: /home/divspanpi2/robo_ws/install/joy/share/ament_index/resource_index/parent_prefix_path/joy
[3.087s] -- Up-to-date: /home/divspanpi2/robo_ws/install/joy/share/joy/environment/ament_prefix_path.sh
[3.089s] -- Up-to-date: /home/divspanpi2/robo_ws/install/joy/share/joy/environment/ament_prefix_path.dsv
[3.101s] -- Up-to-date: /home/divspanpi2/robo_ws/install/joy/share/joy/environment/path.sh
[3.102s] -- Up-to-date: /home/divspanpi2/robo_ws/install/joy/share/joy/environment/path.dsv
[3.104s] -- Up-to-date: /home/divspanpi2/robo_ws/install/joy/share/joy/local_setup.bash
[3.104s] -- Up-to-date: /home/divspanpi2/robo_ws/install/joy/share/joy/local_setup.sh
[3.105s] -- Up-to-date: /home/divspanpi2/robo_ws/install/joy/share/joy/local_setup.zsh
[3.105s] -- Up-to-date: /home/divspanpi2/robo_ws/install/joy/share/joy/local_setup.dsv
[3.106s] -- Installing: /home/divspanpi2/robo_ws/install/joy/share/joy/package.dsv
[3.110s] -- Up-to-date: /home/divspanpi2/robo_ws/install/joy/share/ament_index/resource_index/packages/joy
[3.111s] -- Up-to-date: /home/divspanpi2/robo_ws/install/joy/share/ament_index/resource_index/rclcpp_components/joy
[3.117s] -- Up-to-date: /home/divspanpi2/robo_ws/install/joy/share/joy/cmake/export_joyExport.cmake
[3.118s] -- Up-to-date: /home/divspanpi2/robo_ws/install/joy/share/joy/cmake/export_joyExport-noconfig.cmake
[3.120s] -- Up-to-date: /home/divspanpi2/robo_ws/install/joy/share/joy/cmake/export_game_controllerExport.cmake
[3.121s] -- Up-to-date: /home/divspanpi2/robo_ws/install/joy/share/joy/cmake/export_game_controllerExport-noconfig.cmake
[3.122s] -- Up-to-date: /home/divspanpi2/robo_ws/install/joy/share/joy/cmake/ament_cmake_export_targets-extras.cmake
[3.123s] -- Up-to-date: /home/divspanpi2/robo_ws/install/joy/share/joy/cmake/ament_cmake_export_dependencies-extras.cmake
[3.124s] -- Up-to-date: /home/divspanpi2/robo_ws/install/joy/share/joy/cmake/joyConfig.cmake
[3.124s] -- Up-to-date: /home/divspanpi2/robo_ws/install/joy/share/joy/cmake/joyConfig-version.cmake
[3.125s] -- Up-to-date: /home/divspanpi2/robo_ws/install/joy/share/joy/package.xml
[3.137s] Invoked command in '/home/divspanpi2/robo_ws/build/joy' returned '0': CMAKE_PREFIX_PATH=${CMAKE_PREFIX_PATH}:/home/divspanpi2/robo_ws/install/robot:/home/divspanpi2/robo_ws/install/bno055:/opt/ros/humble /usr/bin/cmake --install /home/divspanpi2/robo_ws/build/joy
