[0.793s] Invoking command in '/home/divspanpi2/robo_ws/build/nexus': CMAKE_PREFIX_PATH=${CMAKE_PREFIX_PATH}:/home/divspanpi2/robo_ws/install/robot:/home/divspanpi2/robo_ws/install/bno055:/opt/ros/humble /usr/bin/cmake --build /home/divspanpi2/robo_ws/build/nexus -- -j4 -l4
[3.727s] -- Found ament_cmake: 1.3.10 (/opt/ros/humble/share/ament_cmake/cmake)
[4.629s] -- Found rclcpp: 16.0.10 (/opt/ros/humble/share/rclcpp/cmake)
[4.947s] -- Found rosidl_generator_c: 3.1.5 (/opt/ros/humble/share/rosidl_generator_c/cmake)
[4.965s] -- Found rosidl_adapter: 3.1.5 (/opt/ros/humble/share/rosidl_adapter/cmake)
[5.022s] -- Found rosidl_generator_cpp: 3.1.5 (/opt/ros/humble/share/rosidl_generator_cpp/cmake)
[5.095s] -- Using all available rosidl_typesupport_c: rosidl_typesupport_fastrtps_c;rosidl_typesupport_introspection_c
[5.197s] -- Using all available rosidl_typesupport_cpp: rosidl_typesupport_fastrtps_cpp;rosidl_typesupport_introspection_cpp
[5.458s] -- Found rmw_implementation_cmake: 6.1.2 (/opt/ros/humble/share/rmw_implementation_cmake/cmake)
[5.472s] -- Found rmw_fastrtps_cpp: 6.2.7 (/opt/ros/humble/share/rmw_fastrtps_cpp/cmake)
[6.620s] -- Using RMW implementation 'rmw_fastrtps_cpp' as default
[7.001s] -- Found sensor_msgs: 4.2.4 (/opt/ros/humble/share/sensor_msgs/cmake)
[7.217s] -- Found laser_geometry: 2.4.0 (/opt/ros/humble/share/laser_geometry/cmake)
[7.288s] -- Found pcl_conversions: 2.4.5 (/opt/ros/humble/share/pcl_conversions/cmake)
[7.579s] -- Eigen found (include: /usr/include/eigen3, version: 3.4.0)
[7.900s] -- FLANN found (include: /usr/include, lib: /usr/lib/aarch64-linux-gnu/libflann_cpp.so)
[10.544s] -- OpenNI found (version: 1.5.4.0, include: /usr/include/ni, lib: /usr/lib/libOpenNI.so;libusb::libusb)
[10.574s] -- OpenNI2 found (version: 2.2.0.33, include: /usr/include/openni2, lib: /usr/lib/aarch64-linux-gnu/libOpenNI2.so;libusb::libusb)
[11.302s] -- Eigen found (include: /usr/include/eigen3, version: 3.4.0)
[11.334s] -- OpenNI found (version: 1.5.4.0, include: /usr/include/ni, lib: /usr/lib/libOpenNI.so;libusb::libusb)
[11.364s] -- OpenNI2 found (version: 2.2.0.33, include: /usr/include/openni2, lib: /usr/lib/aarch64-linux-gnu/libOpenNI2.so;libusb::libusb)
[12.049s] -- Found Qhull version 8.0.2
[12.778s] -- OpenNI found (version: 1.5.4.0, include: /usr/include/ni, lib: /usr/lib/libOpenNI.so;libusb::libusb)
[14.053s] -- Configuring done
[14.561s] -- Generating done
[14.579s] -- Build files have been written to: /home/divspanpi2/robo_ws/build/nexus
[14.777s] [35m[1mConsolidate compiler generated dependencies of target main_node[0m
[14.786s] [35m[1mConsolidate compiler generated dependencies of target icp_node[0m
[15.011s] [ 50%] Built target main_node
[15.227s] [100%] Built target icp_node
[15.277s] Invoked command in '/home/divspanpi2/robo_ws/build/nexus' returned '0': CMAKE_PREFIX_PATH=${CMAKE_PREFIX_PATH}:/home/divspanpi2/robo_ws/install/robot:/home/divspanpi2/robo_ws/install/bno055:/opt/ros/humble /usr/bin/cmake --build /home/divspanpi2/robo_ws/build/nexus -- -j4 -l4
[15.506s] Invoking command in '/home/divspanpi2/robo_ws/build/nexus': CMAKE_PREFIX_PATH=${CMAKE_PREFIX_PATH}:/home/divspanpi2/robo_ws/install/robot:/home/divspanpi2/robo_ws/install/bno055:/opt/ros/humble /usr/bin/cmake --install /home/divspanpi2/robo_ws/build/nexus
[15.547s] -- Install configuration: ""
[15.556s] -- Up-to-date: /home/divspanpi2/robo_ws/install/nexus/lib/nexus/main_node
[15.561s] -- Up-to-date: /home/divspanpi2/robo_ws/install/nexus/lib/nexus/icp_node
[15.564s] -- Up-to-date: /home/divspanpi2/robo_ws/install/nexus/share/ament_index/resource_index/package_run_dependencies/nexus
[15.566s] -- Up-to-date: /home/divspanpi2/robo_ws/install/nexus/share/ament_index/resource_index/parent_prefix_path/nexus
[15.567s] -- Up-to-date: /home/divspanpi2/robo_ws/install/nexus/share/nexus/environment/ament_prefix_path.sh
[15.569s] -- Installing: /home/divspanpi2/robo_ws/install/nexus/share/nexus/environment/ament_prefix_path.dsv
[15.577s] -- Up-to-date: /home/divspanpi2/robo_ws/install/nexus/share/nexus/environment/path.sh
[15.578s] -- Installing: /home/divspanpi2/robo_ws/install/nexus/share/nexus/environment/path.dsv
[15.581s] -- Up-to-date: /home/divspanpi2/robo_ws/install/nexus/share/nexus/local_setup.bash
[15.582s] -- Up-to-date: /home/divspanpi2/robo_ws/install/nexus/share/nexus/local_setup.sh
[15.583s] -- Up-to-date: /home/divspanpi2/robo_ws/install/nexus/share/nexus/local_setup.zsh
[15.584s] -- Installing: /home/divspanpi2/robo_ws/install/nexus/share/nexus/local_setup.dsv
[15.587s] -- Installing: /home/divspanpi2/robo_ws/install/nexus/share/nexus/package.dsv
[15.591s] -- Up-to-date: /home/divspanpi2/robo_ws/install/nexus/share/ament_index/resource_index/packages/nexus
[15.593s] -- Up-to-date: /home/divspanpi2/robo_ws/install/nexus/share/nexus/cmake/nexusConfig.cmake
[15.595s] -- Up-to-date: /home/divspanpi2/robo_ws/install/nexus/share/nexus/cmake/nexusConfig-version.cmake
[15.596s] -- Up-to-date: /home/divspanpi2/robo_ws/install/nexus/share/nexus/package.xml
[15.607s] Invoked command in '/home/divspanpi2/robo_ws/build/nexus' returned '0': CMAKE_PREFIX_PATH=${CMAKE_PREFIX_PATH}:/home/divspanpi2/robo_ws/install/robot:/home/divspanpi2/robo_ws/install/bno055:/opt/ros/humble /usr/bin/cmake --install /home/divspanpi2/robo_ws/build/nexus
