[2.675s] DEBUG:colcon:Command line arguments: ['/usr/bin/colcon', 'list', '-p', '--base-paths', '/home/divspanpi2/robo_ws']
[2.676s] DEBUG:colcon:Parsed command line arguments: Namespace(log_base=None, log_level=None, verb_name='list', build_base='build', ignore_user_meta=False, metas=['./colcon.meta'], base_paths=['/home/divspanpi2/robo_ws'], packages_ignore=None, packages_ignore_regex=None, paths=None, packages_up_to=None, packages_up_to_regex=None, packages_above=None, packages_above_and_dependencies=None, packages_above_depth=None, packages_select_by_dep=None, packages_skip_by_dep=None, packages_skip_up_to=None, packages_select_build_failed=False, packages_skip_build_finished=False, packages_select_test_failures=False, packages_skip_test_passed=False, packages_select=None, packages_skip=None, packages_select_regex=None, packages_skip_regex=None, packages_start=None, packages_end=None, allow_overriding=[], topological_order=False, names_only=False, paths_only=True, topological_graph=False, topological_graph_dot=False, topological_graph_density=False, topological_graph_legend=False, topological_graph_dot_cluster=False, topological_graph_dot_include_skipped=False, verb_parser=<colcon_defaults.argument_parser.defaults.DefaultArgumentsDecorator object at 0xffff9eec9960>, verb_extension=<colcon_package_information.verb.list.ListVerb object at 0xffff9f05cf70>, main=<bound method ListVerb.main of <colcon_package_information.verb.list.ListVerb object at 0xffff9f05cf70>>)
[7.520s] Level 1:colcon.colcon_core.package_discovery:discover_packages(colcon_meta) check parameters
[7.521s] Level 1:colcon.colcon_core.package_discovery:discover_packages(recursive) check parameters
[7.521s] Level 1:colcon.colcon_core.package_discovery:discover_packages(ignore) check parameters
[7.522s] Level 1:colcon.colcon_core.package_discovery:discover_packages(path) check parameters
[7.522s] Level 1:colcon.colcon_core.package_discovery:discover_packages(recursive) discover
[7.525s] INFO:colcon.colcon_core.package_discovery:Crawling recursively for packages in '/home/divspanpi2/robo_ws'
[7.526s] Level 1:colcon.colcon_core.package_identification:_identify(/home/divspanpi2/robo_ws) by extensions ['ignore', 'ignore_ament_install']
[7.527s] Level 1:colcon.colcon_core.package_identification:_identify(/home/divspanpi2/robo_ws) by extension 'ignore'
[7.528s] Level 1:colcon.colcon_core.package_identification:_identify(/home/divspanpi2/robo_ws) by extension 'ignore_ament_install'
[7.537s] Level 1:colcon.colcon_core.package_identification:_identify(/home/divspanpi2/robo_ws) by extensions ['colcon_pkg']
[7.537s] Level 1:colcon.colcon_core.package_identification:_identify(/home/divspanpi2/robo_ws) by extension 'colcon_pkg'
[7.538s] Level 1:colcon.colcon_core.package_identification:_identify(/home/divspanpi2/robo_ws) by extensions ['colcon_meta']
[7.538s] Level 1:colcon.colcon_core.package_identification:_identify(/home/divspanpi2/robo_ws) by extension 'colcon_meta'
[7.538s] Level 1:colcon.colcon_core.package_identification:_identify(/home/divspanpi2/robo_ws) by extensions ['ros']
[7.539s] Level 1:colcon.colcon_core.package_identification:_identify(/home/divspanpi2/robo_ws) by extension 'ros'
[7.734s] Level 1:colcon.colcon_core.package_identification:_identify(/home/divspanpi2/robo_ws) by extensions ['cmake', 'python']
[7.734s] Level 1:colcon.colcon_core.package_identification:_identify(/home/divspanpi2/robo_ws) by extension 'cmake'
[7.742s] Level 1:colcon.colcon_core.package_identification:_identify(/home/divspanpi2/robo_ws) by extension 'python'
[7.743s] Level 1:colcon.colcon_core.package_identification:_identify(/home/divspanpi2/robo_ws) by extensions ['python_setup_py']
[7.743s] Level 1:colcon.colcon_core.package_identification:_identify(/home/divspanpi2/robo_ws) by extension 'python_setup_py'
[7.746s] Level 1:colcon.colcon_core.package_identification:_identify(/home/divspanpi2/robo_ws/log) by extensions ['ignore', 'ignore_ament_install']
[7.751s] Level 1:colcon.colcon_core.package_identification:_identify(/home/divspanpi2/robo_ws/log) by extension 'ignore'
[7.752s] Level 1:colcon.colcon_core.package_identification:_identify(/home/divspanpi2/robo_ws/log) ignored
[7.753s] Level 1:colcon.colcon_core.package_identification:_identify(/home/divspanpi2/robo_ws/src) by extensions ['ignore', 'ignore_ament_install']
[7.753s] Level 1:colcon.colcon_core.package_identification:_identify(/home/divspanpi2/robo_ws/src) by extension 'ignore'
[7.760s] Level 1:colcon.colcon_core.package_identification:_identify(/home/divspanpi2/robo_ws/src) by extension 'ignore_ament_install'
[7.761s] Level 1:colcon.colcon_core.package_identification:_identify(/home/divspanpi2/robo_ws/src) by extensions ['colcon_pkg']
[7.762s] Level 1:colcon.colcon_core.package_identification:_identify(/home/divspanpi2/robo_ws/src) by extension 'colcon_pkg'
[7.762s] Level 1:colcon.colcon_core.package_identification:_identify(/home/divspanpi2/robo_ws/src) by extensions ['colcon_meta']
[7.762s] Level 1:colcon.colcon_core.package_identification:_identify(/home/divspanpi2/robo_ws/src) by extension 'colcon_meta'
[7.763s] Level 1:colcon.colcon_core.package_identification:_identify(/home/divspanpi2/robo_ws/src) by extensions ['ros']
[7.763s] Level 1:colcon.colcon_core.package_identification:_identify(/home/divspanpi2/robo_ws/src) by extension 'ros'
[7.770s] Level 1:colcon.colcon_core.package_identification:_identify(/home/divspanpi2/robo_ws/src) by extensions ['cmake', 'python']
[7.770s] Level 1:colcon.colcon_core.package_identification:_identify(/home/divspanpi2/robo_ws/src) by extension 'cmake'
[7.771s] Level 1:colcon.colcon_core.package_identification:_identify(/home/divspanpi2/robo_ws/src) by extension 'python'
[7.771s] Level 1:colcon.colcon_core.package_identification:_identify(/home/divspanpi2/robo_ws/src) by extensions ['python_setup_py']
[7.772s] Level 1:colcon.colcon_core.package_identification:_identify(/home/divspanpi2/robo_ws/src) by extension 'python_setup_py'
[7.773s] Level 1:colcon.colcon_core.package_identification:_identify(/home/divspanpi2/robo_ws/src/robot) by extensions ['ignore', 'ignore_ament_install']
[7.773s] Level 1:colcon.colcon_core.package_identification:_identify(/home/divspanpi2/robo_ws/src/robot) by extension 'ignore'
[7.774s] Level 1:colcon.colcon_core.package_identification:_identify(/home/divspanpi2/robo_ws/src/robot) by extension 'ignore_ament_install'
[7.775s] Level 1:colcon.colcon_core.package_identification:_identify(/home/divspanpi2/robo_ws/src/robot) by extensions ['colcon_pkg']
[7.775s] Level 1:colcon.colcon_core.package_identification:_identify(/home/divspanpi2/robo_ws/src/robot) by extension 'colcon_pkg'
[7.775s] Level 1:colcon.colcon_core.package_identification:_identify(/home/divspanpi2/robo_ws/src/robot) by extensions ['colcon_meta']
[7.794s] Level 1:colcon.colcon_core.package_identification:_identify(/home/divspanpi2/robo_ws/src/robot) by extension 'colcon_meta'
[7.795s] Level 1:colcon.colcon_core.package_identification:_identify(/home/divspanpi2/robo_ws/src/robot) by extensions ['ros']
[7.796s] Level 1:colcon.colcon_core.package_identification:_identify(/home/divspanpi2/robo_ws/src/robot) by extension 'ros'
[7.845s] DEBUG:colcon.colcon_core.package_identification:Package '/home/divspanpi2/robo_ws/src/robot' with type 'ros.ament_python' and name 'robot'
[7.846s] Level 1:colcon.colcon_core.package_discovery:discover_packages(recursive) using defaults
