[2.840s] Invoking command in '/home/divspanpi2/robo_ws/src/robot': PYTHONPATH=/home/divspanpi2/robo_ws/build/robot/prefix_override:/usr/lib/python3/dist-packages/colcon_core/task/python/colcon_distutils_commands:/home/divspanpi2/robo_ws/install/robot/lib/python3.10/site-packages:${PYTHONPATH} /usr/bin/python3 -W ignore:setup.py install is deprecated setup.py egg_info --egg-base ../../build/robot build --build-base /home/divspanpi2/robo_ws/build/robot/build install --record /home/divspanpi2/robo_ws/build/robot/install.log --single-version-externally-managed install_data
[3.895s] running egg_info
[3.897s] writing ../../build/robot/robot.egg-info/PKG-INFO
[3.898s] writing dependency_links to ../../build/robot/robot.egg-info/dependency_links.txt
[3.899s] writing entry points to ../../build/robot/robot.egg-info/entry_points.txt
[3.900s] writing requirements to ../../build/robot/robot.egg-info/requires.txt
[3.901s] writing top-level names to ../../build/robot/robot.egg-info/top_level.txt
[3.909s] reading manifest file '../../build/robot/robot.egg-info/SOURCES.txt'
[3.912s] adding license file 'LICENSE'
[3.914s] writing manifest file '../../build/robot/robot.egg-info/SOURCES.txt'
[3.915s] running build
[3.915s] running build_py
[3.916s] copying robot/node_main.py -> /home/divspanpi2/robo_ws/build/robot/build/lib/robot
[3.917s] copying robot/node_serial.py -> /home/divspanpi2/robo_ws/build/robot/build/lib/robot
[3.918s] running install
[3.919s] running install_lib
[3.923s] copying /home/divspanpi2/robo_ws/build/robot/build/lib/robot/node_main.py -> /home/divspanpi2/robo_ws/install/robot/lib/python3.10/site-packages/robot
[3.925s] copying /home/divspanpi2/robo_ws/build/robot/build/lib/robot/node_serial.py -> /home/divspanpi2/robo_ws/install/robot/lib/python3.10/site-packages/robot
[3.927s] byte-compiling /home/divspanpi2/robo_ws/install/robot/lib/python3.10/site-packages/robot/node_main.py to node_main.cpython-310.pyc
[3.929s] byte-compiling /home/divspanpi2/robo_ws/install/robot/lib/python3.10/site-packages/robot/node_serial.py to node_serial.cpython-310.pyc
[3.932s] running install_data
[3.932s] running install_egg_info
[3.939s] removing '/home/divspanpi2/robo_ws/install/robot/lib/python3.10/site-packages/robot-0.0.0-py3.10.egg-info' (and everything under it)
[3.941s] Copying ../../build/robot/robot.egg-info to /home/divspanpi2/robo_ws/install/robot/lib/python3.10/site-packages/robot-0.0.0-py3.10.egg-info
[3.947s] running install_scripts
[4.028s] Installing node_main script to /home/divspanpi2/robo_ws/install/robot/lib/robot
[4.028s] Installing node_serial script to /home/divspanpi2/robo_ws/install/robot/lib/robot
[4.030s] writing list of installed files to '/home/divspanpi2/robo_ws/build/robot/install.log'
[4.151s] Invoked command in '/home/divspanpi2/robo_ws/src/robot' returned '0': PYTHONPATH=/home/divspanpi2/robo_ws/build/robot/prefix_override:/usr/lib/python3/dist-packages/colcon_core/task/python/colcon_distutils_commands:/home/divspanpi2/robo_ws/install/robot/lib/python3.10/site-packages:${PYTHONPATH} /usr/bin/python3 -W ignore:setup.py install is deprecated setup.py egg_info --egg-base ../../build/robot build --build-base /home/divspanpi2/robo_ws/build/robot/build install --record /home/divspanpi2/robo_ws/build/robot/install.log --single-version-externally-managed install_data
