[0.043s] Invoking command in '/home/divspanpi2/robo_ws/build/joy': CMAKE_PREFIX_PATH=${CMAKE_PREFIX_PATH}:/home/divspanpi2/robo_ws/install/robot:/opt/ros/humble /usr/bin/cmake /home/divspanpi2/robo_ws/src/joy -DCMAKE_INSTALL_PREFIX=/home/divspanpi2/robo_ws/install/joy
[0.312s] -- The C compiler identification is GNU 11.4.0
[0.566s] -- The CXX compiler identification is GNU 11.4.0
[0.597s] -- Detecting C compiler ABI info
[0.914s] -- Detecting C compiler ABI info - done
[0.941s] -- Check for working C compiler: /usr/bin/cc - skipped
[0.941s] -- Detecting C compile features
[0.943s] -- Detecting C compile features - done
[0.954s] -- Detecting CXX compiler ABI info
[1.298s] -- Detecting CXX compiler ABI info - done
[1.326s] -- Check for working CXX compiler: /usr/bin/c++ - skipped
[1.326s] -- Detecting CXX compile features
[1.328s] -- Detecting CXX compile features - done
[1.357s] -- Found ament_cmake_ros: 0.10.0 (/opt/ros/humble/share/ament_cmake_ros/cmake)
[2.199s] -- Found Python3: /usr/bin/python3 (found version "3.10.12") found components: Interpreter 
[2.848s] -- Found rclcpp: 16.0.10 (/opt/ros/humble/share/rclcpp/cmake)
[3.237s] -- Found rosidl_generator_c: 3.1.5 (/opt/ros/humble/share/rosidl_generator_c/cmake)
[3.290s] -- Found rosidl_adapter: 3.1.5 (/opt/ros/humble/share/rosidl_adapter/cmake)
[3.356s] -- Found rosidl_generator_cpp: 3.1.5 (/opt/ros/humble/share/rosidl_generator_cpp/cmake)
[3.438s] -- Using all available rosidl_typesupport_c: rosidl_typesupport_fastrtps_c;rosidl_typesupport_introspection_c
[3.553s] -- Using all available rosidl_typesupport_cpp: rosidl_typesupport_fastrtps_cpp;rosidl_typesupport_introspection_cpp
[3.882s] -- Found rmw_implementation_cmake: 6.1.2 (/opt/ros/humble/share/rmw_implementation_cmake/cmake)
[3.909s] -- Found rmw_fastrtps_cpp: 6.2.7 (/opt/ros/humble/share/rmw_fastrtps_cpp/cmake)
[4.497s] -- Found OpenSSL: /usr/lib/aarch64-linux-gnu/libcrypto.so (found version "3.0.2")  
[4.760s] -- Found FastRTPS: /opt/ros/humble/include  
[5.187s] -- Using RMW implementation 'rmw_fastrtps_cpp' as default
[5.271s] -- Looking for pthread.h
[5.602s] -- Looking for pthread.h - found
[5.604s] -- Performing Test CMAKE_HAVE_LIBC_PTHREAD
[5.937s] -- Performing Test CMAKE_HAVE_LIBC_PTHREAD - Success
[5.943s] -- Found Threads: TRUE  
[6.230s] -- Found rclcpp_components: 16.0.10 (/opt/ros/humble/share/rclcpp_components/cmake)
[6.529s] -- Found sdl2_vendor: 3.3.0 (/opt/ros/humble/share/sdl2_vendor/cmake)
[6.592s] -- Found sensor_msgs: 4.2.4 (/opt/ros/humble/share/sensor_msgs/cmake)
[6.764s] -- Found ament_lint_auto: 0.12.11 (/opt/ros/humble/share/ament_lint_auto/cmake)
[7.323s] -- Added test 'cppcheck' to perform static code analysis on C / C++ code
[7.324s] -- Configured cppcheck include dirs: $<BUILD_INTERFACE:/home/divspanpi2/robo_ws/src/joy/include>
[7.324s] -- Configured cppcheck exclude dirs and/or files: 
[7.340s] -- Added test 'cpplint' to check C / C++ code against the Google style
[7.340s] -- Configured cpplint exclude dirs and/or files: 
[7.346s] -- Added test 'flake8' to check Python code syntax and style conventions
[7.352s] -- Added test 'lint_cmake' to check CMake code style
[7.357s] -- Added test 'pep257' to check Python code against some of the docstring style conventions in PEP 257
[7.371s] -- Added test 'uncrustify' to check C / C++ code style
[7.371s] -- Configured uncrustify additional arguments: 
[7.377s] -- Added test 'xmllint' to check XML markup files
[7.387s] -- Configuring done
[7.510s] -- Generating done
[7.519s] -- Build files have been written to: /home/divspanpi2/robo_ws/build/joy
[7.564s] Invoked command in '/home/divspanpi2/robo_ws/build/joy' returned '0': CMAKE_PREFIX_PATH=${CMAKE_PREFIX_PATH}:/home/divspanpi2/robo_ws/install/robot:/opt/ros/humble /usr/bin/cmake /home/divspanpi2/robo_ws/src/joy -DCMAKE_INSTALL_PREFIX=/home/divspanpi2/robo_ws/install/joy
[7.573s] Invoking command in '/home/divspanpi2/robo_ws/build/joy': CMAKE_PREFIX_PATH=${CMAKE_PREFIX_PATH}:/home/divspanpi2/robo_ws/install/robot:/opt/ros/humble /usr/bin/cmake --build /home/divspanpi2/robo_ws/build/joy -- -j4 -l4
[7.800s] [ 10%] [32mBuilding CXX object CMakeFiles/joy.dir/src/joy.cpp.o[0m
[7.805s] [ 20%] [32mBuilding CXX object CMakeFiles/joy_node.dir/rclcpp_components/node_main_joy_node.cpp.o[0m
[7.806s] [ 40%] [32mBuilding CXX object CMakeFiles/game_controller.dir/src/game_controller.cpp.o[0m
[7.807s] [ 40%] [32mBuilding CXX object CMakeFiles/game_controller_node.dir/rclcpp_components/node_main_game_controller_node.cpp.o[0m
[27.770s] [ 50%] [32m[1mLinking CXX executable game_controller_node[0m
[27.953s] [ 60%] [32m[1mLinking CXX executable joy_node[0m
[28.872s] [ 60%] Built target game_controller_node
[28.980s] [ 60%] Built target joy_node
[29.010s] [ 70%] [32mBuilding CXX object CMakeFiles/joy_enumerate_devices.dir/src/joy_enumerate_devices.cpp.o[0m
[31.649s] [ 80%] [32m[1mLinking CXX executable joy_enumerate_devices[0m
[32.067s] [ 80%] Built target joy_enumerate_devices
[58.494s] [ 90%] [32m[1mLinking CXX shared library libjoy.so[0m
[58.761s] [100%] [32m[1mLinking CXX shared library libgame_controller.so[0m
[61.258s] [100%] Built target joy
[61.447s] [100%] Built target game_controller
[61.487s] Invoked command in '/home/divspanpi2/robo_ws/build/joy' returned '0': CMAKE_PREFIX_PATH=${CMAKE_PREFIX_PATH}:/home/divspanpi2/robo_ws/install/robot:/opt/ros/humble /usr/bin/cmake --build /home/divspanpi2/robo_ws/build/joy -- -j4 -l4
[61.723s] Invoking command in '/home/divspanpi2/robo_ws/build/joy': CMAKE_PREFIX_PATH=${CMAKE_PREFIX_PATH}:/home/divspanpi2/robo_ws/install/robot:/opt/ros/humble /usr/bin/cmake --install /home/divspanpi2/robo_ws/build/joy
[61.752s] -- Install configuration: ""
[61.752s] -- Installing: /home/divspanpi2/robo_ws/install/joy/lib/libjoy.so
[61.801s] -- Set runtime path of "/home/divspanpi2/robo_ws/install/joy/lib/libjoy.so" to ""
[61.801s] -- Installing: /home/divspanpi2/robo_ws/install/joy/lib/joy/joy_node
[61.805s] -- Set runtime path of "/home/divspanpi2/robo_ws/install/joy/lib/joy/joy_node" to ""
[61.806s] -- Installing: /home/divspanpi2/robo_ws/install/joy/lib/libgame_controller.so
[61.855s] -- Set runtime path of "/home/divspanpi2/robo_ws/install/joy/lib/libgame_controller.so" to ""
[61.856s] -- Installing: /home/divspanpi2/robo_ws/install/joy/lib/joy/game_controller_node
[61.860s] -- Set runtime path of "/home/divspanpi2/robo_ws/install/joy/lib/joy/game_controller_node" to ""
[61.860s] -- Installing: /home/divspanpi2/robo_ws/install/joy/lib/joy/joy_enumerate_devices
[61.861s] -- Installing: /home/divspanpi2/robo_ws/install/joy/include/joy
[61.862s] -- Installing: /home/divspanpi2/robo_ws/install/joy/include/joy/joy
[61.862s] -- Installing: /home/divspanpi2/robo_ws/install/joy/include/joy/joy/game_controller.hpp
[61.863s] -- Installing: /home/divspanpi2/robo_ws/install/joy/include/joy/joy/joy.hpp
[61.864s] -- Installing: /home/divspanpi2/robo_ws/install/joy/share/joy/config
[61.865s] -- Installing: /home/divspanpi2/robo_ws/install/joy/share/joy/config/joy-params.yaml
[61.866s] -- Installing: /home/divspanpi2/robo_ws/install/joy/share/joy/launch
[61.866s] -- Installing: /home/divspanpi2/robo_ws/install/joy/share/joy/launch/joy-composed-launch.py
[61.867s] -- Installing: /home/divspanpi2/robo_ws/install/joy/share/joy/launch/joy-launch.py
[61.869s] -- Installing: /home/divspanpi2/robo_ws/install/joy/share/ament_index/resource_index/package_run_dependencies/joy
[61.870s] -- Installing: /home/divspanpi2/robo_ws/install/joy/share/ament_index/resource_index/parent_prefix_path/joy
[61.872s] -- Installing: /home/divspanpi2/robo_ws/install/joy/share/joy/environment/ament_prefix_path.sh
[61.873s] -- Installing: /home/divspanpi2/robo_ws/install/joy/share/joy/environment/ament_prefix_path.dsv
[61.874s] -- Installing: /home/divspanpi2/robo_ws/install/joy/share/joy/environment/path.sh
[61.875s] -- Installing: /home/divspanpi2/robo_ws/install/joy/share/joy/environment/path.dsv
[61.876s] -- Installing: /home/divspanpi2/robo_ws/install/joy/share/joy/local_setup.bash
[61.877s] -- Installing: /home/divspanpi2/robo_ws/install/joy/share/joy/local_setup.sh
[61.878s] -- Installing: /home/divspanpi2/robo_ws/install/joy/share/joy/local_setup.zsh
[61.879s] -- Installing: /home/divspanpi2/robo_ws/install/joy/share/joy/local_setup.dsv
[61.880s] -- Installing: /home/divspanpi2/robo_ws/install/joy/share/joy/package.dsv
[61.881s] -- Installing: /home/divspanpi2/robo_ws/install/joy/share/ament_index/resource_index/packages/joy
[61.883s] -- Installing: /home/divspanpi2/robo_ws/install/joy/share/ament_index/resource_index/rclcpp_components/joy
[61.884s] -- Installing: /home/divspanpi2/robo_ws/install/joy/share/joy/cmake/export_joyExport.cmake
[61.885s] -- Installing: /home/divspanpi2/robo_ws/install/joy/share/joy/cmake/export_joyExport-noconfig.cmake
[61.886s] -- Installing: /home/divspanpi2/robo_ws/install/joy/share/joy/cmake/export_game_controllerExport.cmake
[61.887s] -- Installing: /home/divspanpi2/robo_ws/install/joy/share/joy/cmake/export_game_controllerExport-noconfig.cmake
[61.889s] -- Installing: /home/divspanpi2/robo_ws/install/joy/share/joy/cmake/ament_cmake_export_targets-extras.cmake
[61.890s] -- Installing: /home/divspanpi2/robo_ws/install/joy/share/joy/cmake/ament_cmake_export_dependencies-extras.cmake
[61.891s] -- Installing: /home/divspanpi2/robo_ws/install/joy/share/joy/cmake/joyConfig.cmake
[61.892s] -- Installing: /home/divspanpi2/robo_ws/install/joy/share/joy/cmake/joyConfig-version.cmake
[61.893s] -- Installing: /home/divspanpi2/robo_ws/install/joy/share/joy/package.xml
[61.899s] Invoked command in '/home/divspanpi2/robo_ws/build/joy' returned '0': CMAKE_PREFIX_PATH=${CMAKE_PREFIX_PATH}:/home/divspanpi2/robo_ws/install/robot:/opt/ros/humble /usr/bin/cmake --install /home/divspanpi2/robo_ws/build/joy
