[0.055s] Invoking command in '/home/divspanpi2/robo_ws/build/rplidar_ros': CMAKE_PREFIX_PATH=${CMAKE_PREFIX_PATH}:/home/divspanpi2/robo_ws/install/robot:/home/divspanpi2/robo_ws/install/bno055:/opt/ros/humble /usr/bin/cmake --build /home/divspanpi2/robo_ws/build/rplidar_ros -- -j4 -l4
[0.575s] [  5%] Built target rplidar_client
[0.618s] [ 52%] Built target rplidar_node
[0.648s] [100%] Built target rplidar_composition
[0.723s] Invoked command in '/home/divspanpi2/robo_ws/build/rplidar_ros' returned '0': CMAKE_PREFIX_PATH=${CMAKE_PREFIX_PATH}:/home/divspanpi2/robo_ws/install/robot:/home/divspanpi2/robo_ws/install/bno055:/opt/ros/humble /usr/bin/cmake --build /home/divspanpi2/robo_ws/build/rplidar_ros -- -j4 -l4
[1.417s] Invoking command in '/home/divspanpi2/robo_ws/build/rplidar_ros': CMAKE_PREFIX_PATH=${CMAKE_PREFIX_PATH}:/home/divspanpi2/robo_ws/install/robot:/home/divspanpi2/robo_ws/install/bno055:/opt/ros/humble /usr/bin/cmake --install /home/divspanpi2/robo_ws/build/rplidar_ros
[1.463s] -- Install configuration: ""
[1.465s] -- Execute custom install script
[1.470s] -- Up-to-date symlink: /home/divspanpi2/robo_ws/install/rplidar_ros/share/rplidar_ros/launch/rplidar_a1_launch.py
[1.471s] -- Up-to-date symlink: /home/divspanpi2/robo_ws/install/rplidar_ros/share/rplidar_ros/launch/rplidar_a2m12_launch.py
[1.473s] -- Up-to-date symlink: /home/divspanpi2/robo_ws/install/rplidar_ros/share/rplidar_ros/launch/rplidar_a2m7_launch.py
[1.474s] -- Up-to-date symlink: /home/divspanpi2/robo_ws/install/rplidar_ros/share/rplidar_ros/launch/rplidar_a2m8_launch.py
[1.475s] -- Up-to-date symlink: /home/divspanpi2/robo_ws/install/rplidar_ros/share/rplidar_ros/launch/rplidar_a3_launch.py
[1.476s] -- Up-to-date symlink: /home/divspanpi2/robo_ws/install/rplidar_ros/share/rplidar_ros/launch/rplidar_c1_launch.py
[1.477s] -- Up-to-date symlink: /home/divspanpi2/robo_ws/install/rplidar_ros/share/rplidar_ros/launch/rplidar_s1_launch.py
[1.478s] -- Up-to-date symlink: /home/divspanpi2/robo_ws/install/rplidar_ros/share/rplidar_ros/launch/rplidar_s1_tcp_launch.py
[1.479s] -- Up-to-date symlink: /home/divspanpi2/robo_ws/install/rplidar_ros/share/rplidar_ros/launch/rplidar_s2_launch.py
[1.481s] -- Up-to-date symlink: /home/divspanpi2/robo_ws/install/rplidar_ros/share/rplidar_ros/launch/rplidar_s2e_launch.py
[1.482s] -- Up-to-date symlink: /home/divspanpi2/robo_ws/install/rplidar_ros/share/rplidar_ros/launch/rplidar_s3_launch.py
[1.483s] -- Up-to-date symlink: /home/divspanpi2/robo_ws/install/rplidar_ros/share/rplidar_ros/launch/rplidar_t1_launch.py
[1.484s] -- Up-to-date symlink: /home/divspanpi2/robo_ws/install/rplidar_ros/share/rplidar_ros/launch/view_rplidar_a1_launch.py
[1.485s] -- Up-to-date symlink: /home/divspanpi2/robo_ws/install/rplidar_ros/share/rplidar_ros/launch/view_rplidar_a2m12_launch.py
[1.486s] -- Up-to-date symlink: /home/divspanpi2/robo_ws/install/rplidar_ros/share/rplidar_ros/launch/view_rplidar_a2m7_launch.py
[1.488s] -- Up-to-date symlink: /home/divspanpi2/robo_ws/install/rplidar_ros/share/rplidar_ros/launch/view_rplidar_a2m8_launch.py
[1.490s] -- Up-to-date symlink: /home/divspanpi2/robo_ws/install/rplidar_ros/share/rplidar_ros/launch/view_rplidar_a3_launch.py
[1.493s] -- Up-to-date symlink: /home/divspanpi2/robo_ws/install/rplidar_ros/share/rplidar_ros/launch/view_rplidar_c1_launch.py
[1.495s] -- Up-to-date symlink: /home/divspanpi2/robo_ws/install/rplidar_ros/share/rplidar_ros/launch/view_rplidar_s1_launch.py
[1.496s] -- Up-to-date symlink: /home/divspanpi2/robo_ws/install/rplidar_ros/share/rplidar_ros/launch/view_rplidar_s1_tcp_launch.py
[1.497s] -- Up-to-date symlink: /home/divspanpi2/robo_ws/install/rplidar_ros/share/rplidar_ros/launch/view_rplidar_s2_launch.py
[1.500s] -- Up-to-date symlink: /home/divspanpi2/robo_ws/install/rplidar_ros/share/rplidar_ros/launch/view_rplidar_s2e_launch.py
[1.500s] -- Up-to-date symlink: /home/divspanpi2/robo_ws/install/rplidar_ros/share/rplidar_ros/launch/view_rplidar_s3_launch.py
[1.503s] -- Up-to-date symlink: /home/divspanpi2/robo_ws/install/rplidar_ros/share/rplidar_ros/launch/view_rplidar_t1_launch.py
[1.506s] -- Up-to-date symlink: /home/divspanpi2/robo_ws/install/rplidar_ros/share/rplidar_ros/rviz/rplidar_ros.rviz
[1.508s] -- Up-to-date symlink: /home/divspanpi2/robo_ws/install/rplidar_ros/lib/rplidar_ros/rplidar_node
[1.509s] -- Up-to-date symlink: /home/divspanpi2/robo_ws/install/rplidar_ros/lib/rplidar_ros/rplidar_composition
[1.511s] -- Up-to-date symlink: /home/divspanpi2/robo_ws/install/rplidar_ros/lib/rplidar_ros/rplidar_client
[1.512s] -- Up-to-date symlink: /home/divspanpi2/robo_ws/install/rplidar_ros/share/ament_index/resource_index/package_run_dependencies/rplidar_ros
[1.515s] -- Up-to-date symlink: /home/divspanpi2/robo_ws/install/rplidar_ros/share/ament_index/resource_index/parent_prefix_path/rplidar_ros
[1.515s] -- Up-to-date symlink: /home/divspanpi2/robo_ws/install/rplidar_ros/share/rplidar_ros/environment/ament_prefix_path.sh
[1.523s] -- Up-to-date symlink: /home/divspanpi2/robo_ws/install/rplidar_ros/share/rplidar_ros/environment/ament_prefix_path.dsv
[1.523s] -- Up-to-date symlink: /home/divspanpi2/robo_ws/install/rplidar_ros/share/rplidar_ros/environment/path.sh
[1.524s] -- Up-to-date symlink: /home/divspanpi2/robo_ws/install/rplidar_ros/share/rplidar_ros/environment/path.dsv
[1.525s] -- Up-to-date symlink: /home/divspanpi2/robo_ws/install/rplidar_ros/share/rplidar_ros/local_setup.bash
[1.525s] -- Up-to-date symlink: /home/divspanpi2/robo_ws/install/rplidar_ros/share/rplidar_ros/local_setup.sh
[1.526s] -- Up-to-date symlink: /home/divspanpi2/robo_ws/install/rplidar_ros/share/rplidar_ros/local_setup.zsh
[1.527s] -- Up-to-date symlink: /home/divspanpi2/robo_ws/install/rplidar_ros/share/rplidar_ros/local_setup.dsv
[1.527s] -- Symlinking: /home/divspanpi2/robo_ws/install/rplidar_ros/share/rplidar_ros/package.dsv
[1.562s] -- Up-to-date symlink: /home/divspanpi2/robo_ws/install/rplidar_ros/share/ament_index/resource_index/packages/rplidar_ros
[1.564s] -- Up-to-date symlink: /home/divspanpi2/robo_ws/install/rplidar_ros/share/rplidar_ros/cmake/ament_cmake_export_dependencies-extras.cmake
[1.566s] -- Up-to-date symlink: /home/divspanpi2/robo_ws/install/rplidar_ros/share/rplidar_ros/cmake/ament_cmake_export_include_directories-extras.cmake
[1.567s] -- Up-to-date symlink: /home/divspanpi2/robo_ws/install/rplidar_ros/share/rplidar_ros/cmake/rplidar_rosConfig.cmake
[1.568s] -- Up-to-date symlink: /home/divspanpi2/robo_ws/install/rplidar_ros/share/rplidar_ros/cmake/rplidar_rosConfig-version.cmake
[1.569s] -- Up-to-date symlink: /home/divspanpi2/robo_ws/install/rplidar_ros/share/rplidar_ros/package.xml
[1.579s] Invoked command in '/home/divspanpi2/robo_ws/build/rplidar_ros' returned '0': CMAKE_PREFIX_PATH=${CMAKE_PREFIX_PATH}:/home/divspanpi2/robo_ws/install/robot:/home/divspanpi2/robo_ws/install/bno055:/opt/ros/humble /usr/bin/cmake --install /home/divspanpi2/robo_ws/build/rplidar_ros
