[3.061s] Invoking command in '/home/divspanpi2/robo_ws/src/bno055': PYTHONPATH=/home/divspanpi2/robo_ws/build/bno055/prefix_override:/usr/lib/python3/dist-packages/colcon_core/task/python/colcon_distutils_commands:/home/divspanpi2/robo_ws/install/bno055/lib/python3.10/site-packages:${PYTHONPATH} /usr/bin/python3 -W ignore:setup.py install is deprecated -W ignore:easy_install command is deprecated setup.py egg_info --egg-base ../../build/bno055 build --build-base /home/divspanpi2/robo_ws/build/bno055/build install --record /home/divspanpi2/robo_ws/build/bno055/install.log --single-version-externally-managed install_data
[4.194s] running egg_info
[4.196s] writing ../../build/bno055/bno055.egg-info/PKG-INFO
[4.200s] writing dependency_links to ../../build/bno055/bno055.egg-info/dependency_links.txt
[4.201s] writing entry points to ../../build/bno055/bno055.egg-info/entry_points.txt
[4.202s] writing requirements to ../../build/bno055/bno055.egg-info/requires.txt
[4.202s] writing top-level names to ../../build/bno055/bno055.egg-info/top_level.txt
[4.214s] reading manifest file '../../build/bno055/bno055.egg-info/SOURCES.txt'
[4.219s] adding license file 'LICENSE'
[4.219s] adding license file 'AUTHORS'
[4.222s] writing manifest file '../../build/bno055/bno055.egg-info/SOURCES.txt'
[4.223s] running build
[4.223s] running build_py
[4.233s] copying bno055/sensor/SensorService.py -> /home/divspanpi2/robo_ws/build/bno055/build/lib/bno055/sensor
[4.237s] running install
[4.239s] running install_lib
[4.246s] copying /home/divspanpi2/robo_ws/build/bno055/build/lib/bno055/sensor/SensorService.py -> /home/divspanpi2/robo_ws/install/bno055/lib/python3.10/site-packages/bno055/sensor
[4.250s] byte-compiling /home/divspanpi2/robo_ws/install/bno055/lib/python3.10/site-packages/bno055/bno055.py to bno055.cpython-310.pyc
[4.255s] byte-compiling /home/divspanpi2/robo_ws/install/bno055/lib/python3.10/site-packages/bno055/sensor/SensorService.py to SensorService.cpython-310.pyc
[4.266s] running install_data
[4.270s] running install_egg_info
[4.277s] removing '/home/divspanpi2/robo_ws/install/bno055/lib/python3.10/site-packages/bno055-0.5.0-py3.10.egg-info' (and everything under it)
[4.279s] Copying ../../build/bno055/bno055.egg-info to /home/divspanpi2/robo_ws/install/bno055/lib/python3.10/site-packages/bno055-0.5.0-py3.10.egg-info
[4.287s] running install_scripts
[4.367s] Installing bno055 script to /home/divspanpi2/robo_ws/install/bno055/lib/bno055
[4.371s] writing list of installed files to '/home/divspanpi2/robo_ws/build/bno055/install.log'
[4.488s] Invoked command in '/home/divspanpi2/robo_ws/src/bno055' returned '0': PYTHONPATH=/home/divspanpi2/robo_ws/build/bno055/prefix_override:/usr/lib/python3/dist-packages/colcon_core/task/python/colcon_distutils_commands:/home/divspanpi2/robo_ws/install/bno055/lib/python3.10/site-packages:${PYTHONPATH} /usr/bin/python3 -W ignore:setup.py install is deprecated -W ignore:easy_install command is deprecated setup.py egg_info --egg-base ../../build/bno055 build --build-base /home/divspanpi2/robo_ws/build/bno055/build install --record /home/divspanpi2/robo_ws/build/bno055/install.log --single-version-externally-managed install_data
