[5.024s] Invoking command in '/home/divspanpi2/robo_ws/src/robot': PYTHONPATH=/home/divspanpi2/robo_ws/build/robot/prefix_override:/usr/lib/python3/dist-packages/colcon_core/task/python/colcon_distutils_commands:/home/divspanpi2/robo_ws/install/robot/lib/python3.10/site-packages:${PYTHONPATH} /usr/bin/python3 -W ignore:setup.py install is deprecated setup.py egg_info --egg-base ../../build/robot build --build-base /home/divspanpi2/robo_ws/build/robot/build install --record /home/divspanpi2/robo_ws/build/robot/install.log --single-version-externally-managed install_data
[6.540s] running egg_info
[6.543s] writing ../../build/robot/robot.egg-info/PKG-INFO
[6.544s] writing dependency_links to ../../build/robot/robot.egg-info/dependency_links.txt
[6.546s] writing entry points to ../../build/robot/robot.egg-info/entry_points.txt
[6.546s] writing requirements to ../../build/robot/robot.egg-info/requires.txt
[6.548s] writing top-level names to ../../build/robot/robot.egg-info/top_level.txt
[6.557s] reading manifest file '../../build/robot/robot.egg-info/SOURCES.txt'
[6.559s] adding license file 'LICENSE'
[6.562s] writing manifest file '../../build/robot/robot.egg-info/SOURCES.txt'
[6.563s] running build
[6.564s] running build_py
[6.565s] running install
[6.567s] running install_lib
[6.574s] byte-compiling /home/divspanpi2/robo_ws/install/robot/lib/python3.10/site-packages/robot/node_serial.py to node_serial.cpython-310.pyc
[6.578s] running install_data
[6.579s] running install_egg_info
[6.587s] removing '/home/divspanpi2/robo_ws/install/robot/lib/python3.10/site-packages/robot-0.0.0-py3.10.egg-info' (and everything under it)
[6.589s] Copying ../../build/robot/robot.egg-info to /home/divspanpi2/robo_ws/install/robot/lib/python3.10/site-packages/robot-0.0.0-py3.10.egg-info
[6.596s] running install_scripts
[6.694s] Installing node_bno script to /home/divspanpi2/robo_ws/install/robot/lib/robot
[6.695s] Installing node_serial script to /home/divspanpi2/robo_ws/install/robot/lib/robot
[6.697s] writing list of installed files to '/home/divspanpi2/robo_ws/build/robot/install.log'
[6.873s] Invoked command in '/home/divspanpi2/robo_ws/src/robot' returned '0': PYTHONPATH=/home/divspanpi2/robo_ws/build/robot/prefix_override:/usr/lib/python3/dist-packages/colcon_core/task/python/colcon_distutils_commands:/home/divspanpi2/robo_ws/install/robot/lib/python3.10/site-packages:${PYTHONPATH} /usr/bin/python3 -W ignore:setup.py install is deprecated setup.py egg_info --egg-base ../../build/robot build --build-base /home/divspanpi2/robo_ws/build/robot/build install --record /home/divspanpi2/robo_ws/build/robot/install.log --single-version-externally-managed install_data
