[2.701s] Invoking command in '/home/divspanpi2/robo_ws/src/bno055': PYTHONPATH=/home/divspanpi2/robo_ws/build/bno055/prefix_override:/usr/lib/python3/dist-packages/colcon_core/task/python/colcon_distutils_commands:/home/divspanpi2/robo_ws/install/bno055/lib/python3.10/site-packages:${PYTHONPATH} /usr/bin/python3 -W ignore:setup.py install is deprecated -W ignore:easy_install command is deprecated setup.py egg_info --egg-base ../../build/bno055 build --build-base /home/divspanpi2/robo_ws/build/bno055/build install --record /home/divspanpi2/robo_ws/build/bno055/install.log --single-version-externally-managed install_data
[3.796s] running egg_info
[3.805s] writing ../../build/bno055/bno055.egg-info/PKG-INFO
[3.806s] writing dependency_links to ../../build/bno055/bno055.egg-info/dependency_links.txt
[3.807s] writing entry points to ../../build/bno055/bno055.egg-info/entry_points.txt
[3.808s] writing requirements to ../../build/bno055/bno055.egg-info/requires.txt
[3.809s] writing top-level names to ../../build/bno055/bno055.egg-info/top_level.txt
[3.820s] reading manifest file '../../build/bno055/bno055.egg-info/SOURCES.txt'
[3.821s] adding license file 'LICENSE'
[3.822s] adding license file 'AUTHORS'
[3.825s] writing manifest file '../../build/bno055/bno055.egg-info/SOURCES.txt'
[3.825s] running build
[3.826s] running build_py
[3.831s] copying bno055/sensor/SensorService.py -> /home/divspanpi2/robo_ws/build/bno055/build/lib/bno055/sensor
[3.834s] running install
[3.835s] running install_lib
[3.842s] copying /home/divspanpi2/robo_ws/build/bno055/build/lib/bno055/sensor/SensorService.py -> /home/divspanpi2/robo_ws/install/bno055/lib/python3.10/site-packages/bno055/sensor
[3.846s] byte-compiling /home/divspanpi2/robo_ws/install/bno055/lib/python3.10/site-packages/bno055/bno055.py to bno055.cpython-310.pyc
[3.850s] byte-compiling /home/divspanpi2/robo_ws/install/bno055/lib/python3.10/site-packages/bno055/sensor/SensorService.py to SensorService.cpython-310.pyc
[3.862s] running install_data
[3.863s] running install_egg_info
[3.870s] removing '/home/divspanpi2/robo_ws/install/bno055/lib/python3.10/site-packages/bno055-0.5.0-py3.10.egg-info' (and everything under it)
[3.871s] Copying ../../build/bno055/bno055.egg-info to /home/divspanpi2/robo_ws/install/bno055/lib/python3.10/site-packages/bno055-0.5.0-py3.10.egg-info
[3.876s] running install_scripts
[3.955s] Installing bno055 script to /home/divspanpi2/robo_ws/install/bno055/lib/bno055
[3.959s] writing list of installed files to '/home/divspanpi2/robo_ws/build/bno055/install.log'
[4.076s] Invoked command in '/home/divspanpi2/robo_ws/src/bno055' returned '0': PYTHONPATH=/home/divspanpi2/robo_ws/build/bno055/prefix_override:/usr/lib/python3/dist-packages/colcon_core/task/python/colcon_distutils_commands:/home/divspanpi2/robo_ws/install/bno055/lib/python3.10/site-packages:${PYTHONPATH} /usr/bin/python3 -W ignore:setup.py install is deprecated -W ignore:easy_install command is deprecated setup.py egg_info --egg-base ../../build/bno055 build --build-base /home/divspanpi2/robo_ws/build/bno055/build install --record /home/divspanpi2/robo_ws/build/bno055/install.log --single-version-externally-managed install_data
