[3.491s] Invoking command in '/home/divspanpi2/robo_ws/src/robot': PYTHONPATH=/home/divspanpi2/robo_ws/build/robot/prefix_override:/usr/lib/python3/dist-packages/colcon_core/task/python/colcon_distutils_commands:/home/divspanpi2/robo_ws/install/robot/lib/python3.10/site-packages:${PYTHONPATH} /usr/bin/python3 -W ignore:setup.py install is deprecated -W ignore:easy_install command is deprecated setup.py egg_info --egg-base ../../build/robot build --build-base /home/divspanpi2/robo_ws/build/robot/build install --record /home/divspanpi2/robo_ws/build/robot/install.log --single-version-externally-managed install_data
[4.890s] running egg_info
[4.892s] writing ../../build/robot/robot.egg-info/PKG-INFO
[4.894s] writing dependency_links to ../../build/robot/robot.egg-info/dependency_links.txt
[4.895s] writing entry points to ../../build/robot/robot.egg-info/entry_points.txt
[4.897s] writing requirements to ../../build/robot/robot.egg-info/requires.txt
[4.897s] writing top-level names to ../../build/robot/robot.egg-info/top_level.txt
[4.906s] reading manifest file '../../build/robot/robot.egg-info/SOURCES.txt'
[4.908s] adding license file 'LICENSE'
[4.910s] writing manifest file '../../build/robot/robot.egg-info/SOURCES.txt'
[4.914s] running build
[4.914s] running build_py
[4.917s] copying robot/save_odom.py -> /home/divspanpi2/robo_ws/build/robot/build/lib/robot
[4.917s] running install
[4.917s] running install_lib
[4.920s] copying /home/divspanpi2/robo_ws/build/robot/build/lib/robot/save_odom.py -> /home/divspanpi2/robo_ws/install/robot/lib/python3.10/site-packages/robot
[4.927s] byte-compiling /home/divspanpi2/robo_ws/install/robot/lib/python3.10/site-packages/robot/save_odom.py to save_odom.cpython-310.pyc
[4.927s] byte-compiling /home/divspanpi2/robo_ws/install/robot/lib/python3.10/site-packages/robot/save_imu.py to save_imu.cpython-310.pyc
[4.930s] byte-compiling /home/divspanpi2/robo_ws/install/robot/lib/python3.10/site-packages/robot/node_serial.py to node_serial.cpython-310.pyc
[4.936s] byte-compiling /home/divspanpi2/robo_ws/install/robot/lib/python3.10/site-packages/robot/node_bno.py to node_bno.cpython-310.pyc
[4.942s] running install_data
[4.942s] running install_egg_info
[4.948s] removing '/home/divspanpi2/robo_ws/install/robot/lib/python3.10/site-packages/robot-0.0.0-py3.10.egg-info' (and everything under it)
[4.949s] Copying ../../build/robot/robot.egg-info to /home/divspanpi2/robo_ws/install/robot/lib/python3.10/site-packages/robot-0.0.0-py3.10.egg-info
[4.956s] running install_scripts
[5.047s] Installing node_bno script to /home/divspanpi2/robo_ws/install/robot/lib/robot
[5.048s] Installing node_serial script to /home/divspanpi2/robo_ws/install/robot/lib/robot
[5.049s] Installing save_imu script to /home/divspanpi2/robo_ws/install/robot/lib/robot
[5.050s] Installing save_odom script to /home/divspanpi2/robo_ws/install/robot/lib/robot
[5.052s] writing list of installed files to '/home/divspanpi2/robo_ws/build/robot/install.log'
[5.184s] Invoked command in '/home/divspanpi2/robo_ws/src/robot' returned '0': PYTHONPATH=/home/divspanpi2/robo_ws/build/robot/prefix_override:/usr/lib/python3/dist-packages/colcon_core/task/python/colcon_distutils_commands:/home/divspanpi2/robo_ws/install/robot/lib/python3.10/site-packages:${PYTHONPATH} /usr/bin/python3 -W ignore:setup.py install is deprecated -W ignore:easy_install command is deprecated setup.py egg_info --egg-base ../../build/robot build --build-base /home/divspanpi2/robo_ws/build/robot/build install --record /home/divspanpi2/robo_ws/build/robot/install.log --single-version-externally-managed install_data
