[0.051s] Invoking command in '/home/divspanpi2/robo_ws/build/nexus': CMAKE_PREFIX_PATH=${CMAKE_PREFIX_PATH}:/home/divspanpi2/robo_ws/install/robot:/home/divspanpi2/robo_ws/install/bno055:/opt/ros/humble /usr/bin/cmake /home/divspanpi2/robo_ws/src/nexus -DAMENT_CMAKE_SYMLINK_INSTALL=1 -DCMAKE_INSTALL_PREFIX=/home/divspanpi2/robo_ws/install/nexus
[0.130s] -- Found ament_cmake: 1.3.11 (/opt/ros/humble/share/ament_cmake/cmake)
[0.742s] -- Override CMake install command with custom implementation using symlinks instead of copying resources
[0.822s] -- Found rclcpp: 16.0.11 (/opt/ros/humble/share/rclcpp/cmake)
[1.065s] -- Found rosidl_generator_c: 3.1.6 (/opt/ros/humble/share/rosidl_generator_c/cmake)
[1.081s] -- Found rosidl_adapter: 3.1.6 (/opt/ros/humble/share/rosidl_adapter/cmake)
[1.120s] -- Found rosidl_generator_cpp: 3.1.6 (/opt/ros/humble/share/rosidl_generator_cpp/cmake)
[1.178s] -- Using all available rosidl_typesupport_c: rosidl_typesupport_fastrtps_c;rosidl_typesupport_introspection_c
[1.259s] -- Using all available rosidl_typesupport_cpp: rosidl_typesupport_fastrtps_cpp;rosidl_typesupport_introspection_cpp
[1.461s] -- Found rmw_implementation_cmake: 6.1.2 (/opt/ros/humble/share/rmw_implementation_cmake/cmake)
[1.473s] -- Found rmw_fastrtps_cpp: 6.2.7 (/opt/ros/humble/share/rmw_fastrtps_cpp/cmake)
[2.510s] -- Using RMW implementation 'rmw_fastrtps_cpp' as default
[2.798s] -- Found sensor_msgs: 4.2.4 (/opt/ros/humble/share/sensor_msgs/cmake)
[2.959s] -- Found laser_geometry: 2.4.0 (/opt/ros/humble/share/laser_geometry/cmake)
[3.017s] -- Found pcl_conversions: 2.4.5 (/opt/ros/humble/share/pcl_conversions/cmake)
[3.200s] -- Eigen found (include: /usr/include/eigen3, version: 3.4.0)
[3.482s] -- FLANN found (include: /usr/include, lib: /usr/lib/aarch64-linux-gnu/libflann_cpp.so)
[5.695s] -- OpenNI found (version: 1.5.4.0, include: /usr/include/ni, lib: /usr/lib/libOpenNI.so;libusb::libusb)
[5.722s] -- OpenNI2 found (version: 2.2.0.33, include: /usr/include/openni2, lib: /usr/lib/aarch64-linux-gnu/libOpenNI2.so;libusb::libusb)
[6.335s] -- Eigen found (include: /usr/include/eigen3, version: 3.4.0)
[6.359s] -- OpenNI found (version: 1.5.4.0, include: /usr/include/ni, lib: /usr/lib/libOpenNI.so;libusb::libusb)
[6.384s] -- OpenNI2 found (version: 2.2.0.33, include: /usr/include/openni2, lib: /usr/lib/aarch64-linux-gnu/libOpenNI2.so;libusb::libusb)
[6.973s] -- Found Qhull version 8.0.2
[7.582s] -- OpenNI found (version: 1.5.4.0, include: /usr/include/ni, lib: /usr/lib/libOpenNI.so;libusb::libusb)
[8.593s] -- Configuring done
[9.365s] -- Generating done
[9.430s] -- Build files have been written to: /home/divspanpi2/robo_ws/build/nexus
[9.496s] Invoked command in '/home/divspanpi2/robo_ws/build/nexus' returned '0': CMAKE_PREFIX_PATH=${CMAKE_PREFIX_PATH}:/home/divspanpi2/robo_ws/install/robot:/home/divspanpi2/robo_ws/install/bno055:/opt/ros/humble /usr/bin/cmake /home/divspanpi2/robo_ws/src/nexus -DAMENT_CMAKE_SYMLINK_INSTALL=1 -DCMAKE_INSTALL_PREFIX=/home/divspanpi2/robo_ws/install/nexus
[9.508s] Invoking command in '/home/divspanpi2/robo_ws/build/nexus': CMAKE_PREFIX_PATH=${CMAKE_PREFIX_PATH}:/home/divspanpi2/robo_ws/install/robot:/home/divspanpi2/robo_ws/install/bno055:/opt/ros/humble /usr/bin/cmake --build /home/divspanpi2/robo_ws/build/nexus -- -j4 -l4
[9.685s] [35m[1mConsolidate compiler generated dependencies of target main_node[0m
[9.689s] [35m[1mConsolidate compiler generated dependencies of target icp_node[0m
[9.774s] [ 25%] [32mBuilding CXX object CMakeFiles/main_node.dir/src/main.cpp.o[0m
[9.853s] [ 50%] [32m[1mLinking CXX executable icp_node[0m
[17.008s] [ 75%] Built target icp_node
[64.850s] [100%] [32m[1mLinking CXX executable main_node[0m
[67.995s] [100%] Built target main_node
[68.034s] Invoked command in '/home/divspanpi2/robo_ws/build/nexus' returned '0': CMAKE_PREFIX_PATH=${CMAKE_PREFIX_PATH}:/home/divspanpi2/robo_ws/install/robot:/home/divspanpi2/robo_ws/install/bno055:/opt/ros/humble /usr/bin/cmake --build /home/divspanpi2/robo_ws/build/nexus -- -j4 -l4
[68.075s] Invoking command in '/home/divspanpi2/robo_ws/build/nexus': CMAKE_PREFIX_PATH=${CMAKE_PREFIX_PATH}:/home/divspanpi2/robo_ws/install/robot:/home/divspanpi2/robo_ws/install/bno055:/opt/ros/humble /usr/bin/cmake --install /home/divspanpi2/robo_ws/build/nexus
[68.104s] -- Install configuration: ""
[68.105s] -- Execute custom install script
[68.106s] -- Symlinking: /home/divspanpi2/robo_ws/install/nexus/lib/nexus/main_node
[68.140s] -- Symlinking: /home/divspanpi2/robo_ws/install/nexus/lib/nexus/icp_node
[68.176s] -- Symlinking: /home/divspanpi2/robo_ws/install/nexus/share/ament_index/resource_index/package_run_dependencies/nexus
[68.209s] -- Symlinking: /home/divspanpi2/robo_ws/install/nexus/share/ament_index/resource_index/parent_prefix_path/nexus
[68.241s] -- Symlinking: /home/divspanpi2/robo_ws/install/nexus/share/nexus/environment/ament_prefix_path.sh
[68.274s] -- Symlinking: /home/divspanpi2/robo_ws/install/nexus/share/nexus/environment/ament_prefix_path.dsv
[68.306s] -- Symlinking: /home/divspanpi2/robo_ws/install/nexus/share/nexus/environment/path.sh
[68.338s] -- Symlinking: /home/divspanpi2/robo_ws/install/nexus/share/nexus/environment/path.dsv
[68.370s] -- Symlinking: /home/divspanpi2/robo_ws/install/nexus/share/nexus/local_setup.bash
[68.402s] -- Symlinking: /home/divspanpi2/robo_ws/install/nexus/share/nexus/local_setup.sh
[68.435s] -- Symlinking: /home/divspanpi2/robo_ws/install/nexus/share/nexus/local_setup.zsh
[68.467s] -- Symlinking: /home/divspanpi2/robo_ws/install/nexus/share/nexus/local_setup.dsv
[68.499s] -- Symlinking: /home/divspanpi2/robo_ws/install/nexus/share/nexus/package.dsv
[68.531s] -- Symlinking: /home/divspanpi2/robo_ws/install/nexus/share/ament_index/resource_index/packages/nexus
[68.563s] -- Symlinking: /home/divspanpi2/robo_ws/install/nexus/share/nexus/cmake/nexusConfig.cmake
[68.595s] -- Symlinking: /home/divspanpi2/robo_ws/install/nexus/share/nexus/cmake/nexusConfig-version.cmake
[68.628s] -- Symlinking: /home/divspanpi2/robo_ws/install/nexus/share/nexus/package.xml
[68.665s] Invoked command in '/home/divspanpi2/robo_ws/build/nexus' returned '0': CMAKE_PREFIX_PATH=${CMAKE_PREFIX_PATH}:/home/divspanpi2/robo_ws/install/robot:/home/divspanpi2/robo_ws/install/bno055:/opt/ros/humble /usr/bin/cmake --install /home/divspanpi2/robo_ws/build/nexus
