[7.490s] Invoking command in '/home/divspanpi2/robo_ws/src/my_robot_controller': PYTHONPATH=/home/divspanpi2/robo_ws/build/my_robot_controller/prefix_override:/usr/lib/python3/dist-packages/colcon_core/task/python/colcon_distutils_commands:/home/divspanpi2/robo_ws/install/my_robot_controller/lib/python3.10/site-packages:${PYTHONPATH} /usr/bin/python3 -W ignore:setup.py install is deprecated -W ignore:easy_install command is deprecated setup.py egg_info --egg-base ../../build/my_robot_controller build --build-base /home/divspanpi2/robo_ws/build/my_robot_controller/build install --record /home/divspanpi2/robo_ws/build/my_robot_controller/install.log --single-version-externally-managed install_data
[9.484s] running egg_info
[9.489s] writing ../../build/my_robot_controller/my_robot_controller.egg-info/PKG-INFO
[9.490s] writing dependency_links to ../../build/my_robot_controller/my_robot_controller.egg-info/dependency_links.txt
[9.492s] writing entry points to ../../build/my_robot_controller/my_robot_controller.egg-info/entry_points.txt
[9.494s] writing requirements to ../../build/my_robot_controller/my_robot_controller.egg-info/requires.txt
[9.495s] writing top-level names to ../../build/my_robot_controller/my_robot_controller.egg-info/top_level.txt
[9.507s] reading manifest file '../../build/my_robot_controller/my_robot_controller.egg-info/SOURCES.txt'
[9.514s] writing manifest file '../../build/my_robot_controller/my_robot_controller.egg-info/SOURCES.txt'
[9.515s] running build
[9.516s] running build_py
[9.531s] running install
[9.532s] running install_lib
[9.548s] byte-compiling /home/divspanpi2/robo_ws/install/my_robot_controller/lib/python3.10/site-packages/my_robot_controller/interpolasi.py to interpolasi.cpython-310.pyc
[9.556s] byte-compiling /home/divspanpi2/robo_ws/install/my_robot_controller/lib/python3.10/site-packages/my_robot_controller/ekf_accel_obs.py to ekf_accel_obs.cpython-310.pyc
[9.561s] byte-compiling /home/divspanpi2/robo_ws/install/my_robot_controller/lib/python3.10/site-packages/my_robot_controller/ekf_accel.py to ekf_accel.cpython-310.pyc
[9.566s] byte-compiling /home/divspanpi2/robo_ws/install/my_robot_controller/lib/python3.10/site-packages/my_robot_controller/imu_mechanization.py to imu_mechanization.cpython-310.pyc
[9.573s] byte-compiling /home/divspanpi2/robo_ws/install/my_robot_controller/lib/python3.10/site-packages/my_robot_controller/imu_raw_data.py to imu_raw_data.cpython-310.pyc
[9.579s] byte-compiling /home/divspanpi2/robo_ws/install/my_robot_controller/lib/python3.10/site-packages/my_robot_controller/tracking_object.py to tracking_object.cpython-310.pyc
[9.583s] byte-compiling /home/divspanpi2/robo_ws/install/my_robot_controller/lib/python3.10/site-packages/my_robot_controller/tes.py to tes.cpython-310.pyc
[9.586s] byte-compiling /home/divspanpi2/robo_ws/install/my_robot_controller/lib/python3.10/site-packages/my_robot_controller/icp_algorithm.py to icp_algorithm.cpython-310.pyc
[9.592s] byte-compiling /home/divspanpi2/robo_ws/install/my_robot_controller/lib/python3.10/site-packages/my_robot_controller/lidar_node.py to lidar_node.cpython-310.pyc
[9.596s] running install_data
[9.597s] running install_egg_info
[9.606s] removing '/home/divspanpi2/robo_ws/install/my_robot_controller/lib/python3.10/site-packages/my_robot_controller-0.0.0-py3.10.egg-info' (and everything under it)
[9.608s] Copying ../../build/my_robot_controller/my_robot_controller.egg-info to /home/divspanpi2/robo_ws/install/my_robot_controller/lib/python3.10/site-packages/my_robot_controller-0.0.0-py3.10.egg-info
[9.617s] running install_scripts
[9.731s] Installing ekf_fusion_node script to /home/divspanpi2/robo_ws/install/my_robot_controller/lib/my_robot_controller
[9.732s] Installing fusion_node script to /home/divspanpi2/robo_ws/install/my_robot_controller/lib/my_robot_controller
[9.733s] Installing icp_node script to /home/divspanpi2/robo_ws/install/my_robot_controller/lib/my_robot_controller
[9.735s] Installing imu_filtered_node script to /home/divspanpi2/robo_ws/install/my_robot_controller/lib/my_robot_controller
[9.737s] Installing imu_node script to /home/divspanpi2/robo_ws/install/my_robot_controller/lib/my_robot_controller
[9.739s] Installing imu_raw_data script to /home/divspanpi2/robo_ws/install/my_robot_controller/lib/my_robot_controller
[9.742s] Installing lidar_node script to /home/divspanpi2/robo_ws/install/my_robot_controller/lib/my_robot_controller
[9.743s] Installing nav_test_node script to /home/divspanpi2/robo_ws/install/my_robot_controller/lib/my_robot_controller
[9.744s] Installing obstacle_monitor script to /home/divspanpi2/robo_ws/install/my_robot_controller/lib/my_robot_controller
[9.745s] Installing odom_filtered_node script to /home/divspanpi2/robo_ws/install/my_robot_controller/lib/my_robot_controller
[9.747s] Installing odom_node script to /home/divspanpi2/robo_ws/install/my_robot_controller/lib/my_robot_controller
[9.748s] Installing odom_raw_data script to /home/divspanpi2/robo_ws/install/my_robot_controller/lib/my_robot_controller
[9.749s] Installing path_listener script to /home/divspanpi2/robo_ws/install/my_robot_controller/lib/my_robot_controller
[9.751s] Installing path_saver script to /home/divspanpi2/robo_ws/install/my_robot_controller/lib/my_robot_controller
[9.753s] Installing tracking_object script to /home/divspanpi2/robo_ws/install/my_robot_controller/lib/my_robot_controller
[9.757s] Installing turtle_controller script to /home/divspanpi2/robo_ws/install/my_robot_controller/lib/my_robot_controller
[9.760s] writing list of installed files to '/home/divspanpi2/robo_ws/build/my_robot_controller/install.log'
[9.945s] Invoked command in '/home/divspanpi2/robo_ws/src/my_robot_controller' returned '0': PYTHONPATH=/home/divspanpi2/robo_ws/build/my_robot_controller/prefix_override:/usr/lib/python3/dist-packages/colcon_core/task/python/colcon_distutils_commands:/home/divspanpi2/robo_ws/install/my_robot_controller/lib/python3.10/site-packages:${PYTHONPATH} /usr/bin/python3 -W ignore:setup.py install is deprecated -W ignore:easy_install command is deprecated setup.py egg_info --egg-base ../../build/my_robot_controller build --build-base /home/divspanpi2/robo_ws/build/my_robot_controller/build install --record /home/divspanpi2/robo_ws/build/my_robot_controller/install.log --single-version-externally-managed install_data
