[35m[1mConsolidate compiler generated dependencies of target main_node[0m
[ 25%] [32mBuilding CXX object CMakeFiles/main_node.dir/src/main.cpp.o[0m
[ 75%] Built target icp_node
[01m[K/home/divspanpi2/robo_ws/src/nexus/src/main.cpp:[m[K In member function ‘[01m[Kvoid MainNode::wheel_twist_callback(std_msgs::msg::Float32MultiArray_<std::allocator<void> >::SharedPtr)[m[K’:
[01m[K/home/divspanpi2/robo_ws/src/nexus/src/main.cpp:53:17:[m[K [01;35m[Kwarning: [m[Kunused variable ‘[01m[Kthreshold[m[K’ [[01;35m[K]8;;https://gcc.gnu.org/onlinedocs/gcc/Warning-Options.html#index-Wunused-variable-Wunused-variable]8;;[m[K]
   53 |     const float [01;35m[Kthreshold[m[K = 5;
      |                 [01;35m[K^~~~~~~~~[m[K
[100%] [32m[1mLinking CXX executable main_node[0m
[100%] Built target main_node
-- Install configuration: ""
-- Installing: /home/divspanpi2/robo_ws/install/nexus/lib/nexus/main_node
-- Set runtime path of "/home/divspanpi2/robo_ws/install/nexus/lib/nexus/main_node" to ""
-- Up-to-date: /home/divspanpi2/robo_ws/install/nexus/lib/nexus/icp_node
-- Up-to-date: /home/divspanpi2/robo_ws/install/nexus/share/ament_index/resource_index/package_run_dependencies/nexus
-- Up-to-date: /home/divspanpi2/robo_ws/install/nexus/share/ament_index/resource_index/parent_prefix_path/nexus
-- Up-to-date: /home/divspanpi2/robo_ws/install/nexus/share/nexus/environment/ament_prefix_path.sh
-- Up-to-date: /home/divspanpi2/robo_ws/install/nexus/share/nexus/environment/ament_prefix_path.dsv
-- Up-to-date: /home/divspanpi2/robo_ws/install/nexus/share/nexus/environment/path.sh
-- Up-to-date: /home/divspanpi2/robo_ws/install/nexus/share/nexus/environment/path.dsv
-- Up-to-date: /home/divspanpi2/robo_ws/install/nexus/share/nexus/local_setup.bash
-- Up-to-date: /home/divspanpi2/robo_ws/install/nexus/share/nexus/local_setup.sh
-- Up-to-date: /home/divspanpi2/robo_ws/install/nexus/share/nexus/local_setup.zsh
-- Up-to-date: /home/divspanpi2/robo_ws/install/nexus/share/nexus/local_setup.dsv
-- Installing: /home/divspanpi2/robo_ws/install/nexus/share/nexus/package.dsv
-- Up-to-date: /home/divspanpi2/robo_ws/install/nexus/share/ament_index/resource_index/packages/nexus
-- Up-to-date: /home/divspanpi2/robo_ws/install/nexus/share/nexus/cmake/nexusConfig.cmake
-- Up-to-date: /home/divspanpi2/robo_ws/install/nexus/share/nexus/cmake/nexusConfig-version.cmake
-- Up-to-date: /home/divspanpi2/robo_ws/install/nexus/share/nexus/package.xml
