[5.243s] Invoking command in '/home/divspanpi2/robo_ws/src/robot': PYTHONPATH=/home/divspanpi2/robo_ws/build/robot/prefix_override:/usr/lib/python3/dist-packages/colcon_core/task/python/colcon_distutils_commands:/home/divspanpi2/robo_ws/install/robot/lib/python3.10/site-packages:${PYTHONPATH} /usr/bin/python3 -W ignore:setup.py install is deprecated -W ignore:easy_install command is deprecated setup.py egg_info --egg-base ../../build/robot build --build-base /home/divspanpi2/robo_ws/build/robot/build install --record /home/divspanpi2/robo_ws/build/robot/install.log --single-version-externally-managed install_data
[6.895s] running egg_info
[6.899s] writing ../../build/robot/robot.egg-info/PKG-INFO
[6.904s] writing dependency_links to ../../build/robot/robot.egg-info/dependency_links.txt
[6.906s] writing entry points to ../../build/robot/robot.egg-info/entry_points.txt
[6.907s] writing requirements to ../../build/robot/robot.egg-info/requires.txt
[6.908s] writing top-level names to ../../build/robot/robot.egg-info/top_level.txt
[6.918s] reading manifest file '../../build/robot/robot.egg-info/SOURCES.txt'
[6.921s] adding license file 'LICENSE'
[6.925s] writing manifest file '../../build/robot/robot.egg-info/SOURCES.txt'
[6.926s] running build
[6.927s] running build_py
[6.931s] copying robot/node_serial.py -> /home/divspanpi2/robo_ws/build/robot/build/lib/robot
[6.933s] running install
[6.934s] running install_lib
[6.940s] copying /home/divspanpi2/robo_ws/build/robot/build/lib/robot/node_serial.py -> /home/divspanpi2/robo_ws/install/robot/lib/python3.10/site-packages/robot
[6.945s] byte-compiling /home/divspanpi2/robo_ws/install/robot/lib/python3.10/site-packages/robot/save_imu.py to save_imu.cpython-310.pyc
[6.950s] byte-compiling /home/divspanpi2/robo_ws/install/robot/lib/python3.10/site-packages/robot/node_serial.py to node_serial.cpython-310.pyc
[6.956s] byte-compiling /home/divspanpi2/robo_ws/install/robot/lib/python3.10/site-packages/robot/node_bno.py to node_bno.cpython-310.pyc
[6.960s] running install_data
[6.962s] running install_egg_info
[6.973s] removing '/home/divspanpi2/robo_ws/install/robot/lib/python3.10/site-packages/robot-0.0.0-py3.10.egg-info' (and everything under it)
[6.975s] Copying ../../build/robot/robot.egg-info to /home/divspanpi2/robo_ws/install/robot/lib/python3.10/site-packages/robot-0.0.0-py3.10.egg-info
[6.983s] running install_scripts
[7.092s] Installing node_bno script to /home/divspanpi2/robo_ws/install/robot/lib/robot
[7.094s] Installing node_serial script to /home/divspanpi2/robo_ws/install/robot/lib/robot
[7.095s] Installing save_imu script to /home/divspanpi2/robo_ws/install/robot/lib/robot
[7.099s] writing list of installed files to '/home/divspanpi2/robo_ws/build/robot/install.log'
[7.389s] Invoked command in '/home/divspanpi2/robo_ws/src/robot' returned '0': PYTHONPATH=/home/divspanpi2/robo_ws/build/robot/prefix_override:/usr/lib/python3/dist-packages/colcon_core/task/python/colcon_distutils_commands:/home/divspanpi2/robo_ws/install/robot/lib/python3.10/site-packages:${PYTHONPATH} /usr/bin/python3 -W ignore:setup.py install is deprecated -W ignore:easy_install command is deprecated setup.py egg_info --egg-base ../../build/robot build --build-base /home/divspanpi2/robo_ws/build/robot/build install --record /home/divspanpi2/robo_ws/build/robot/install.log --single-version-externally-managed install_data
