[2.788s] Invoking command in '/home/divspanpi2/robo_ws/src/robot': PYTHONPATH=/home/divspanpi2/robo_ws/build/robot/prefix_override:/usr/lib/python3/dist-packages/colcon_core/task/python/colcon_distutils_commands:/home/divspanpi2/robo_ws/install/robot/lib/python3.10/site-packages:${PYTHONPATH} /usr/bin/python3 -W ignore:setup.py install is deprecated -W ignore:easy_install command is deprecated setup.py egg_info --egg-base ../../build/robot build --build-base /home/divspanpi2/robo_ws/build/robot/build install --record /home/divspanpi2/robo_ws/build/robot/install.log --single-version-externally-managed install_data
[3.920s] running egg_info
[3.923s] writing ../../build/robot/robot.egg-info/PKG-INFO
[3.924s] writing dependency_links to ../../build/robot/robot.egg-info/dependency_links.txt
[3.925s] writing entry points to ../../build/robot/robot.egg-info/entry_points.txt
[3.925s] writing requirements to ../../build/robot/robot.egg-info/requires.txt
[3.926s] writing top-level names to ../../build/robot/robot.egg-info/top_level.txt
[3.935s] reading manifest file '../../build/robot/robot.egg-info/SOURCES.txt'
[3.936s] adding license file 'LICENSE'
[3.939s] writing manifest file '../../build/robot/robot.egg-info/SOURCES.txt'
[3.939s] running build
[3.940s] running build_py
[3.941s] copying robot/lidar.py -> /home/divspanpi2/robo_ws/build/robot/build/lib/robot
[3.943s] running install
[3.944s] running install_lib
[3.948s] copying /home/divspanpi2/robo_ws/build/robot/build/lib/robot/lidar.py -> /home/divspanpi2/robo_ws/install/robot/lib/python3.10/site-packages/robot
[3.952s] byte-compiling /home/divspanpi2/robo_ws/install/robot/lib/python3.10/site-packages/robot/save_odom.py to save_odom.cpython-310.pyc
[3.954s] byte-compiling /home/divspanpi2/robo_ws/install/robot/lib/python3.10/site-packages/robot/save_imu.py to save_imu.cpython-310.pyc
[3.958s] byte-compiling /home/divspanpi2/robo_ws/install/robot/lib/python3.10/site-packages/robot/lidar.py to lidar.cpython-310.pyc
[3.960s] byte-compiling /home/divspanpi2/robo_ws/install/robot/lib/python3.10/site-packages/robot/node_serial.py to node_serial.cpython-310.pyc
[3.965s] byte-compiling /home/divspanpi2/robo_ws/install/robot/lib/python3.10/site-packages/robot/node_bno.py to node_bno.cpython-310.pyc
[3.968s] running install_data
[3.968s] running install_egg_info
[3.976s] removing '/home/divspanpi2/robo_ws/install/robot/lib/python3.10/site-packages/robot-0.0.0-py3.10.egg-info' (and everything under it)
[3.977s] Copying ../../build/robot/robot.egg-info to /home/divspanpi2/robo_ws/install/robot/lib/python3.10/site-packages/robot-0.0.0-py3.10.egg-info
[3.982s] running install_scripts
[4.062s] Installing lidar script to /home/divspanpi2/robo_ws/install/robot/lib/robot
[4.063s] Installing node_bno script to /home/divspanpi2/robo_ws/install/robot/lib/robot
[4.064s] Installing node_serial script to /home/divspanpi2/robo_ws/install/robot/lib/robot
[4.064s] Installing save_imu script to /home/divspanpi2/robo_ws/install/robot/lib/robot
[4.065s] Installing save_odom script to /home/divspanpi2/robo_ws/install/robot/lib/robot
[4.067s] writing list of installed files to '/home/divspanpi2/robo_ws/build/robot/install.log'
[4.184s] Invoked command in '/home/divspanpi2/robo_ws/src/robot' returned '0': PYTHONPATH=/home/divspanpi2/robo_ws/build/robot/prefix_override:/usr/lib/python3/dist-packages/colcon_core/task/python/colcon_distutils_commands:/home/divspanpi2/robo_ws/install/robot/lib/python3.10/site-packages:${PYTHONPATH} /usr/bin/python3 -W ignore:setup.py install is deprecated -W ignore:easy_install command is deprecated setup.py egg_info --egg-base ../../build/robot build --build-base /home/divspanpi2/robo_ws/build/robot/build install --record /home/divspanpi2/robo_ws/build/robot/install.log --single-version-externally-managed install_data
