[0.061s] Invoking command in '/home/divspanpi2/robo_ws/build/rplidar_ros': CMAKE_PREFIX_PATH=${CMAKE_PREFIX_PATH}:/home/divspanpi2/robo_ws/install/robot:/home/divspanpi2/robo_ws/install/bno055:/opt/ros/humble /usr/bin/cmake --build /home/divspanpi2/robo_ws/build/rplidar_ros -- -j4 -l4
[0.466s] [ 47%] Built target rplidar_node
[0.494s] [ 52%] Built target rplidar_client
[0.500s] [100%] Built target rplidar_composition
[0.630s] Invoked command in '/home/divspanpi2/robo_ws/build/rplidar_ros' returned '0': CMAKE_PREFIX_PATH=${CMAKE_PREFIX_PATH}:/home/divspanpi2/robo_ws/install/robot:/home/divspanpi2/robo_ws/install/bno055:/opt/ros/humble /usr/bin/cmake --build /home/divspanpi2/robo_ws/build/rplidar_ros -- -j4 -l4
[2.075s] Invoking command in '/home/divspanpi2/robo_ws/build/rplidar_ros': CMAKE_PREFIX_PATH=${CMAKE_PREFIX_PATH}:/home/divspanpi2/robo_ws/install/robot:/home/divspanpi2/robo_ws/install/bno055:/opt/ros/humble /usr/bin/cmake --install /home/divspanpi2/robo_ws/build/rplidar_ros
[2.148s] -- Install configuration: ""
[2.150s] -- Execute custom install script
[2.160s] -- Up-to-date symlink: /home/divspanpi2/robo_ws/install/rplidar_ros/share/rplidar_ros/launch/rplidar_a1_launch.py
[2.161s] -- Up-to-date symlink: /home/divspanpi2/robo_ws/install/rplidar_ros/share/rplidar_ros/launch/rplidar_a2m12_launch.py
[2.165s] -- Up-to-date symlink: /home/divspanpi2/robo_ws/install/rplidar_ros/share/rplidar_ros/launch/rplidar_a2m7_launch.py
[2.166s] -- Up-to-date symlink: /home/divspanpi2/robo_ws/install/rplidar_ros/share/rplidar_ros/launch/rplidar_a2m8_launch.py
[2.167s] -- Up-to-date symlink: /home/divspanpi2/robo_ws/install/rplidar_ros/share/rplidar_ros/launch/rplidar_a3_launch.py
[2.168s] -- Up-to-date symlink: /home/divspanpi2/robo_ws/install/rplidar_ros/share/rplidar_ros/launch/rplidar_c1_launch.py
[2.174s] -- Up-to-date symlink: /home/divspanpi2/robo_ws/install/rplidar_ros/share/rplidar_ros/launch/rplidar_s1_launch.py
[2.175s] -- Up-to-date symlink: /home/divspanpi2/robo_ws/install/rplidar_ros/share/rplidar_ros/launch/rplidar_s1_tcp_launch.py
[2.176s] -- Up-to-date symlink: /home/divspanpi2/robo_ws/install/rplidar_ros/share/rplidar_ros/launch/rplidar_s2_launch.py
[2.185s] -- Up-to-date symlink: /home/divspanpi2/robo_ws/install/rplidar_ros/share/rplidar_ros/launch/rplidar_s2e_launch.py
[2.187s] -- Up-to-date symlink: /home/divspanpi2/robo_ws/install/rplidar_ros/share/rplidar_ros/launch/rplidar_s3_launch.py
[2.188s] -- Up-to-date symlink: /home/divspanpi2/robo_ws/install/rplidar_ros/share/rplidar_ros/launch/rplidar_t1_launch.py
[2.189s] -- Up-to-date symlink: /home/divspanpi2/robo_ws/install/rplidar_ros/share/rplidar_ros/launch/view_rplidar_a1_launch.py
[2.190s] -- Up-to-date symlink: /home/divspanpi2/robo_ws/install/rplidar_ros/share/rplidar_ros/launch/view_rplidar_a2m12_launch.py
[2.191s] -- Up-to-date symlink: /home/divspanpi2/robo_ws/install/rplidar_ros/share/rplidar_ros/launch/view_rplidar_a2m7_launch.py
[2.192s] -- Up-to-date symlink: /home/divspanpi2/robo_ws/install/rplidar_ros/share/rplidar_ros/launch/view_rplidar_a2m8_launch.py
[2.193s] -- Up-to-date symlink: /home/divspanpi2/robo_ws/install/rplidar_ros/share/rplidar_ros/launch/view_rplidar_a3_launch.py
[2.194s] -- Up-to-date symlink: /home/divspanpi2/robo_ws/install/rplidar_ros/share/rplidar_ros/launch/view_rplidar_c1_launch.py
[2.198s] -- Up-to-date symlink: /home/divspanpi2/robo_ws/install/rplidar_ros/share/rplidar_ros/launch/view_rplidar_s1_launch.py
[2.201s] -- Up-to-date symlink: /home/divspanpi2/robo_ws/install/rplidar_ros/share/rplidar_ros/launch/view_rplidar_s1_tcp_launch.py
[2.202s] -- Up-to-date symlink: /home/divspanpi2/robo_ws/install/rplidar_ros/share/rplidar_ros/launch/view_rplidar_s2_launch.py
[2.203s] -- Up-to-date symlink: /home/divspanpi2/robo_ws/install/rplidar_ros/share/rplidar_ros/launch/view_rplidar_s2e_launch.py
[2.204s] -- Up-to-date symlink: /home/divspanpi2/robo_ws/install/rplidar_ros/share/rplidar_ros/launch/view_rplidar_s3_launch.py
[2.212s] -- Up-to-date symlink: /home/divspanpi2/robo_ws/install/rplidar_ros/share/rplidar_ros/launch/view_rplidar_t1_launch.py
[2.214s] -- Up-to-date symlink: /home/divspanpi2/robo_ws/install/rplidar_ros/share/rplidar_ros/rviz/rplidar_ros.rviz
[2.216s] -- Up-to-date symlink: /home/divspanpi2/robo_ws/install/rplidar_ros/lib/rplidar_ros/rplidar_node
[2.222s] -- Up-to-date symlink: /home/divspanpi2/robo_ws/install/rplidar_ros/lib/rplidar_ros/rplidar_composition
[2.223s] -- Up-to-date symlink: /home/divspanpi2/robo_ws/install/rplidar_ros/lib/rplidar_ros/rplidar_client
[2.229s] -- Up-to-date symlink: /home/divspanpi2/robo_ws/install/rplidar_ros/share/ament_index/resource_index/package_run_dependencies/rplidar_ros
[2.231s] -- Up-to-date symlink: /home/divspanpi2/robo_ws/install/rplidar_ros/share/ament_index/resource_index/parent_prefix_path/rplidar_ros
[2.232s] -- Up-to-date symlink: /home/divspanpi2/robo_ws/install/rplidar_ros/share/rplidar_ros/environment/ament_prefix_path.sh
[2.245s] -- Up-to-date symlink: /home/divspanpi2/robo_ws/install/rplidar_ros/share/rplidar_ros/environment/ament_prefix_path.dsv
[2.247s] -- Up-to-date symlink: /home/divspanpi2/robo_ws/install/rplidar_ros/share/rplidar_ros/environment/path.sh
[2.250s] -- Up-to-date symlink: /home/divspanpi2/robo_ws/install/rplidar_ros/share/rplidar_ros/environment/path.dsv
[2.251s] -- Up-to-date symlink: /home/divspanpi2/robo_ws/install/rplidar_ros/share/rplidar_ros/local_setup.bash
[2.253s] -- Up-to-date symlink: /home/divspanpi2/robo_ws/install/rplidar_ros/share/rplidar_ros/local_setup.sh
[2.254s] -- Up-to-date symlink: /home/divspanpi2/robo_ws/install/rplidar_ros/share/rplidar_ros/local_setup.zsh
[2.255s] -- Up-to-date symlink: /home/divspanpi2/robo_ws/install/rplidar_ros/share/rplidar_ros/local_setup.dsv
[2.256s] -- Symlinking: /home/divspanpi2/robo_ws/install/rplidar_ros/share/rplidar_ros/package.dsv
[2.319s] -- Up-to-date symlink: /home/divspanpi2/robo_ws/install/rplidar_ros/share/ament_index/resource_index/packages/rplidar_ros
[2.321s] -- Up-to-date symlink: /home/divspanpi2/robo_ws/install/rplidar_ros/share/rplidar_ros/cmake/ament_cmake_export_dependencies-extras.cmake
[2.324s] -- Up-to-date symlink: /home/divspanpi2/robo_ws/install/rplidar_ros/share/rplidar_ros/cmake/ament_cmake_export_include_directories-extras.cmake
[2.326s] -- Up-to-date symlink: /home/divspanpi2/robo_ws/install/rplidar_ros/share/rplidar_ros/cmake/rplidar_rosConfig.cmake
[2.329s] -- Up-to-date symlink: /home/divspanpi2/robo_ws/install/rplidar_ros/share/rplidar_ros/cmake/rplidar_rosConfig-version.cmake
[2.331s] -- Up-to-date symlink: /home/divspanpi2/robo_ws/install/rplidar_ros/share/rplidar_ros/package.xml
[2.346s] Invoked command in '/home/divspanpi2/robo_ws/build/rplidar_ros' returned '0': CMAKE_PREFIX_PATH=${CMAKE_PREFIX_PATH}:/home/divspanpi2/robo_ws/install/robot:/home/divspanpi2/robo_ws/install/bno055:/opt/ros/humble /usr/bin/cmake --install /home/divspanpi2/robo_ws/build/rplidar_ros
