[0.058s] Invoking command in '/home/divspanpi2/robo_ws/build/rplidar_ros': CMAKE_PREFIX_PATH=${CMAKE_PREFIX_PATH}:/home/divspanpi2/robo_ws/install/robot:/home/divspanpi2/robo_ws/install/bno055:/opt/ros/humble /usr/bin/cmake --build /home/divspanpi2/robo_ws/build/rplidar_ros -- -j4 -l4
[0.530s] [  5%] Built target rplidar_client
[0.578s] [ 52%] Built target rplidar_node
[0.610s] [100%] Built target rplidar_composition
[0.688s] Invoked command in '/home/divspanpi2/robo_ws/build/rplidar_ros' returned '0': CMAKE_PREFIX_PATH=${CMAKE_PREFIX_PATH}:/home/divspanpi2/robo_ws/install/robot:/home/divspanpi2/robo_ws/install/bno055:/opt/ros/humble /usr/bin/cmake --build /home/divspanpi2/robo_ws/build/rplidar_ros -- -j4 -l4
[1.322s] Invoking command in '/home/divspanpi2/robo_ws/build/rplidar_ros': CMAKE_PREFIX_PATH=${CMAKE_PREFIX_PATH}:/home/divspanpi2/robo_ws/install/robot:/home/divspanpi2/robo_ws/install/bno055:/opt/ros/humble /usr/bin/cmake --install /home/divspanpi2/robo_ws/build/rplidar_ros
[1.376s] -- Install configuration: ""
[1.380s] -- Execute custom install script
[1.388s] -- Up-to-date symlink: /home/divspanpi2/robo_ws/install/rplidar_ros/share/rplidar_ros/launch/rplidar_a1_launch.py
[1.390s] -- Up-to-date symlink: /home/divspanpi2/robo_ws/install/rplidar_ros/share/rplidar_ros/launch/rplidar_a2m12_launch.py
[1.392s] -- Up-to-date symlink: /home/divspanpi2/robo_ws/install/rplidar_ros/share/rplidar_ros/launch/rplidar_a2m7_launch.py
[1.395s] -- Up-to-date symlink: /home/divspanpi2/robo_ws/install/rplidar_ros/share/rplidar_ros/launch/rplidar_a2m8_launch.py
[1.397s] -- Up-to-date symlink: /home/divspanpi2/robo_ws/install/rplidar_ros/share/rplidar_ros/launch/rplidar_a3_launch.py
[1.399s] -- Up-to-date symlink: /home/divspanpi2/robo_ws/install/rplidar_ros/share/rplidar_ros/launch/rplidar_c1_launch.py
[1.400s] -- Up-to-date symlink: /home/divspanpi2/robo_ws/install/rplidar_ros/share/rplidar_ros/launch/rplidar_s1_launch.py
[1.402s] -- Up-to-date symlink: /home/divspanpi2/robo_ws/install/rplidar_ros/share/rplidar_ros/launch/rplidar_s1_tcp_launch.py
[1.409s] -- Up-to-date symlink: /home/divspanpi2/robo_ws/install/rplidar_ros/share/rplidar_ros/launch/rplidar_s2_launch.py
[1.411s] -- Up-to-date symlink: /home/divspanpi2/robo_ws/install/rplidar_ros/share/rplidar_ros/launch/rplidar_s2e_launch.py
[1.415s] -- Up-to-date symlink: /home/divspanpi2/robo_ws/install/rplidar_ros/share/rplidar_ros/launch/rplidar_s3_launch.py
[1.419s] -- Up-to-date symlink: /home/divspanpi2/robo_ws/install/rplidar_ros/share/rplidar_ros/launch/rplidar_t1_launch.py
[1.420s] -- Up-to-date symlink: /home/divspanpi2/robo_ws/install/rplidar_ros/share/rplidar_ros/launch/view_rplidar_a1_launch.py
[1.424s] -- Up-to-date symlink: /home/divspanpi2/robo_ws/install/rplidar_ros/share/rplidar_ros/launch/view_rplidar_a2m12_launch.py
[1.431s] -- Up-to-date symlink: /home/divspanpi2/robo_ws/install/rplidar_ros/share/rplidar_ros/launch/view_rplidar_a2m7_launch.py
[1.433s] -- Up-to-date symlink: /home/divspanpi2/robo_ws/install/rplidar_ros/share/rplidar_ros/launch/view_rplidar_a2m8_launch.py
[1.435s] -- Up-to-date symlink: /home/divspanpi2/robo_ws/install/rplidar_ros/share/rplidar_ros/launch/view_rplidar_a3_launch.py
[1.436s] -- Up-to-date symlink: /home/divspanpi2/robo_ws/install/rplidar_ros/share/rplidar_ros/launch/view_rplidar_c1_launch.py
[1.443s] -- Up-to-date symlink: /home/divspanpi2/robo_ws/install/rplidar_ros/share/rplidar_ros/launch/view_rplidar_s1_launch.py
[1.445s] -- Up-to-date symlink: /home/divspanpi2/robo_ws/install/rplidar_ros/share/rplidar_ros/launch/view_rplidar_s1_tcp_launch.py
[1.446s] -- Up-to-date symlink: /home/divspanpi2/robo_ws/install/rplidar_ros/share/rplidar_ros/launch/view_rplidar_s2_launch.py
[1.450s] -- Up-to-date symlink: /home/divspanpi2/robo_ws/install/rplidar_ros/share/rplidar_ros/launch/view_rplidar_s2e_launch.py
[1.452s] -- Up-to-date symlink: /home/divspanpi2/robo_ws/install/rplidar_ros/share/rplidar_ros/launch/view_rplidar_s3_launch.py
[1.453s] -- Up-to-date symlink: /home/divspanpi2/robo_ws/install/rplidar_ros/share/rplidar_ros/launch/view_rplidar_t1_launch.py
[1.459s] -- Up-to-date symlink: /home/divspanpi2/robo_ws/install/rplidar_ros/share/rplidar_ros/rviz/rplidar_ros.rviz
[1.459s] -- Up-to-date symlink: /home/divspanpi2/robo_ws/install/rplidar_ros/lib/rplidar_ros/rplidar_node
[1.473s] -- Up-to-date symlink: /home/divspanpi2/robo_ws/install/rplidar_ros/lib/rplidar_ros/rplidar_composition
[1.474s] -- Up-to-date symlink: /home/divspanpi2/robo_ws/install/rplidar_ros/lib/rplidar_ros/rplidar_client
[1.475s] -- Up-to-date symlink: /home/divspanpi2/robo_ws/install/rplidar_ros/share/ament_index/resource_index/package_run_dependencies/rplidar_ros
[1.476s] -- Up-to-date symlink: /home/divspanpi2/robo_ws/install/rplidar_ros/share/ament_index/resource_index/parent_prefix_path/rplidar_ros
[1.477s] -- Up-to-date symlink: /home/divspanpi2/robo_ws/install/rplidar_ros/share/rplidar_ros/environment/ament_prefix_path.sh
[1.478s] -- Up-to-date symlink: /home/divspanpi2/robo_ws/install/rplidar_ros/share/rplidar_ros/environment/ament_prefix_path.dsv
[1.479s] -- Up-to-date symlink: /home/divspanpi2/robo_ws/install/rplidar_ros/share/rplidar_ros/environment/path.sh
[1.480s] -- Up-to-date symlink: /home/divspanpi2/robo_ws/install/rplidar_ros/share/rplidar_ros/environment/path.dsv
[1.482s] -- Up-to-date symlink: /home/divspanpi2/robo_ws/install/rplidar_ros/share/rplidar_ros/local_setup.bash
[1.482s] -- Up-to-date symlink: /home/divspanpi2/robo_ws/install/rplidar_ros/share/rplidar_ros/local_setup.sh
[1.483s] -- Up-to-date symlink: /home/divspanpi2/robo_ws/install/rplidar_ros/share/rplidar_ros/local_setup.zsh
[1.484s] -- Up-to-date symlink: /home/divspanpi2/robo_ws/install/rplidar_ros/share/rplidar_ros/local_setup.dsv
[1.490s] -- Symlinking: /home/divspanpi2/robo_ws/install/rplidar_ros/share/rplidar_ros/package.dsv
[1.561s] -- Up-to-date symlink: /home/divspanpi2/robo_ws/install/rplidar_ros/share/ament_index/resource_index/packages/rplidar_ros
[1.564s] -- Up-to-date symlink: /home/divspanpi2/robo_ws/install/rplidar_ros/share/rplidar_ros/cmake/ament_cmake_export_dependencies-extras.cmake
[1.565s] -- Up-to-date symlink: /home/divspanpi2/robo_ws/install/rplidar_ros/share/rplidar_ros/cmake/ament_cmake_export_include_directories-extras.cmake
[1.568s] -- Up-to-date symlink: /home/divspanpi2/robo_ws/install/rplidar_ros/share/rplidar_ros/cmake/rplidar_rosConfig.cmake
[1.575s] -- Up-to-date symlink: /home/divspanpi2/robo_ws/install/rplidar_ros/share/rplidar_ros/cmake/rplidar_rosConfig-version.cmake
[1.579s] -- Up-to-date symlink: /home/divspanpi2/robo_ws/install/rplidar_ros/share/rplidar_ros/package.xml
[1.609s] Invoked command in '/home/divspanpi2/robo_ws/build/rplidar_ros' returned '0': CMAKE_PREFIX_PATH=${CMAKE_PREFIX_PATH}:/home/divspanpi2/robo_ws/install/robot:/home/divspanpi2/robo_ws/install/bno055:/opt/ros/humble /usr/bin/cmake --install /home/divspanpi2/robo_ws/build/rplidar_ros
