[5.437s] Invoking command in '/home/divspanpi2/robo_ws/src/robot': PYTHONPATH=/home/divspanpi2/robo_ws/build/robot/prefix_override:/usr/lib/python3/dist-packages/colcon_core/task/python/colcon_distutils_commands:/home/divspanpi2/robo_ws/install/robot/lib/python3.10/site-packages:${PYTHONPATH} /usr/bin/python3 -W ignore:setup.py install is deprecated setup.py egg_info --egg-base ../../build/robot build --build-base /home/divspanpi2/robo_ws/build/robot/build install --record /home/divspanpi2/robo_ws/build/robot/install.log --single-version-externally-managed install_data
[7.219s] running egg_info
[7.223s] writing ../../build/robot/robot.egg-info/PKG-INFO
[7.224s] writing dependency_links to ../../build/robot/robot.egg-info/dependency_links.txt
[7.226s] writing entry points to ../../build/robot/robot.egg-info/entry_points.txt
[7.227s] writing requirements to ../../build/robot/robot.egg-info/requires.txt
[7.228s] writing top-level names to ../../build/robot/robot.egg-info/top_level.txt
[7.239s] reading manifest file '../../build/robot/robot.egg-info/SOURCES.txt'
[7.240s] adding license file 'LICENSE'
[7.245s] writing manifest file '../../build/robot/robot.egg-info/SOURCES.txt'
[7.246s] running build
[7.247s] running build_py
[7.248s] copying robot/node_serial.py -> /home/divspanpi2/robo_ws/build/robot/build/lib/robot
[7.249s] running install
[7.250s] running install_lib
[7.255s] copying /home/divspanpi2/robo_ws/build/robot/build/lib/robot/node_serial.py -> /home/divspanpi2/robo_ws/install/robot/lib/python3.10/site-packages/robot
[7.259s] byte-compiling /home/divspanpi2/robo_ws/install/robot/lib/python3.10/site-packages/robot/node_serial.py to node_serial.cpython-310.pyc
[7.263s] running install_data
[7.264s] running install_egg_info
[7.275s] removing '/home/divspanpi2/robo_ws/install/robot/lib/python3.10/site-packages/robot-0.0.0-py3.10.egg-info' (and everything under it)
[7.278s] Copying ../../build/robot/robot.egg-info to /home/divspanpi2/robo_ws/install/robot/lib/python3.10/site-packages/robot-0.0.0-py3.10.egg-info
[7.286s] running install_scripts
[7.395s] Installing node_keyboard script to /home/divspanpi2/robo_ws/install/robot/lib/robot
[7.397s] Installing node_serial script to /home/divspanpi2/robo_ws/install/robot/lib/robot
[7.399s] writing list of installed files to '/home/divspanpi2/robo_ws/build/robot/install.log'
[7.578s] Invoked command in '/home/divspanpi2/robo_ws/src/robot' returned '0': PYTHONPATH=/home/divspanpi2/robo_ws/build/robot/prefix_override:/usr/lib/python3/dist-packages/colcon_core/task/python/colcon_distutils_commands:/home/divspanpi2/robo_ws/install/robot/lib/python3.10/site-packages:${PYTHONPATH} /usr/bin/python3 -W ignore:setup.py install is deprecated setup.py egg_info --egg-base ../../build/robot build --build-base /home/divspanpi2/robo_ws/build/robot/build install --record /home/divspanpi2/robo_ws/build/robot/install.log --single-version-externally-managed install_data
