[5.508s] Invoking command in '/home/divspanpi2/robo_ws/src/bno055': PYTHONPATH=/home/divspanpi2/robo_ws/build/bno055/prefix_override:/usr/lib/python3/dist-packages/colcon_core/task/python/colcon_distutils_commands:/home/divspanpi2/robo_ws/install/bno055/lib/python3.10/site-packages:${PYTHONPATH} /usr/bin/python3 -W ignore:setup.py install is deprecated setup.py egg_info --egg-base ../../build/bno055 build --build-base /home/divspanpi2/robo_ws/build/bno055/build install --record /home/divspanpi2/robo_ws/build/bno055/install.log --single-version-externally-managed install_data
[6.904s] running egg_info
[6.907s] writing ../../build/bno055/bno055.egg-info/PKG-INFO
[6.914s] writing dependency_links to ../../build/bno055/bno055.egg-info/dependency_links.txt
[6.915s] writing entry points to ../../build/bno055/bno055.egg-info/entry_points.txt
[6.916s] writing requirements to ../../build/bno055/bno055.egg-info/requires.txt
[6.916s] writing top-level names to ../../build/bno055/bno055.egg-info/top_level.txt
[6.928s] reading manifest file '../../build/bno055/bno055.egg-info/SOURCES.txt'
[6.943s] adding license file 'LICENSE'
[6.944s] adding license file 'AUTHORS'
[6.947s] writing manifest file '../../build/bno055/bno055.egg-info/SOURCES.txt'
[6.948s] running build
[6.949s] running build_py
[7.028s] running install
[7.030s] running install_lib
[7.077s] running install_data
[7.085s] running install_egg_info
[7.096s] removing '/home/divspanpi2/robo_ws/install/bno055/lib/python3.10/site-packages/bno055-0.5.0-py3.10.egg-info' (and everything under it)
[7.097s] Copying ../../build/bno055/bno055.egg-info to /home/divspanpi2/robo_ws/install/bno055/lib/python3.10/site-packages/bno055-0.5.0-py3.10.egg-info
[7.106s] running install_scripts
[7.230s] Installing bno055 script to /home/divspanpi2/robo_ws/install/bno055/lib/bno055
[7.243s] writing list of installed files to '/home/divspanpi2/robo_ws/build/bno055/install.log'
[7.468s] Invoked command in '/home/divspanpi2/robo_ws/src/bno055' returned '0': PYTHONPATH=/home/divspanpi2/robo_ws/build/bno055/prefix_override:/usr/lib/python3/dist-packages/colcon_core/task/python/colcon_distutils_commands:/home/divspanpi2/robo_ws/install/bno055/lib/python3.10/site-packages:${PYTHONPATH} /usr/bin/python3 -W ignore:setup.py install is deprecated setup.py egg_info --egg-base ../../build/bno055 build --build-base /home/divspanpi2/robo_ws/build/bno055/build install --record /home/divspanpi2/robo_ws/build/bno055/install.log --single-version-externally-managed install_data
