gmake: Warning: File 'Makefile' has modification time 331322 s in the future
gmake[1]: Warning: File 'CMakeFiles/Makefile2' has modification time 331322 s in the future
gmake[2]: Warning: File 'CMakeFiles/main_node.dir/progress.make' has modification time 331322 s in the future
gmake[2]: Warning: File 'CMakeFiles/icp_node.dir/flags.make' has modification time 162593 s in the future
gmake[2]: warning:  Clock skew detected.  Your build may be incomplete.
[35m[1mConsolidate compiler generated dependencies of target icp_node[0m
gmake[2]: Warning: File 'CMakeFiles/main_node.dir/progress.make' has modification time 331321 s in the future
gmake[2]: warning:  Clock skew detected.  Your build may be incomplete.
gmake[2]: Warning: File 'CMakeFiles/icp_node.dir/flags.make' has modification time 162592 s in the future
[ 25%] [32mBuilding CXX object CMakeFiles/main_node.dir/src/main.cpp.o[0m
[ 50%] [32mBuilding CXX object CMakeFiles/icp_node.dir/src/lidar/icp_node.cpp.o[0m
gmake[2]: warning:  Clock skew detected.  Your build may be incomplete.
[ 75%] Built target main_node
gmake[2]: warning:  Clock skew detected.  Your build may be incomplete.
[100%] Built target icp_node
gmake[1]: warning:  Clock skew detected.  Your build may be incomplete.
gmake: warning:  Clock skew detected.  Your build may be incomplete.
-- Install configuration: ""
-- Up-to-date: /home/divspanpi2/robo_ws/install/nexus/lib/nexus/main_node
-- Up-to-date: /home/divspanpi2/robo_ws/install/nexus/lib/nexus/icp_node
-- Up-to-date: /home/divspanpi2/robo_ws/install/nexus/share/ament_index/resource_index/package_run_dependencies/nexus
-- Up-to-date: /home/divspanpi2/robo_ws/install/nexus/share/ament_index/resource_index/parent_prefix_path/nexus
-- Up-to-date: /home/divspanpi2/robo_ws/install/nexus/share/nexus/environment/ament_prefix_path.sh
-- Up-to-date: /home/divspanpi2/robo_ws/install/nexus/share/nexus/environment/ament_prefix_path.dsv
-- Up-to-date: /home/divspanpi2/robo_ws/install/nexus/share/nexus/environment/path.sh
-- Up-to-date: /home/divspanpi2/robo_ws/install/nexus/share/nexus/environment/path.dsv
-- Up-to-date: /home/divspanpi2/robo_ws/install/nexus/share/nexus/local_setup.bash
-- Up-to-date: /home/divspanpi2/robo_ws/install/nexus/share/nexus/local_setup.sh
-- Up-to-date: /home/divspanpi2/robo_ws/install/nexus/share/nexus/local_setup.zsh
-- Up-to-date: /home/divspanpi2/robo_ws/install/nexus/share/nexus/local_setup.dsv
-- Installing: /home/divspanpi2/robo_ws/install/nexus/share/nexus/package.dsv
-- Up-to-date: /home/divspanpi2/robo_ws/install/nexus/share/ament_index/resource_index/packages/nexus
-- Up-to-date: /home/divspanpi2/robo_ws/install/nexus/share/nexus/cmake/nexusConfig.cmake
-- Up-to-date: /home/divspanpi2/robo_ws/install/nexus/share/nexus/cmake/nexusConfig-version.cmake
-- Up-to-date: /home/divspanpi2/robo_ws/install/nexus/share/nexus/package.xml
