[2.904s] Invoking command in '/home/divspanpi2/robo_ws/src/robot': PYTHONPATH=/home/divspanpi2/robo_ws/build/robot/prefix_override:/usr/lib/python3/dist-packages/colcon_core/task/python/colcon_distutils_commands:/home/divspanpi2/robo_ws/install/robot/lib/python3.10/site-packages:${PYTHONPATH} /usr/bin/python3 -W ignore:setup.py install is deprecated setup.py egg_info --egg-base ../../build/robot build --build-base /home/divspanpi2/robo_ws/build/robot/build install --record /home/divspanpi2/robo_ws/build/robot/install.log --single-version-externally-managed install_data
[4.077s] running egg_info
[4.080s] writing ../../build/robot/robot.egg-info/PKG-INFO
[4.081s] writing dependency_links to ../../build/robot/robot.egg-info/dependency_links.txt
[4.082s] writing entry points to ../../build/robot/robot.egg-info/entry_points.txt
[4.083s] writing requirements to ../../build/robot/robot.egg-info/requires.txt
[4.083s] writing top-level names to ../../build/robot/robot.egg-info/top_level.txt
[4.091s] reading manifest file '../../build/robot/robot.egg-info/SOURCES.txt'
[4.093s] adding license file 'LICENSE'
[4.096s] writing manifest file '../../build/robot/robot.egg-info/SOURCES.txt'
[4.097s] running build
[4.097s] running build_py
[4.097s] copying robot/save_imu.py -> /home/divspanpi2/robo_ws/build/robot/build/lib/robot
[4.100s] running install
[4.101s] running install_lib
[4.104s] copying /home/divspanpi2/robo_ws/build/robot/build/lib/robot/save_imu.py -> /home/divspanpi2/robo_ws/install/robot/lib/python3.10/site-packages/robot
[4.108s] byte-compiling /home/divspanpi2/robo_ws/install/robot/lib/python3.10/site-packages/robot/save_imu.py to save_imu.cpython-310.pyc
[4.112s] byte-compiling /home/divspanpi2/robo_ws/install/robot/lib/python3.10/site-packages/robot/node_serial.py to node_serial.cpython-310.pyc
[4.116s] running install_data
[4.117s] running install_egg_info
[4.124s] removing '/home/divspanpi2/robo_ws/install/robot/lib/python3.10/site-packages/robot-0.0.0-py3.10.egg-info' (and everything under it)
[4.126s] Copying ../../build/robot/robot.egg-info to /home/divspanpi2/robo_ws/install/robot/lib/python3.10/site-packages/robot-0.0.0-py3.10.egg-info
[4.132s] running install_scripts
[4.214s] Installing node_bno script to /home/divspanpi2/robo_ws/install/robot/lib/robot
[4.215s] Installing node_serial script to /home/divspanpi2/robo_ws/install/robot/lib/robot
[4.215s] Installing save_imu script to /home/divspanpi2/robo_ws/install/robot/lib/robot
[4.217s] writing list of installed files to '/home/divspanpi2/robo_ws/build/robot/install.log'
[4.339s] Invoked command in '/home/divspanpi2/robo_ws/src/robot' returned '0': PYTHONPATH=/home/divspanpi2/robo_ws/build/robot/prefix_override:/usr/lib/python3/dist-packages/colcon_core/task/python/colcon_distutils_commands:/home/divspanpi2/robo_ws/install/robot/lib/python3.10/site-packages:${PYTHONPATH} /usr/bin/python3 -W ignore:setup.py install is deprecated setup.py egg_info --egg-base ../../build/robot build --build-base /home/divspanpi2/robo_ws/build/robot/build install --record /home/divspanpi2/robo_ws/build/robot/install.log --single-version-externally-managed install_data
