[2.808s] Invoking command in '/home/divspanpi2/robo_ws/src/robot': PYTHONPATH=/home/divspanpi2/robo_ws/build/robot/prefix_override:/usr/lib/python3/dist-packages/colcon_core/task/python/colcon_distutils_commands:/home/divspanpi2/robo_ws/install/robot/lib/python3.10/site-packages:${PYTHONPATH} /usr/bin/python3 -W ignore:setup.py install is deprecated setup.py egg_info --egg-base ../../build/robot build --build-base /home/divspanpi2/robo_ws/build/robot/build install --record /home/divspanpi2/robo_ws/build/robot/install.log --single-version-externally-managed install_data
[4.170s] running egg_info
[4.173s] writing ../../build/robot/robot.egg-info/PKG-INFO
[4.174s] writing dependency_links to ../../build/robot/robot.egg-info/dependency_links.txt
[4.174s] writing entry points to ../../build/robot/robot.egg-info/entry_points.txt
[4.175s] writing requirements to ../../build/robot/robot.egg-info/requires.txt
[4.176s] writing top-level names to ../../build/robot/robot.egg-info/top_level.txt
[4.184s] reading manifest file '../../build/robot/robot.egg-info/SOURCES.txt'
[4.185s] adding license file 'LICENSE'
[4.188s] writing manifest file '../../build/robot/robot.egg-info/SOURCES.txt'
[4.188s] running build
[4.189s] running build_py
[4.189s] copying robot/node_serial.py -> /home/divspanpi2/robo_ws/build/robot/build/lib/robot
[4.190s] running install
[4.192s] running install_lib
[4.196s] copying /home/divspanpi2/robo_ws/build/robot/build/lib/robot/node_serial.py -> /home/divspanpi2/robo_ws/install/robot/lib/python3.10/site-packages/robot
[4.198s] byte-compiling /home/divspanpi2/robo_ws/install/robot/lib/python3.10/site-packages/robot/node_serial.py to node_serial.cpython-310.pyc
[4.201s] running install_data
[4.202s] running install_egg_info
[4.209s] removing '/home/divspanpi2/robo_ws/install/robot/lib/python3.10/site-packages/robot-0.0.0-py3.10.egg-info' (and everything under it)
[4.211s] Copying ../../build/robot/robot.egg-info to /home/divspanpi2/robo_ws/install/robot/lib/python3.10/site-packages/robot-0.0.0-py3.10.egg-info
[4.216s] running install_scripts
[4.301s] Installing node_serial script to /home/divspanpi2/robo_ws/install/robot/lib/robot
[4.303s] writing list of installed files to '/home/divspanpi2/robo_ws/build/robot/install.log'
[4.423s] Invoked command in '/home/divspanpi2/robo_ws/src/robot' returned '0': PYTHONPATH=/home/divspanpi2/robo_ws/build/robot/prefix_override:/usr/lib/python3/dist-packages/colcon_core/task/python/colcon_distutils_commands:/home/divspanpi2/robo_ws/install/robot/lib/python3.10/site-packages:${PYTHONPATH} /usr/bin/python3 -W ignore:setup.py install is deprecated setup.py egg_info --egg-base ../../build/robot build --build-base /home/divspanpi2/robo_ws/build/robot/build install --record /home/divspanpi2/robo_ws/build/robot/install.log --single-version-externally-managed install_data
