-- Found ament_cmake: 1.3.10 (/opt/ros/humble/share/ament_cmake/cmake)
-- Found rclcpp: 16.0.10 (/opt/ros/humble/share/rclcpp/cmake)
-- Found rosidl_generator_c: 3.1.5 (/opt/ros/humble/share/rosidl_generator_c/cmake)
-- Found rosidl_adapter: 3.1.5 (/opt/ros/humble/share/rosidl_adapter/cmake)
-- Found rosidl_generator_cpp: 3.1.5 (/opt/ros/humble/share/rosidl_generator_cpp/cmake)
-- Using all available rosidl_typesupport_c: rosidl_typesupport_fastrtps_c;rosidl_typesupport_introspection_c
-- Using all available rosidl_typesupport_cpp: rosidl_typesupport_fastrtps_cpp;rosidl_typesupport_introspection_cpp
-- Found rmw_implementation_cmake: 6.1.2 (/opt/ros/humble/share/rmw_implementation_cmake/cmake)
-- Found rmw_fastrtps_cpp: 6.2.7 (/opt/ros/humble/share/rmw_fastrtps_cpp/cmake)
-- Using RMW implementation 'rmw_fastrtps_cpp' as default
-- Found sensor_msgs: 4.2.4 (/opt/ros/humble/share/sensor_msgs/cmake)
-- Configuring done
-- Generating done
-- Build files have been written to: /home/divspanpi2/robo_ws/build/nexus
[35m[1mConsolidate compiler generated dependencies of target main_node[0m
gmake[2]: Warning: File '/home/divspanpi2/robo_ws/src/nexus/src/main.cpp' has modification time 24346 s in the future
[ 50%] [32mBuilding CXX object CMakeFiles/main_node.dir/src/main.cpp.o[0m
[100%] [32m[1mLinking CXX executable main_node[0m
gmake[2]: warning:  Clock skew detected.  Your build may be incomplete.
[100%] Built target main_node
-- Install configuration: ""
-- Installing: /home/divspanpi2/robo_ws/install/nexus/lib/nexus/main_node
-- Set runtime path of "/home/divspanpi2/robo_ws/install/nexus/lib/nexus/main_node" to ""
-- Up-to-date: /home/divspanpi2/robo_ws/install/nexus/share/ament_index/resource_index/package_run_dependencies/nexus
-- Up-to-date: /home/divspanpi2/robo_ws/install/nexus/share/ament_index/resource_index/parent_prefix_path/nexus
-- Up-to-date: /home/divspanpi2/robo_ws/install/nexus/share/nexus/environment/ament_prefix_path.sh
-- Installing: /home/divspanpi2/robo_ws/install/nexus/share/nexus/environment/ament_prefix_path.dsv
-- Up-to-date: /home/divspanpi2/robo_ws/install/nexus/share/nexus/environment/path.sh
-- Installing: /home/divspanpi2/robo_ws/install/nexus/share/nexus/environment/path.dsv
-- Up-to-date: /home/divspanpi2/robo_ws/install/nexus/share/nexus/local_setup.bash
-- Up-to-date: /home/divspanpi2/robo_ws/install/nexus/share/nexus/local_setup.sh
-- Up-to-date: /home/divspanpi2/robo_ws/install/nexus/share/nexus/local_setup.zsh
-- Installing: /home/divspanpi2/robo_ws/install/nexus/share/nexus/local_setup.dsv
-- Installing: /home/divspanpi2/robo_ws/install/nexus/share/nexus/package.dsv
-- Up-to-date: /home/divspanpi2/robo_ws/install/nexus/share/ament_index/resource_index/packages/nexus
-- Up-to-date: /home/divspanpi2/robo_ws/install/nexus/share/nexus/cmake/nexusConfig.cmake
-- Up-to-date: /home/divspanpi2/robo_ws/install/nexus/share/nexus/cmake/nexusConfig-version.cmake
-- Up-to-date: /home/divspanpi2/robo_ws/install/nexus/share/nexus/package.xml
