[5.020s] Invoking command in '/home/divspanpi2/robo_ws/src/bno055': PYTHONPATH=/home/divspanpi2/robo_ws/build/bno055/prefix_override:/usr/lib/python3/dist-packages/colcon_core/task/python/colcon_distutils_commands:/home/divspanpi2/robo_ws/install/bno055/lib/python3.10/site-packages:${PYTHONPATH} /usr/bin/python3 -W ignore:setup.py install is deprecated -W ignore:easy_install command is deprecated setup.py egg_info --egg-base ../../build/bno055 build --build-base /home/divspanpi2/robo_ws/build/bno055/build install --record /home/divspanpi2/robo_ws/build/bno055/install.log --single-version-externally-managed install_data
[6.930s] running egg_info
[6.933s] writing ../../build/bno055/bno055.egg-info/PKG-INFO
[6.934s] writing dependency_links to ../../build/bno055/bno055.egg-info/dependency_links.txt
[6.936s] writing entry points to ../../build/bno055/bno055.egg-info/entry_points.txt
[6.938s] writing requirements to ../../build/bno055/bno055.egg-info/requires.txt
[6.939s] writing top-level names to ../../build/bno055/bno055.egg-info/top_level.txt
[6.953s] reading manifest file '../../build/bno055/bno055.egg-info/SOURCES.txt'
[6.955s] adding license file 'LICENSE'
[6.956s] adding license file 'AUTHORS'
[6.959s] writing manifest file '../../build/bno055/bno055.egg-info/SOURCES.txt'
[6.960s] running build
[6.961s] running build_py
[6.971s] running install
[6.972s] running install_lib
[6.985s] running install_data
[6.986s] running install_egg_info
[6.997s] removing '/home/divspanpi2/robo_ws/install/bno055/lib/python3.10/site-packages/bno055-0.5.0-py3.10.egg-info' (and everything under it)
[6.999s] Copying ../../build/bno055/bno055.egg-info to /home/divspanpi2/robo_ws/install/bno055/lib/python3.10/site-packages/bno055-0.5.0-py3.10.egg-info
[7.008s] running install_scripts
[7.115s] Installing bno055 script to /home/divspanpi2/robo_ws/install/bno055/lib/bno055
[7.119s] writing list of installed files to '/home/divspanpi2/robo_ws/build/bno055/install.log'
[7.292s] Invoked command in '/home/divspanpi2/robo_ws/src/bno055' returned '0': PYTHONPATH=/home/divspanpi2/robo_ws/build/bno055/prefix_override:/usr/lib/python3/dist-packages/colcon_core/task/python/colcon_distutils_commands:/home/divspanpi2/robo_ws/install/bno055/lib/python3.10/site-packages:${PYTHONPATH} /usr/bin/python3 -W ignore:setup.py install is deprecated -W ignore:easy_install command is deprecated setup.py egg_info --egg-base ../../build/bno055 build --build-base /home/divspanpi2/robo_ws/build/bno055/build install --record /home/divspanpi2/robo_ws/build/bno055/install.log --single-version-externally-managed install_data
