[2.678s] Invoking command in '/home/divspanpi2/robo_ws/src/robot': PYTHONPATH=/home/divspanpi2/robo_ws/build/robot/prefix_override:/usr/lib/python3/dist-packages/colcon_core/task/python/colcon_distutils_commands:/home/divspanpi2/robo_ws/install/robot/lib/python3.10/site-packages:${PYTHONPATH} /usr/bin/python3 -W ignore:setup.py install is deprecated setup.py egg_info --egg-base ../../build/robot build --build-base /home/divspanpi2/robo_ws/build/robot/build install --record /home/divspanpi2/robo_ws/build/robot/install.log --single-version-externally-managed install_data
[3.761s] running egg_info
[3.763s] writing ../../build/robot/robot.egg-info/PKG-INFO
[3.764s] writing dependency_links to ../../build/robot/robot.egg-info/dependency_links.txt
[3.765s] writing entry points to ../../build/robot/robot.egg-info/entry_points.txt
[3.766s] writing requirements to ../../build/robot/robot.egg-info/requires.txt
[3.766s] writing top-level names to ../../build/robot/robot.egg-info/top_level.txt
[3.777s] reading manifest file '../../build/robot/robot.egg-info/SOURCES.txt'
[3.778s] adding license file 'LICENSE'
[3.782s] writing manifest file '../../build/robot/robot.egg-info/SOURCES.txt'
[3.782s] running build
[3.783s] running build_py
[3.783s] copying robot/node_serial.py -> /home/divspanpi2/robo_ws/build/robot/build/lib/robot
[3.785s] running install
[3.786s] running install_lib
[3.790s] copying /home/divspanpi2/robo_ws/build/robot/build/lib/robot/node_serial.py -> /home/divspanpi2/robo_ws/install/robot/lib/python3.10/site-packages/robot
[3.793s] byte-compiling /home/divspanpi2/robo_ws/install/robot/lib/python3.10/site-packages/robot/node_serial.py to node_serial.cpython-310.pyc
[3.797s] running install_data
[3.797s] running install_egg_info
[3.805s] removing '/home/divspanpi2/robo_ws/install/robot/lib/python3.10/site-packages/robot-0.0.0-py3.10.egg-info' (and everything under it)
[3.807s] Copying ../../build/robot/robot.egg-info to /home/divspanpi2/robo_ws/install/robot/lib/python3.10/site-packages/robot-0.0.0-py3.10.egg-info
[3.811s] running install_scripts
[3.891s] Installing node_bno script to /home/divspanpi2/robo_ws/install/robot/lib/robot
[3.892s] Installing node_serial script to /home/divspanpi2/robo_ws/install/robot/lib/robot
[3.894s] writing list of installed files to '/home/divspanpi2/robo_ws/build/robot/install.log'
[4.010s] Invoked command in '/home/divspanpi2/robo_ws/src/robot' returned '0': PYTHONPATH=/home/divspanpi2/robo_ws/build/robot/prefix_override:/usr/lib/python3/dist-packages/colcon_core/task/python/colcon_distutils_commands:/home/divspanpi2/robo_ws/install/robot/lib/python3.10/site-packages:${PYTHONPATH} /usr/bin/python3 -W ignore:setup.py install is deprecated setup.py egg_info --egg-base ../../build/robot build --build-base /home/divspanpi2/robo_ws/build/robot/build install --record /home/divspanpi2/robo_ws/build/robot/install.log --single-version-externally-managed install_data
