[0.448s] DEBUG:colcon:Command line arguments: ['/usr/bin/colcon', 'build', '--packages-select', 'nexus']
[0.449s] DEBUG:colcon:Parsed command line arguments: Namespace(log_base=None, log_level=None, verb_name='build', build_base='build', install_base='install', merge_install=False, symlink_install=False, test_result_base=None, continue_on_error=False, executor='parallel', parallel_workers=4, event_handlers=None, ignore_user_meta=False, metas=['./colcon.meta'], base_paths=['.'], packages_ignore=None, packages_ignore_regex=None, paths=None, packages_up_to=None, packages_up_to_regex=None, packages_above=None, packages_above_and_dependencies=None, packages_above_depth=None, packages_select_by_dep=None, packages_skip_by_dep=None, packages_skip_up_to=None, packages_select_build_failed=False, packages_skip_build_finished=False, packages_select_test_failures=False, packages_skip_test_passed=False, packages_select=['nexus'], packages_skip=None, packages_select_regex=None, packages_skip_regex=None, packages_start=None, packages_end=None, allow_overriding=[], cmake_args=None, cmake_target=None, cmake_target_skip_unavailable=False, cmake_clean_cache=False, cmake_clean_first=False, cmake_force_configure=False, ament_cmake_args=None, catkin_cmake_args=None, catkin_skip_building_tests=False, verb_parser=<colcon_defaults.argument_parser.defaults.DefaultArgumentsDecorator object at 0xffff8c58d240>, verb_extension=<colcon_core.verb.build.BuildVerb object at 0xffff8c58cdf0>, main=<bound method BuildVerb.main of <colcon_core.verb.build.BuildVerb object at 0xffff8c58cdf0>>)
[1.255s] Level 1:colcon.colcon_core.package_discovery:discover_packages(colcon_meta) check parameters
[1.255s] Level 1:colcon.colcon_core.package_discovery:discover_packages(recursive) check parameters
[1.256s] Level 1:colcon.colcon_core.package_discovery:discover_packages(ignore) check parameters
[1.256s] Level 1:colcon.colcon_core.package_discovery:discover_packages(path) check parameters
[1.256s] Level 1:colcon.colcon_core.package_discovery:discover_packages(colcon_meta) discover
[1.256s] Level 1:colcon.colcon_core.package_discovery:discover_packages(recursive) discover
[1.256s] INFO:colcon.colcon_core.package_discovery:Crawling recursively for packages in '/home/divspanpi2/robo_ws'
[1.257s] Level 1:colcon.colcon_core.package_identification:_identify(.) by extensions ['ignore', 'ignore_ament_install']
[1.257s] Level 1:colcon.colcon_core.package_identification:_identify(.) by extension 'ignore'
[1.257s] Level 1:colcon.colcon_core.package_identification:_identify(.) by extension 'ignore_ament_install'
[1.257s] Level 1:colcon.colcon_core.package_identification:_identify(.) by extensions ['colcon_pkg']
[1.258s] Level 1:colcon.colcon_core.package_identification:_identify(.) by extension 'colcon_pkg'
[1.258s] Level 1:colcon.colcon_core.package_identification:_identify(.) by extensions ['colcon_meta']
[1.258s] Level 1:colcon.colcon_core.package_identification:_identify(.) by extension 'colcon_meta'
[1.258s] Level 1:colcon.colcon_core.package_identification:_identify(.) by extensions ['ros']
[1.258s] Level 1:colcon.colcon_core.package_identification:_identify(.) by extension 'ros'
[1.305s] Level 1:colcon.colcon_core.package_identification:_identify(.) by extensions ['cmake', 'python']
[1.305s] Level 1:colcon.colcon_core.package_identification:_identify(.) by extension 'cmake'
[1.305s] Level 1:colcon.colcon_core.package_identification:_identify(.) by extension 'python'
[1.305s] Level 1:colcon.colcon_core.package_identification:_identify(.) by extensions ['python_setup_py']
[1.305s] Level 1:colcon.colcon_core.package_identification:_identify(.) by extension 'python_setup_py'
[1.306s] Level 1:colcon.colcon_core.package_identification:_identify(build) by extensions ['ignore', 'ignore_ament_install']
[1.306s] Level 1:colcon.colcon_core.package_identification:_identify(build) by extension 'ignore'
[1.306s] Level 1:colcon.colcon_core.package_identification:_identify(build) ignored
[1.307s] Level 1:colcon.colcon_core.package_identification:_identify(install) by extensions ['ignore', 'ignore_ament_install']
[1.308s] Level 1:colcon.colcon_core.package_identification:_identify(install) by extension 'ignore'
[1.308s] Level 1:colcon.colcon_core.package_identification:_identify(install) ignored
[1.309s] Level 1:colcon.colcon_core.package_identification:_identify(log) by extensions ['ignore', 'ignore_ament_install']
[1.310s] Level 1:colcon.colcon_core.package_identification:_identify(log) by extension 'ignore'
[1.310s] Level 1:colcon.colcon_core.package_identification:_identify(log) ignored
[1.310s] Level 1:colcon.colcon_core.package_identification:_identify(src) by extensions ['ignore', 'ignore_ament_install']
[1.311s] Level 1:colcon.colcon_core.package_identification:_identify(src) by extension 'ignore'
[1.311s] Level 1:colcon.colcon_core.package_identification:_identify(src) by extension 'ignore_ament_install'
[1.311s] Level 1:colcon.colcon_core.package_identification:_identify(src) by extensions ['colcon_pkg']
[1.311s] Level 1:colcon.colcon_core.package_identification:_identify(src) by extension 'colcon_pkg'
[1.311s] Level 1:colcon.colcon_core.package_identification:_identify(src) by extensions ['colcon_meta']
[1.311s] Level 1:colcon.colcon_core.package_identification:_identify(src) by extension 'colcon_meta'
[1.312s] Level 1:colcon.colcon_core.package_identification:_identify(src) by extensions ['ros']
[1.312s] Level 1:colcon.colcon_core.package_identification:_identify(src) by extension 'ros'
[1.312s] Level 1:colcon.colcon_core.package_identification:_identify(src) by extensions ['cmake', 'python']
[1.312s] Level 1:colcon.colcon_core.package_identification:_identify(src) by extension 'cmake'
[1.312s] Level 1:colcon.colcon_core.package_identification:_identify(src) by extension 'python'
[1.313s] Level 1:colcon.colcon_core.package_identification:_identify(src) by extensions ['python_setup_py']
[1.313s] Level 1:colcon.colcon_core.package_identification:_identify(src) by extension 'python_setup_py'
[1.313s] Level 1:colcon.colcon_core.package_identification:_identify(src/bno055) by extensions ['ignore', 'ignore_ament_install']
[1.314s] Level 1:colcon.colcon_core.package_identification:_identify(src/bno055) by extension 'ignore'
[1.314s] Level 1:colcon.colcon_core.package_identification:_identify(src/bno055) by extension 'ignore_ament_install'
[1.314s] Level 1:colcon.colcon_core.package_identification:_identify(src/bno055) by extensions ['colcon_pkg']
[1.314s] Level 1:colcon.colcon_core.package_identification:_identify(src/bno055) by extension 'colcon_pkg'
[1.314s] Level 1:colcon.colcon_core.package_identification:_identify(src/bno055) by extensions ['colcon_meta']
[1.314s] Level 1:colcon.colcon_core.package_identification:_identify(src/bno055) by extension 'colcon_meta'
[1.315s] Level 1:colcon.colcon_core.package_identification:_identify(src/bno055) by extensions ['ros']
[1.315s] Level 1:colcon.colcon_core.package_identification:_identify(src/bno055) by extension 'ros'
[1.324s] DEBUG:colcon.colcon_core.package_identification:Package 'src/bno055' with type 'ros.ament_python' and name 'bno055'
[1.324s] Level 1:colcon.colcon_core.package_identification:_identify(src/joy) by extensions ['ignore', 'ignore_ament_install']
[1.325s] Level 1:colcon.colcon_core.package_identification:_identify(src/joy) by extension 'ignore'
[1.325s] Level 1:colcon.colcon_core.package_identification:_identify(src/joy) by extension 'ignore_ament_install'
[1.325s] Level 1:colcon.colcon_core.package_identification:_identify(src/joy) by extensions ['colcon_pkg']
[1.325s] Level 1:colcon.colcon_core.package_identification:_identify(src/joy) by extension 'colcon_pkg'
[1.325s] Level 1:colcon.colcon_core.package_identification:_identify(src/joy) by extensions ['colcon_meta']
[1.326s] Level 1:colcon.colcon_core.package_identification:_identify(src/joy) by extension 'colcon_meta'
[1.326s] Level 1:colcon.colcon_core.package_identification:_identify(src/joy) by extensions ['ros']
[1.326s] Level 1:colcon.colcon_core.package_identification:_identify(src/joy) by extension 'ros'
[1.330s] DEBUG:colcon.colcon_core.package_identification:Package 'src/joy' with type 'ros.ament_cmake' and name 'joy'
[1.330s] Level 1:colcon.colcon_core.package_identification:_identify(src/nexus) by extensions ['ignore', 'ignore_ament_install']
[1.331s] Level 1:colcon.colcon_core.package_identification:_identify(src/nexus) by extension 'ignore'
[1.331s] Level 1:colcon.colcon_core.package_identification:_identify(src/nexus) by extension 'ignore_ament_install'
[1.331s] Level 1:colcon.colcon_core.package_identification:_identify(src/nexus) by extensions ['colcon_pkg']
[1.331s] Level 1:colcon.colcon_core.package_identification:_identify(src/nexus) by extension 'colcon_pkg'
[1.332s] Level 1:colcon.colcon_core.package_identification:_identify(src/nexus) by extensions ['colcon_meta']
[1.332s] Level 1:colcon.colcon_core.package_identification:_identify(src/nexus) by extension 'colcon_meta'
[1.332s] Level 1:colcon.colcon_core.package_identification:_identify(src/nexus) by extensions ['ros']
[1.332s] Level 1:colcon.colcon_core.package_identification:_identify(src/nexus) by extension 'ros'
[1.334s] DEBUG:colcon.colcon_core.package_identification:Package 'src/nexus' with type 'ros.ament_cmake' and name 'nexus'
[1.335s] Level 1:colcon.colcon_core.package_identification:_identify(src/robot) by extensions ['ignore', 'ignore_ament_install']
[1.336s] Level 1:colcon.colcon_core.package_identification:_identify(src/robot) by extension 'ignore'
[1.336s] Level 1:colcon.colcon_core.package_identification:_identify(src/robot) by extension 'ignore_ament_install'
[1.336s] Level 1:colcon.colcon_core.package_identification:_identify(src/robot) by extensions ['colcon_pkg']
[1.336s] Level 1:colcon.colcon_core.package_identification:_identify(src/robot) by extension 'colcon_pkg'
[1.336s] Level 1:colcon.colcon_core.package_identification:_identify(src/robot) by extensions ['colcon_meta']
[1.336s] Level 1:colcon.colcon_core.package_identification:_identify(src/robot) by extension 'colcon_meta'
[1.337s] Level 1:colcon.colcon_core.package_identification:_identify(src/robot) by extensions ['ros']
[1.337s] Level 1:colcon.colcon_core.package_identification:_identify(src/robot) by extension 'ros'
[1.339s] DEBUG:colcon.colcon_core.package_identification:Package 'src/robot' with type 'ros.ament_python' and name 'robot'
[1.339s] Level 1:colcon.colcon_core.package_identification:_identify(src/rplidar_ros) by extensions ['ignore', 'ignore_ament_install']
[1.340s] Level 1:colcon.colcon_core.package_identification:_identify(src/rplidar_ros) by extension 'ignore'
[1.340s] Level 1:colcon.colcon_core.package_identification:_identify(src/rplidar_ros) by extension 'ignore_ament_install'
[1.340s] Level 1:colcon.colcon_core.package_identification:_identify(src/rplidar_ros) by extensions ['colcon_pkg']
[1.340s] Level 1:colcon.colcon_core.package_identification:_identify(src/rplidar_ros) by extension 'colcon_pkg'
[1.341s] Level 1:colcon.colcon_core.package_identification:_identify(src/rplidar_ros) by extensions ['colcon_meta']
[1.341s] Level 1:colcon.colcon_core.package_identification:_identify(src/rplidar_ros) by extension 'colcon_meta'
[1.341s] Level 1:colcon.colcon_core.package_identification:_identify(src/rplidar_ros) by extensions ['ros']
[1.341s] Level 1:colcon.colcon_core.package_identification:_identify(src/rplidar_ros) by extension 'ros'
[1.343s] DEBUG:colcon.colcon_core.package_identification:Package 'src/rplidar_ros' with type 'ros.ament_cmake' and name 'rplidar_ros'
[1.344s] Level 1:colcon.colcon_core.package_discovery:discover_packages(recursive) using defaults
[1.344s] Level 1:colcon.colcon_core.package_discovery:discover_packages(ignore) discover
[1.344s] Level 1:colcon.colcon_core.package_discovery:discover_packages(ignore) using defaults
[1.344s] Level 1:colcon.colcon_core.package_discovery:discover_packages(path) discover
[1.344s] Level 1:colcon.colcon_core.package_discovery:discover_packages(path) using defaults
[1.425s] INFO:colcon.colcon_core.package_selection:Skipping not selected package 'bno055' in 'src/bno055'
[1.426s] INFO:colcon.colcon_core.package_selection:Skipping not selected package 'joy' in 'src/joy'
[1.426s] INFO:colcon.colcon_core.package_selection:Skipping not selected package 'robot' in 'src/robot'
[1.426s] INFO:colcon.colcon_core.package_selection:Skipping not selected package 'rplidar_ros' in 'src/rplidar_ros'
[1.428s] Level 1:colcon.colcon_core.package_discovery:discover_packages(prefix_path) check parameters
[1.428s] Level 1:colcon.colcon_core.package_discovery:discover_packages(prefix_path) discover
[1.473s] DEBUG:colcon.colcon_installed_package_information.package_discovery:Found 5 installed packages in /home/divspanpi2/robo_ws/install
[1.484s] DEBUG:colcon.colcon_installed_package_information.package_discovery:Found 317 installed packages in /opt/ros/humble
[1.491s] Level 1:colcon.colcon_core.package_discovery:discover_packages(prefix_path) using defaults
[1.677s] Level 5:colcon.colcon_core.verb:set package 'nexus' build argument 'cmake_args' from command line to 'None'
[1.678s] Level 5:colcon.colcon_core.verb:set package 'nexus' build argument 'cmake_target' from command line to 'None'
[1.678s] Level 5:colcon.colcon_core.verb:set package 'nexus' build argument 'cmake_target_skip_unavailable' from command line to 'False'
[1.678s] Level 5:colcon.colcon_core.verb:set package 'nexus' build argument 'cmake_clean_cache' from command line to 'False'
[1.678s] Level 5:colcon.colcon_core.verb:set package 'nexus' build argument 'cmake_clean_first' from command line to 'False'
[1.678s] Level 5:colcon.colcon_core.verb:set package 'nexus' build argument 'cmake_force_configure' from command line to 'False'
[1.678s] Level 5:colcon.colcon_core.verb:set package 'nexus' build argument 'ament_cmake_args' from command line to 'None'
[1.678s] Level 5:colcon.colcon_core.verb:set package 'nexus' build argument 'catkin_cmake_args' from command line to 'None'
[1.678s] Level 5:colcon.colcon_core.verb:set package 'nexus' build argument 'catkin_skip_building_tests' from command line to 'False'
[1.679s] DEBUG:colcon.colcon_core.verb:Building package 'nexus' with the following arguments: {'ament_cmake_args': None, 'build_base': '/home/divspanpi2/robo_ws/build/nexus', 'catkin_cmake_args': None, 'catkin_skip_building_tests': False, 'cmake_args': None, 'cmake_clean_cache': False, 'cmake_clean_first': False, 'cmake_force_configure': False, 'cmake_target': None, 'cmake_target_skip_unavailable': False, 'install_base': '/home/divspanpi2/robo_ws/install/nexus', 'merge_install': False, 'path': '/home/divspanpi2/robo_ws/src/nexus', 'symlink_install': False, 'test_result_base': None}
[1.679s] INFO:colcon.colcon_core.executor:Executing jobs using 'parallel' executor
[1.682s] DEBUG:colcon.colcon_parallel_executor.executor.parallel:run_until_complete
[1.683s] INFO:colcon.colcon_ros.task.ament_cmake.build:Building ROS package in '/home/divspanpi2/robo_ws/src/nexus' with build type 'ament_cmake'
[1.684s] INFO:colcon.colcon_cmake.task.cmake.build:Building CMake package in '/home/divspanpi2/robo_ws/src/nexus'
[1.693s] INFO:colcon.colcon_core.plugin_system:Skipping extension 'colcon_core.shell.bat': Not used on non-Windows systems
[1.694s] INFO:colcon.colcon_core.shell:Skip shell extension 'powershell' for command environment: Not usable outside of PowerShell
[1.694s] DEBUG:colcon.colcon_core.shell:Skip shell extension 'dsv' for command environment
[1.739s] DEBUG:colcon.colcon_core.event_handler.log_command:Invoking command in '/home/divspanpi2/robo_ws/build/nexus': CMAKE_PREFIX_PATH=${CMAKE_PREFIX_PATH}:/home/divspanpi2/robo_ws/install/robot:/home/divspanpi2/robo_ws/install/bno055:/opt/ros/humble /usr/bin/cmake --build /home/divspanpi2/robo_ws/build/nexus -- -j4 -l4
[59.190s] DEBUG:colcon.colcon_core.event_handler.log_command:Invoked command in '/home/divspanpi2/robo_ws/build/nexus' returned '0': CMAKE_PREFIX_PATH=${CMAKE_PREFIX_PATH}:/home/divspanpi2/robo_ws/install/robot:/home/divspanpi2/robo_ws/install/bno055:/opt/ros/humble /usr/bin/cmake --build /home/divspanpi2/robo_ws/build/nexus -- -j4 -l4
[59.375s] DEBUG:colcon.colcon_core.event_handler.log_command:Invoking command in '/home/divspanpi2/robo_ws/build/nexus': CMAKE_PREFIX_PATH=${CMAKE_PREFIX_PATH}:/home/divspanpi2/robo_ws/install/robot:/home/divspanpi2/robo_ws/install/bno055:/opt/ros/humble /usr/bin/cmake --install /home/divspanpi2/robo_ws/build/nexus
[59.471s] Level 1:colcon.colcon_core.environment:create_environment_scripts_only(nexus)
[59.472s] DEBUG:colcon.colcon_core.event_handler.log_command:Invoked command in '/home/divspanpi2/robo_ws/build/nexus' returned '0': CMAKE_PREFIX_PATH=${CMAKE_PREFIX_PATH}:/home/divspanpi2/robo_ws/install/robot:/home/divspanpi2/robo_ws/install/bno055:/opt/ros/humble /usr/bin/cmake --install /home/divspanpi2/robo_ws/build/nexus
[59.484s] Level 1:colcon.colcon_core.environment:checking '/home/divspanpi2/robo_ws/install/nexus' for CMake module files
[59.487s] Level 1:colcon.colcon_core.environment:checking '/home/divspanpi2/robo_ws/install/nexus' for CMake config files
[59.489s] Level 1:colcon.colcon_core.shell:create_environment_hook('nexus', 'cmake_prefix_path')
[59.490s] INFO:colcon.colcon_core.shell:Creating environment hook '/home/divspanpi2/robo_ws/install/nexus/share/nexus/hook/cmake_prefix_path.ps1'
[59.493s] INFO:colcon.colcon_core.shell:Creating environment descriptor '/home/divspanpi2/robo_ws/install/nexus/share/nexus/hook/cmake_prefix_path.dsv'
[59.495s] INFO:colcon.colcon_core.shell:Creating environment hook '/home/divspanpi2/robo_ws/install/nexus/share/nexus/hook/cmake_prefix_path.sh'
[59.499s] Level 1:colcon.colcon_core.environment:checking '/home/divspanpi2/robo_ws/install/nexus/lib'
[59.499s] Level 1:colcon.colcon_core.environment:checking '/home/divspanpi2/robo_ws/install/nexus/bin'
[59.500s] Level 1:colcon.colcon_core.environment:checking '/home/divspanpi2/robo_ws/install/nexus/lib/pkgconfig/nexus.pc'
[59.501s] Level 1:colcon.colcon_core.environment:checking '/home/divspanpi2/robo_ws/install/nexus/lib/python3.10/site-packages'
[59.501s] Level 1:colcon.colcon_core.environment:checking '/home/divspanpi2/robo_ws/install/nexus/bin'
[59.502s] INFO:colcon.colcon_core.shell:Creating package script '/home/divspanpi2/robo_ws/install/nexus/share/nexus/package.ps1'
[59.506s] INFO:colcon.colcon_core.shell:Creating package descriptor '/home/divspanpi2/robo_ws/install/nexus/share/nexus/package.dsv'
[59.508s] INFO:colcon.colcon_core.shell:Creating package script '/home/divspanpi2/robo_ws/install/nexus/share/nexus/package.sh'
[59.511s] INFO:colcon.colcon_core.shell:Creating package script '/home/divspanpi2/robo_ws/install/nexus/share/nexus/package.bash'
[59.515s] INFO:colcon.colcon_core.shell:Creating package script '/home/divspanpi2/robo_ws/install/nexus/share/nexus/package.zsh'
[59.518s] Level 1:colcon.colcon_core.environment:create_file_with_runtime_dependencies(/home/divspanpi2/robo_ws/install/nexus/share/colcon-core/packages/nexus)
[59.671s] Level 1:colcon.colcon_core.environment:create_environment_scripts_only(nexus)
[59.673s] Level 1:colcon.colcon_core.environment:checking '/home/divspanpi2/robo_ws/install/nexus' for CMake module files
[59.676s] Level 1:colcon.colcon_core.environment:checking '/home/divspanpi2/robo_ws/install/nexus' for CMake config files
[59.679s] Level 1:colcon.colcon_core.shell:create_environment_hook('nexus', 'cmake_prefix_path')
[59.680s] INFO:colcon.colcon_core.shell:Creating environment hook '/home/divspanpi2/robo_ws/install/nexus/share/nexus/hook/cmake_prefix_path.ps1'
[59.682s] INFO:colcon.colcon_core.shell:Creating environment descriptor '/home/divspanpi2/robo_ws/install/nexus/share/nexus/hook/cmake_prefix_path.dsv'
[59.684s] INFO:colcon.colcon_core.shell:Creating environment hook '/home/divspanpi2/robo_ws/install/nexus/share/nexus/hook/cmake_prefix_path.sh'
[59.687s] Level 1:colcon.colcon_core.environment:checking '/home/divspanpi2/robo_ws/install/nexus/lib'
[59.687s] Level 1:colcon.colcon_core.environment:checking '/home/divspanpi2/robo_ws/install/nexus/bin'
[59.688s] Level 1:colcon.colcon_core.environment:checking '/home/divspanpi2/robo_ws/install/nexus/lib/pkgconfig/nexus.pc'
[59.688s] Level 1:colcon.colcon_core.environment:checking '/home/divspanpi2/robo_ws/install/nexus/lib/python3.10/site-packages'
[59.689s] Level 1:colcon.colcon_core.environment:checking '/home/divspanpi2/robo_ws/install/nexus/bin'
[59.690s] INFO:colcon.colcon_core.shell:Creating package script '/home/divspanpi2/robo_ws/install/nexus/share/nexus/package.ps1'
[59.693s] INFO:colcon.colcon_core.shell:Creating package descriptor '/home/divspanpi2/robo_ws/install/nexus/share/nexus/package.dsv'
[59.695s] INFO:colcon.colcon_core.shell:Creating package script '/home/divspanpi2/robo_ws/install/nexus/share/nexus/package.sh'
[59.697s] INFO:colcon.colcon_core.shell:Creating package script '/home/divspanpi2/robo_ws/install/nexus/share/nexus/package.bash'
[59.699s] INFO:colcon.colcon_core.shell:Creating package script '/home/divspanpi2/robo_ws/install/nexus/share/nexus/package.zsh'
[59.701s] Level 1:colcon.colcon_core.environment:create_file_with_runtime_dependencies(/home/divspanpi2/robo_ws/install/nexus/share/colcon-core/packages/nexus)
[59.703s] DEBUG:colcon.colcon_parallel_executor.executor.parallel:closing loop
[59.704s] DEBUG:colcon.colcon_parallel_executor.executor.parallel:loop closed
[59.704s] DEBUG:colcon.colcon_parallel_executor.executor.parallel:run_until_complete finished with '0'
[59.705s] DEBUG:colcon.colcon_core.event_reactor:joining thread
[59.727s] INFO:colcon.colcon_core.plugin_system:Skipping extension 'colcon_notification.desktop_notification.terminal_notifier': Not used on non-Darwin systems
[59.728s] INFO:colcon.colcon_core.plugin_system:Skipping extension 'colcon_notification.desktop_notification.win32': Not used on non-Windows systems
[59.728s] INFO:colcon.colcon_notification.desktop_notification:Sending desktop notification using 'notify2'
[59.768s] DEBUG:colcon.colcon_core.event_reactor:joined thread
[59.770s] INFO:colcon.colcon_core.shell:Creating prefix script '/home/divspanpi2/robo_ws/install/local_setup.ps1'
[59.773s] INFO:colcon.colcon_core.shell:Creating prefix util module '/home/divspanpi2/robo_ws/install/_local_setup_util_ps1.py'
[59.780s] INFO:colcon.colcon_core.shell:Creating prefix chain script '/home/divspanpi2/robo_ws/install/setup.ps1'
[59.786s] INFO:colcon.colcon_core.shell:Creating prefix script '/home/divspanpi2/robo_ws/install/local_setup.sh'
[59.789s] INFO:colcon.colcon_core.shell:Creating prefix util module '/home/divspanpi2/robo_ws/install/_local_setup_util_sh.py'
[59.791s] INFO:colcon.colcon_core.shell:Creating prefix chain script '/home/divspanpi2/robo_ws/install/setup.sh'
[59.797s] INFO:colcon.colcon_core.shell:Creating prefix script '/home/divspanpi2/robo_ws/install/local_setup.bash'
[59.799s] INFO:colcon.colcon_core.shell:Creating prefix chain script '/home/divspanpi2/robo_ws/install/setup.bash'
[59.805s] INFO:colcon.colcon_core.shell:Creating prefix script '/home/divspanpi2/robo_ws/install/local_setup.zsh'
[59.807s] INFO:colcon.colcon_core.shell:Creating prefix chain script '/home/divspanpi2/robo_ws/install/setup.zsh'
