[0.839s] DEBUG:colcon:Command line arguments: ['/usr/bin/colcon', 'build', '--packages-select', 'nexus']
[0.839s] DEBUG:colcon:Parsed command line arguments: Namespace(log_base=None, log_level=None, verb_name='build', build_base='build', install_base='install', merge_install=False, symlink_install=False, test_result_base=None, continue_on_error=False, executor='parallel', parallel_workers=4, event_handlers=None, ignore_user_meta=False, metas=['./colcon.meta'], base_paths=['.'], packages_ignore=None, packages_ignore_regex=None, paths=None, packages_up_to=None, packages_up_to_regex=None, packages_above=None, packages_above_and_dependencies=None, packages_above_depth=None, packages_select_by_dep=None, packages_skip_by_dep=None, packages_skip_up_to=None, packages_select_build_failed=False, packages_skip_build_finished=False, packages_select_test_failures=False, packages_skip_test_passed=False, packages_select=['nexus'], packages_skip=None, packages_select_regex=None, packages_skip_regex=None, packages_start=None, packages_end=None, allow_overriding=[], cmake_args=None, cmake_target=None, cmake_target_skip_unavailable=False, cmake_clean_cache=False, cmake_clean_first=False, cmake_force_configure=False, ament_cmake_args=None, catkin_cmake_args=None, catkin_skip_building_tests=False, verb_parser=<colcon_defaults.argument_parser.defaults.DefaultArgumentsDecorator object at 0xffff9abdd270>, verb_extension=<colcon_core.verb.build.BuildVerb object at 0xffff9abdce20>, main=<bound method BuildVerb.main of <colcon_core.verb.build.BuildVerb object at 0xffff9abdce20>>)
[2.160s] Level 1:colcon.colcon_core.package_discovery:discover_packages(colcon_meta) check parameters
[2.161s] Level 1:colcon.colcon_core.package_discovery:discover_packages(recursive) check parameters
[2.161s] Level 1:colcon.colcon_core.package_discovery:discover_packages(ignore) check parameters
[2.161s] Level 1:colcon.colcon_core.package_discovery:discover_packages(path) check parameters
[2.161s] Level 1:colcon.colcon_core.package_discovery:discover_packages(colcon_meta) discover
[2.161s] Level 1:colcon.colcon_core.package_discovery:discover_packages(recursive) discover
[2.162s] INFO:colcon.colcon_core.package_discovery:Crawling recursively for packages in '/home/divspanpi2/robo_ws'
[2.162s] Level 1:colcon.colcon_core.package_identification:_identify(.) by extensions ['ignore', 'ignore_ament_install']
[2.163s] Level 1:colcon.colcon_core.package_identification:_identify(.) by extension 'ignore'
[2.163s] Level 1:colcon.colcon_core.package_identification:_identify(.) by extension 'ignore_ament_install'
[2.163s] Level 1:colcon.colcon_core.package_identification:_identify(.) by extensions ['colcon_pkg']
[2.163s] Level 1:colcon.colcon_core.package_identification:_identify(.) by extension 'colcon_pkg'
[2.164s] Level 1:colcon.colcon_core.package_identification:_identify(.) by extensions ['colcon_meta']
[2.164s] Level 1:colcon.colcon_core.package_identification:_identify(.) by extension 'colcon_meta'
[2.164s] Level 1:colcon.colcon_core.package_identification:_identify(.) by extensions ['ros']
[2.164s] Level 1:colcon.colcon_core.package_identification:_identify(.) by extension 'ros'
[2.237s] Level 1:colcon.colcon_core.package_identification:_identify(.) by extensions ['cmake', 'python']
[2.237s] Level 1:colcon.colcon_core.package_identification:_identify(.) by extension 'cmake'
[2.237s] Level 1:colcon.colcon_core.package_identification:_identify(.) by extension 'python'
[2.238s] Level 1:colcon.colcon_core.package_identification:_identify(.) by extensions ['python_setup_py']
[2.238s] Level 1:colcon.colcon_core.package_identification:_identify(.) by extension 'python_setup_py'
[2.238s] Level 1:colcon.colcon_core.package_identification:_identify(build) by extensions ['ignore', 'ignore_ament_install']
[2.239s] Level 1:colcon.colcon_core.package_identification:_identify(build) by extension 'ignore'
[2.239s] Level 1:colcon.colcon_core.package_identification:_identify(build) ignored
[2.240s] Level 1:colcon.colcon_core.package_identification:_identify(install) by extensions ['ignore', 'ignore_ament_install']
[2.240s] Level 1:colcon.colcon_core.package_identification:_identify(install) by extension 'ignore'
[2.240s] Level 1:colcon.colcon_core.package_identification:_identify(install) ignored
[2.246s] Level 1:colcon.colcon_core.package_identification:_identify(log) by extensions ['ignore', 'ignore_ament_install']
[2.246s] Level 1:colcon.colcon_core.package_identification:_identify(log) by extension 'ignore'
[2.246s] Level 1:colcon.colcon_core.package_identification:_identify(log) ignored
[2.247s] Level 1:colcon.colcon_core.package_identification:_identify(src) by extensions ['ignore', 'ignore_ament_install']
[2.247s] Level 1:colcon.colcon_core.package_identification:_identify(src) by extension 'ignore'
[2.247s] Level 1:colcon.colcon_core.package_identification:_identify(src) by extension 'ignore_ament_install'
[2.248s] Level 1:colcon.colcon_core.package_identification:_identify(src) by extensions ['colcon_pkg']
[2.248s] Level 1:colcon.colcon_core.package_identification:_identify(src) by extension 'colcon_pkg'
[2.248s] Level 1:colcon.colcon_core.package_identification:_identify(src) by extensions ['colcon_meta']
[2.248s] Level 1:colcon.colcon_core.package_identification:_identify(src) by extension 'colcon_meta'
[2.248s] Level 1:colcon.colcon_core.package_identification:_identify(src) by extensions ['ros']
[2.248s] Level 1:colcon.colcon_core.package_identification:_identify(src) by extension 'ros'
[2.249s] Level 1:colcon.colcon_core.package_identification:_identify(src) by extensions ['cmake', 'python']
[2.249s] Level 1:colcon.colcon_core.package_identification:_identify(src) by extension 'cmake'
[2.249s] Level 1:colcon.colcon_core.package_identification:_identify(src) by extension 'python'
[2.249s] Level 1:colcon.colcon_core.package_identification:_identify(src) by extensions ['python_setup_py']
[2.249s] Level 1:colcon.colcon_core.package_identification:_identify(src) by extension 'python_setup_py'
[2.251s] Level 1:colcon.colcon_core.package_identification:_identify(src/bno055) by extensions ['ignore', 'ignore_ament_install']
[2.251s] Level 1:colcon.colcon_core.package_identification:_identify(src/bno055) by extension 'ignore'
[2.251s] Level 1:colcon.colcon_core.package_identification:_identify(src/bno055) by extension 'ignore_ament_install'
[2.251s] Level 1:colcon.colcon_core.package_identification:_identify(src/bno055) by extensions ['colcon_pkg']
[2.252s] Level 1:colcon.colcon_core.package_identification:_identify(src/bno055) by extension 'colcon_pkg'
[2.252s] Level 1:colcon.colcon_core.package_identification:_identify(src/bno055) by extensions ['colcon_meta']
[2.252s] Level 1:colcon.colcon_core.package_identification:_identify(src/bno055) by extension 'colcon_meta'
[2.252s] Level 1:colcon.colcon_core.package_identification:_identify(src/bno055) by extensions ['ros']
[2.252s] Level 1:colcon.colcon_core.package_identification:_identify(src/bno055) by extension 'ros'
[2.267s] DEBUG:colcon.colcon_core.package_identification:Package 'src/bno055' with type 'ros.ament_python' and name 'bno055'
[2.268s] Level 1:colcon.colcon_core.package_identification:_identify(src/joy) by extensions ['ignore', 'ignore_ament_install']
[2.269s] Level 1:colcon.colcon_core.package_identification:_identify(src/joy) by extension 'ignore'
[2.269s] Level 1:colcon.colcon_core.package_identification:_identify(src/joy) by extension 'ignore_ament_install'
[2.269s] Level 1:colcon.colcon_core.package_identification:_identify(src/joy) by extensions ['colcon_pkg']
[2.269s] Level 1:colcon.colcon_core.package_identification:_identify(src/joy) by extension 'colcon_pkg'
[2.270s] Level 1:colcon.colcon_core.package_identification:_identify(src/joy) by extensions ['colcon_meta']
[2.270s] Level 1:colcon.colcon_core.package_identification:_identify(src/joy) by extension 'colcon_meta'
[2.270s] Level 1:colcon.colcon_core.package_identification:_identify(src/joy) by extensions ['ros']
[2.270s] Level 1:colcon.colcon_core.package_identification:_identify(src/joy) by extension 'ros'
[2.275s] DEBUG:colcon.colcon_core.package_identification:Package 'src/joy' with type 'ros.ament_cmake' and name 'joy'
[2.276s] Level 1:colcon.colcon_core.package_identification:_identify(src/nexus) by extensions ['ignore', 'ignore_ament_install']
[2.276s] Level 1:colcon.colcon_core.package_identification:_identify(src/nexus) by extension 'ignore'
[2.277s] Level 1:colcon.colcon_core.package_identification:_identify(src/nexus) by extension 'ignore_ament_install'
[2.277s] Level 1:colcon.colcon_core.package_identification:_identify(src/nexus) by extensions ['colcon_pkg']
[2.277s] Level 1:colcon.colcon_core.package_identification:_identify(src/nexus) by extension 'colcon_pkg'
[2.277s] Level 1:colcon.colcon_core.package_identification:_identify(src/nexus) by extensions ['colcon_meta']
[2.277s] Level 1:colcon.colcon_core.package_identification:_identify(src/nexus) by extension 'colcon_meta'
[2.278s] Level 1:colcon.colcon_core.package_identification:_identify(src/nexus) by extensions ['ros']
[2.278s] Level 1:colcon.colcon_core.package_identification:_identify(src/nexus) by extension 'ros'
[2.283s] DEBUG:colcon.colcon_core.package_identification:Package 'src/nexus' with type 'ros.ament_cmake' and name 'nexus'
[2.284s] Level 1:colcon.colcon_core.package_identification:_identify(src/robot) by extensions ['ignore', 'ignore_ament_install']
[2.285s] Level 1:colcon.colcon_core.package_identification:_identify(src/robot) by extension 'ignore'
[2.285s] Level 1:colcon.colcon_core.package_identification:_identify(src/robot) by extension 'ignore_ament_install'
[2.285s] Level 1:colcon.colcon_core.package_identification:_identify(src/robot) by extensions ['colcon_pkg']
[2.286s] Level 1:colcon.colcon_core.package_identification:_identify(src/robot) by extension 'colcon_pkg'
[2.286s] Level 1:colcon.colcon_core.package_identification:_identify(src/robot) by extensions ['colcon_meta']
[2.286s] Level 1:colcon.colcon_core.package_identification:_identify(src/robot) by extension 'colcon_meta'
[2.286s] Level 1:colcon.colcon_core.package_identification:_identify(src/robot) by extensions ['ros']
[2.286s] Level 1:colcon.colcon_core.package_identification:_identify(src/robot) by extension 'ros'
[2.289s] DEBUG:colcon.colcon_core.package_identification:Package 'src/robot' with type 'ros.ament_python' and name 'robot'
[2.291s] Level 1:colcon.colcon_core.package_identification:_identify(src/rplidar_ros) by extensions ['ignore', 'ignore_ament_install']
[2.291s] Level 1:colcon.colcon_core.package_identification:_identify(src/rplidar_ros) by extension 'ignore'
[2.292s] Level 1:colcon.colcon_core.package_identification:_identify(src/rplidar_ros) by extension 'ignore_ament_install'
[2.292s] Level 1:colcon.colcon_core.package_identification:_identify(src/rplidar_ros) by extensions ['colcon_pkg']
[2.292s] Level 1:colcon.colcon_core.package_identification:_identify(src/rplidar_ros) by extension 'colcon_pkg'
[2.292s] Level 1:colcon.colcon_core.package_identification:_identify(src/rplidar_ros) by extensions ['colcon_meta']
[2.292s] Level 1:colcon.colcon_core.package_identification:_identify(src/rplidar_ros) by extension 'colcon_meta'
[2.293s] Level 1:colcon.colcon_core.package_identification:_identify(src/rplidar_ros) by extensions ['ros']
[2.293s] Level 1:colcon.colcon_core.package_identification:_identify(src/rplidar_ros) by extension 'ros'
[2.296s] DEBUG:colcon.colcon_core.package_identification:Package 'src/rplidar_ros' with type 'ros.ament_cmake' and name 'rplidar_ros'
[2.297s] Level 1:colcon.colcon_core.package_discovery:discover_packages(recursive) using defaults
[2.297s] Level 1:colcon.colcon_core.package_discovery:discover_packages(ignore) discover
[2.297s] Level 1:colcon.colcon_core.package_discovery:discover_packages(ignore) using defaults
[2.297s] Level 1:colcon.colcon_core.package_discovery:discover_packages(path) discover
[2.297s] Level 1:colcon.colcon_core.package_discovery:discover_packages(path) using defaults
[2.450s] INFO:colcon.colcon_core.package_selection:Skipping not selected package 'bno055' in 'src/bno055'
[2.450s] INFO:colcon.colcon_core.package_selection:Skipping not selected package 'joy' in 'src/joy'
[2.450s] INFO:colcon.colcon_core.package_selection:Skipping not selected package 'robot' in 'src/robot'
[2.451s] INFO:colcon.colcon_core.package_selection:Skipping not selected package 'rplidar_ros' in 'src/rplidar_ros'
[2.453s] Level 1:colcon.colcon_core.package_discovery:discover_packages(prefix_path) check parameters
[2.454s] Level 1:colcon.colcon_core.package_discovery:discover_packages(prefix_path) discover
[2.511s] DEBUG:colcon.colcon_installed_package_information.package_discovery:Found 5 installed packages in /home/divspanpi2/robo_ws/install
[2.522s] DEBUG:colcon.colcon_installed_package_information.package_discovery:Found 317 installed packages in /opt/ros/humble
[2.529s] Level 1:colcon.colcon_core.package_discovery:discover_packages(prefix_path) using defaults
[2.750s] Level 5:colcon.colcon_core.verb:set package 'nexus' build argument 'cmake_args' from command line to 'None'
[2.750s] Level 5:colcon.colcon_core.verb:set package 'nexus' build argument 'cmake_target' from command line to 'None'
[2.750s] Level 5:colcon.colcon_core.verb:set package 'nexus' build argument 'cmake_target_skip_unavailable' from command line to 'False'
[2.751s] Level 5:colcon.colcon_core.verb:set package 'nexus' build argument 'cmake_clean_cache' from command line to 'False'
[2.751s] Level 5:colcon.colcon_core.verb:set package 'nexus' build argument 'cmake_clean_first' from command line to 'False'
[2.751s] Level 5:colcon.colcon_core.verb:set package 'nexus' build argument 'cmake_force_configure' from command line to 'False'
[2.751s] Level 5:colcon.colcon_core.verb:set package 'nexus' build argument 'ament_cmake_args' from command line to 'None'
[2.751s] Level 5:colcon.colcon_core.verb:set package 'nexus' build argument 'catkin_cmake_args' from command line to 'None'
[2.751s] Level 5:colcon.colcon_core.verb:set package 'nexus' build argument 'catkin_skip_building_tests' from command line to 'False'
[2.751s] DEBUG:colcon.colcon_core.verb:Building package 'nexus' with the following arguments: {'ament_cmake_args': None, 'build_base': '/home/divspanpi2/robo_ws/build/nexus', 'catkin_cmake_args': None, 'catkin_skip_building_tests': False, 'cmake_args': None, 'cmake_clean_cache': False, 'cmake_clean_first': False, 'cmake_force_configure': False, 'cmake_target': None, 'cmake_target_skip_unavailable': False, 'install_base': '/home/divspanpi2/robo_ws/install/nexus', 'merge_install': False, 'path': '/home/divspanpi2/robo_ws/src/nexus', 'symlink_install': False, 'test_result_base': None}
[2.752s] INFO:colcon.colcon_core.executor:Executing jobs using 'parallel' executor
[2.756s] DEBUG:colcon.colcon_parallel_executor.executor.parallel:run_until_complete
[2.757s] INFO:colcon.colcon_ros.task.ament_cmake.build:Building ROS package in '/home/divspanpi2/robo_ws/src/nexus' with build type 'ament_cmake'
[2.758s] INFO:colcon.colcon_cmake.task.cmake.build:Building CMake package in '/home/divspanpi2/robo_ws/src/nexus'
[2.795s] INFO:colcon.colcon_core.plugin_system:Skipping extension 'colcon_core.shell.bat': Not used on non-Windows systems
[2.796s] INFO:colcon.colcon_core.shell:Skip shell extension 'powershell' for command environment: Not usable outside of PowerShell
[2.796s] DEBUG:colcon.colcon_core.shell:Skip shell extension 'dsv' for command environment
[2.850s] DEBUG:colcon.colcon_core.event_handler.log_command:Invoking command in '/home/divspanpi2/robo_ws/build/nexus': CMAKE_PREFIX_PATH=${CMAKE_PREFIX_PATH}:/home/divspanpi2/robo_ws/install/robot:/home/divspanpi2/robo_ws/install/bno055:/opt/ros/humble /usr/bin/cmake --build /home/divspanpi2/robo_ws/build/nexus -- -j4 -l4
[62.875s] DEBUG:colcon.colcon_core.event_handler.log_command:Invoked command in '/home/divspanpi2/robo_ws/build/nexus' returned '0': CMAKE_PREFIX_PATH=${CMAKE_PREFIX_PATH}:/home/divspanpi2/robo_ws/install/robot:/home/divspanpi2/robo_ws/install/bno055:/opt/ros/humble /usr/bin/cmake --build /home/divspanpi2/robo_ws/build/nexus -- -j4 -l4
[63.063s] DEBUG:colcon.colcon_core.event_handler.log_command:Invoking command in '/home/divspanpi2/robo_ws/build/nexus': CMAKE_PREFIX_PATH=${CMAKE_PREFIX_PATH}:/home/divspanpi2/robo_ws/install/robot:/home/divspanpi2/robo_ws/install/bno055:/opt/ros/humble /usr/bin/cmake --install /home/divspanpi2/robo_ws/build/nexus
[63.187s] Level 1:colcon.colcon_core.environment:create_environment_scripts_only(nexus)
[63.189s] DEBUG:colcon.colcon_core.event_handler.log_command:Invoked command in '/home/divspanpi2/robo_ws/build/nexus' returned '0': CMAKE_PREFIX_PATH=${CMAKE_PREFIX_PATH}:/home/divspanpi2/robo_ws/install/robot:/home/divspanpi2/robo_ws/install/bno055:/opt/ros/humble /usr/bin/cmake --install /home/divspanpi2/robo_ws/build/nexus
[63.219s] Level 1:colcon.colcon_core.environment:checking '/home/divspanpi2/robo_ws/install/nexus' for CMake module files
[63.223s] Level 1:colcon.colcon_core.environment:checking '/home/divspanpi2/robo_ws/install/nexus' for CMake config files
[63.226s] Level 1:colcon.colcon_core.shell:create_environment_hook('nexus', 'cmake_prefix_path')
[63.227s] INFO:colcon.colcon_core.shell:Creating environment hook '/home/divspanpi2/robo_ws/install/nexus/share/nexus/hook/cmake_prefix_path.ps1'
[63.233s] INFO:colcon.colcon_core.shell:Creating environment descriptor '/home/divspanpi2/robo_ws/install/nexus/share/nexus/hook/cmake_prefix_path.dsv'
[63.237s] INFO:colcon.colcon_core.shell:Creating environment hook '/home/divspanpi2/robo_ws/install/nexus/share/nexus/hook/cmake_prefix_path.sh'
[63.242s] Level 1:colcon.colcon_core.environment:checking '/home/divspanpi2/robo_ws/install/nexus/lib'
[63.243s] Level 1:colcon.colcon_core.environment:checking '/home/divspanpi2/robo_ws/install/nexus/bin'
[63.243s] Level 1:colcon.colcon_core.environment:checking '/home/divspanpi2/robo_ws/install/nexus/lib/pkgconfig/nexus.pc'
[63.244s] Level 1:colcon.colcon_core.environment:checking '/home/divspanpi2/robo_ws/install/nexus/lib/python3.10/site-packages'
[63.245s] Level 1:colcon.colcon_core.environment:checking '/home/divspanpi2/robo_ws/install/nexus/bin'
[63.246s] INFO:colcon.colcon_core.shell:Creating package script '/home/divspanpi2/robo_ws/install/nexus/share/nexus/package.ps1'
[63.251s] INFO:colcon.colcon_core.shell:Creating package descriptor '/home/divspanpi2/robo_ws/install/nexus/share/nexus/package.dsv'
[63.254s] INFO:colcon.colcon_core.shell:Creating package script '/home/divspanpi2/robo_ws/install/nexus/share/nexus/package.sh'
[63.259s] INFO:colcon.colcon_core.shell:Creating package script '/home/divspanpi2/robo_ws/install/nexus/share/nexus/package.bash'
[63.263s] INFO:colcon.colcon_core.shell:Creating package script '/home/divspanpi2/robo_ws/install/nexus/share/nexus/package.zsh'
[63.268s] Level 1:colcon.colcon_core.environment:create_file_with_runtime_dependencies(/home/divspanpi2/robo_ws/install/nexus/share/colcon-core/packages/nexus)
[63.419s] Level 1:colcon.colcon_core.environment:create_environment_scripts_only(nexus)
[63.420s] Level 1:colcon.colcon_core.environment:checking '/home/divspanpi2/robo_ws/install/nexus' for CMake module files
[63.423s] Level 1:colcon.colcon_core.environment:checking '/home/divspanpi2/robo_ws/install/nexus' for CMake config files
[63.426s] Level 1:colcon.colcon_core.shell:create_environment_hook('nexus', 'cmake_prefix_path')
[63.427s] INFO:colcon.colcon_core.shell:Creating environment hook '/home/divspanpi2/robo_ws/install/nexus/share/nexus/hook/cmake_prefix_path.ps1'
[63.429s] INFO:colcon.colcon_core.shell:Creating environment descriptor '/home/divspanpi2/robo_ws/install/nexus/share/nexus/hook/cmake_prefix_path.dsv'
[63.431s] INFO:colcon.colcon_core.shell:Creating environment hook '/home/divspanpi2/robo_ws/install/nexus/share/nexus/hook/cmake_prefix_path.sh'
[63.434s] Level 1:colcon.colcon_core.environment:checking '/home/divspanpi2/robo_ws/install/nexus/lib'
[63.435s] Level 1:colcon.colcon_core.environment:checking '/home/divspanpi2/robo_ws/install/nexus/bin'
[63.435s] Level 1:colcon.colcon_core.environment:checking '/home/divspanpi2/robo_ws/install/nexus/lib/pkgconfig/nexus.pc'
[63.436s] Level 1:colcon.colcon_core.environment:checking '/home/divspanpi2/robo_ws/install/nexus/lib/python3.10/site-packages'
[63.437s] Level 1:colcon.colcon_core.environment:checking '/home/divspanpi2/robo_ws/install/nexus/bin'
[63.438s] INFO:colcon.colcon_core.shell:Creating package script '/home/divspanpi2/robo_ws/install/nexus/share/nexus/package.ps1'
[63.440s] INFO:colcon.colcon_core.shell:Creating package descriptor '/home/divspanpi2/robo_ws/install/nexus/share/nexus/package.dsv'
[63.443s] INFO:colcon.colcon_core.shell:Creating package script '/home/divspanpi2/robo_ws/install/nexus/share/nexus/package.sh'
[63.445s] INFO:colcon.colcon_core.shell:Creating package script '/home/divspanpi2/robo_ws/install/nexus/share/nexus/package.bash'
[63.447s] INFO:colcon.colcon_core.shell:Creating package script '/home/divspanpi2/robo_ws/install/nexus/share/nexus/package.zsh'
[63.449s] Level 1:colcon.colcon_core.environment:create_file_with_runtime_dependencies(/home/divspanpi2/robo_ws/install/nexus/share/colcon-core/packages/nexus)
[63.450s] DEBUG:colcon.colcon_parallel_executor.executor.parallel:closing loop
[63.452s] DEBUG:colcon.colcon_parallel_executor.executor.parallel:loop closed
[63.452s] DEBUG:colcon.colcon_parallel_executor.executor.parallel:run_until_complete finished with '0'
[63.453s] DEBUG:colcon.colcon_core.event_reactor:joining thread
[63.486s] INFO:colcon.colcon_core.plugin_system:Skipping extension 'colcon_notification.desktop_notification.terminal_notifier': Not used on non-Darwin systems
[63.487s] INFO:colcon.colcon_core.plugin_system:Skipping extension 'colcon_notification.desktop_notification.win32': Not used on non-Windows systems
[63.497s] INFO:colcon.colcon_notification.desktop_notification:Sending desktop notification using 'notify2'
[63.550s] DEBUG:colcon.colcon_core.event_reactor:joined thread
[63.552s] INFO:colcon.colcon_core.shell:Creating prefix script '/home/divspanpi2/robo_ws/install/local_setup.ps1'
[63.560s] INFO:colcon.colcon_core.shell:Creating prefix util module '/home/divspanpi2/robo_ws/install/_local_setup_util_ps1.py'
[63.580s] INFO:colcon.colcon_core.shell:Creating prefix chain script '/home/divspanpi2/robo_ws/install/setup.ps1'
[63.590s] INFO:colcon.colcon_core.shell:Creating prefix script '/home/divspanpi2/robo_ws/install/local_setup.sh'
[63.598s] INFO:colcon.colcon_core.shell:Creating prefix util module '/home/divspanpi2/robo_ws/install/_local_setup_util_sh.py'
[63.601s] INFO:colcon.colcon_core.shell:Creating prefix chain script '/home/divspanpi2/robo_ws/install/setup.sh'
[63.618s] INFO:colcon.colcon_core.shell:Creating prefix script '/home/divspanpi2/robo_ws/install/local_setup.bash'
[63.623s] INFO:colcon.colcon_core.shell:Creating prefix chain script '/home/divspanpi2/robo_ws/install/setup.bash'
[63.631s] INFO:colcon.colcon_core.shell:Creating prefix script '/home/divspanpi2/robo_ws/install/local_setup.zsh'
[63.635s] INFO:colcon.colcon_core.shell:Creating prefix chain script '/home/divspanpi2/robo_ws/install/setup.zsh'
