[7.558s] Invoking command in '/home/divspanpi2/robo_ws/src/bno055': PYTHONPATH=/home/divspanpi2/robo_ws/build/bno055/prefix_override:/usr/lib/python3/dist-packages/colcon_core/task/python/colcon_distutils_commands:/home/divspanpi2/robo_ws/install/bno055/lib/python3.10/site-packages:${PYTHONPATH} /usr/bin/python3 -W ignore:setup.py install is deprecated -W ignore:easy_install command is deprecated setup.py egg_info --egg-base ../../build/bno055 build --build-base /home/divspanpi2/robo_ws/build/bno055/build install --record /home/divspanpi2/robo_ws/build/bno055/install.log --single-version-externally-managed install_data
[9.729s] running egg_info
[9.734s] writing ../../build/bno055/bno055.egg-info/PKG-INFO
[9.738s] writing dependency_links to ../../build/bno055/bno055.egg-info/dependency_links.txt
[9.741s] writing entry points to ../../build/bno055/bno055.egg-info/entry_points.txt
[9.744s] writing requirements to ../../build/bno055/bno055.egg-info/requires.txt
[9.746s] writing top-level names to ../../build/bno055/bno055.egg-info/top_level.txt
[9.764s] reading manifest file '../../build/bno055/bno055.egg-info/SOURCES.txt'
[9.767s] adding license file 'LICENSE'
[9.769s] adding license file 'AUTHORS'
[9.774s] writing manifest file '../../build/bno055/bno055.egg-info/SOURCES.txt'
[9.777s] running build
[9.778s] running build_py
[9.790s] running install
[9.793s] running install_lib
[9.808s] running install_data
[9.811s] running install_egg_info
[9.845s] removing '/home/divspanpi2/robo_ws/install/bno055/lib/python3.10/site-packages/bno055-0.5.0-py3.10.egg-info' (and everything under it)
[9.854s] Copying ../../build/bno055/bno055.egg-info to /home/divspanpi2/robo_ws/install/bno055/lib/python3.10/site-packages/bno055-0.5.0-py3.10.egg-info
[9.871s] running install_scripts
[10.066s] Installing bno055 script to /home/divspanpi2/robo_ws/install/bno055/lib/bno055
[10.073s] writing list of installed files to '/home/divspanpi2/robo_ws/build/bno055/install.log'
[10.328s] Invoked command in '/home/divspanpi2/robo_ws/src/bno055' returned '0': PYTHONPATH=/home/divspanpi2/robo_ws/build/bno055/prefix_override:/usr/lib/python3/dist-packages/colcon_core/task/python/colcon_distutils_commands:/home/divspanpi2/robo_ws/install/bno055/lib/python3.10/site-packages:${PYTHONPATH} /usr/bin/python3 -W ignore:setup.py install is deprecated -W ignore:easy_install command is deprecated setup.py egg_info --egg-base ../../build/bno055 build --build-base /home/divspanpi2/robo_ws/build/bno055/build install --record /home/divspanpi2/robo_ws/build/bno055/install.log --single-version-externally-managed install_data
