[4.224s] Invoking command in '/home/divspanpi2/robo_ws/src/robot': PYTHONPATH=/home/divspanpi2/robo_ws/build/robot/prefix_override:/usr/lib/python3/dist-packages/colcon_core/task/python/colcon_distutils_commands:/home/divspanpi2/robo_ws/install/robot/lib/python3.10/site-packages:${PYTHONPATH} /usr/bin/python3 -W ignore:setup.py install is deprecated -W ignore:easy_install command is deprecated setup.py egg_info --egg-base ../../build/robot build --build-base /home/divspanpi2/robo_ws/build/robot/build install --record /home/divspanpi2/robo_ws/build/robot/install.log --single-version-externally-managed install_data
[6.229s] running egg_info
[6.233s] writing ../../build/robot/robot.egg-info/PKG-INFO
[6.236s] writing dependency_links to ../../build/robot/robot.egg-info/dependency_links.txt
[6.238s] writing entry points to ../../build/robot/robot.egg-info/entry_points.txt
[6.239s] writing requirements to ../../build/robot/robot.egg-info/requires.txt
[6.241s] writing top-level names to ../../build/robot/robot.egg-info/top_level.txt
[6.252s] reading manifest file '../../build/robot/robot.egg-info/SOURCES.txt'
[6.255s] adding license file 'LICENSE'
[6.259s] writing manifest file '../../build/robot/robot.egg-info/SOURCES.txt'
[6.260s] running build
[6.260s] running build_py
[6.266s] copying robot/node_serial.py -> /home/divspanpi2/robo_ws/build/robot/build/lib/robot
[6.269s] running install
[6.271s] running install_lib
[6.276s] copying /home/divspanpi2/robo_ws/build/robot/build/lib/robot/node_serial.py -> /home/divspanpi2/robo_ws/install/robot/lib/python3.10/site-packages/robot
[6.282s] byte-compiling /home/divspanpi2/robo_ws/install/robot/lib/python3.10/site-packages/robot/node_serial.py to node_serial.cpython-310.pyc
[6.289s] running install_data
[6.292s] running install_egg_info
[6.302s] removing '/home/divspanpi2/robo_ws/install/robot/lib/python3.10/site-packages/robot-0.0.0-py3.10.egg-info' (and everything under it)
[6.304s] Copying ../../build/robot/robot.egg-info to /home/divspanpi2/robo_ws/install/robot/lib/python3.10/site-packages/robot-0.0.0-py3.10.egg-info
[6.313s] running install_scripts
[6.421s] Installing node_bno script to /home/divspanpi2/robo_ws/install/robot/lib/robot
[6.423s] Installing node_serial script to /home/divspanpi2/robo_ws/install/robot/lib/robot
[6.424s] Installing save_imu script to /home/divspanpi2/robo_ws/install/robot/lib/robot
[6.426s] writing list of installed files to '/home/divspanpi2/robo_ws/build/robot/install.log'
[6.606s] Invoked command in '/home/divspanpi2/robo_ws/src/robot' returned '0': PYTHONPATH=/home/divspanpi2/robo_ws/build/robot/prefix_override:/usr/lib/python3/dist-packages/colcon_core/task/python/colcon_distutils_commands:/home/divspanpi2/robo_ws/install/robot/lib/python3.10/site-packages:${PYTHONPATH} /usr/bin/python3 -W ignore:setup.py install is deprecated -W ignore:easy_install command is deprecated setup.py egg_info --egg-base ../../build/robot build --build-base /home/divspanpi2/robo_ws/build/robot/build install --record /home/divspanpi2/robo_ws/build/robot/install.log --single-version-externally-managed install_data
