[2.796s] Invoking command in '/home/divspanpi2/robo_ws/src/robot': PYTHONPATH=/home/divspanpi2/robo_ws/build/robot/prefix_override:/usr/lib/python3/dist-packages/colcon_core/task/python/colcon_distutils_commands:/home/divspanpi2/robo_ws/install/robot/lib/python3.10/site-packages:${PYTHONPATH} /usr/bin/python3 -W ignore:setup.py install is deprecated -W ignore:easy_install command is deprecated setup.py egg_info --egg-base ../../build/robot build --build-base /home/divspanpi2/robo_ws/build/robot/build install --record /home/divspanpi2/robo_ws/build/robot/install.log --single-version-externally-managed install_data
[3.923s] running egg_info
[3.926s] writing ../../build/robot/robot.egg-info/PKG-INFO
[3.931s] writing dependency_links to ../../build/robot/robot.egg-info/dependency_links.txt
[3.932s] writing entry points to ../../build/robot/robot.egg-info/entry_points.txt
[3.933s] writing requirements to ../../build/robot/robot.egg-info/requires.txt
[3.933s] writing top-level names to ../../build/robot/robot.egg-info/top_level.txt
[3.943s] reading manifest file '../../build/robot/robot.egg-info/SOURCES.txt'
[3.949s] adding license file 'LICENSE'
[3.951s] writing manifest file '../../build/robot/robot.egg-info/SOURCES.txt'
[3.952s] running build
[3.952s] running build_py
[3.956s] copying robot/lidar.py -> /home/divspanpi2/robo_ws/build/robot/build/lib/robot
[3.958s] running install
[3.959s] running install_lib
[3.964s] copying /home/divspanpi2/robo_ws/build/robot/build/lib/robot/lidar.py -> /home/divspanpi2/robo_ws/install/robot/lib/python3.10/site-packages/robot
[3.970s] byte-compiling /home/divspanpi2/robo_ws/install/robot/lib/python3.10/site-packages/robot/save_odom.py to save_odom.cpython-310.pyc
[3.974s] byte-compiling /home/divspanpi2/robo_ws/install/robot/lib/python3.10/site-packages/robot/save_imu.py to save_imu.cpython-310.pyc
[3.978s] byte-compiling /home/divspanpi2/robo_ws/install/robot/lib/python3.10/site-packages/robot/lidar.py to lidar.cpython-310.pyc
[3.980s] byte-compiling /home/divspanpi2/robo_ws/install/robot/lib/python3.10/site-packages/robot/node_serial.py to node_serial.cpython-310.pyc
[3.987s] byte-compiling /home/divspanpi2/robo_ws/install/robot/lib/python3.10/site-packages/robot/node_bno.py to node_bno.cpython-310.pyc
[3.990s] running install_data
[3.990s] running install_egg_info
[3.998s] removing '/home/divspanpi2/robo_ws/install/robot/lib/python3.10/site-packages/robot-0.0.0-py3.10.egg-info' (and everything under it)
[4.000s] Copying ../../build/robot/robot.egg-info to /home/divspanpi2/robo_ws/install/robot/lib/python3.10/site-packages/robot-0.0.0-py3.10.egg-info
[4.007s] running install_scripts
[4.089s] Installing node_bno script to /home/divspanpi2/robo_ws/install/robot/lib/robot
[4.089s] Installing node_serial script to /home/divspanpi2/robo_ws/install/robot/lib/robot
[4.090s] Installing save_imu script to /home/divspanpi2/robo_ws/install/robot/lib/robot
[4.091s] Installing save_odom script to /home/divspanpi2/robo_ws/install/robot/lib/robot
[4.093s] writing list of installed files to '/home/divspanpi2/robo_ws/build/robot/install.log'
[4.209s] Invoked command in '/home/divspanpi2/robo_ws/src/robot' returned '0': PYTHONPATH=/home/divspanpi2/robo_ws/build/robot/prefix_override:/usr/lib/python3/dist-packages/colcon_core/task/python/colcon_distutils_commands:/home/divspanpi2/robo_ws/install/robot/lib/python3.10/site-packages:${PYTHONPATH} /usr/bin/python3 -W ignore:setup.py install is deprecated -W ignore:easy_install command is deprecated setup.py egg_info --egg-base ../../build/robot build --build-base /home/divspanpi2/robo_ws/build/robot/build install --record /home/divspanpi2/robo_ws/build/robot/install.log --single-version-externally-managed install_data
