[2.961s] Invoking command in '/home/divspanpi2/robo_ws/src/robot': PYTHONPATH=/home/divspanpi2/robo_ws/build/robot/prefix_override:/usr/lib/python3/dist-packages/colcon_core/task/python/colcon_distutils_commands:/home/divspanpi2/robo_ws/install/robot/lib/python3.10/site-packages:${PYTHONPATH} /usr/bin/python3 -W ignore:setup.py install is deprecated -W ignore:easy_install command is deprecated setup.py egg_info --egg-base ../../build/robot build --build-base /home/divspanpi2/robo_ws/build/robot/build install --record /home/divspanpi2/robo_ws/build/robot/install.log --single-version-externally-managed install_data
[4.105s] running egg_info
[4.107s] writing ../../build/robot/robot.egg-info/PKG-INFO
[4.108s] writing dependency_links to ../../build/robot/robot.egg-info/dependency_links.txt
[4.109s] writing entry points to ../../build/robot/robot.egg-info/entry_points.txt
[4.110s] writing requirements to ../../build/robot/robot.egg-info/requires.txt
[4.111s] writing top-level names to ../../build/robot/robot.egg-info/top_level.txt
[4.120s] reading manifest file '../../build/robot/robot.egg-info/SOURCES.txt'
[4.121s] adding license file 'LICENSE'
[4.124s] writing manifest file '../../build/robot/robot.egg-info/SOURCES.txt'
[4.125s] running build
[4.125s] running build_py
[4.126s] copying robot/lidar.py -> /home/divspanpi2/robo_ws/build/robot/build/lib/robot
[4.128s] running install
[4.129s] running install_lib
[4.133s] copying /home/divspanpi2/robo_ws/build/robot/build/lib/robot/lidar.py -> /home/divspanpi2/robo_ws/install/robot/lib/python3.10/site-packages/robot
[4.137s] byte-compiling /home/divspanpi2/robo_ws/install/robot/lib/python3.10/site-packages/robot/save_odom.py to save_odom.cpython-310.pyc
[4.139s] byte-compiling /home/divspanpi2/robo_ws/install/robot/lib/python3.10/site-packages/robot/save_imu.py to save_imu.cpython-310.pyc
[4.143s] byte-compiling /home/divspanpi2/robo_ws/install/robot/lib/python3.10/site-packages/robot/lidar.py to lidar.cpython-310.pyc
[4.146s] byte-compiling /home/divspanpi2/robo_ws/install/robot/lib/python3.10/site-packages/robot/node_serial.py to node_serial.cpython-310.pyc
[4.150s] byte-compiling /home/divspanpi2/robo_ws/install/robot/lib/python3.10/site-packages/robot/node_bno.py to node_bno.cpython-310.pyc
[4.153s] running install_data
[4.154s] running install_egg_info
[4.161s] removing '/home/divspanpi2/robo_ws/install/robot/lib/python3.10/site-packages/robot-0.0.0-py3.10.egg-info' (and everything under it)
[4.163s] Copying ../../build/robot/robot.egg-info to /home/divspanpi2/robo_ws/install/robot/lib/python3.10/site-packages/robot-0.0.0-py3.10.egg-info
[4.167s] running install_scripts
[4.247s] Installing lidar script to /home/divspanpi2/robo_ws/install/robot/lib/robot
[4.248s] Installing node_bno script to /home/divspanpi2/robo_ws/install/robot/lib/robot
[4.249s] Installing node_serial script to /home/divspanpi2/robo_ws/install/robot/lib/robot
[4.249s] Installing save_imu script to /home/divspanpi2/robo_ws/install/robot/lib/robot
[4.250s] Installing save_odom script to /home/divspanpi2/robo_ws/install/robot/lib/robot
[4.252s] writing list of installed files to '/home/divspanpi2/robo_ws/build/robot/install.log'
[4.370s] Invoked command in '/home/divspanpi2/robo_ws/src/robot' returned '0': PYTHONPATH=/home/divspanpi2/robo_ws/build/robot/prefix_override:/usr/lib/python3/dist-packages/colcon_core/task/python/colcon_distutils_commands:/home/divspanpi2/robo_ws/install/robot/lib/python3.10/site-packages:${PYTHONPATH} /usr/bin/python3 -W ignore:setup.py install is deprecated -W ignore:easy_install command is deprecated setup.py egg_info --egg-base ../../build/robot build --build-base /home/divspanpi2/robo_ws/build/robot/build install --record /home/divspanpi2/robo_ws/build/robot/install.log --single-version-externally-managed install_data
