[0.458s] DEBUG:colcon:Command line arguments: ['/usr/bin/colcon', 'build', '--packages-select', 'my_robot_controller']
[0.459s] DEBUG:colcon:Parsed command line arguments: Namespace(log_base=None, log_level=None, verb_name='build', build_base='build', install_base='install', merge_install=False, symlink_install=False, test_result_base=None, continue_on_error=False, executor='parallel', parallel_workers=4, event_handlers=None, ignore_user_meta=False, metas=['./colcon.meta'], base_paths=['.'], packages_ignore=None, packages_ignore_regex=None, paths=None, packages_up_to=None, packages_up_to_regex=None, packages_above=None, packages_above_and_dependencies=None, packages_above_depth=None, packages_select_by_dep=None, packages_skip_by_dep=None, packages_skip_up_to=None, packages_select_build_failed=False, packages_skip_build_finished=False, packages_select_test_failures=False, packages_skip_test_passed=False, packages_select=['my_robot_controller'], packages_skip=None, packages_select_regex=None, packages_skip_regex=None, packages_start=None, packages_end=None, allow_overriding=[], cmake_args=None, cmake_target=None, cmake_target_skip_unavailable=False, cmake_clean_cache=False, cmake_clean_first=False, cmake_force_configure=False, ament_cmake_args=None, catkin_cmake_args=None, catkin_skip_building_tests=False, verb_parser=<colcon_defaults.argument_parser.defaults.DefaultArgumentsDecorator object at 0xffffa1c612d0>, verb_extension=<colcon_core.verb.build.BuildVerb object at 0xffffa1c60e80>, main=<bound method BuildVerb.main of <colcon_core.verb.build.BuildVerb object at 0xffffa1c60e80>>)
[1.296s] Level 1:colcon.colcon_core.package_discovery:discover_packages(colcon_meta) check parameters
[1.297s] Level 1:colcon.colcon_core.package_discovery:discover_packages(recursive) check parameters
[1.297s] Level 1:colcon.colcon_core.package_discovery:discover_packages(ignore) check parameters
[1.297s] Level 1:colcon.colcon_core.package_discovery:discover_packages(path) check parameters
[1.297s] Level 1:colcon.colcon_core.package_discovery:discover_packages(colcon_meta) discover
[1.298s] Level 1:colcon.colcon_core.package_discovery:discover_packages(recursive) discover
[1.298s] INFO:colcon.colcon_core.package_discovery:Crawling recursively for packages in '/home/divspanpi2/robo_ws'
[1.298s] Level 1:colcon.colcon_core.package_identification:_identify(.) by extensions ['ignore', 'ignore_ament_install']
[1.299s] Level 1:colcon.colcon_core.package_identification:_identify(.) by extension 'ignore'
[1.299s] Level 1:colcon.colcon_core.package_identification:_identify(.) by extension 'ignore_ament_install'
[1.299s] Level 1:colcon.colcon_core.package_identification:_identify(.) by extensions ['colcon_pkg']
[1.299s] Level 1:colcon.colcon_core.package_identification:_identify(.) by extension 'colcon_pkg'
[1.299s] Level 1:colcon.colcon_core.package_identification:_identify(.) by extensions ['colcon_meta']
[1.299s] Level 1:colcon.colcon_core.package_identification:_identify(.) by extension 'colcon_meta'
[1.300s] Level 1:colcon.colcon_core.package_identification:_identify(.) by extensions ['ros']
[1.300s] Level 1:colcon.colcon_core.package_identification:_identify(.) by extension 'ros'
[1.346s] Level 1:colcon.colcon_core.package_identification:_identify(.) by extensions ['cmake', 'python']
[1.347s] Level 1:colcon.colcon_core.package_identification:_identify(.) by extension 'cmake'
[1.347s] Level 1:colcon.colcon_core.package_identification:_identify(.) by extension 'python'
[1.347s] Level 1:colcon.colcon_core.package_identification:_identify(.) by extensions ['python_setup_py']
[1.347s] Level 1:colcon.colcon_core.package_identification:_identify(.) by extension 'python_setup_py'
[1.348s] Level 1:colcon.colcon_core.package_identification:_identify(build) by extensions ['ignore', 'ignore_ament_install']
[1.348s] Level 1:colcon.colcon_core.package_identification:_identify(build) by extension 'ignore'
[1.348s] Level 1:colcon.colcon_core.package_identification:_identify(build) ignored
[1.349s] Level 1:colcon.colcon_core.package_identification:_identify(install) by extensions ['ignore', 'ignore_ament_install']
[1.349s] Level 1:colcon.colcon_core.package_identification:_identify(install) by extension 'ignore'
[1.349s] Level 1:colcon.colcon_core.package_identification:_identify(install) ignored
[1.352s] Level 1:colcon.colcon_core.package_identification:_identify(log) by extensions ['ignore', 'ignore_ament_install']
[1.352s] Level 1:colcon.colcon_core.package_identification:_identify(log) by extension 'ignore'
[1.352s] Level 1:colcon.colcon_core.package_identification:_identify(log) ignored
[1.353s] Level 1:colcon.colcon_core.package_identification:_identify(src) by extensions ['ignore', 'ignore_ament_install']
[1.353s] Level 1:colcon.colcon_core.package_identification:_identify(src) by extension 'ignore'
[1.353s] Level 1:colcon.colcon_core.package_identification:_identify(src) by extension 'ignore_ament_install'
[1.353s] Level 1:colcon.colcon_core.package_identification:_identify(src) by extensions ['colcon_pkg']
[1.353s] Level 1:colcon.colcon_core.package_identification:_identify(src) by extension 'colcon_pkg'
[1.354s] Level 1:colcon.colcon_core.package_identification:_identify(src) by extensions ['colcon_meta']
[1.354s] Level 1:colcon.colcon_core.package_identification:_identify(src) by extension 'colcon_meta'
[1.354s] Level 1:colcon.colcon_core.package_identification:_identify(src) by extensions ['ros']
[1.354s] Level 1:colcon.colcon_core.package_identification:_identify(src) by extension 'ros'
[1.354s] Level 1:colcon.colcon_core.package_identification:_identify(src) by extensions ['cmake', 'python']
[1.354s] Level 1:colcon.colcon_core.package_identification:_identify(src) by extension 'cmake'
[1.355s] Level 1:colcon.colcon_core.package_identification:_identify(src) by extension 'python'
[1.355s] Level 1:colcon.colcon_core.package_identification:_identify(src) by extensions ['python_setup_py']
[1.355s] Level 1:colcon.colcon_core.package_identification:_identify(src) by extension 'python_setup_py'
[1.355s] Level 1:colcon.colcon_core.package_identification:_identify(src/bno055) by extensions ['ignore', 'ignore_ament_install']
[1.356s] Level 1:colcon.colcon_core.package_identification:_identify(src/bno055) by extension 'ignore'
[1.356s] Level 1:colcon.colcon_core.package_identification:_identify(src/bno055) by extension 'ignore_ament_install'
[1.356s] Level 1:colcon.colcon_core.package_identification:_identify(src/bno055) by extensions ['colcon_pkg']
[1.356s] Level 1:colcon.colcon_core.package_identification:_identify(src/bno055) by extension 'colcon_pkg'
[1.356s] Level 1:colcon.colcon_core.package_identification:_identify(src/bno055) by extensions ['colcon_meta']
[1.357s] Level 1:colcon.colcon_core.package_identification:_identify(src/bno055) by extension 'colcon_meta'
[1.357s] Level 1:colcon.colcon_core.package_identification:_identify(src/bno055) by extensions ['ros']
[1.357s] Level 1:colcon.colcon_core.package_identification:_identify(src/bno055) by extension 'ros'
[1.366s] DEBUG:colcon.colcon_core.package_identification:Package 'src/bno055' with type 'ros.ament_python' and name 'bno055'
[1.366s] Level 1:colcon.colcon_core.package_identification:_identify(src/bringup_robot) by extensions ['ignore', 'ignore_ament_install']
[1.367s] Level 1:colcon.colcon_core.package_identification:_identify(src/bringup_robot) by extension 'ignore'
[1.367s] Level 1:colcon.colcon_core.package_identification:_identify(src/bringup_robot) by extension 'ignore_ament_install'
[1.367s] Level 1:colcon.colcon_core.package_identification:_identify(src/bringup_robot) by extensions ['colcon_pkg']
[1.367s] Level 1:colcon.colcon_core.package_identification:_identify(src/bringup_robot) by extension 'colcon_pkg'
[1.367s] Level 1:colcon.colcon_core.package_identification:_identify(src/bringup_robot) by extensions ['colcon_meta']
[1.368s] Level 1:colcon.colcon_core.package_identification:_identify(src/bringup_robot) by extension 'colcon_meta'
[1.368s] Level 1:colcon.colcon_core.package_identification:_identify(src/bringup_robot) by extensions ['ros']
[1.368s] Level 1:colcon.colcon_core.package_identification:_identify(src/bringup_robot) by extension 'ros'
[1.371s] DEBUG:colcon.colcon_core.package_identification:Package 'src/bringup_robot' with type 'ros.ament_cmake' and name 'bringup_robot'
[1.371s] Level 1:colcon.colcon_core.package_identification:_identify(src/joy) by extensions ['ignore', 'ignore_ament_install']
[1.372s] Level 1:colcon.colcon_core.package_identification:_identify(src/joy) by extension 'ignore'
[1.372s] Level 1:colcon.colcon_core.package_identification:_identify(src/joy) by extension 'ignore_ament_install'
[1.372s] Level 1:colcon.colcon_core.package_identification:_identify(src/joy) by extensions ['colcon_pkg']
[1.372s] Level 1:colcon.colcon_core.package_identification:_identify(src/joy) by extension 'colcon_pkg'
[1.372s] Level 1:colcon.colcon_core.package_identification:_identify(src/joy) by extensions ['colcon_meta']
[1.373s] Level 1:colcon.colcon_core.package_identification:_identify(src/joy) by extension 'colcon_meta'
[1.373s] Level 1:colcon.colcon_core.package_identification:_identify(src/joy) by extensions ['ros']
[1.373s] Level 1:colcon.colcon_core.package_identification:_identify(src/joy) by extension 'ros'
[1.376s] DEBUG:colcon.colcon_core.package_identification:Package 'src/joy' with type 'ros.ament_cmake' and name 'joy'
[1.377s] Level 1:colcon.colcon_core.package_identification:_identify(src/my_robot_controller) by extensions ['ignore', 'ignore_ament_install']
[1.377s] Level 1:colcon.colcon_core.package_identification:_identify(src/my_robot_controller) by extension 'ignore'
[1.378s] Level 1:colcon.colcon_core.package_identification:_identify(src/my_robot_controller) by extension 'ignore_ament_install'
[1.378s] Level 1:colcon.colcon_core.package_identification:_identify(src/my_robot_controller) by extensions ['colcon_pkg']
[1.378s] Level 1:colcon.colcon_core.package_identification:_identify(src/my_robot_controller) by extension 'colcon_pkg'
[1.378s] Level 1:colcon.colcon_core.package_identification:_identify(src/my_robot_controller) by extensions ['colcon_meta']
[1.378s] Level 1:colcon.colcon_core.package_identification:_identify(src/my_robot_controller) by extension 'colcon_meta'
[1.378s] Level 1:colcon.colcon_core.package_identification:_identify(src/my_robot_controller) by extensions ['ros']
[1.379s] Level 1:colcon.colcon_core.package_identification:_identify(src/my_robot_controller) by extension 'ros'
[1.382s] DEBUG:colcon.colcon_core.package_identification:Package 'src/my_robot_controller' with type 'ros.ament_python' and name 'my_robot_controller'
[1.382s] Level 1:colcon.colcon_core.package_identification:_identify(src/nexus) by extensions ['ignore', 'ignore_ament_install']
[1.383s] Level 1:colcon.colcon_core.package_identification:_identify(src/nexus) by extension 'ignore'
[1.383s] Level 1:colcon.colcon_core.package_identification:_identify(src/nexus) by extension 'ignore_ament_install'
[1.383s] Level 1:colcon.colcon_core.package_identification:_identify(src/nexus) by extensions ['colcon_pkg']
[1.383s] Level 1:colcon.colcon_core.package_identification:_identify(src/nexus) by extension 'colcon_pkg'
[1.384s] Level 1:colcon.colcon_core.package_identification:_identify(src/nexus) by extensions ['colcon_meta']
[1.384s] Level 1:colcon.colcon_core.package_identification:_identify(src/nexus) by extension 'colcon_meta'
[1.384s] Level 1:colcon.colcon_core.package_identification:_identify(src/nexus) by extensions ['ros']
[1.384s] Level 1:colcon.colcon_core.package_identification:_identify(src/nexus) by extension 'ros'
[1.387s] DEBUG:colcon.colcon_core.package_identification:Package 'src/nexus' with type 'ros.ament_cmake' and name 'nexus'
[1.387s] Level 1:colcon.colcon_core.package_identification:_identify(src/robot) by extensions ['ignore', 'ignore_ament_install']
[1.387s] Level 1:colcon.colcon_core.package_identification:_identify(src/robot) by extension 'ignore'
[1.388s] Level 1:colcon.colcon_core.package_identification:_identify(src/robot) by extension 'ignore_ament_install'
[1.388s] Level 1:colcon.colcon_core.package_identification:_identify(src/robot) by extensions ['colcon_pkg']
[1.388s] Level 1:colcon.colcon_core.package_identification:_identify(src/robot) by extension 'colcon_pkg'
[1.388s] Level 1:colcon.colcon_core.package_identification:_identify(src/robot) by extensions ['colcon_meta']
[1.388s] Level 1:colcon.colcon_core.package_identification:_identify(src/robot) by extension 'colcon_meta'
[1.389s] Level 1:colcon.colcon_core.package_identification:_identify(src/robot) by extensions ['ros']
[1.389s] Level 1:colcon.colcon_core.package_identification:_identify(src/robot) by extension 'ros'
[1.391s] DEBUG:colcon.colcon_core.package_identification:Package 'src/robot' with type 'ros.ament_python' and name 'robot'
[1.391s] Level 1:colcon.colcon_core.package_identification:_identify(src/rplidar_ros) by extensions ['ignore', 'ignore_ament_install']
[1.392s] Level 1:colcon.colcon_core.package_identification:_identify(src/rplidar_ros) by extension 'ignore'
[1.392s] Level 1:colcon.colcon_core.package_identification:_identify(src/rplidar_ros) by extension 'ignore_ament_install'
[1.392s] Level 1:colcon.colcon_core.package_identification:_identify(src/rplidar_ros) by extensions ['colcon_pkg']
[1.392s] Level 1:colcon.colcon_core.package_identification:_identify(src/rplidar_ros) by extension 'colcon_pkg'
[1.393s] Level 1:colcon.colcon_core.package_identification:_identify(src/rplidar_ros) by extensions ['colcon_meta']
[1.393s] Level 1:colcon.colcon_core.package_identification:_identify(src/rplidar_ros) by extension 'colcon_meta'
[1.393s] Level 1:colcon.colcon_core.package_identification:_identify(src/rplidar_ros) by extensions ['ros']
[1.393s] Level 1:colcon.colcon_core.package_identification:_identify(src/rplidar_ros) by extension 'ros'
[1.396s] DEBUG:colcon.colcon_core.package_identification:Package 'src/rplidar_ros' with type 'ros.ament_cmake' and name 'rplidar_ros'
[1.396s] Level 1:colcon.colcon_core.package_discovery:discover_packages(recursive) using defaults
[1.396s] Level 1:colcon.colcon_core.package_discovery:discover_packages(ignore) discover
[1.396s] Level 1:colcon.colcon_core.package_discovery:discover_packages(ignore) using defaults
[1.396s] Level 1:colcon.colcon_core.package_discovery:discover_packages(path) discover
[1.396s] Level 1:colcon.colcon_core.package_discovery:discover_packages(path) using defaults
[1.516s] INFO:colcon.colcon_core.package_selection:Skipping not selected package 'bno055' in 'src/bno055'
[1.516s] INFO:colcon.colcon_core.package_selection:Skipping not selected package 'joy' in 'src/joy'
[1.516s] INFO:colcon.colcon_core.package_selection:Skipping not selected package 'nexus' in 'src/nexus'
[1.516s] INFO:colcon.colcon_core.package_selection:Skipping not selected package 'robot' in 'src/robot'
[1.516s] INFO:colcon.colcon_core.package_selection:Skipping not selected package 'rplidar_ros' in 'src/rplidar_ros'
[1.516s] INFO:colcon.colcon_core.package_selection:Skipping not selected package 'bringup_robot' in 'src/bringup_robot'
[1.518s] Level 1:colcon.colcon_core.package_discovery:discover_packages(prefix_path) check parameters
[1.518s] Level 1:colcon.colcon_core.package_discovery:discover_packages(prefix_path) discover
[1.528s] DEBUG:colcon.colcon_installed_package_information.package_discovery:Found 6 installed packages in /home/divspanpi2/robo_ws/install
[1.538s] DEBUG:colcon.colcon_installed_package_information.package_discovery:Found 317 installed packages in /opt/ros/humble
[1.546s] Level 1:colcon.colcon_core.package_discovery:discover_packages(prefix_path) using defaults
[1.734s] Level 5:colcon.colcon_core.verb:set package 'my_robot_controller' build argument 'cmake_args' from command line to 'None'
[1.734s] Level 5:colcon.colcon_core.verb:set package 'my_robot_controller' build argument 'cmake_target' from command line to 'None'
[1.734s] Level 5:colcon.colcon_core.verb:set package 'my_robot_controller' build argument 'cmake_target_skip_unavailable' from command line to 'False'
[1.734s] Level 5:colcon.colcon_core.verb:set package 'my_robot_controller' build argument 'cmake_clean_cache' from command line to 'False'
[1.734s] Level 5:colcon.colcon_core.verb:set package 'my_robot_controller' build argument 'cmake_clean_first' from command line to 'False'
[1.734s] Level 5:colcon.colcon_core.verb:set package 'my_robot_controller' build argument 'cmake_force_configure' from command line to 'False'
[1.734s] Level 5:colcon.colcon_core.verb:set package 'my_robot_controller' build argument 'ament_cmake_args' from command line to 'None'
[1.734s] Level 5:colcon.colcon_core.verb:set package 'my_robot_controller' build argument 'catkin_cmake_args' from command line to 'None'
[1.735s] Level 5:colcon.colcon_core.verb:set package 'my_robot_controller' build argument 'catkin_skip_building_tests' from command line to 'False'
[1.735s] DEBUG:colcon.colcon_core.verb:Building package 'my_robot_controller' with the following arguments: {'ament_cmake_args': None, 'build_base': '/home/divspanpi2/robo_ws/build/my_robot_controller', 'catkin_cmake_args': None, 'catkin_skip_building_tests': False, 'cmake_args': None, 'cmake_clean_cache': False, 'cmake_clean_first': False, 'cmake_force_configure': False, 'cmake_target': None, 'cmake_target_skip_unavailable': False, 'install_base': '/home/divspanpi2/robo_ws/install/my_robot_controller', 'merge_install': False, 'path': '/home/divspanpi2/robo_ws/src/my_robot_controller', 'symlink_install': False, 'test_result_base': None}
[1.735s] INFO:colcon.colcon_core.executor:Executing jobs using 'parallel' executor
[1.738s] DEBUG:colcon.colcon_parallel_executor.executor.parallel:run_until_complete
[1.739s] INFO:colcon.colcon_ros.task.ament_python.build:Building ROS package in '/home/divspanpi2/robo_ws/src/my_robot_controller' with build type 'ament_python'
[1.740s] Level 1:colcon.colcon_core.shell:create_environment_hook('my_robot_controller', 'ament_prefix_path')
[1.750s] INFO:colcon.colcon_core.plugin_system:Skipping extension 'colcon_core.shell.bat': Not used on non-Windows systems
[1.750s] INFO:colcon.colcon_core.shell:Creating environment hook '/home/divspanpi2/robo_ws/install/my_robot_controller/share/my_robot_controller/hook/ament_prefix_path.ps1'
[1.753s] INFO:colcon.colcon_core.shell:Creating environment descriptor '/home/divspanpi2/robo_ws/install/my_robot_controller/share/my_robot_controller/hook/ament_prefix_path.dsv'
[1.755s] INFO:colcon.colcon_core.shell:Creating environment hook '/home/divspanpi2/robo_ws/install/my_robot_controller/share/my_robot_controller/hook/ament_prefix_path.sh'
[1.759s] INFO:colcon.colcon_core.shell:Skip shell extension 'powershell' for command environment: Not usable outside of PowerShell
[1.759s] DEBUG:colcon.colcon_core.shell:Skip shell extension 'dsv' for command environment
[3.019s] INFO:colcon.colcon_core.task.python.build:Building Python package in '/home/divspanpi2/robo_ws/src/my_robot_controller'
[3.020s] INFO:colcon.colcon_core.shell:Skip shell extension 'powershell' for command environment: Not usable outside of PowerShell
[3.020s] DEBUG:colcon.colcon_core.shell:Skip shell extension 'dsv' for command environment
[4.585s] DEBUG:colcon.colcon_core.event_handler.log_command:Invoking command in '/home/divspanpi2/robo_ws/src/my_robot_controller': PYTHONPATH=/home/divspanpi2/robo_ws/build/my_robot_controller/prefix_override:/usr/lib/python3/dist-packages/colcon_core/task/python/colcon_distutils_commands:/home/divspanpi2/robo_ws/install/my_robot_controller/lib/python3.10/site-packages:${PYTHONPATH} /usr/bin/python3 -W ignore:setup.py install is deprecated -W ignore:easy_install command is deprecated setup.py egg_info --egg-base ../../build/my_robot_controller build --build-base /home/divspanpi2/robo_ws/build/my_robot_controller/build install --record /home/divspanpi2/robo_ws/build/my_robot_controller/install.log --single-version-externally-managed install_data
[6.028s] DEBUG:colcon.colcon_core.event_handler.log_command:Invoked command in '/home/divspanpi2/robo_ws/src/my_robot_controller' returned '0': PYTHONPATH=/home/divspanpi2/robo_ws/build/my_robot_controller/prefix_override:/usr/lib/python3/dist-packages/colcon_core/task/python/colcon_distutils_commands:/home/divspanpi2/robo_ws/install/my_robot_controller/lib/python3.10/site-packages:${PYTHONPATH} /usr/bin/python3 -W ignore:setup.py install is deprecated -W ignore:easy_install command is deprecated setup.py egg_info --egg-base ../../build/my_robot_controller build --build-base /home/divspanpi2/robo_ws/build/my_robot_controller/build install --record /home/divspanpi2/robo_ws/build/my_robot_controller/install.log --single-version-externally-managed install_data
[6.038s] Level 1:colcon.colcon_core.environment:checking '/home/divspanpi2/robo_ws/install/my_robot_controller' for CMake module files
[6.042s] Level 1:colcon.colcon_core.environment:checking '/home/divspanpi2/robo_ws/install/my_robot_controller' for CMake config files
[6.047s] Level 1:colcon.colcon_core.environment:checking '/home/divspanpi2/robo_ws/install/my_robot_controller/lib'
[6.048s] Level 1:colcon.colcon_core.environment:checking '/home/divspanpi2/robo_ws/install/my_robot_controller/bin'
[6.048s] Level 1:colcon.colcon_core.environment:checking '/home/divspanpi2/robo_ws/install/my_robot_controller/lib/pkgconfig/my_robot_controller.pc'
[6.049s] Level 1:colcon.colcon_core.environment:checking '/home/divspanpi2/robo_ws/install/my_robot_controller/lib/python3.10/site-packages'
[6.049s] Level 1:colcon.colcon_core.shell:create_environment_hook('my_robot_controller', 'pythonpath')
[6.050s] INFO:colcon.colcon_core.shell:Creating environment hook '/home/divspanpi2/robo_ws/install/my_robot_controller/share/my_robot_controller/hook/pythonpath.ps1'
[6.052s] INFO:colcon.colcon_core.shell:Creating environment descriptor '/home/divspanpi2/robo_ws/install/my_robot_controller/share/my_robot_controller/hook/pythonpath.dsv'
[6.054s] INFO:colcon.colcon_core.shell:Creating environment hook '/home/divspanpi2/robo_ws/install/my_robot_controller/share/my_robot_controller/hook/pythonpath.sh'
[6.056s] Level 1:colcon.colcon_core.environment:checking '/home/divspanpi2/robo_ws/install/my_robot_controller/bin'
[6.057s] Level 1:colcon.colcon_core.environment:create_environment_scripts_only(my_robot_controller)
[6.058s] INFO:colcon.colcon_core.shell:Creating package script '/home/divspanpi2/robo_ws/install/my_robot_controller/share/my_robot_controller/package.ps1'
[6.062s] INFO:colcon.colcon_core.shell:Creating package descriptor '/home/divspanpi2/robo_ws/install/my_robot_controller/share/my_robot_controller/package.dsv'
[6.064s] INFO:colcon.colcon_core.shell:Creating package script '/home/divspanpi2/robo_ws/install/my_robot_controller/share/my_robot_controller/package.sh'
[6.068s] INFO:colcon.colcon_core.shell:Creating package script '/home/divspanpi2/robo_ws/install/my_robot_controller/share/my_robot_controller/package.bash'
[6.072s] INFO:colcon.colcon_core.shell:Creating package script '/home/divspanpi2/robo_ws/install/my_robot_controller/share/my_robot_controller/package.zsh'
[6.075s] Level 1:colcon.colcon_core.environment:create_file_with_runtime_dependencies(/home/divspanpi2/robo_ws/install/my_robot_controller/share/colcon-core/packages/my_robot_controller)
[6.077s] DEBUG:colcon.colcon_parallel_executor.executor.parallel:closing loop
[6.078s] DEBUG:colcon.colcon_parallel_executor.executor.parallel:loop closed
[6.079s] DEBUG:colcon.colcon_parallel_executor.executor.parallel:run_until_complete finished with '0'
[6.079s] DEBUG:colcon.colcon_core.event_reactor:joining thread
[6.100s] INFO:colcon.colcon_core.plugin_system:Skipping extension 'colcon_notification.desktop_notification.terminal_notifier': Not used on non-Darwin systems
[6.100s] INFO:colcon.colcon_core.plugin_system:Skipping extension 'colcon_notification.desktop_notification.win32': Not used on non-Windows systems
[6.101s] INFO:colcon.colcon_notification.desktop_notification:Sending desktop notification using 'notify2'
[6.144s] DEBUG:colcon.colcon_core.event_reactor:joined thread
[6.145s] INFO:colcon.colcon_core.shell:Creating prefix script '/home/divspanpi2/robo_ws/install/local_setup.ps1'
[6.149s] INFO:colcon.colcon_core.shell:Creating prefix util module '/home/divspanpi2/robo_ws/install/_local_setup_util_ps1.py'
[6.156s] INFO:colcon.colcon_core.shell:Creating prefix chain script '/home/divspanpi2/robo_ws/install/setup.ps1'
[6.163s] INFO:colcon.colcon_core.shell:Creating prefix script '/home/divspanpi2/robo_ws/install/local_setup.sh'
[6.165s] INFO:colcon.colcon_core.shell:Creating prefix util module '/home/divspanpi2/robo_ws/install/_local_setup_util_sh.py'
[6.168s] INFO:colcon.colcon_core.shell:Creating prefix chain script '/home/divspanpi2/robo_ws/install/setup.sh'
[6.174s] INFO:colcon.colcon_core.shell:Creating prefix script '/home/divspanpi2/robo_ws/install/local_setup.bash'
[6.176s] INFO:colcon.colcon_core.shell:Creating prefix chain script '/home/divspanpi2/robo_ws/install/setup.bash'
[6.182s] INFO:colcon.colcon_core.shell:Creating prefix script '/home/divspanpi2/robo_ws/install/local_setup.zsh'
[6.185s] INFO:colcon.colcon_core.shell:Creating prefix chain script '/home/divspanpi2/robo_ws/install/setup.zsh'
