running develop
/usr/lib/python3/dist-packages/setuptools/command/easy_install.py:158: EasyInstallDeprecationWarning: easy_install command is deprecated. Use build and pip and other standards-based tools.
  warnings.warn(
Removing /home/divspanpi2/robo_ws/install/robot/lib/python3.10/site-packages/robot.egg-link (link to .)
running egg_info
writing ../../build/robot/robot.egg-info/PKG-INFO
writing dependency_links to ../../build/robot/robot.egg-info/dependency_links.txt
writing entry points to ../../build/robot/robot.egg-info/entry_points.txt
writing requirements to ../../build/robot/robot.egg-info/requires.txt
writing top-level names to ../../build/robot/robot.egg-info/top_level.txt
reading manifest file '../../build/robot/robot.egg-info/SOURCES.txt'
adding license file 'LICENSE'
writing manifest file '../../build/robot/robot.egg-info/SOURCES.txt'
running build
running build_py
copying robot/node_serial.py -> /home/divspanpi2/robo_ws/build/robot/build/lib/robot
copying robot/node_keyboard.py -> /home/divspanpi2/robo_ws/build/robot/build/lib/robot
running install
running install_lib
creating /home/divspanpi2/robo_ws/install/robot/lib/python3.10/site-packages/robot
copying /home/divspanpi2/robo_ws/build/robot/build/lib/robot/node_main.py -> /home/divspanpi2/robo_ws/install/robot/lib/python3.10/site-packages/robot
copying /home/divspanpi2/robo_ws/build/robot/build/lib/robot/__init__.py -> /home/divspanpi2/robo_ws/install/robot/lib/python3.10/site-packages/robot
copying /home/divspanpi2/robo_ws/build/robot/build/lib/robot/node_serial.py -> /home/divspanpi2/robo_ws/install/robot/lib/python3.10/site-packages/robot
copying /home/divspanpi2/robo_ws/build/robot/build/lib/robot/node_keyboard.py -> /home/divspanpi2/robo_ws/install/robot/lib/python3.10/site-packages/robot
byte-compiling /home/divspanpi2/robo_ws/install/robot/lib/python3.10/site-packages/robot/node_main.py to node_main.cpython-310.pyc
byte-compiling /home/divspanpi2/robo_ws/install/robot/lib/python3.10/site-packages/robot/__init__.py to __init__.cpython-310.pyc
byte-compiling /home/divspanpi2/robo_ws/install/robot/lib/python3.10/site-packages/robot/node_serial.py to node_serial.cpython-310.pyc
byte-compiling /home/divspanpi2/robo_ws/install/robot/lib/python3.10/site-packages/robot/node_keyboard.py to node_keyboard.cpython-310.pyc
running install_data
copying resource/robot -> /home/divspanpi2/robo_ws/install/robot/share/ament_index/resource_index/packages
copying package.xml -> /home/divspanpi2/robo_ws/install/robot/share/robot
running install_egg_info
Copying ../../build/robot/robot.egg-info to /home/divspanpi2/robo_ws/install/robot/lib/python3.10/site-packages/robot-0.0.0-py3.10.egg-info
running install_scripts
Installing node_keyboard script to /home/divspanpi2/robo_ws/install/robot/lib/robot
Installing node_serial script to /home/divspanpi2/robo_ws/install/robot/lib/robot
writing list of installed files to '/home/divspanpi2/robo_ws/build/robot/install.log'
