[0.048s] Invoking command in '/home/divspanpi2/robo_ws/build/nexus': CMAKE_PREFIX_PATH=${CMAKE_PREFIX_PATH}:/home/divspanpi2/robo_ws/install/bno055:/home/divspanpi2/robo_ws/install/robot:/opt/ros/humble /usr/bin/cmake /home/divspanpi2/robo_ws/src/nexus -DCMAKE_INSTALL_PREFIX=/home/divspanpi2/robo_ws/install/nexus
[0.103s] -- Found ament_cmake: 1.3.10 (/opt/ros/humble/share/ament_cmake/cmake)
[0.685s] -- Found rclcpp: 16.0.10 (/opt/ros/humble/share/rclcpp/cmake)
[0.862s] -- Found rosidl_generator_c: 3.1.5 (/opt/ros/humble/share/rosidl_generator_c/cmake)
[0.873s] -- Found rosidl_adapter: 3.1.5 (/opt/ros/humble/share/rosidl_adapter/cmake)
[0.896s] -- Found rosidl_generator_cpp: 3.1.5 (/opt/ros/humble/share/rosidl_generator_cpp/cmake)
[0.935s] -- Using all available rosidl_typesupport_c: rosidl_typesupport_fastrtps_c;rosidl_typesupport_introspection_c
[0.984s] -- Using all available rosidl_typesupport_cpp: rosidl_typesupport_fastrtps_cpp;rosidl_typesupport_introspection_cpp
[1.111s] -- Found rmw_implementation_cmake: 6.1.2 (/opt/ros/humble/share/rmw_implementation_cmake/cmake)
[1.117s] -- Found rmw_fastrtps_cpp: 6.2.7 (/opt/ros/humble/share/rmw_fastrtps_cpp/cmake)
[2.090s] -- Using RMW implementation 'rmw_fastrtps_cpp' as default
[2.290s] -- Found sensor_msgs: 4.2.4 (/opt/ros/humble/share/sensor_msgs/cmake)
[2.741s] -- Configuring done
[2.798s] -- Generating done
[2.804s] -- Build files have been written to: /home/divspanpi2/robo_ws/build/nexus
[2.834s] Invoked command in '/home/divspanpi2/robo_ws/build/nexus' returned '0': CMAKE_PREFIX_PATH=${CMAKE_PREFIX_PATH}:/home/divspanpi2/robo_ws/install/bno055:/home/divspanpi2/robo_ws/install/robot:/opt/ros/humble /usr/bin/cmake /home/divspanpi2/robo_ws/src/nexus -DCMAKE_INSTALL_PREFIX=/home/divspanpi2/robo_ws/install/nexus
[2.844s] Invoking command in '/home/divspanpi2/robo_ws/build/nexus': CMAKE_PREFIX_PATH=${CMAKE_PREFIX_PATH}:/home/divspanpi2/robo_ws/install/bno055:/home/divspanpi2/robo_ws/install/robot:/opt/ros/humble /usr/bin/cmake --build /home/divspanpi2/robo_ws/build/nexus -- -j4 -l4
[2.948s] -- Found ament_cmake: 1.3.10 (/opt/ros/humble/share/ament_cmake/cmake)
[3.567s] -- Found rclcpp: 16.0.10 (/opt/ros/humble/share/rclcpp/cmake)
[3.751s] -- Found rosidl_generator_c: 3.1.5 (/opt/ros/humble/share/rosidl_generator_c/cmake)
[3.762s] -- Found rosidl_adapter: 3.1.5 (/opt/ros/humble/share/rosidl_adapter/cmake)
[3.787s] -- Found rosidl_generator_cpp: 3.1.5 (/opt/ros/humble/share/rosidl_generator_cpp/cmake)
[3.828s] -- Using all available rosidl_typesupport_c: rosidl_typesupport_fastrtps_c;rosidl_typesupport_introspection_c
[3.880s] -- Using all available rosidl_typesupport_cpp: rosidl_typesupport_fastrtps_cpp;rosidl_typesupport_introspection_cpp
[4.014s] -- Found rmw_implementation_cmake: 6.1.2 (/opt/ros/humble/share/rmw_implementation_cmake/cmake)
[4.021s] -- Found rmw_fastrtps_cpp: 6.2.7 (/opt/ros/humble/share/rmw_fastrtps_cpp/cmake)
[5.003s] -- Using RMW implementation 'rmw_fastrtps_cpp' as default
[5.199s] -- Found sensor_msgs: 4.2.4 (/opt/ros/humble/share/sensor_msgs/cmake)
[5.667s] -- Configuring done
[5.726s] -- Generating done
[5.735s] -- Build files have been written to: /home/divspanpi2/robo_ws/build/nexus
[5.855s] gmake[2]: Warning: File '/home/divspanpi2/robo_ws/src/nexus/src/main.cpp' has modification time 25110 s in the future
[5.889s] [ 50%] [32mBuilding CXX object CMakeFiles/main_node.dir/src/main.cpp.o[0m
[39.787s] [100%] [32m[1mLinking CXX executable main_node[0m
[41.729s] gmake[2]: warning:  Clock skew detected.  Your build may be incomplete.
[41.767s] [100%] Built target main_node
[41.807s] Invoked command in '/home/divspanpi2/robo_ws/build/nexus' returned '0': CMAKE_PREFIX_PATH=${CMAKE_PREFIX_PATH}:/home/divspanpi2/robo_ws/install/bno055:/home/divspanpi2/robo_ws/install/robot:/opt/ros/humble /usr/bin/cmake --build /home/divspanpi2/robo_ws/build/nexus -- -j4 -l4
[41.979s] Invoking command in '/home/divspanpi2/robo_ws/build/nexus': CMAKE_PREFIX_PATH=${CMAKE_PREFIX_PATH}:/home/divspanpi2/robo_ws/install/bno055:/home/divspanpi2/robo_ws/install/robot:/opt/ros/humble /usr/bin/cmake --install /home/divspanpi2/robo_ws/build/nexus
[42.009s] -- Install configuration: ""
[42.010s] -- Installing: /home/divspanpi2/robo_ws/install/nexus/lib/nexus/main_node
[42.038s] -- Set runtime path of "/home/divspanpi2/robo_ws/install/nexus/lib/nexus/main_node" to ""
[42.038s] -- Installing: /home/divspanpi2/robo_ws/install/nexus/share/ament_index/resource_index/package_run_dependencies/nexus
[42.040s] -- Installing: /home/divspanpi2/robo_ws/install/nexus/share/ament_index/resource_index/parent_prefix_path/nexus
[42.042s] -- Installing: /home/divspanpi2/robo_ws/install/nexus/share/nexus/environment/ament_prefix_path.sh
[42.043s] -- Installing: /home/divspanpi2/robo_ws/install/nexus/share/nexus/environment/ament_prefix_path.dsv
[42.044s] -- Installing: /home/divspanpi2/robo_ws/install/nexus/share/nexus/environment/path.sh
[42.045s] -- Installing: /home/divspanpi2/robo_ws/install/nexus/share/nexus/environment/path.dsv
[42.046s] -- Installing: /home/divspanpi2/robo_ws/install/nexus/share/nexus/local_setup.bash
[42.047s] -- Installing: /home/divspanpi2/robo_ws/install/nexus/share/nexus/local_setup.sh
[42.048s] -- Installing: /home/divspanpi2/robo_ws/install/nexus/share/nexus/local_setup.zsh
[42.049s] -- Installing: /home/divspanpi2/robo_ws/install/nexus/share/nexus/local_setup.dsv
[42.050s] -- Installing: /home/divspanpi2/robo_ws/install/nexus/share/nexus/package.dsv
[42.051s] -- Installing: /home/divspanpi2/robo_ws/install/nexus/share/ament_index/resource_index/packages/nexus
[42.052s] -- Installing: /home/divspanpi2/robo_ws/install/nexus/share/nexus/cmake/nexusConfig.cmake
[42.053s] -- Installing: /home/divspanpi2/robo_ws/install/nexus/share/nexus/cmake/nexusConfig-version.cmake
[42.054s] -- Installing: /home/divspanpi2/robo_ws/install/nexus/share/nexus/package.xml
[42.061s] Invoked command in '/home/divspanpi2/robo_ws/build/nexus' returned '0': CMAKE_PREFIX_PATH=${CMAKE_PREFIX_PATH}:/home/divspanpi2/robo_ws/install/bno055:/home/divspanpi2/robo_ws/install/robot:/opt/ros/humble /usr/bin/cmake --install /home/divspanpi2/robo_ws/build/nexus
