[2.717s] Invoking command in '/home/divspanpi2/robo_ws/src/robot': PYTHONPATH=/home/divspanpi2/robo_ws/build/robot/prefix_override:/usr/lib/python3/dist-packages/colcon_core/task/python/colcon_distutils_commands:/home/divspanpi2/robo_ws/install/robot/lib/python3.10/site-packages:${PYTHONPATH} /usr/bin/python3 -W ignore:setup.py install is deprecated setup.py egg_info --egg-base ../../build/robot build --build-base /home/divspanpi2/robo_ws/build/robot/build install --record /home/divspanpi2/robo_ws/build/robot/install.log --single-version-externally-managed install_data
[3.819s] running egg_info
[3.822s] writing ../../build/robot/robot.egg-info/PKG-INFO
[3.823s] writing dependency_links to ../../build/robot/robot.egg-info/dependency_links.txt
[3.824s] writing entry points to ../../build/robot/robot.egg-info/entry_points.txt
[3.824s] writing requirements to ../../build/robot/robot.egg-info/requires.txt
[3.825s] writing top-level names to ../../build/robot/robot.egg-info/top_level.txt
[3.832s] reading manifest file '../../build/robot/robot.egg-info/SOURCES.txt'
[3.834s] adding license file 'LICENSE'
[3.837s] writing manifest file '../../build/robot/robot.egg-info/SOURCES.txt'
[3.837s] running build
[3.838s] running build_py
[3.839s] copying robot/node_serial.py -> /home/divspanpi2/robo_ws/build/robot/build/lib/robot
[3.840s] running install
[3.842s] running install_lib
[3.846s] copying /home/divspanpi2/robo_ws/build/robot/build/lib/robot/node_serial.py -> /home/divspanpi2/robo_ws/install/robot/lib/python3.10/site-packages/robot
[3.848s] byte-compiling /home/divspanpi2/robo_ws/install/robot/lib/python3.10/site-packages/robot/save_imu.py to save_imu.cpython-310.pyc
[3.852s] byte-compiling /home/divspanpi2/robo_ws/install/robot/lib/python3.10/site-packages/robot/node_serial.py to node_serial.cpython-310.pyc
[3.857s] byte-compiling /home/divspanpi2/robo_ws/install/robot/lib/python3.10/site-packages/robot/node_bno.py to node_bno.cpython-310.pyc
[3.859s] running install_data
[3.860s] running install_egg_info
[3.867s] removing '/home/divspanpi2/robo_ws/install/robot/lib/python3.10/site-packages/robot-0.0.0-py3.10.egg-info' (and everything under it)
[3.869s] Copying ../../build/robot/robot.egg-info to /home/divspanpi2/robo_ws/install/robot/lib/python3.10/site-packages/robot-0.0.0-py3.10.egg-info
[3.874s] running install_scripts
[3.954s] Installing node_bno script to /home/divspanpi2/robo_ws/install/robot/lib/robot
[3.955s] Installing node_serial script to /home/divspanpi2/robo_ws/install/robot/lib/robot
[3.956s] Installing save_imu script to /home/divspanpi2/robo_ws/install/robot/lib/robot
[3.957s] writing list of installed files to '/home/divspanpi2/robo_ws/build/robot/install.log'
[4.075s] Invoked command in '/home/divspanpi2/robo_ws/src/robot' returned '0': PYTHONPATH=/home/divspanpi2/robo_ws/build/robot/prefix_override:/usr/lib/python3/dist-packages/colcon_core/task/python/colcon_distutils_commands:/home/divspanpi2/robo_ws/install/robot/lib/python3.10/site-packages:${PYTHONPATH} /usr/bin/python3 -W ignore:setup.py install is deprecated setup.py egg_info --egg-base ../../build/robot build --build-base /home/divspanpi2/robo_ws/build/robot/build install --record /home/divspanpi2/robo_ws/build/robot/install.log --single-version-externally-managed install_data
