[2.766s] Invoking command in '/home/divspanpi2/robo_ws/src/robot': PYTHONPATH=/home/divspanpi2/robo_ws/build/robot/prefix_override:/usr/lib/python3/dist-packages/colcon_core/task/python/colcon_distutils_commands:/home/divspanpi2/robo_ws/install/robot/lib/python3.10/site-packages:${PYTHONPATH} /usr/bin/python3 -W ignore:setup.py install is deprecated setup.py egg_info --egg-base ../../build/robot build --build-base /home/divspanpi2/robo_ws/build/robot/build install --record /home/divspanpi2/robo_ws/build/robot/install.log --single-version-externally-managed install_data
[3.844s] running egg_info
[3.847s] writing ../../build/robot/robot.egg-info/PKG-INFO
[3.848s] writing dependency_links to ../../build/robot/robot.egg-info/dependency_links.txt
[3.848s] writing entry points to ../../build/robot/robot.egg-info/entry_points.txt
[3.849s] writing requirements to ../../build/robot/robot.egg-info/requires.txt
[3.849s] writing top-level names to ../../build/robot/robot.egg-info/top_level.txt
[3.857s] reading manifest file '../../build/robot/robot.egg-info/SOURCES.txt'
[3.858s] adding license file 'LICENSE'
[3.861s] writing manifest file '../../build/robot/robot.egg-info/SOURCES.txt'
[3.862s] running build
[3.862s] running build_py
[3.863s] copying robot/node_serial.py -> /home/divspanpi2/robo_ws/build/robot/build/lib/robot
[3.865s] running install
[3.866s] running install_lib
[3.869s] copying /home/divspanpi2/robo_ws/build/robot/build/lib/robot/node_serial.py -> /home/divspanpi2/robo_ws/install/robot/lib/python3.10/site-packages/robot
[3.873s] byte-compiling /home/divspanpi2/robo_ws/install/robot/lib/python3.10/site-packages/robot/node_serial.py to node_serial.cpython-310.pyc
[3.877s] running install_data
[3.878s] running install_egg_info
[3.885s] removing '/home/divspanpi2/robo_ws/install/robot/lib/python3.10/site-packages/robot-0.0.0-py3.10.egg-info' (and everything under it)
[3.886s] Copying ../../build/robot/robot.egg-info to /home/divspanpi2/robo_ws/install/robot/lib/python3.10/site-packages/robot-0.0.0-py3.10.egg-info
[3.891s] running install_scripts
[3.970s] Installing node_bno script to /home/divspanpi2/robo_ws/install/robot/lib/robot
[3.971s] Installing node_serial script to /home/divspanpi2/robo_ws/install/robot/lib/robot
[3.973s] writing list of installed files to '/home/divspanpi2/robo_ws/build/robot/install.log'
[4.094s] Invoked command in '/home/divspanpi2/robo_ws/src/robot' returned '0': PYTHONPATH=/home/divspanpi2/robo_ws/build/robot/prefix_override:/usr/lib/python3/dist-packages/colcon_core/task/python/colcon_distutils_commands:/home/divspanpi2/robo_ws/install/robot/lib/python3.10/site-packages:${PYTHONPATH} /usr/bin/python3 -W ignore:setup.py install is deprecated setup.py egg_info --egg-base ../../build/robot build --build-base /home/divspanpi2/robo_ws/build/robot/build install --record /home/divspanpi2/robo_ws/build/robot/install.log --single-version-externally-managed install_data
