[2.845s] Invoking command in '/home/divspanpi2/robo_ws/src/robot': PYTHONPATH=/home/divspanpi2/robo_ws/build/robot/prefix_override:/usr/lib/python3/dist-packages/colcon_core/task/python/colcon_distutils_commands:/home/divspanpi2/robo_ws/install/robot/lib/python3.10/site-packages:${PYTHONPATH} /usr/bin/python3 -W ignore:setup.py install is deprecated setup.py egg_info --egg-base ../../build/robot build --build-base /home/divspanpi2/robo_ws/build/robot/build install --record /home/divspanpi2/robo_ws/build/robot/install.log --single-version-externally-managed install_data
[3.978s] running egg_info
[3.980s] writing ../../build/robot/robot.egg-info/PKG-INFO
[3.981s] writing dependency_links to ../../build/robot/robot.egg-info/dependency_links.txt
[3.982s] writing entry points to ../../build/robot/robot.egg-info/entry_points.txt
[3.983s] writing requirements to ../../build/robot/robot.egg-info/requires.txt
[3.983s] writing top-level names to ../../build/robot/robot.egg-info/top_level.txt
[3.992s] reading manifest file '../../build/robot/robot.egg-info/SOURCES.txt'
[3.993s] adding license file 'LICENSE'
[3.995s] writing manifest file '../../build/robot/robot.egg-info/SOURCES.txt'
[3.996s] running build
[3.996s] running build_py
[3.997s] copying robot/node_serial.py -> /home/divspanpi2/robo_ws/build/robot/build/lib/robot
[3.998s] running install
[4.000s] running install_lib
[4.005s] copying /home/divspanpi2/robo_ws/build/robot/build/lib/robot/node_serial.py -> /home/divspanpi2/robo_ws/install/robot/lib/python3.10/site-packages/robot
[4.007s] byte-compiling /home/divspanpi2/robo_ws/install/robot/lib/python3.10/site-packages/robot/node_serial.py to node_serial.cpython-310.pyc
[4.009s] running install_data
[4.010s] running install_egg_info
[4.017s] removing '/home/divspanpi2/robo_ws/install/robot/lib/python3.10/site-packages/robot-0.0.0-py3.10.egg-info' (and everything under it)
[4.019s] Copying ../../build/robot/robot.egg-info to /home/divspanpi2/robo_ws/install/robot/lib/python3.10/site-packages/robot-0.0.0-py3.10.egg-info
[4.024s] running install_scripts
[4.109s] Installing node_serial script to /home/divspanpi2/robo_ws/install/robot/lib/robot
[4.111s] writing list of installed files to '/home/divspanpi2/robo_ws/build/robot/install.log'
[4.232s] Invoked command in '/home/divspanpi2/robo_ws/src/robot' returned '0': PYTHONPATH=/home/divspanpi2/robo_ws/build/robot/prefix_override:/usr/lib/python3/dist-packages/colcon_core/task/python/colcon_distutils_commands:/home/divspanpi2/robo_ws/install/robot/lib/python3.10/site-packages:${PYTHONPATH} /usr/bin/python3 -W ignore:setup.py install is deprecated setup.py egg_info --egg-base ../../build/robot build --build-base /home/divspanpi2/robo_ws/build/robot/build install --record /home/divspanpi2/robo_ws/build/robot/install.log --single-version-externally-managed install_data
