[3.334s] Invoking command in '/home/divspanpi2/robo_ws/build/robot': PYTHONPATH=/home/divspanpi2/robo_ws/build/robot/prefix_override:/usr/lib/python3/dist-packages/colcon_core/task/python/colcon_distutils_commands:/home/divspanpi2/robo_ws/install/robot/lib/python3.10/site-packages:${PYTHONPATH} /usr/bin/python3 -W ignore:setup.py install is deprecated setup.py develop --editable --build-directory /home/divspanpi2/robo_ws/build/robot/build --no-deps symlink_data --force
[4.742s] running develop
[4.746s] /usr/lib/python3/dist-packages/setuptools/command/easy_install.py:158: EasyInstallDeprecationWarning: easy_install command is deprecated. Use build and pip and other standards-based tools.
[4.747s]   warnings.warn(
[5.665s] running egg_info
[5.666s] writing robot.egg-info/PKG-INFO
[5.668s] writing dependency_links to robot.egg-info/dependency_links.txt
[5.668s] writing entry points to robot.egg-info/entry_points.txt
[5.669s] writing requirements to robot.egg-info/requires.txt
[5.670s] writing top-level names to robot.egg-info/top_level.txt
[5.678s] reading manifest file 'robot.egg-info/SOURCES.txt'
[5.685s] writing manifest file 'robot.egg-info/SOURCES.txt'
[5.691s] running build_ext
[5.692s] Creating /home/divspanpi2/robo_ws/install/robot/lib/python3.10/site-packages/robot.egg-link (link to .)
[5.696s] Installing node_keyboard script to /home/divspanpi2/robo_ws/install/robot/lib/robot
[5.697s] Installing node_serial script to /home/divspanpi2/robo_ws/install/robot/lib/robot
[5.698s] 
[5.699s] Installed /home/divspanpi2/robo_ws/build/robot
[5.700s] running symlink_data
[5.700s] symbolically linking /home/divspanpi2/robo_ws/build/robot/resource/robot -> /home/divspanpi2/robo_ws/install/robot/share/ament_index/resource_index/packages
[5.701s] symbolically linking /home/divspanpi2/robo_ws/build/robot/package.xml -> /home/divspanpi2/robo_ws/install/robot/share/robot
[5.847s] Invoked command in '/home/divspanpi2/robo_ws/build/robot' returned '0': PYTHONPATH=/home/divspanpi2/robo_ws/build/robot/prefix_override:/usr/lib/python3/dist-packages/colcon_core/task/python/colcon_distutils_commands:/home/divspanpi2/robo_ws/install/robot/lib/python3.10/site-packages:${PYTHONPATH} /usr/bin/python3 -W ignore:setup.py install is deprecated setup.py develop --editable --build-directory /home/divspanpi2/robo_ws/build/robot/build --no-deps symlink_data --force
