[2.705s] Invoking command in '/home/divspanpi2/robo_ws/src/bno055': PYTHONPATH=/home/divspanpi2/robo_ws/build/bno055/prefix_override:/usr/lib/python3/dist-packages/colcon_core/task/python/colcon_distutils_commands:/home/divspanpi2/robo_ws/install/bno055/lib/python3.10/site-packages:${PYTHONPATH} /usr/bin/python3 -W ignore:setup.py install is deprecated -W ignore:easy_install command is deprecated setup.py egg_info --egg-base ../../build/bno055 build --build-base /home/divspanpi2/robo_ws/build/bno055/build install --record /home/divspanpi2/robo_ws/build/bno055/install.log --single-version-externally-managed install_data
[3.802s] running egg_info
[3.805s] writing ../../build/bno055/bno055.egg-info/PKG-INFO
[3.815s] writing dependency_links to ../../build/bno055/bno055.egg-info/dependency_links.txt
[3.816s] writing entry points to ../../build/bno055/bno055.egg-info/entry_points.txt
[3.817s] writing requirements to ../../build/bno055/bno055.egg-info/requires.txt
[3.818s] writing top-level names to ../../build/bno055/bno055.egg-info/top_level.txt
[3.831s] reading manifest file '../../build/bno055/bno055.egg-info/SOURCES.txt'
[3.833s] adding license file 'LICENSE'
[3.834s] adding license file 'AUTHORS'
[3.836s] writing manifest file '../../build/bno055/bno055.egg-info/SOURCES.txt'
[3.837s] running build
[3.837s] running build_py
[3.842s] copying bno055/sensor/SensorService.py -> /home/divspanpi2/robo_ws/build/bno055/build/lib/bno055/sensor
[3.845s] running install
[3.846s] running install_lib
[3.853s] copying /home/divspanpi2/robo_ws/build/bno055/build/lib/bno055/sensor/SensorService.py -> /home/divspanpi2/robo_ws/install/bno055/lib/python3.10/site-packages/bno055/sensor
[3.856s] byte-compiling /home/divspanpi2/robo_ws/install/bno055/lib/python3.10/site-packages/bno055/bno055.py to bno055.cpython-310.pyc
[3.861s] byte-compiling /home/divspanpi2/robo_ws/install/bno055/lib/python3.10/site-packages/bno055/sensor/SensorService.py to SensorService.cpython-310.pyc
[3.872s] running install_data
[3.874s] running install_egg_info
[3.881s] removing '/home/divspanpi2/robo_ws/install/bno055/lib/python3.10/site-packages/bno055-0.5.0-py3.10.egg-info' (and everything under it)
[3.882s] Copying ../../build/bno055/bno055.egg-info to /home/divspanpi2/robo_ws/install/bno055/lib/python3.10/site-packages/bno055-0.5.0-py3.10.egg-info
[3.887s] running install_scripts
[3.966s] Installing bno055 script to /home/divspanpi2/robo_ws/install/bno055/lib/bno055
[3.969s] writing list of installed files to '/home/divspanpi2/robo_ws/build/bno055/install.log'
[4.086s] Invoked command in '/home/divspanpi2/robo_ws/src/bno055' returned '0': PYTHONPATH=/home/divspanpi2/robo_ws/build/bno055/prefix_override:/usr/lib/python3/dist-packages/colcon_core/task/python/colcon_distutils_commands:/home/divspanpi2/robo_ws/install/bno055/lib/python3.10/site-packages:${PYTHONPATH} /usr/bin/python3 -W ignore:setup.py install is deprecated -W ignore:easy_install command is deprecated setup.py egg_info --egg-base ../../build/bno055 build --build-base /home/divspanpi2/robo_ws/build/bno055/build install --record /home/divspanpi2/robo_ws/build/bno055/install.log --single-version-externally-managed install_data
