[1.264s] Invoking command in '/home/divspanpi2/robo_ws/build/joy': CMAKE_PREFIX_PATH=${CMAKE_PREFIX_PATH}:/home/divspanpi2/robo_ws/install/robot:/home/divspanpi2/robo_ws/install/bno055:/opt/ros/humble /usr/bin/cmake --build /home/divspanpi2/robo_ws/build/joy -- -j4 -l4
[1.620s] [ 20%] Built target joy
[1.625s] [ 40%] Built target joy_node
[1.656s] [ 60%] Built target game_controller
[1.672s] [ 80%] Built target game_controller_node
[1.758s] [100%] Built target joy_enumerate_devices
[2.828s] Invoked command in '/home/divspanpi2/robo_ws/build/joy' returned '0': CMAKE_PREFIX_PATH=${CMAKE_PREFIX_PATH}:/home/divspanpi2/robo_ws/install/robot:/home/divspanpi2/robo_ws/install/bno055:/opt/ros/humble /usr/bin/cmake --build /home/divspanpi2/robo_ws/build/joy -- -j4 -l4
[3.757s] Invoking command in '/home/divspanpi2/robo_ws/build/joy': CMAKE_PREFIX_PATH=${CMAKE_PREFIX_PATH}:/home/divspanpi2/robo_ws/install/robot:/home/divspanpi2/robo_ws/install/bno055:/opt/ros/humble /usr/bin/cmake --install /home/divspanpi2/robo_ws/build/joy
[3.799s] -- Install configuration: ""
[3.803s] -- Up-to-date: /home/divspanpi2/robo_ws/install/joy/lib/libjoy.so
[3.808s] -- Up-to-date: /home/divspanpi2/robo_ws/install/joy/lib/joy/joy_node
[3.811s] -- Up-to-date: /home/divspanpi2/robo_ws/install/joy/lib/libgame_controller.so
[3.815s] -- Up-to-date: /home/divspanpi2/robo_ws/install/joy/lib/joy/game_controller_node
[3.819s] -- Up-to-date: /home/divspanpi2/robo_ws/install/joy/lib/joy/joy_enumerate_devices
[3.820s] -- Up-to-date: /home/divspanpi2/robo_ws/install/joy/include/joy
[3.822s] -- Up-to-date: /home/divspanpi2/robo_ws/install/joy/include/joy/joy
[3.824s] -- Up-to-date: /home/divspanpi2/robo_ws/install/joy/include/joy/joy/game_controller.hpp
[3.825s] -- Up-to-date: /home/divspanpi2/robo_ws/install/joy/include/joy/joy/joy.hpp
[3.827s] -- Up-to-date: /home/divspanpi2/robo_ws/install/joy/share/joy/config
[3.828s] -- Up-to-date: /home/divspanpi2/robo_ws/install/joy/share/joy/config/joy-params.yaml
[3.829s] -- Up-to-date: /home/divspanpi2/robo_ws/install/joy/share/joy/launch
[3.831s] -- Up-to-date: /home/divspanpi2/robo_ws/install/joy/share/joy/launch/joy-composed-launch.py
[3.832s] -- Up-to-date: /home/divspanpi2/robo_ws/install/joy/share/joy/launch/joy-launch.py
[3.834s] -- Up-to-date: /home/divspanpi2/robo_ws/install/joy/share/ament_index/resource_index/package_run_dependencies/joy
[3.836s] -- Up-to-date: /home/divspanpi2/robo_ws/install/joy/share/ament_index/resource_index/parent_prefix_path/joy
[3.837s] -- Up-to-date: /home/divspanpi2/robo_ws/install/joy/share/joy/environment/ament_prefix_path.sh
[3.839s] -- Up-to-date: /home/divspanpi2/robo_ws/install/joy/share/joy/environment/ament_prefix_path.dsv
[3.840s] -- Up-to-date: /home/divspanpi2/robo_ws/install/joy/share/joy/environment/path.sh
[3.842s] -- Up-to-date: /home/divspanpi2/robo_ws/install/joy/share/joy/environment/path.dsv
[3.844s] -- Up-to-date: /home/divspanpi2/robo_ws/install/joy/share/joy/local_setup.bash
[3.846s] -- Up-to-date: /home/divspanpi2/robo_ws/install/joy/share/joy/local_setup.sh
[3.848s] -- Up-to-date: /home/divspanpi2/robo_ws/install/joy/share/joy/local_setup.zsh
[3.849s] -- Up-to-date: /home/divspanpi2/robo_ws/install/joy/share/joy/local_setup.dsv
[3.853s] -- Installing: /home/divspanpi2/robo_ws/install/joy/share/joy/package.dsv
[3.854s] -- Up-to-date: /home/divspanpi2/robo_ws/install/joy/share/ament_index/resource_index/packages/joy
[3.855s] -- Up-to-date: /home/divspanpi2/robo_ws/install/joy/share/ament_index/resource_index/rclcpp_components/joy
[3.857s] -- Up-to-date: /home/divspanpi2/robo_ws/install/joy/share/joy/cmake/export_joyExport.cmake
[3.859s] -- Up-to-date: /home/divspanpi2/robo_ws/install/joy/share/joy/cmake/export_joyExport-noconfig.cmake
[3.862s] -- Up-to-date: /home/divspanpi2/robo_ws/install/joy/share/joy/cmake/export_game_controllerExport.cmake
[3.864s] -- Up-to-date: /home/divspanpi2/robo_ws/install/joy/share/joy/cmake/export_game_controllerExport-noconfig.cmake
[3.865s] -- Up-to-date: /home/divspanpi2/robo_ws/install/joy/share/joy/cmake/ament_cmake_export_targets-extras.cmake
[3.867s] -- Up-to-date: /home/divspanpi2/robo_ws/install/joy/share/joy/cmake/ament_cmake_export_dependencies-extras.cmake
[3.869s] -- Up-to-date: /home/divspanpi2/robo_ws/install/joy/share/joy/cmake/joyConfig.cmake
[3.870s] -- Up-to-date: /home/divspanpi2/robo_ws/install/joy/share/joy/cmake/joyConfig-version.cmake
[3.872s] -- Up-to-date: /home/divspanpi2/robo_ws/install/joy/share/joy/package.xml
[3.891s] Invoked command in '/home/divspanpi2/robo_ws/build/joy' returned '0': CMAKE_PREFIX_PATH=${CMAKE_PREFIX_PATH}:/home/divspanpi2/robo_ws/install/robot:/home/divspanpi2/robo_ws/install/bno055:/opt/ros/humble /usr/bin/cmake --install /home/divspanpi2/robo_ws/build/joy
