[0.052s] Invoking command in '/home/divspanpi2/robo_ws/build/nexus': CMAKE_PREFIX_PATH=${CMAKE_PREFIX_PATH}:/home/divspanpi2/robo_ws/install/robot:/home/divspanpi2/robo_ws/install/bno055:/opt/ros/humble /usr/bin/cmake --build /home/divspanpi2/robo_ws/build/nexus -- -j4 -l4
[0.172s] -- Found ament_cmake: 1.3.11 (/opt/ros/humble/share/ament_cmake/cmake)
[0.714s] -- Override CMake install command with custom implementation using symlinks instead of copying resources
[0.747s] -- Found rclcpp: 16.0.11 (/opt/ros/humble/share/rclcpp/cmake)
[0.923s] -- Found rosidl_generator_c: 3.1.6 (/opt/ros/humble/share/rosidl_generator_c/cmake)
[0.934s] -- Found rosidl_adapter: 3.1.6 (/opt/ros/humble/share/rosidl_adapter/cmake)
[0.957s] -- Found rosidl_generator_cpp: 3.1.6 (/opt/ros/humble/share/rosidl_generator_cpp/cmake)
[0.996s] -- Using all available rosidl_typesupport_c: rosidl_typesupport_fastrtps_c;rosidl_typesupport_introspection_c
[1.046s] -- Using all available rosidl_typesupport_cpp: rosidl_typesupport_fastrtps_cpp;rosidl_typesupport_introspection_cpp
[1.173s] -- Found rmw_implementation_cmake: 6.1.2 (/opt/ros/humble/share/rmw_implementation_cmake/cmake)
[1.179s] -- Found rmw_fastrtps_cpp: 6.2.7 (/opt/ros/humble/share/rmw_fastrtps_cpp/cmake)
[2.144s] -- Using RMW implementation 'rmw_fastrtps_cpp' as default
[2.328s] -- Found sensor_msgs: 4.2.4 (/opt/ros/humble/share/sensor_msgs/cmake)
[2.468s] -- Found nav_msgs: 4.2.4 (/opt/ros/humble/share/nav_msgs/cmake)
[2.555s] -- Found laser_geometry: 2.4.0 (/opt/ros/humble/share/laser_geometry/cmake)
[2.590s] -- Found pcl_conversions: 2.4.5 (/opt/ros/humble/share/pcl_conversions/cmake)
[2.721s] -- Eigen found (include: /usr/include/eigen3, version: 3.4.0)
[2.974s] -- FLANN found (include: /usr/include, lib: /usr/lib/aarch64-linux-gnu/libflann_cpp.so)
[4.178s] -- OpenNI found (version: 1.5.4.0, include: /usr/include/ni, lib: /usr/lib/libOpenNI.so;libusb::libusb)
[4.202s] -- OpenNI2 found (version: 2.2.0.33, include: /usr/include/openni2, lib: /usr/lib/aarch64-linux-gnu/libOpenNI2.so;libusb::libusb)
[4.818s] -- Eigen found (include: /usr/include/eigen3, version: 3.4.0)
[4.843s] -- OpenNI found (version: 1.5.4.0, include: /usr/include/ni, lib: /usr/lib/libOpenNI.so;libusb::libusb)
[4.869s] -- OpenNI2 found (version: 2.2.0.33, include: /usr/include/openni2, lib: /usr/lib/aarch64-linux-gnu/libOpenNI2.so;libusb::libusb)
[5.447s] -- Found Qhull version 8.0.2
[6.055s] -- OpenNI found (version: 1.5.4.0, include: /usr/include/ni, lib: /usr/lib/libOpenNI.so;libusb::libusb)
[7.044s] -- Configuring done
[7.261s] -- Generating done
[7.324s] -- Build files have been written to: /home/divspanpi2/robo_ws/build/nexus
[7.468s] [35m[1mConsolidate compiler generated dependencies of target main_node[0m
[7.473s] [35m[1mConsolidate compiler generated dependencies of target icp_node[0m
[7.557s] [ 25%] [32mBuilding CXX object CMakeFiles/main_node.dir/src/main.cpp.o[0m
[7.640s] [ 75%] Built target icp_node
[61.591s] [100%] [32m[1mLinking CXX executable main_node[0m
[64.928s] [100%] Built target main_node
[64.967s] Invoked command in '/home/divspanpi2/robo_ws/build/nexus' returned '0': CMAKE_PREFIX_PATH=${CMAKE_PREFIX_PATH}:/home/divspanpi2/robo_ws/install/robot:/home/divspanpi2/robo_ws/install/bno055:/opt/ros/humble /usr/bin/cmake --build /home/divspanpi2/robo_ws/build/nexus -- -j4 -l4
[65.009s] Invoking command in '/home/divspanpi2/robo_ws/build/nexus': CMAKE_PREFIX_PATH=${CMAKE_PREFIX_PATH}:/home/divspanpi2/robo_ws/install/robot:/home/divspanpi2/robo_ws/install/bno055:/opt/ros/humble /usr/bin/cmake --install /home/divspanpi2/robo_ws/build/nexus
[65.037s] -- Install configuration: ""
[65.039s] -- Execute custom install script
[65.041s] -- Up-to-date symlink: /home/divspanpi2/robo_ws/install/nexus/lib/nexus/main_node
[65.041s] -- Up-to-date symlink: /home/divspanpi2/robo_ws/install/nexus/lib/nexus/icp_node
[65.043s] -- Up-to-date symlink: /home/divspanpi2/robo_ws/install/nexus/share/ament_index/resource_index/package_run_dependencies/nexus
[65.044s] -- Up-to-date symlink: /home/divspanpi2/robo_ws/install/nexus/share/ament_index/resource_index/parent_prefix_path/nexus
[65.045s] -- Up-to-date symlink: /home/divspanpi2/robo_ws/install/nexus/share/nexus/environment/ament_prefix_path.sh
[65.046s] -- Up-to-date symlink: /home/divspanpi2/robo_ws/install/nexus/share/nexus/environment/ament_prefix_path.dsv
[65.046s] -- Up-to-date symlink: /home/divspanpi2/robo_ws/install/nexus/share/nexus/environment/path.sh
[65.047s] -- Up-to-date symlink: /home/divspanpi2/robo_ws/install/nexus/share/nexus/environment/path.dsv
[65.048s] -- Up-to-date symlink: /home/divspanpi2/robo_ws/install/nexus/share/nexus/local_setup.bash
[65.049s] -- Up-to-date symlink: /home/divspanpi2/robo_ws/install/nexus/share/nexus/local_setup.sh
[65.050s] -- Up-to-date symlink: /home/divspanpi2/robo_ws/install/nexus/share/nexus/local_setup.zsh
[65.051s] -- Up-to-date symlink: /home/divspanpi2/robo_ws/install/nexus/share/nexus/local_setup.dsv
[65.051s] -- Symlinking: /home/divspanpi2/robo_ws/install/nexus/share/nexus/package.dsv
[65.083s] -- Up-to-date symlink: /home/divspanpi2/robo_ws/install/nexus/share/ament_index/resource_index/packages/nexus
[65.084s] -- Up-to-date symlink: /home/divspanpi2/robo_ws/install/nexus/share/nexus/cmake/nexusConfig.cmake
[65.085s] -- Up-to-date symlink: /home/divspanpi2/robo_ws/install/nexus/share/nexus/cmake/nexusConfig-version.cmake
[65.086s] -- Up-to-date symlink: /home/divspanpi2/robo_ws/install/nexus/share/nexus/package.xml
[65.093s] Invoked command in '/home/divspanpi2/robo_ws/build/nexus' returned '0': CMAKE_PREFIX_PATH=${CMAKE_PREFIX_PATH}:/home/divspanpi2/robo_ws/install/robot:/home/divspanpi2/robo_ws/install/bno055:/opt/ros/humble /usr/bin/cmake --install /home/divspanpi2/robo_ws/build/nexus
