[5.386s] Invoking command in '/home/divspanpi2/robo_ws/src/robot': PYTHONPATH=/home/divspanpi2/robo_ws/build/robot/prefix_override:/usr/lib/python3/dist-packages/colcon_core/task/python/colcon_distutils_commands:/home/divspanpi2/robo_ws/install/robot/lib/python3.10/site-packages:${PYTHONPATH} /usr/bin/python3 -W ignore:setup.py install is deprecated setup.py egg_info --egg-base ../../build/robot build --build-base /home/divspanpi2/robo_ws/build/robot/build install --record /home/divspanpi2/robo_ws/build/robot/install.log --single-version-externally-managed install_data
[6.804s] running egg_info
[6.808s] writing ../../build/robot/robot.egg-info/PKG-INFO
[6.823s] writing dependency_links to ../../build/robot/robot.egg-info/dependency_links.txt
[6.825s] writing entry points to ../../build/robot/robot.egg-info/entry_points.txt
[6.826s] writing requirements to ../../build/robot/robot.egg-info/requires.txt
[6.828s] writing top-level names to ../../build/robot/robot.egg-info/top_level.txt
[6.837s] reading manifest file '../../build/robot/robot.egg-info/SOURCES.txt'
[6.850s] adding license file 'LICENSE'
[6.855s] writing manifest file '../../build/robot/robot.egg-info/SOURCES.txt'
[6.856s] running build
[6.856s] running build_py
[6.881s] copying robot/save_imu.py -> /home/divspanpi2/robo_ws/build/robot/build/lib/robot
[6.882s] copying robot/node_serial.py -> /home/divspanpi2/robo_ws/build/robot/build/lib/robot
[6.883s] copying robot/node_bno.py -> /home/divspanpi2/robo_ws/build/robot/build/lib/robot
[6.885s] running install
[6.886s] running install_lib
[6.898s] copying /home/divspanpi2/robo_ws/build/robot/build/lib/robot/save_imu.py -> /home/divspanpi2/robo_ws/install/robot/lib/python3.10/site-packages/robot
[6.900s] copying /home/divspanpi2/robo_ws/build/robot/build/lib/robot/node_serial.py -> /home/divspanpi2/robo_ws/install/robot/lib/python3.10/site-packages/robot
[6.901s] copying /home/divspanpi2/robo_ws/build/robot/build/lib/robot/node_bno.py -> /home/divspanpi2/robo_ws/install/robot/lib/python3.10/site-packages/robot
[6.909s] byte-compiling /home/divspanpi2/robo_ws/install/robot/lib/python3.10/site-packages/robot/save_imu.py to save_imu.cpython-310.pyc
[6.913s] byte-compiling /home/divspanpi2/robo_ws/install/robot/lib/python3.10/site-packages/robot/node_serial.py to node_serial.cpython-310.pyc
[6.918s] byte-compiling /home/divspanpi2/robo_ws/install/robot/lib/python3.10/site-packages/robot/node_bno.py to node_bno.cpython-310.pyc
[6.920s] running install_data
[6.927s] running install_egg_info
[6.936s] removing '/home/divspanpi2/robo_ws/install/robot/lib/python3.10/site-packages/robot-0.0.0-py3.10.egg-info' (and everything under it)
[6.939s] Copying ../../build/robot/robot.egg-info to /home/divspanpi2/robo_ws/install/robot/lib/python3.10/site-packages/robot-0.0.0-py3.10.egg-info
[6.948s] running install_scripts
[7.052s] Installing node_bno script to /home/divspanpi2/robo_ws/install/robot/lib/robot
[7.056s] Installing node_serial script to /home/divspanpi2/robo_ws/install/robot/lib/robot
[7.057s] Installing save_imu script to /home/divspanpi2/robo_ws/install/robot/lib/robot
[7.059s] writing list of installed files to '/home/divspanpi2/robo_ws/build/robot/install.log'
[7.275s] Invoked command in '/home/divspanpi2/robo_ws/src/robot' returned '0': PYTHONPATH=/home/divspanpi2/robo_ws/build/robot/prefix_override:/usr/lib/python3/dist-packages/colcon_core/task/python/colcon_distutils_commands:/home/divspanpi2/robo_ws/install/robot/lib/python3.10/site-packages:${PYTHONPATH} /usr/bin/python3 -W ignore:setup.py install is deprecated setup.py egg_info --egg-base ../../build/robot build --build-base /home/divspanpi2/robo_ws/build/robot/build install --record /home/divspanpi2/robo_ws/build/robot/install.log --single-version-externally-managed install_data
